ARM GAS  C:\Users\ep_ygh\AppData\Local\Temp\cc5bS069.s 			page 1


   1              		.cpu cortex-m4
   2              		.arch armv7e-m
   3              		.fpu fpv4-sp-d16
   4              		.eabi_attribute 27, 1
   5              		.eabi_attribute 28, 1
   6              		.eabi_attribute 20, 1
   7              		.eabi_attribute 21, 1
   8              		.eabi_attribute 23, 3
   9              		.eabi_attribute 24, 1
  10              		.eabi_attribute 25, 1
  11              		.eabi_attribute 26, 1
  12              		.eabi_attribute 30, 2
  13              		.eabi_attribute 34, 1
  14              		.eabi_attribute 18, 4
  15              		.file	"freertos.c"
  16              		.text
  17              	.Ltext0:
  18              		.cfi_sections	.debug_frame
  19              		.section	.text.vApplicationGetIdleTaskMemory,"ax",%progbits
  20              		.align	1
  21              		.p2align 2,,3
  22              		.global	vApplicationGetIdleTaskMemory
  23              		.syntax unified
  24              		.thumb
  25              		.thumb_func
  27              	vApplicationGetIdleTaskMemory:
  28              	.LVL0:
  29              	.LFB1095:
  30              		.file 1 "Src/freertos.c"
   1:Src/freertos.c **** /* USER CODE BEGIN Header */
   2:Src/freertos.c **** /**
   3:Src/freertos.c ****   ******************************************************************************
   4:Src/freertos.c ****   * File Name          : freertos.c
   5:Src/freertos.c ****   * Description        : Code for freertos applications
   6:Src/freertos.c ****   ******************************************************************************
   7:Src/freertos.c ****   * @attention
   8:Src/freertos.c ****   *
   9:Src/freertos.c ****   * Copyright (c) 2024 STMicroelectronics.
  10:Src/freertos.c ****   * All rights reserved.
  11:Src/freertos.c ****   *
  12:Src/freertos.c ****   * This software is licensed under terms that can be found in the LICENSE file
  13:Src/freertos.c ****   * in the root directory of this software component.
  14:Src/freertos.c ****   * If no LICENSE file comes with this software, it is provided AS-IS.
  15:Src/freertos.c ****   *
  16:Src/freertos.c ****   ******************************************************************************
  17:Src/freertos.c ****   */
  18:Src/freertos.c **** /* USER CODE END Header */
  19:Src/freertos.c **** 
  20:Src/freertos.c **** /* Includes ------------------------------------------------------------------*/
  21:Src/freertos.c **** #include "FreeRTOS.h"
  22:Src/freertos.c **** #include "task.h"
  23:Src/freertos.c **** #include "main.h"
  24:Src/freertos.c **** 
  25:Src/freertos.c **** /* Private includes ----------------------------------------------------------*/
  26:Src/freertos.c **** /* USER CODE BEGIN Includes */
  27:Src/freertos.c **** 
  28:Src/freertos.c **** /* USER CODE END Includes */
ARM GAS  C:\Users\ep_ygh\AppData\Local\Temp\cc5bS069.s 			page 2


  29:Src/freertos.c **** 
  30:Src/freertos.c **** /* Private typedef -----------------------------------------------------------*/
  31:Src/freertos.c **** /* USER CODE BEGIN PTD */
  32:Src/freertos.c **** 
  33:Src/freertos.c **** /* USER CODE END PTD */
  34:Src/freertos.c **** 
  35:Src/freertos.c **** /* Private define ------------------------------------------------------------*/
  36:Src/freertos.c **** /* USER CODE BEGIN PD */
  37:Src/freertos.c **** 
  38:Src/freertos.c **** /* USER CODE END PD */
  39:Src/freertos.c **** 
  40:Src/freertos.c **** /* Private macro -------------------------------------------------------------*/
  41:Src/freertos.c **** /* USER CODE BEGIN PM */
  42:Src/freertos.c **** 
  43:Src/freertos.c **** /* USER CODE END PM */
  44:Src/freertos.c **** 
  45:Src/freertos.c **** /* Private variables ---------------------------------------------------------*/
  46:Src/freertos.c **** /* USER CODE BEGIN Variables */
  47:Src/freertos.c **** 
  48:Src/freertos.c **** /* USER CODE END Variables */
  49:Src/freertos.c **** 
  50:Src/freertos.c **** /* Private function prototypes -----------------------------------------------*/
  51:Src/freertos.c **** /* USER CODE BEGIN FunctionPrototypes */
  52:Src/freertos.c **** 
  53:Src/freertos.c **** /* USER CODE END FunctionPrototypes */
  54:Src/freertos.c **** 
  55:Src/freertos.c **** /* GetIdleTaskMemory prototype (linked to static allocation support) */
  56:Src/freertos.c **** void vApplicationGetIdleTaskMemory( StaticTask_t **ppxIdleTaskTCBBuffer, StackType_t **ppxIdleTaskS
  57:Src/freertos.c **** 
  58:Src/freertos.c **** /* USER CODE BEGIN GET_IDLE_TASK_MEMORY */
  59:Src/freertos.c **** static StaticTask_t xIdleTaskTCBBuffer;
  60:Src/freertos.c **** static StackType_t xIdleStack[configMINIMAL_STACK_SIZE];
  61:Src/freertos.c **** 
  62:Src/freertos.c **** void vApplicationGetIdleTaskMemory( StaticTask_t **ppxIdleTaskTCBBuffer, StackType_t **ppxIdleTaskS
  63:Src/freertos.c **** {
  31              		.loc 1 63 1 view -0
  32              		.cfi_startproc
  33              		@ args = 0, pretend = 0, frame = 0
  34              		@ frame_needed = 0, uses_anonymous_args = 0
  35              		@ link register save eliminated.
  64:Src/freertos.c ****   *ppxIdleTaskTCBBuffer = &xIdleTaskTCBBuffer;
  36              		.loc 1 64 3 view .LVU1
  37              		.loc 1 64 25 is_stmt 0 view .LVU2
  38 0000 044B     		ldr	r3, .L4
  39 0002 0360     		str	r3, [r0]
  65:Src/freertos.c ****   *ppxIdleTaskStackBuffer = &xIdleStack[0];
  40              		.loc 1 65 3 is_stmt 1 view .LVU3
  63:Src/freertos.c ****   *ppxIdleTaskTCBBuffer = &xIdleTaskTCBBuffer;
  41              		.loc 1 63 1 is_stmt 0 view .LVU4
  42 0004 10B4     		push	{r4}
  43              	.LCFI0:
  44              		.cfi_def_cfa_offset 4
  45              		.cfi_offset 4, -4
  66:Src/freertos.c ****   *pulIdleTaskStackSize = configMINIMAL_STACK_SIZE;
  46              		.loc 1 66 25 view .LVU5
  47 0006 8023     		movs	r3, #128
  65:Src/freertos.c ****   *ppxIdleTaskStackBuffer = &xIdleStack[0];
ARM GAS  C:\Users\ep_ygh\AppData\Local\Temp\cc5bS069.s 			page 3


  48              		.loc 1 65 27 view .LVU6
  49 0008 034C     		ldr	r4, .L4+4
  50 000a 0C60     		str	r4, [r1]
  51              		.loc 1 66 3 is_stmt 1 view .LVU7
  67:Src/freertos.c ****   /* place for user code */
  68:Src/freertos.c **** }
  52              		.loc 1 68 1 is_stmt 0 view .LVU8
  53 000c 5DF8044B 		ldr	r4, [sp], #4
  54              	.LCFI1:
  55              		.cfi_restore 4
  56              		.cfi_def_cfa_offset 0
  66:Src/freertos.c ****   *pulIdleTaskStackSize = configMINIMAL_STACK_SIZE;
  57              		.loc 1 66 25 view .LVU9
  58 0010 1360     		str	r3, [r2]
  59              		.loc 1 68 1 view .LVU10
  60 0012 7047     		bx	lr
  61              	.L5:
  62              		.align	2
  63              	.L4:
  64 0014 00000000 		.word	.LANCHOR0
  65 0018 00000000 		.word	.LANCHOR1
  66              		.cfi_endproc
  67              	.LFE1095:
  69              		.section	.bss.xIdleStack,"aw",%nobits
  70              		.align	2
  71              		.set	.LANCHOR1,. + 0
  74              	xIdleStack:
  75 0000 00000000 		.space	512
  75      00000000 
  75      00000000 
  75      00000000 
  75      00000000 
  76              		.section	.bss.xIdleTaskTCBBuffer,"aw",%nobits
  77              		.align	2
  78              		.set	.LANCHOR0,. + 0
  81              	xIdleTaskTCBBuffer:
  82 0000 00000000 		.space	84
  82      00000000 
  82      00000000 
  82      00000000 
  82      00000000 
  83              		.text
  84              	.Letext0:
  85              		.file 2 "c:\\programdata\\chocolatey\\lib\\gcc-arm-embedded\\tools\\gcc-arm-none-eabi-10.3-2021.10
  86              		.file 3 "c:\\programdata\\chocolatey\\lib\\gcc-arm-embedded\\tools\\gcc-arm-none-eabi-10.3-2021.10
  87              		.file 4 "Middlewares/Third_Party/FreeRTOS/Source/portable/GCC/ARM_CM4F/portmacro.h"
  88              		.file 5 "Middlewares/Third_Party/FreeRTOS/Source/include/FreeRTOS.h"
  89              		.file 6 "Drivers/STM32L4xx_HAL_Driver/Inc/stm32l4xx_ll_tim.h"
  90              		.file 7 "Drivers/STM32L4xx_HAL_Driver/Inc/stm32l4xx_ll_dma.h"
ARM GAS  C:\Users\ep_ygh\AppData\Local\Temp\cc5bS069.s 			page 4


DEFINED SYMBOLS
                            *ABS*:00000000 freertos.c
C:\Users\ep_ygh\AppData\Local\Temp\cc5bS069.s:20     .text.vApplicationGetIdleTaskMemory:00000000 $t
C:\Users\ep_ygh\AppData\Local\Temp\cc5bS069.s:27     .text.vApplicationGetIdleTaskMemory:00000000 vApplicationGetIdleTaskMemory
C:\Users\ep_ygh\AppData\Local\Temp\cc5bS069.s:64     .text.vApplicationGetIdleTaskMemory:00000014 $d
C:\Users\ep_ygh\AppData\Local\Temp\cc5bS069.s:70     .bss.xIdleStack:00000000 $d
C:\Users\ep_ygh\AppData\Local\Temp\cc5bS069.s:74     .bss.xIdleStack:00000000 xIdleStack
C:\Users\ep_ygh\AppData\Local\Temp\cc5bS069.s:77     .bss.xIdleTaskTCBBuffer:00000000 $d
C:\Users\ep_ygh\AppData\Local\Temp\cc5bS069.s:81     .bss.xIdleTaskTCBBuffer:00000000 xIdleTaskTCBBuffer

NO UNDEFINED SYMBOLS
