ARM GAS  C:\Users\ep_ygh\AppData\Local\Temp\ccCduzxh.s 			page 1


   1              		.cpu cortex-m4
   2              		.arch armv7e-m
   3              		.fpu fpv4-sp-d16
   4              		.eabi_attribute 27, 1
   5              		.eabi_attribute 28, 1
   6              		.eabi_attribute 20, 1
   7              		.eabi_attribute 21, 1
   8              		.eabi_attribute 23, 3
   9              		.eabi_attribute 24, 1
  10              		.eabi_attribute 25, 1
  11              		.eabi_attribute 26, 1
  12              		.eabi_attribute 30, 2
  13              		.eabi_attribute 34, 1
  14              		.eabi_attribute 18, 4
  15              		.file	"mc_app_hooks.c"
  16              		.text
  17              	.Ltext0:
  18              		.cfi_sections	.debug_frame
  19              		.section	.text.MC_APP_BootHook,"ax",%progbits
  20              		.align	1
  21              		.p2align 2,,3
  22              		.weak	MC_APP_BootHook
  23              		.syntax unified
  24              		.thumb
  25              		.thumb_func
  27              	MC_APP_BootHook:
  28              	.LFB1088:
  29              		.file 1 "Src/mc_app_hooks.c"
   1:Src/mc_app_hooks.c **** /**
   2:Src/mc_app_hooks.c ****   ******************************************************************************
   3:Src/mc_app_hooks.c ****   * @file    mc_app_hooks.c
   4:Src/mc_app_hooks.c ****   * @author  Motor Control SDK Team, ST Microelectronics
   5:Src/mc_app_hooks.c ****   * @brief   This file implements default motor control app hooks.
   6:Src/mc_app_hooks.c ****   *
   7:Src/mc_app_hooks.c ****   ******************************************************************************
   8:Src/mc_app_hooks.c ****   * @attention
   9:Src/mc_app_hooks.c ****   *
  10:Src/mc_app_hooks.c ****   * <h2><center>&copy; Copyright (c) 2023 STMicroelectronics.
  11:Src/mc_app_hooks.c ****   * All rights reserved.</center></h2>
  12:Src/mc_app_hooks.c ****   *
  13:Src/mc_app_hooks.c ****   * This software component is licensed by ST under Ultimate Liberty license
  14:Src/mc_app_hooks.c ****   * SLA0044, the "License"; You may not use this file except in compliance with
  15:Src/mc_app_hooks.c ****   * the License. You may obtain a copy of the License at:
  16:Src/mc_app_hooks.c ****   *                             www.st.com/SLA0044
  17:Src/mc_app_hooks.c ****   *
  18:Src/mc_app_hooks.c ****   ******************************************************************************
  19:Src/mc_app_hooks.c ****   * @ingroup MCAppHooks
  20:Src/mc_app_hooks.c ****   */
  21:Src/mc_app_hooks.c **** 
  22:Src/mc_app_hooks.c **** /* Includes ------------------------------------------------------------------*/
  23:Src/mc_app_hooks.c **** #include "mc_type.h"
  24:Src/mc_app_hooks.c **** #include "mc_app_hooks.h"
  25:Src/mc_app_hooks.c **** 
  26:Src/mc_app_hooks.c **** /** @addtogroup MCSDK
  27:Src/mc_app_hooks.c ****   * @{
  28:Src/mc_app_hooks.c ****   */
  29:Src/mc_app_hooks.c **** 
ARM GAS  C:\Users\ep_ygh\AppData\Local\Temp\ccCduzxh.s 			page 2


  30:Src/mc_app_hooks.c **** /** @addtogroup MCTasks
  31:Src/mc_app_hooks.c ****   * @{
  32:Src/mc_app_hooks.c ****   */
  33:Src/mc_app_hooks.c **** 
  34:Src/mc_app_hooks.c **** /**
  35:Src/mc_app_hooks.c ****  * @defgroup MCAppHooks Motor Control Applicative hooks
  36:Src/mc_app_hooks.c ****  * @brief User defined functions that are called in the Motor Control tasks.
  37:Src/mc_app_hooks.c ****  *
  38:Src/mc_app_hooks.c ****  *
  39:Src/mc_app_hooks.c ****  * @{
  40:Src/mc_app_hooks.c ****  */
  41:Src/mc_app_hooks.c **** 
  42:Src/mc_app_hooks.c **** /**
  43:Src/mc_app_hooks.c ****  * @brief Hook function called right before the end of the MCboot function.
  44:Src/mc_app_hooks.c ****  *
  45:Src/mc_app_hooks.c ****  *
  46:Src/mc_app_hooks.c ****  *
  47:Src/mc_app_hooks.c ****  */
  48:Src/mc_app_hooks.c **** __weak void MC_APP_BootHook(void)
  49:Src/mc_app_hooks.c **** {
  30              		.loc 1 49 1 view -0
  31              		.cfi_startproc
  32              		@ args = 0, pretend = 0, frame = 0
  33              		@ frame_needed = 0, uses_anonymous_args = 0
  34              		@ link register save eliminated.
  50:Src/mc_app_hooks.c ****   /*
  51:Src/mc_app_hooks.c ****    * This function can be overloaded or the application can inject
  52:Src/mc_app_hooks.c ****    * code into it that will be executed at the end of MCboot().
  53:Src/mc_app_hooks.c ****    */
  54:Src/mc_app_hooks.c **** 
  55:Src/mc_app_hooks.c **** /* USER CODE BEGIN BootHook */
  56:Src/mc_app_hooks.c **** 
  57:Src/mc_app_hooks.c **** /* USER CODE END BootHook */
  58:Src/mc_app_hooks.c **** }
  35              		.loc 1 58 1 view .LVU1
  36 0000 7047     		bx	lr
  37              		.cfi_endproc
  38              	.LFE1088:
  40 0002 00BF     		.section	.text.MC_APP_PostMediumFrequencyHook_M1,"ax",%progbits
  41              		.align	1
  42              		.p2align 2,,3
  43              		.weak	MC_APP_PostMediumFrequencyHook_M1
  44              		.syntax unified
  45              		.thumb
  46              		.thumb_func
  48              	MC_APP_PostMediumFrequencyHook_M1:
  49              	.LFB1091:
  50              		.cfi_startproc
  51              		@ args = 0, pretend = 0, frame = 0
  52              		@ frame_needed = 0, uses_anonymous_args = 0
  53              		@ link register save eliminated.
  54 0000 7047     		bx	lr
  55              		.cfi_endproc
  56              	.LFE1091:
  58 0002 00BF     		.text
  59              	.Letext0:
  60              		.file 2 "c:\\programdata\\chocolatey\\lib\\gcc-arm-embedded\\tools\\gcc-arm-none-eabi-10.3-2021.10
ARM GAS  C:\Users\ep_ygh\AppData\Local\Temp\ccCduzxh.s 			page 3


  61              		.file 3 "c:\\programdata\\chocolatey\\lib\\gcc-arm-embedded\\tools\\gcc-arm-none-eabi-10.3-2021.10
  62              		.file 4 "Drivers/STM32L4xx_HAL_Driver/Inc/stm32l4xx_ll_tim.h"
  63              		.file 5 "Drivers/STM32L4xx_HAL_Driver/Inc/stm32l4xx_ll_dma.h"
ARM GAS  C:\Users\ep_ygh\AppData\Local\Temp\ccCduzxh.s 			page 4


DEFINED SYMBOLS
                            *ABS*:00000000 mc_app_hooks.c
C:\Users\ep_ygh\AppData\Local\Temp\ccCduzxh.s:20     .text.MC_APP_BootHook:00000000 $t
C:\Users\ep_ygh\AppData\Local\Temp\ccCduzxh.s:27     .text.MC_APP_BootHook:00000000 MC_APP_BootHook
C:\Users\ep_ygh\AppData\Local\Temp\ccCduzxh.s:41     .text.MC_APP_PostMediumFrequencyHook_M1:00000000 $t
C:\Users\ep_ygh\AppData\Local\Temp\ccCduzxh.s:48     .text.MC_APP_PostMediumFrequencyHook_M1:00000000 MC_APP_PostMediumFrequencyHook_M1

NO UNDEFINED SYMBOLS
