ARM GAS  C:\Users\ep_ygh\AppData\Local\Temp\ccgpzdOG.s 			page 1


   1              		.cpu cortex-m4
   2              		.arch armv7e-m
   3              		.fpu fpv4-sp-d16
   4              		.eabi_attribute 27, 1
   5              		.eabi_attribute 28, 1
   6              		.eabi_attribute 20, 1
   7              		.eabi_attribute 21, 1
   8              		.eabi_attribute 23, 3
   9              		.eabi_attribute 24, 1
  10              		.eabi_attribute 25, 1
  11              		.eabi_attribute 26, 1
  12              		.eabi_attribute 30, 2
  13              		.eabi_attribute 34, 1
  14              		.eabi_attribute 18, 4
  15              		.file	"mc_config.c"
  16              		.text
  17              	.Ltext0:
  18              		.cfi_sections	.debug_frame
  19              		.global	pMPM
  20              		.global	pPIDId
  21              		.global	pPIDIq
  22              		.global	pTemperatureSensor
  23              		.global	pSTC
  24              		.global	Mci
  25              		.global	CircleLimitationM1
  26              		.global	RampExtMngrHFParamsM1
  27              		.global	BusVoltageSensor_M1
  28              		.global	VbusRegConv_M1
  29              		.global	TempSensor_M1
  30              		.global	TempRegConv_M1
  31              		.global	OpenLoop_ParamsM1
  32              		.global	STO_M1
  33              		.global	STO_PLL_M1
  34              		.global	VirtualSpeedSensorM1
  35              		.global	PWM_Handle_M1
  36              		.global	RevUpControlM1
  37              		.global	SpeednTorqCtrlM1
  38              		.global	PIDIdHandle_M1
  39              		.global	PIDIqHandle_M1
  40              		.global	PIDSpeedHandle_M1
  41              		.global	PQD_MotorPowMeasM1
  42              		.section	.bss.Mci,"aw",%nobits
  43              		.align	2
  46              	Mci:
  47 0000 00000000 		.space	44
  47      00000000 
  47      00000000 
  47      00000000 
  47      00000000 
  48              		.section	.bss.RealBusVoltageSensorFilterBufferM1,"aw",%nobits
  49              		.align	2
  52              	RealBusVoltageSensorFilterBufferM1:
  53 0000 00000000 		.space	12
  53      00000000 
  53      00000000 
  54              		.section	.data.BusVoltageSensor_M1,"aw"
  55              		.align	2
ARM GAS  C:\Users\ep_ygh\AppData\Local\Temp\ccgpzdOG.s 			page 2


  58              	BusVoltageSensor_M1:
  59 0000 00       		.byte	0
  60 0001 00       		.space	1
  61 0002 3400     		.short	52
  62 0004 00000000 		.space	6
  62      0000
  63 000a 0600     		.short	6
  64 000c D8A4     		.short	-23336
  65 000e D8A4     		.short	-23336
  66 0010 01       		.byte	1
  67 0011 00       		.space	1
  68 0012 7622     		.short	8822
  69 0014 00000000 		.word	RealBusVoltageSensorFilterBufferM1
  70 0018 00000000 		.space	4
  71              		.section	.data.CircleLimitationM1,"aw"
  72              		.align	2
  75              	CircleLimitationM1:
  76 0000 FF7F     		.short	32767
  77 0002 9879     		.short	31128
  78              		.section	.data.OpenLoop_ParamsM1,"aw"
  79              		.align	2
  82              	OpenLoop_ParamsM1:
  83 0000 0000     		.short	0
  84 0002 00       		.byte	0
  85 0003 00       		.space	1
  86 0004 3011     		.short	4400
  87 0006 2C00     		.short	44
  88 0008 00000000 		.space	8
  88      00000000 
  89              		.section	.data.PIDIdHandle_M1,"aw"
  90              		.align	2
  93              	PIDIdHandle_M1:
  94 0000 380B     		.short	2872
  95 0002 4608     		.short	2118
  96 0004 00000000 		.space	8
  96      00000000 
  97 000c 00F0FF07 		.word	134213632
  98 0010 001000F8 		.word	-134213632
  99 0014 FF7F     		.short	32767
 100 0016 0180     		.short	-32767
 101 0018 0020     		.short	8192
 102 001a 0010     		.short	4096
 103 001c 0D00     		.short	13
 104 001e 0C00     		.short	12
 105 0020 0000     		.short	0
 106 0022 0000     		.space	2
 107 0024 0000     		.short	0
 108 0026 0000     		.short	0
 109 0028 00000000 		.space	4
 110              		.section	.data.PIDIqHandle_M1,"aw"
 111              		.align	2
 114              	PIDIqHandle_M1:
 115 0000 380B     		.short	2872
 116 0002 4608     		.short	2118
 117 0004 00000000 		.space	8
 117      00000000 
 118 000c 00F0FF07 		.word	134213632
ARM GAS  C:\Users\ep_ygh\AppData\Local\Temp\ccgpzdOG.s 			page 3


 119 0010 001000F8 		.word	-134213632
 120 0014 FF7F     		.short	32767
 121 0016 0180     		.short	-32767
 122 0018 0020     		.short	8192
 123 001a 0010     		.short	4096
 124 001c 0D00     		.short	13
 125 001e 0C00     		.short	12
 126 0020 0000     		.short	0
 127 0022 0000     		.space	2
 128 0024 0000     		.short	0
 129 0026 0000     		.short	0
 130 0028 00000000 		.space	4
 131              		.section	.data.PIDSpeedHandle_M1,"aw"
 132              		.align	2
 135              	PIDSpeedHandle_M1:
 136 0000 0308     		.short	2051
 137 0002 9806     		.short	1688
 138 0004 00000000 		.space	8
 138      00000000 
 139 000c 6666D507 		.word	131425894
 140 0010 9A992AF8 		.word	-131425894
 141 0014 551F     		.short	8021
 142 0016 ABE0     		.short	-8021
 143 0018 2000     		.short	32
 144 001a 0040     		.short	16384
 145 001c 0500     		.short	5
 146 001e 0E00     		.short	14
 147 0020 0000     		.short	0
 148 0022 0000     		.space	2
 149 0024 0000     		.short	0
 150 0026 0000     		.short	0
 151 0028 00000000 		.space	4
 152              		.section	.data.PQD_MotorPowMeasM1,"aw"
 153              		.align	2
 156              	PQD_MotorPowMeasM1:
 157 0000 00000000 		.space	4
 158 0004 CA1F3539 		.word	959782858
 159 0008 00000000 		.space	8
 159      00000000 
 160              		.section	.data.PWM_Handle_M1,"aw"
 161              		.align	2
 164              	PWM_Handle_M1:
 165 0000 00000000 		.word	R3_1_GetPhaseCurrents
 166 0004 00000000 		.word	R3_1_SwitchOffPWM
 167 0008 00000000 		.word	R3_1_SwitchOnPWM
 168 000c 00000000 		.word	R3_1_CurrentReadingCalibration
 169 0010 00000000 		.word	R3_1_TurnOnLowSides
 170 0014 00000000 		.word	R3_1_SetADCSampPointSectX
 171 0018 00000000 		.word	0
 172 001c 00000000 		.word	R3_1_RLDetectionModeEnable
 173 0020 00000000 		.word	R3_1_RLDetectionModeDisable
 174 0024 00000000 		.word	R3_1_RLDetectionModeSetDuty
 175 0028 00000000 		.word	R3_1_RLTurnOnLowSidesAndStart
 176 002c 00000000 		.word	R3_1_SetOffsetCalib
 177 0030 00000000 		.word	R3_1_GetOffsetCalib
 178 0034 00000000 		.space	8
 178      00000000 
ARM GAS  C:\Users\ep_ygh\AppData\Local\Temp\ccgpzdOG.s 			page 4


 179 003c 00040048 		.word	1207960576
 180 0040 00040048 		.word	1207960576
 181 0044 00040048 		.word	1207960576
 182 0048 0020     		.short	8192
 183 004a 0040     		.short	16384
 184 004c 0080     		.short	-32768
 185 004e A843     		.short	17320
 186 0050 0000     		.short	0
 187 0052 0000     		.short	0
 188 0054 0000     		.short	0
 189 0056 0000     		.short	0
 190 0058 00000000 		.space	8
 190      00000000 
 191 0060 0000     		.short	0
 192 0062 0000     		.short	0
 193 0064 0000     		.short	0
 194 0066 0000     		.short	0
 195 0068 00000000 		.space	6
 195      0000
 196 006e FF3F     		.short	16383
 197 0070 0000     		.short	0
 198 0072 8813     		.short	5000
 199 0074 1600     		.short	22
 200 0076 1400     		.short	20
 201 0078 1400     		.short	20
 202 007a 00       		.byte	0
 203 007b 00       		.space	1
 204 007c 00       		.byte	0
 205 007d 02       		.byte	2
 206 007e 00       		.byte	0
 207 007f 00       		.space	1
 208 0080 00       		.byte	0
 209 0081 00       		.space	1
 210 0082 00       		.byte	0
 211 0083 00       		.byte	0
 212 0084 00       		.byte	0
 213 0085 00       		.byte	0
 214 0086 00       		.space	1
 215 0087 00       		.byte	0
 216 0088 00000000 		.word	0
 217 008c 00000000 		.word	0
 218 0090 00000000 		.word	0
 219 0094 00000000 		.space	4
 220 0098 C409     		.short	2500
 221 009a 0000     		.short	0
 222 009c 00       		.space	1
 223 009d 00       		.byte	0
 224 009e 0000     		.space	2
 225 00a0 00000000 		.word	R3_1_ParamsM1
 226              		.section	.data.RampExtMngrHFParamsM1,"aw"
 227              		.align	2
 230              	RampExtMngrHFParamsM1:
 231 0000 803E0000 		.word	16000
 232 0004 00000000 		.space	20
 232      00000000 
 232      00000000 
 232      00000000 
ARM GAS  C:\Users\ep_ygh\AppData\Local\Temp\ccgpzdOG.s 			page 5


 232      00000000 
 233              		.section	.data.RevUpControlM1,"aw"
 234              		.align	2
 237              	RevUpControlM1:
 238 0000 D007     		.short	2000
 239 0002 0000     		.short	0
 240 0004 00000000 		.space	8
 240      00000000 
 241 000c E803     		.short	1000
 242 000e 0000     		.short	0
 243 0010 551F     		.short	8021
 244 0012 0000     		.space	2
 245 0014 18000000 		.word	RevUpControlM1+24
 246 0018 EA04     		.short	1258
 247 001a 6800     		.short	104
 248 001c 551F     		.short	8021
 249 001e 0000     		.space	2
 250 0020 24000000 		.word	RevUpControlM1+36
 251 0024 0000     		.short	0
 252 0026 6800     		.short	104
 253 0028 551F     		.short	8021
 254 002a 0000     		.space	2
 255 002c 30000000 		.word	RevUpControlM1+48
 256 0030 0000     		.short	0
 257 0032 6800     		.short	104
 258 0034 551F     		.short	8021
 259 0036 0000     		.space	2
 260 0038 3C000000 		.word	RevUpControlM1+60
 261 003c 0000     		.short	0
 262 003e 6800     		.short	104
 263 0040 551F     		.short	8021
 264 0042 0000     		.space	2
 265 0044 00000000 		.word	0
 266 0048 00       		.space	1
 267 0049 01       		.byte	1
 268 004a 5E00     		.short	94
 269 004c 2F00     		.short	47
 270 004e 00000000 		.space	4
 271 0052 00       		.byte	0
 272 0053 00000000 		.space	9
 272      00000000 
 272      00
 273 005c F401     		.short	500
 274 005e 0000     		.short	0
 275 0060 551F     		.short	8021
 276 0062 0000     		.space	2
 277 0064 00000000 		.word	0
 278 0068 00000000 		.space	16
 278      00000000 
 278      00000000 
 278      00000000 
 279              		.section	.data.STO_M1,"aw"
 280              		.align	2
 283              	STO_M1:
 284 0000 00000000 		.word	STO_PLL_M1
 285 0004 00000000 		.word	STO_PLL_ForceConvergency1
 286 0008 00000000 		.word	STO_PLL_ForceConvergency2
ARM GAS  C:\Users\ep_ygh\AppData\Local\Temp\ccgpzdOG.s 			page 6


 287 000c 00000000 		.word	STO_OTF_ResetPLL
 288 0010 00000000 		.word	STO_PLL_IsVarianceTight
 289              		.section	.data.STO_PLL_M1,"aw"
 290              		.align	2
 293              	STO_PLL_M1:
 294 0000 00       		.space	1
 295 0001 02       		.byte	2
 296 0002 0A       		.byte	10
 297 0003 03       		.byte	3
 298 0004 00000000 		.space	16
 298      00000000 
 298      00000000 
 298      00000000 
 299 0014 3F02     		.short	575
 300 0016 0000     		.short	0
 301 0018 FFFF     		.short	-1
 302 001a 803E     		.short	16000
 303 001c 00000100 		.word	65536
 304 0020 332F     		.short	12083
 305 0022 66F3     		.short	-3226
 306 0024 0000     		.short	0
 307 0026 DC57     		.short	22492
 308 0028 7049     		.short	18800
 309 002a 0000     		.space	2
 310 002c 0020     		.short	8192
 311 002e 0008     		.short	2048
 312 0030 00000000 		.space	4
 313 0034 C800     		.short	200
 314 0036 0900     		.short	9
 315 0038 00000000 		.space	8
 315      00000000 
 316 0040 FFFFFF7F 		.word	2147483647
 317 0044 01000080 		.word	-2147483647
 318 0048 FF7F     		.short	32767
 319 004a 0180     		.short	-32767
 320 004c 0040     		.short	16384
 321 004e FFFF     		.short	-1
 322 0050 0E00     		.short	14
 323 0052 1000     		.short	16
 324 0054 0000     		.short	0
 325 0056 0000     		.space	2
 326 0058 0000     		.short	0
 327 005a 0000     		.short	0
 328 005c 00000000 		.space	4
 329 0060 00000000 		.space	174
 329      00000000 
 329      00000000 
 329      00000000 
 329      00000000 
 330 010e 40       		.byte	64
 331 010f 40       		.byte	64
 332 0110 2000     		.short	32
 333 0112 11       		.byte	17
 334 0113 0F       		.byte	15
 335 0114 5E00     		.short	94
 336 0116 02       		.byte	2
 337 0117 03       		.byte	3
ARM GAS  C:\Users\ep_ygh\AppData\Local\Temp\ccgpzdOG.s 			page 7


 338 0118 40       		.byte	64
 339 0119 40       		.byte	64
 340 011a 3F02     		.short	575
 341 011c 0D00     		.short	13
 342 011e 0B00     		.short	11
 343 0120 0600     		.short	6
 344 0122 0000     		.space	2
 345 0124 00       		.byte	0
 346 0125 000000   		.space	3
 347              		.section	.data.SpeednTorqCtrlM1,"aw"
 348              		.align	2
 351              	SpeednTorqCtrlM1:
 352 0000 00000000 		.space	28
 352      00000000 
 352      00000000 
 352      00000000 
 352      00000000 
 353 001c D007     		.short	2000
 354 001e F401     		.short	500
 355 0020 0000     		.short	0
 356 0022 0000     		.short	0
 357 0024 0CFE     		.short	-500
 358 0026 551F     		.short	8021
 359 0028 ABE0     		.short	-8021
 360 002a 03       		.byte	3
 361 002b 00       		.space	1
 362 002c 5E00     		.short	94
 363 002e 0000     		.short	0
 364 0030 0000     		.short	0
 365 0032 0000     		.space	2
 366              		.section	.data.TempRegConv_M1,"aw"
 367              		.align	2
 370              	TempRegConv_M1:
 371 0000 00000450 		.word	1342439424
 372 0004 0D       		.byte	13
 373 0005 000000   		.space	3
 374 0008 05000000 		.word	5
 375 000c 00000000 		.space	4
 376              		.section	.data.TempSensor_M1,"aw"
 377              		.align	2
 380              	TempSensor_M1:
 381 0000 00       		.byte	0
 382 0001 00000000 		.space	9
 382      00000000 
 382      00
 383 000a FA00     		.short	250
 384 000c F2DE     		.short	-8462
 385 000e 00CA     		.short	-13824
 386 0010 7A00     		.short	122
 387 0012 0000     		.space	2
 388 0014 EA2C0000 		.word	11498
 389 0018 1900     		.short	25
 390 001a 0000     		.space	2
 391              		.section	.data.VbusRegConv_M1,"aw"
 392              		.align	2
 395              	VbusRegConv_M1:
 396 0000 00000450 		.word	1342439424
ARM GAS  C:\Users\ep_ygh\AppData\Local\Temp\ccgpzdOG.s 			page 8


 397 0004 05       		.byte	5
 398 0005 000000   		.space	3
 399 0008 05000000 		.word	5
 400 000c 00000000 		.space	4
 401              		.section	.data.VirtualSpeedSensorM1,"aw"
 402              		.align	2
 405              	VirtualSpeedSensorM1:
 406 0000 00       		.space	1
 407 0001 02       		.byte	2
 408 0002 00       		.space	1
 409 0003 03       		.byte	3
 410 0004 00000000 		.space	16
 410      00000000 
 410      00000000 
 410      00000000 
 411 0014 3F02     		.short	575
 412 0016 0000     		.short	0
 413 0018 FFFF     		.short	-1
 414 001a 803E     		.short	16000
 415 001c 00000100 		.word	65536
 416 0020 00000000 		.space	20
 416      00000000 
 416      00000000 
 416      00000000 
 416      00000000 
 417 0034 D007     		.short	2000
 418 0036 9001     		.short	400
 419              		.section	.data.pMPM,"aw"
 420              		.align	2
 423              	pMPM:
 424 0000 00000000 		.word	PQD_MotorPowMeasM1
 425              		.section	.data.pPIDId,"aw"
 426              		.align	2
 429              	pPIDId:
 430 0000 00000000 		.word	PIDIdHandle_M1
 431              		.section	.data.pPIDIq,"aw"
 432              		.align	2
 435              	pPIDIq:
 436 0000 00000000 		.word	PIDIqHandle_M1
 437              		.section	.data.pSTC,"aw"
 438              		.align	2
 441              	pSTC:
 442 0000 00000000 		.word	SpeednTorqCtrlM1
 443              		.section	.data.pTemperatureSensor,"aw"
 444              		.align	2
 447              	pTemperatureSensor:
 448 0000 00000000 		.word	TempSensor_M1
 449              		.text
 450              	.Letext0:
 451              		.file 1 "c:\\programdata\\chocolatey\\lib\\gcc-arm-embedded\\tools\\gcc-arm-none-eabi-10.3-2021.10
 452              		.file 2 "c:\\programdata\\chocolatey\\lib\\gcc-arm-embedded\\tools\\gcc-arm-none-eabi-10.3-2021.10
 453              		.file 3 "Drivers/CMSIS/Device/ST/STM32L4xx/Include/stm32l476xx.h"
 454              		.file 4 "Drivers/STM32L4xx_HAL_Driver/Inc/stm32l4xx_ll_tim.h"
 455              		.file 5 "Drivers/STM32L4xx_HAL_Driver/Inc/stm32l4xx_ll_dma.h"
 456              		.file 6 "Inc/mc_type.h"
 457              		.file 7 "MCSDK_v6.2.1-Full/MotorControl/MCSDK/MCLib/Any/Inc/pid_regulator.h"
 458              		.file 8 "MCSDK_v6.2.1-Full/MotorControl/MCSDK/MCLib/Any/Inc/speed_pos_fdbk.h"
ARM GAS  C:\Users\ep_ygh\AppData\Local\Temp\ccgpzdOG.s 			page 9


 459              		.file 9 "MCSDK_v6.2.1-Full/MotorControl/MCSDK/MCLib/Any/Inc/speed_torq_ctrl.h"
 460              		.file 10 "MCSDK_v6.2.1-Full/MotorControl/MCSDK/MCLib/Any/Inc/virtual_speed_sensor.h"
 461              		.file 11 "MCSDK_v6.2.1-Full/MotorControl/MCSDK/MCLib/Any/Inc/ntc_temperature_sensor.h"
 462              		.file 12 "MCSDK_v6.2.1-Full/MotorControl/MCSDK/MCLib/Any/Inc/sto_speed_pos_fdbk.h"
 463              		.file 13 "Inc/pwm_curr_fdbk.h"
 464              		.file 14 "MCSDK_v6.2.1-Full/MotorControl/MCSDK/MCLib/Any/Inc/revup_ctrl.h"
 465              		.file 15 "Inc/mc_interface.h"
 466              		.file 16 "Inc/regular_conversion_manager.h"
 467              		.file 17 "MCSDK_v6.2.1-Full/MotorControl/MCSDK/MCLib/Any/Inc/bus_voltage_sensor.h"
 468              		.file 18 "MCSDK_v6.2.1-Full/MotorControl/MCSDK/MCLib/Any/Inc/r_divider_bus_voltage_sensor.h"
 469              		.file 19 "MCSDK_v6.2.1-Full/MotorControl/MCSDK/MCLib/Any/Inc/pqd_motor_power_measurement.h"
 470              		.file 20 "MCSDK_v6.2.1-Full/MotorControl/MCSDK/MCLib/L4xx/Inc/r3_1_l4xx_pwm_curr_fdbk.h"
 471              		.file 21 "MCSDK_v6.2.1-Full/MotorControl/MCSDK/MCLib/Any/Inc/open_loop.h"
 472              		.file 22 "MCSDK_v6.2.1-Full/MotorControl/MCSDK/MCLib/Any/Inc/ramp_ext_mngr.h"
 473              		.file 23 "MCSDK_v6.2.1-Full/MotorControl/MCSDK/MCLib/Any/Inc/circle_limitation.h"
 474              		.file 24 "MCSDK_v6.2.1-Full/MotorControl/MCSDK/MCLib/Any/Inc/sto_pll_speed_pos_fdbk.h"
 475              		.file 25 "Inc/mc_config.h"
 476              		.file 26 "Inc/mc_parameters.h"
 477              		.file 27 "Src/mc_config.c"
ARM GAS  C:\Users\ep_ygh\AppData\Local\Temp\ccgpzdOG.s 			page 10


DEFINED SYMBOLS
                            *ABS*:00000000 mc_config.c
C:\Users\ep_ygh\AppData\Local\Temp\ccgpzdOG.s:423    .data.pMPM:00000000 pMPM
C:\Users\ep_ygh\AppData\Local\Temp\ccgpzdOG.s:429    .data.pPIDId:00000000 pPIDId
C:\Users\ep_ygh\AppData\Local\Temp\ccgpzdOG.s:435    .data.pPIDIq:00000000 pPIDIq
C:\Users\ep_ygh\AppData\Local\Temp\ccgpzdOG.s:447    .data.pTemperatureSensor:00000000 pTemperatureSensor
C:\Users\ep_ygh\AppData\Local\Temp\ccgpzdOG.s:441    .data.pSTC:00000000 pSTC
C:\Users\ep_ygh\AppData\Local\Temp\ccgpzdOG.s:46     .bss.Mci:00000000 Mci
C:\Users\ep_ygh\AppData\Local\Temp\ccgpzdOG.s:75     .data.CircleLimitationM1:00000000 CircleLimitationM1
C:\Users\ep_ygh\AppData\Local\Temp\ccgpzdOG.s:230    .data.RampExtMngrHFParamsM1:00000000 RampExtMngrHFParamsM1
C:\Users\ep_ygh\AppData\Local\Temp\ccgpzdOG.s:58     .data.BusVoltageSensor_M1:00000000 BusVoltageSensor_M1
C:\Users\ep_ygh\AppData\Local\Temp\ccgpzdOG.s:395    .data.VbusRegConv_M1:00000000 VbusRegConv_M1
C:\Users\ep_ygh\AppData\Local\Temp\ccgpzdOG.s:380    .data.TempSensor_M1:00000000 TempSensor_M1
C:\Users\ep_ygh\AppData\Local\Temp\ccgpzdOG.s:370    .data.TempRegConv_M1:00000000 TempRegConv_M1
C:\Users\ep_ygh\AppData\Local\Temp\ccgpzdOG.s:82     .data.OpenLoop_ParamsM1:00000000 OpenLoop_ParamsM1
C:\Users\ep_ygh\AppData\Local\Temp\ccgpzdOG.s:283    .data.STO_M1:00000000 STO_M1
C:\Users\ep_ygh\AppData\Local\Temp\ccgpzdOG.s:293    .data.STO_PLL_M1:00000000 STO_PLL_M1
C:\Users\ep_ygh\AppData\Local\Temp\ccgpzdOG.s:405    .data.VirtualSpeedSensorM1:00000000 VirtualSpeedSensorM1
C:\Users\ep_ygh\AppData\Local\Temp\ccgpzdOG.s:164    .data.PWM_Handle_M1:00000000 PWM_Handle_M1
C:\Users\ep_ygh\AppData\Local\Temp\ccgpzdOG.s:237    .data.RevUpControlM1:00000000 RevUpControlM1
C:\Users\ep_ygh\AppData\Local\Temp\ccgpzdOG.s:351    .data.SpeednTorqCtrlM1:00000000 SpeednTorqCtrlM1
C:\Users\ep_ygh\AppData\Local\Temp\ccgpzdOG.s:93     .data.PIDIdHandle_M1:00000000 PIDIdHandle_M1
C:\Users\ep_ygh\AppData\Local\Temp\ccgpzdOG.s:114    .data.PIDIqHandle_M1:00000000 PIDIqHandle_M1
C:\Users\ep_ygh\AppData\Local\Temp\ccgpzdOG.s:135    .data.PIDSpeedHandle_M1:00000000 PIDSpeedHandle_M1
C:\Users\ep_ygh\AppData\Local\Temp\ccgpzdOG.s:156    .data.PQD_MotorPowMeasM1:00000000 PQD_MotorPowMeasM1
C:\Users\ep_ygh\AppData\Local\Temp\ccgpzdOG.s:43     .bss.Mci:00000000 $d
C:\Users\ep_ygh\AppData\Local\Temp\ccgpzdOG.s:49     .bss.RealBusVoltageSensorFilterBufferM1:00000000 $d
C:\Users\ep_ygh\AppData\Local\Temp\ccgpzdOG.s:52     .bss.RealBusVoltageSensorFilterBufferM1:00000000 RealBusVoltageSensorFilterBufferM1
C:\Users\ep_ygh\AppData\Local\Temp\ccgpzdOG.s:55     .data.BusVoltageSensor_M1:00000000 $d
C:\Users\ep_ygh\AppData\Local\Temp\ccgpzdOG.s:72     .data.CircleLimitationM1:00000000 $d
C:\Users\ep_ygh\AppData\Local\Temp\ccgpzdOG.s:79     .data.OpenLoop_ParamsM1:00000000 $d
C:\Users\ep_ygh\AppData\Local\Temp\ccgpzdOG.s:90     .data.PIDIdHandle_M1:00000000 $d
C:\Users\ep_ygh\AppData\Local\Temp\ccgpzdOG.s:111    .data.PIDIqHandle_M1:00000000 $d
C:\Users\ep_ygh\AppData\Local\Temp\ccgpzdOG.s:132    .data.PIDSpeedHandle_M1:00000000 $d
C:\Users\ep_ygh\AppData\Local\Temp\ccgpzdOG.s:153    .data.PQD_MotorPowMeasM1:00000000 $d
C:\Users\ep_ygh\AppData\Local\Temp\ccgpzdOG.s:161    .data.PWM_Handle_M1:00000000 $d
C:\Users\ep_ygh\AppData\Local\Temp\ccgpzdOG.s:227    .data.RampExtMngrHFParamsM1:00000000 $d
C:\Users\ep_ygh\AppData\Local\Temp\ccgpzdOG.s:234    .data.RevUpControlM1:00000000 $d
C:\Users\ep_ygh\AppData\Local\Temp\ccgpzdOG.s:280    .data.STO_M1:00000000 $d
C:\Users\ep_ygh\AppData\Local\Temp\ccgpzdOG.s:290    .data.STO_PLL_M1:00000000 $d
C:\Users\ep_ygh\AppData\Local\Temp\ccgpzdOG.s:348    .data.SpeednTorqCtrlM1:00000000 $d
C:\Users\ep_ygh\AppData\Local\Temp\ccgpzdOG.s:367    .data.TempRegConv_M1:00000000 $d
C:\Users\ep_ygh\AppData\Local\Temp\ccgpzdOG.s:377    .data.TempSensor_M1:00000000 $d
C:\Users\ep_ygh\AppData\Local\Temp\ccgpzdOG.s:392    .data.VbusRegConv_M1:00000000 $d
C:\Users\ep_ygh\AppData\Local\Temp\ccgpzdOG.s:402    .data.VirtualSpeedSensorM1:00000000 $d
C:\Users\ep_ygh\AppData\Local\Temp\ccgpzdOG.s:420    .data.pMPM:00000000 $d
C:\Users\ep_ygh\AppData\Local\Temp\ccgpzdOG.s:426    .data.pPIDId:00000000 $d
C:\Users\ep_ygh\AppData\Local\Temp\ccgpzdOG.s:432    .data.pPIDIq:00000000 $d
C:\Users\ep_ygh\AppData\Local\Temp\ccgpzdOG.s:438    .data.pSTC:00000000 $d
C:\Users\ep_ygh\AppData\Local\Temp\ccgpzdOG.s:444    .data.pTemperatureSensor:00000000 $d

UNDEFINED SYMBOLS
R3_1_GetPhaseCurrents
R3_1_SwitchOffPWM
R3_1_SwitchOnPWM
R3_1_CurrentReadingCalibration
R3_1_TurnOnLowSides
ARM GAS  C:\Users\ep_ygh\AppData\Local\Temp\ccgpzdOG.s 			page 11


R3_1_SetADCSampPointSectX
R3_1_RLDetectionModeEnable
R3_1_RLDetectionModeDisable
R3_1_RLDetectionModeSetDuty
R3_1_RLTurnOnLowSidesAndStart
R3_1_SetOffsetCalib
R3_1_GetOffsetCalib
R3_1_ParamsM1
STO_PLL_ForceConvergency1
STO_PLL_ForceConvergency2
STO_OTF_ResetPLL
STO_PLL_IsVarianceTight
