ARM GAS  C:\Users\ep_ygh\AppData\Local\Temp\ccnw6cIK.s 			page 1


   1              		.cpu cortex-m4
   2              		.arch armv7e-m
   3              		.fpu fpv4-sp-d16
   4              		.eabi_attribute 27, 1
   5              		.eabi_attribute 28, 1
   6              		.eabi_attribute 20, 1
   7              		.eabi_attribute 21, 1
   8              		.eabi_attribute 23, 3
   9              		.eabi_attribute 24, 1
  10              		.eabi_attribute 25, 1
  11              		.eabi_attribute 26, 1
  12              		.eabi_attribute 30, 2
  13              		.eabi_attribute 34, 1
  14              		.eabi_attribute 18, 4
  15              		.file	"r_divider_bus_voltage_sensor.c"
  16              		.text
  17              	.Ltext0:
  18              		.cfi_sections	.debug_frame
  19              		.section	.text.RVBS_Clear,"ax",%progbits
  20              		.align	1
  21              		.p2align 2,,3
  22              		.weak	RVBS_Clear
  23              		.syntax unified
  24              		.thumb
  25              		.thumb_func
  27              	RVBS_Clear:
  28              	.LVL0:
  29              	.LFB1089:
  30              		.file 1 "MCSDK_v6.2.1-Full/MotorControl/MCSDK/MCLib/Any/Src/r_divider_bus_voltage_sensor.c"
   1:MCSDK_v6.2.1-Full/MotorControl/MCSDK/MCLib/Any/Src/r_divider_bus_voltage_sensor.c **** /**
   2:MCSDK_v6.2.1-Full/MotorControl/MCSDK/MCLib/Any/Src/r_divider_bus_voltage_sensor.c ****   ******************************************************************************
   3:MCSDK_v6.2.1-Full/MotorControl/MCSDK/MCLib/Any/Src/r_divider_bus_voltage_sensor.c ****   * @file    r_divider_bus_voltage_sensor.c
   4:MCSDK_v6.2.1-Full/MotorControl/MCSDK/MCLib/Any/Src/r_divider_bus_voltage_sensor.c ****   * @author  Motor Control SDK Team, ST Microelectronics
   5:MCSDK_v6.2.1-Full/MotorControl/MCSDK/MCLib/Any/Src/r_divider_bus_voltage_sensor.c ****   * @brief   This file provides firmware functions that implement the  features
   6:MCSDK_v6.2.1-Full/MotorControl/MCSDK/MCLib/Any/Src/r_divider_bus_voltage_sensor.c ****   *          of the Resistor Divider Bus Voltage Sensor component of the Motor
   7:MCSDK_v6.2.1-Full/MotorControl/MCSDK/MCLib/Any/Src/r_divider_bus_voltage_sensor.c ****   *          Control SDK:
   8:MCSDK_v6.2.1-Full/MotorControl/MCSDK/MCLib/Any/Src/r_divider_bus_voltage_sensor.c ****   *
   9:MCSDK_v6.2.1-Full/MotorControl/MCSDK/MCLib/Any/Src/r_divider_bus_voltage_sensor.c ****   ******************************************************************************
  10:MCSDK_v6.2.1-Full/MotorControl/MCSDK/MCLib/Any/Src/r_divider_bus_voltage_sensor.c ****   * @attention
  11:MCSDK_v6.2.1-Full/MotorControl/MCSDK/MCLib/Any/Src/r_divider_bus_voltage_sensor.c ****   *
  12:MCSDK_v6.2.1-Full/MotorControl/MCSDK/MCLib/Any/Src/r_divider_bus_voltage_sensor.c ****   * <h2><center>&copy; Copyright (c) 2023 STMicroelectronics.
  13:MCSDK_v6.2.1-Full/MotorControl/MCSDK/MCLib/Any/Src/r_divider_bus_voltage_sensor.c ****   * All rights reserved.</center></h2>
  14:MCSDK_v6.2.1-Full/MotorControl/MCSDK/MCLib/Any/Src/r_divider_bus_voltage_sensor.c ****   *
  15:MCSDK_v6.2.1-Full/MotorControl/MCSDK/MCLib/Any/Src/r_divider_bus_voltage_sensor.c ****   * This software component is licensed by ST under Ultimate Liberty license
  16:MCSDK_v6.2.1-Full/MotorControl/MCSDK/MCLib/Any/Src/r_divider_bus_voltage_sensor.c ****   * SLA0044, the "License"; You may not use this file except in compliance with
  17:MCSDK_v6.2.1-Full/MotorControl/MCSDK/MCLib/Any/Src/r_divider_bus_voltage_sensor.c ****   * the License. You may obtain a copy of the License at:
  18:MCSDK_v6.2.1-Full/MotorControl/MCSDK/MCLib/Any/Src/r_divider_bus_voltage_sensor.c ****   *                             www.st.com/SLA0044
  19:MCSDK_v6.2.1-Full/MotorControl/MCSDK/MCLib/Any/Src/r_divider_bus_voltage_sensor.c ****   *
  20:MCSDK_v6.2.1-Full/MotorControl/MCSDK/MCLib/Any/Src/r_divider_bus_voltage_sensor.c ****   ******************************************************************************
  21:MCSDK_v6.2.1-Full/MotorControl/MCSDK/MCLib/Any/Src/r_divider_bus_voltage_sensor.c ****   * @ingroup RDividerBusVoltageSensor
  22:MCSDK_v6.2.1-Full/MotorControl/MCSDK/MCLib/Any/Src/r_divider_bus_voltage_sensor.c ****   */
  23:MCSDK_v6.2.1-Full/MotorControl/MCSDK/MCLib/Any/Src/r_divider_bus_voltage_sensor.c **** 
  24:MCSDK_v6.2.1-Full/MotorControl/MCSDK/MCLib/Any/Src/r_divider_bus_voltage_sensor.c **** /* Includes ------------------------------------------------------------------*/
  25:MCSDK_v6.2.1-Full/MotorControl/MCSDK/MCLib/Any/Src/r_divider_bus_voltage_sensor.c **** #include "mc_type.h"
  26:MCSDK_v6.2.1-Full/MotorControl/MCSDK/MCLib/Any/Src/r_divider_bus_voltage_sensor.c **** #include "r_divider_bus_voltage_sensor.h"
  27:MCSDK_v6.2.1-Full/MotorControl/MCSDK/MCLib/Any/Src/r_divider_bus_voltage_sensor.c **** #include "regular_conversion_manager.h"
  28:MCSDK_v6.2.1-Full/MotorControl/MCSDK/MCLib/Any/Src/r_divider_bus_voltage_sensor.c **** 
ARM GAS  C:\Users\ep_ygh\AppData\Local\Temp\ccnw6cIK.s 			page 2


  29:MCSDK_v6.2.1-Full/MotorControl/MCSDK/MCLib/Any/Src/r_divider_bus_voltage_sensor.c **** 
  30:MCSDK_v6.2.1-Full/MotorControl/MCSDK/MCLib/Any/Src/r_divider_bus_voltage_sensor.c **** /** @addtogroup MCSDK
  31:MCSDK_v6.2.1-Full/MotorControl/MCSDK/MCLib/Any/Src/r_divider_bus_voltage_sensor.c ****   * @{
  32:MCSDK_v6.2.1-Full/MotorControl/MCSDK/MCLib/Any/Src/r_divider_bus_voltage_sensor.c ****   */
  33:MCSDK_v6.2.1-Full/MotorControl/MCSDK/MCLib/Any/Src/r_divider_bus_voltage_sensor.c **** 
  34:MCSDK_v6.2.1-Full/MotorControl/MCSDK/MCLib/Any/Src/r_divider_bus_voltage_sensor.c **** /** @addtogroup BusVoltageSensor
  35:MCSDK_v6.2.1-Full/MotorControl/MCSDK/MCLib/Any/Src/r_divider_bus_voltage_sensor.c ****   * @{
  36:MCSDK_v6.2.1-Full/MotorControl/MCSDK/MCLib/Any/Src/r_divider_bus_voltage_sensor.c ****   */
  37:MCSDK_v6.2.1-Full/MotorControl/MCSDK/MCLib/Any/Src/r_divider_bus_voltage_sensor.c **** 
  38:MCSDK_v6.2.1-Full/MotorControl/MCSDK/MCLib/Any/Src/r_divider_bus_voltage_sensor.c **** /** @defgroup RDividerBusVoltageSensor Resistor Divider Bus Voltage Sensor
  39:MCSDK_v6.2.1-Full/MotorControl/MCSDK/MCLib/Any/Src/r_divider_bus_voltage_sensor.c ****   * @brief Resistor Divider Bus Voltage Sensor implementation.
  40:MCSDK_v6.2.1-Full/MotorControl/MCSDK/MCLib/Any/Src/r_divider_bus_voltage_sensor.c ****   *
  41:MCSDK_v6.2.1-Full/MotorControl/MCSDK/MCLib/Any/Src/r_divider_bus_voltage_sensor.c ****   * @{
  42:MCSDK_v6.2.1-Full/MotorControl/MCSDK/MCLib/Any/Src/r_divider_bus_voltage_sensor.c ****   */
  43:MCSDK_v6.2.1-Full/MotorControl/MCSDK/MCLib/Any/Src/r_divider_bus_voltage_sensor.c **** 
  44:MCSDK_v6.2.1-Full/MotorControl/MCSDK/MCLib/Any/Src/r_divider_bus_voltage_sensor.c **** /**
  45:MCSDK_v6.2.1-Full/MotorControl/MCSDK/MCLib/Any/Src/r_divider_bus_voltage_sensor.c ****   * @brief  It initializes bus voltage conversion (ADC, ADC channel, conversion time.
  46:MCSDK_v6.2.1-Full/MotorControl/MCSDK/MCLib/Any/Src/r_divider_bus_voltage_sensor.c ****     It must be called only after PWM_Init.
  47:MCSDK_v6.2.1-Full/MotorControl/MCSDK/MCLib/Any/Src/r_divider_bus_voltage_sensor.c ****   * @param  pHandle related RDivider_Handle_t
  48:MCSDK_v6.2.1-Full/MotorControl/MCSDK/MCLib/Any/Src/r_divider_bus_voltage_sensor.c ****   */
  49:MCSDK_v6.2.1-Full/MotorControl/MCSDK/MCLib/Any/Src/r_divider_bus_voltage_sensor.c **** __weak void RVBS_Init(RDivider_Handle_t *pHandle)
  50:MCSDK_v6.2.1-Full/MotorControl/MCSDK/MCLib/Any/Src/r_divider_bus_voltage_sensor.c **** {
  51:MCSDK_v6.2.1-Full/MotorControl/MCSDK/MCLib/Any/Src/r_divider_bus_voltage_sensor.c **** #ifdef NULL_PTR_CHECK_RDIV_BUS_VLT_SNS
  52:MCSDK_v6.2.1-Full/MotorControl/MCSDK/MCLib/Any/Src/r_divider_bus_voltage_sensor.c ****   if (MC_NULL == pHandle)
  53:MCSDK_v6.2.1-Full/MotorControl/MCSDK/MCLib/Any/Src/r_divider_bus_voltage_sensor.c ****   {
  54:MCSDK_v6.2.1-Full/MotorControl/MCSDK/MCLib/Any/Src/r_divider_bus_voltage_sensor.c ****     /* Nothing to do */
  55:MCSDK_v6.2.1-Full/MotorControl/MCSDK/MCLib/Any/Src/r_divider_bus_voltage_sensor.c ****   }
  56:MCSDK_v6.2.1-Full/MotorControl/MCSDK/MCLib/Any/Src/r_divider_bus_voltage_sensor.c ****   else
  57:MCSDK_v6.2.1-Full/MotorControl/MCSDK/MCLib/Any/Src/r_divider_bus_voltage_sensor.c ****   {
  58:MCSDK_v6.2.1-Full/MotorControl/MCSDK/MCLib/Any/Src/r_divider_bus_voltage_sensor.c **** #endif
  59:MCSDK_v6.2.1-Full/MotorControl/MCSDK/MCLib/Any/Src/r_divider_bus_voltage_sensor.c ****     /* Check */
  60:MCSDK_v6.2.1-Full/MotorControl/MCSDK/MCLib/Any/Src/r_divider_bus_voltage_sensor.c ****     RVBS_Clear(pHandle);
  61:MCSDK_v6.2.1-Full/MotorControl/MCSDK/MCLib/Any/Src/r_divider_bus_voltage_sensor.c **** #ifdef NULL_PTR_CHECK_RDIV_BUS_VLT_SNS
  62:MCSDK_v6.2.1-Full/MotorControl/MCSDK/MCLib/Any/Src/r_divider_bus_voltage_sensor.c ****   }
  63:MCSDK_v6.2.1-Full/MotorControl/MCSDK/MCLib/Any/Src/r_divider_bus_voltage_sensor.c **** #endif
  64:MCSDK_v6.2.1-Full/MotorControl/MCSDK/MCLib/Any/Src/r_divider_bus_voltage_sensor.c **** }
  65:MCSDK_v6.2.1-Full/MotorControl/MCSDK/MCLib/Any/Src/r_divider_bus_voltage_sensor.c **** 
  66:MCSDK_v6.2.1-Full/MotorControl/MCSDK/MCLib/Any/Src/r_divider_bus_voltage_sensor.c **** 
  67:MCSDK_v6.2.1-Full/MotorControl/MCSDK/MCLib/Any/Src/r_divider_bus_voltage_sensor.c **** /**
  68:MCSDK_v6.2.1-Full/MotorControl/MCSDK/MCLib/Any/Src/r_divider_bus_voltage_sensor.c ****   * @brief  It clears bus voltage FW variable containing average bus voltage
  69:MCSDK_v6.2.1-Full/MotorControl/MCSDK/MCLib/Any/Src/r_divider_bus_voltage_sensor.c ****   *         value.
  70:MCSDK_v6.2.1-Full/MotorControl/MCSDK/MCLib/Any/Src/r_divider_bus_voltage_sensor.c ****   * @param  pHandle related RDivider_Handle_t
  71:MCSDK_v6.2.1-Full/MotorControl/MCSDK/MCLib/Any/Src/r_divider_bus_voltage_sensor.c ****   */
  72:MCSDK_v6.2.1-Full/MotorControl/MCSDK/MCLib/Any/Src/r_divider_bus_voltage_sensor.c **** __weak void RVBS_Clear(RDivider_Handle_t *pHandle)
  73:MCSDK_v6.2.1-Full/MotorControl/MCSDK/MCLib/Any/Src/r_divider_bus_voltage_sensor.c **** {
  31              		.loc 1 73 1 view -0
  32              		.cfi_startproc
  33              		@ args = 0, pretend = 0, frame = 0
  34              		@ frame_needed = 0, uses_anonymous_args = 0
  35              		@ link register save eliminated.
  74:MCSDK_v6.2.1-Full/MotorControl/MCSDK/MCLib/Any/Src/r_divider_bus_voltage_sensor.c **** #ifdef NULL_PTR_CHECK_RDIV_BUS_VLT_SNS
  75:MCSDK_v6.2.1-Full/MotorControl/MCSDK/MCLib/Any/Src/r_divider_bus_voltage_sensor.c ****   if (MC_NULL == pHandle)
  76:MCSDK_v6.2.1-Full/MotorControl/MCSDK/MCLib/Any/Src/r_divider_bus_voltage_sensor.c ****   {
  77:MCSDK_v6.2.1-Full/MotorControl/MCSDK/MCLib/Any/Src/r_divider_bus_voltage_sensor.c ****     /* Nothing to do */
  78:MCSDK_v6.2.1-Full/MotorControl/MCSDK/MCLib/Any/Src/r_divider_bus_voltage_sensor.c ****   }
  79:MCSDK_v6.2.1-Full/MotorControl/MCSDK/MCLib/Any/Src/r_divider_bus_voltage_sensor.c ****   else
  80:MCSDK_v6.2.1-Full/MotorControl/MCSDK/MCLib/Any/Src/r_divider_bus_voltage_sensor.c ****   {
ARM GAS  C:\Users\ep_ygh\AppData\Local\Temp\ccnw6cIK.s 			page 3


  81:MCSDK_v6.2.1-Full/MotorControl/MCSDK/MCLib/Any/Src/r_divider_bus_voltage_sensor.c **** #endif
  82:MCSDK_v6.2.1-Full/MotorControl/MCSDK/MCLib/Any/Src/r_divider_bus_voltage_sensor.c ****     uint16_t aux;
  36              		.loc 1 82 5 view .LVU1
  83:MCSDK_v6.2.1-Full/MotorControl/MCSDK/MCLib/Any/Src/r_divider_bus_voltage_sensor.c ****     uint16_t index;
  37              		.loc 1 83 5 view .LVU2
  84:MCSDK_v6.2.1-Full/MotorControl/MCSDK/MCLib/Any/Src/r_divider_bus_voltage_sensor.c **** 
  85:MCSDK_v6.2.1-Full/MotorControl/MCSDK/MCLib/Any/Src/r_divider_bus_voltage_sensor.c ****     aux = (pHandle->OverVoltageThreshold + pHandle->UnderVoltageThreshold) / 2U;
  38              		.loc 1 85 5 view .LVU3
  39              		.loc 1 85 19 is_stmt 0 view .LVU4
  40 0000 B0F80CC0 		ldrh	ip, [r0, #12]
  41              		.loc 1 85 51 view .LVU5
  42 0004 428A     		ldrh	r2, [r0, #18]
  86:MCSDK_v6.2.1-Full/MotorControl/MCSDK/MCLib/Any/Src/r_divider_bus_voltage_sensor.c ****     for (index = 0U; index < pHandle->LowPassFilterBW; index++)
  43              		.loc 1 86 5 view .LVU6
  44 0006 4389     		ldrh	r3, [r0, #10]
  85:MCSDK_v6.2.1-Full/MotorControl/MCSDK/MCLib/Any/Src/r_divider_bus_voltage_sensor.c ****     for (index = 0U; index < pHandle->LowPassFilterBW; index++)
  45              		.loc 1 85 42 view .LVU7
  46 0008 9444     		add	ip, ip, r2
  73:MCSDK_v6.2.1-Full/MotorControl/MCSDK/MCLib/Any/Src/r_divider_bus_voltage_sensor.c **** #ifdef NULL_PTR_CHECK_RDIV_BUS_VLT_SNS
  47              		.loc 1 73 1 view .LVU8
  48 000a 10B4     		push	{r4}
  49              	.LCFI0:
  50              		.cfi_def_cfa_offset 4
  51              		.cfi_offset 4, -4
  85:MCSDK_v6.2.1-Full/MotorControl/MCSDK/MCLib/Any/Src/r_divider_bus_voltage_sensor.c ****     for (index = 0U; index < pHandle->LowPassFilterBW; index++)
  52              		.loc 1 85 9 view .LVU9
  53 000c 4FEA5C0C 		lsr	ip, ip, #1
  54              	.LVL1:
  55              		.loc 1 86 5 is_stmt 1 view .LVU10
  56              		.loc 1 86 22 view .LVU11
  57              		.loc 1 86 5 is_stmt 0 view .LVU12
  58 0010 4BB1     		cbz	r3, .L2
  87:MCSDK_v6.2.1-Full/MotorControl/MCSDK/MCLib/Any/Src/r_divider_bus_voltage_sensor.c ****     {
  88:MCSDK_v6.2.1-Full/MotorControl/MCSDK/MCLib/Any/Src/r_divider_bus_voltage_sensor.c ****       pHandle->aBuffer[index] = aux;
  59              		.loc 1 88 14 view .LVU13
  60 0012 4469     		ldr	r4, [r0, #20]
  61 0014 0023     		movs	r3, #0
  62              	.LVL2:
  63              	.L3:
  64              		.loc 1 88 7 is_stmt 1 discriminator 3 view .LVU14
  65              		.loc 1 88 23 is_stmt 0 discriminator 3 view .LVU15
  66 0016 9AB2     		uxth	r2, r3
  86:MCSDK_v6.2.1-Full/MotorControl/MCSDK/MCLib/Any/Src/r_divider_bus_voltage_sensor.c ****     {
  67              		.loc 1 86 5 discriminator 3 view .LVU16
  68 0018 0133     		adds	r3, r3, #1
  69              	.LVL3:
  70              		.loc 1 88 31 discriminator 3 view .LVU17
  71 001a 24F812C0 		strh	ip, [r4, r2, lsl #1]	@ movhi
  86:MCSDK_v6.2.1-Full/MotorControl/MCSDK/MCLib/Any/Src/r_divider_bus_voltage_sensor.c ****     {
  72              		.loc 1 86 56 is_stmt 1 discriminator 3 view .LVU18
  73              	.LVL4:
  86:MCSDK_v6.2.1-Full/MotorControl/MCSDK/MCLib/Any/Src/r_divider_bus_voltage_sensor.c ****     {
  74              		.loc 1 86 22 discriminator 3 view .LVU19
  86:MCSDK_v6.2.1-Full/MotorControl/MCSDK/MCLib/Any/Src/r_divider_bus_voltage_sensor.c ****     {
  75              		.loc 1 86 5 is_stmt 0 discriminator 3 view .LVU20
  76 001e 4189     		ldrh	r1, [r0, #10]
  77 0020 9AB2     		uxth	r2, r3
ARM GAS  C:\Users\ep_ygh\AppData\Local\Temp\ccnw6cIK.s 			page 4


  78 0022 9142     		cmp	r1, r2
  79 0024 F7D8     		bhi	.L3
  80              	.L2:
  89:MCSDK_v6.2.1-Full/MotorControl/MCSDK/MCLib/Any/Src/r_divider_bus_voltage_sensor.c ****     }
  90:MCSDK_v6.2.1-Full/MotorControl/MCSDK/MCLib/Any/Src/r_divider_bus_voltage_sensor.c ****     pHandle->_Super.LatestConv = aux;
  81              		.loc 1 90 5 is_stmt 1 view .LVU21
  91:MCSDK_v6.2.1-Full/MotorControl/MCSDK/MCLib/Any/Src/r_divider_bus_voltage_sensor.c ****     pHandle->_Super.AvBusVoltage_d = aux;
  82              		.loc 1 91 5 view .LVU22
  90:MCSDK_v6.2.1-Full/MotorControl/MCSDK/MCLib/Any/Src/r_divider_bus_voltage_sensor.c ****     pHandle->_Super.AvBusVoltage_d = aux;
  83              		.loc 1 90 32 is_stmt 0 view .LVU23
  84 0026 0023     		movs	r3, #0
  85 0028 6CF30F03 		bfi	r3, ip, #0, #16
  86              	.LVL5:
  90:MCSDK_v6.2.1-Full/MotorControl/MCSDK/MCLib/Any/Src/r_divider_bus_voltage_sensor.c ****     pHandle->_Super.AvBusVoltage_d = aux;
  87              		.loc 1 90 32 view .LVU24
  88 002c 6CF31F43 		bfi	r3, ip, #16, #16
  92:MCSDK_v6.2.1-Full/MotorControl/MCSDK/MCLib/Any/Src/r_divider_bus_voltage_sensor.c ****     pHandle->index = 0U;
  89              		.loc 1 92 20 view .LVU25
  90 0030 0022     		movs	r2, #0
  93:MCSDK_v6.2.1-Full/MotorControl/MCSDK/MCLib/Any/Src/r_divider_bus_voltage_sensor.c **** #ifdef NULL_PTR_CHECK_RDIV_BUS_VLT_SNS
  94:MCSDK_v6.2.1-Full/MotorControl/MCSDK/MCLib/Any/Src/r_divider_bus_voltage_sensor.c ****   }
  95:MCSDK_v6.2.1-Full/MotorControl/MCSDK/MCLib/Any/Src/r_divider_bus_voltage_sensor.c **** #endif
  96:MCSDK_v6.2.1-Full/MotorControl/MCSDK/MCLib/Any/Src/r_divider_bus_voltage_sensor.c **** }
  91              		.loc 1 96 1 view .LVU26
  92 0032 5DF8044B 		ldr	r4, [sp], #4
  93              	.LCFI1:
  94              		.cfi_restore 4
  95              		.cfi_def_cfa_offset 0
  90:MCSDK_v6.2.1-Full/MotorControl/MCSDK/MCLib/Any/Src/r_divider_bus_voltage_sensor.c ****     pHandle->_Super.AvBusVoltage_d = aux;
  96              		.loc 1 90 32 view .LVU27
  97 0036 4360     		str	r3, [r0, #4]
  92:MCSDK_v6.2.1-Full/MotorControl/MCSDK/MCLib/Any/Src/r_divider_bus_voltage_sensor.c ****     pHandle->index = 0U;
  98              		.loc 1 92 5 is_stmt 1 view .LVU28
  92:MCSDK_v6.2.1-Full/MotorControl/MCSDK/MCLib/Any/Src/r_divider_bus_voltage_sensor.c ****     pHandle->index = 0U;
  99              		.loc 1 92 20 is_stmt 0 view .LVU29
 100 0038 4276     		strb	r2, [r0, #25]
 101              		.loc 1 96 1 view .LVU30
 102 003a 7047     		bx	lr
 103              		.cfi_endproc
 104              	.LFE1089:
 106              		.section	.text.RVBS_Init,"ax",%progbits
 107              		.align	1
 108              		.p2align 2,,3
 109              		.weak	RVBS_Init
 110              		.syntax unified
 111              		.thumb
 112              		.thumb_func
 114              	RVBS_Init:
 115              	.LVL6:
 116              	.LFB1088:
  50:MCSDK_v6.2.1-Full/MotorControl/MCSDK/MCLib/Any/Src/r_divider_bus_voltage_sensor.c **** #ifdef NULL_PTR_CHECK_RDIV_BUS_VLT_SNS
 117              		.loc 1 50 1 is_stmt 1 view -0
 118              		.cfi_startproc
 119              		@ args = 0, pretend = 0, frame = 0
 120              		@ frame_needed = 0, uses_anonymous_args = 0
  60:MCSDK_v6.2.1-Full/MotorControl/MCSDK/MCLib/Any/Src/r_divider_bus_voltage_sensor.c **** #ifdef NULL_PTR_CHECK_RDIV_BUS_VLT_SNS
 121              		.loc 1 60 5 view .LVU32
ARM GAS  C:\Users\ep_ygh\AppData\Local\Temp\ccnw6cIK.s 			page 5


  50:MCSDK_v6.2.1-Full/MotorControl/MCSDK/MCLib/Any/Src/r_divider_bus_voltage_sensor.c **** #ifdef NULL_PTR_CHECK_RDIV_BUS_VLT_SNS
 122              		.loc 1 50 1 is_stmt 0 view .LVU33
 123 0000 08B5     		push	{r3, lr}
 124              	.LCFI2:
 125              		.cfi_def_cfa_offset 8
 126              		.cfi_offset 3, -8
 127              		.cfi_offset 14, -4
  60:MCSDK_v6.2.1-Full/MotorControl/MCSDK/MCLib/Any/Src/r_divider_bus_voltage_sensor.c **** #ifdef NULL_PTR_CHECK_RDIV_BUS_VLT_SNS
 128              		.loc 1 60 5 view .LVU34
 129 0002 FFF7FEFF 		bl	RVBS_Clear
 130              	.LVL7:
  64:MCSDK_v6.2.1-Full/MotorControl/MCSDK/MCLib/Any/Src/r_divider_bus_voltage_sensor.c **** 
 131              		.loc 1 64 1 view .LVU35
 132 0006 08BD     		pop	{r3, pc}
 133              		.cfi_endproc
 134              	.LFE1088:
 136              		.section	.text.RVBS_CheckFaultState,"ax",%progbits
 137              		.align	1
 138              		.p2align 2,,3
 139              		.weak	RVBS_CheckFaultState
 140              		.syntax unified
 141              		.thumb
 142              		.thumb_func
 144              	RVBS_CheckFaultState:
 145              	.LVL8:
 146              	.LFB1091:
  97:MCSDK_v6.2.1-Full/MotorControl/MCSDK/MCLib/Any/Src/r_divider_bus_voltage_sensor.c **** 
  98:MCSDK_v6.2.1-Full/MotorControl/MCSDK/MCLib/Any/Src/r_divider_bus_voltage_sensor.c **** /**
  99:MCSDK_v6.2.1-Full/MotorControl/MCSDK/MCLib/Any/Src/r_divider_bus_voltage_sensor.c ****   * @brief  It actually performes the Vbus ADC conversion and updates averaged
 100:MCSDK_v6.2.1-Full/MotorControl/MCSDK/MCLib/Any/Src/r_divider_bus_voltage_sensor.c ****   *         value for all STM32 families except STM32F3 in u16Volt format.
 101:MCSDK_v6.2.1-Full/MotorControl/MCSDK/MCLib/Any/Src/r_divider_bus_voltage_sensor.c ****   * @param  pHandle related RDivider_Handle_t
 102:MCSDK_v6.2.1-Full/MotorControl/MCSDK/MCLib/Any/Src/r_divider_bus_voltage_sensor.c ****   * @retval uint16_t Fault code error
 103:MCSDK_v6.2.1-Full/MotorControl/MCSDK/MCLib/Any/Src/r_divider_bus_voltage_sensor.c ****   */
 104:MCSDK_v6.2.1-Full/MotorControl/MCSDK/MCLib/Any/Src/r_divider_bus_voltage_sensor.c **** __weak uint16_t RVBS_CalcAvVbus(RDivider_Handle_t *pHandle, uint16_t rawValue)
 105:MCSDK_v6.2.1-Full/MotorControl/MCSDK/MCLib/Any/Src/r_divider_bus_voltage_sensor.c **** {
 106:MCSDK_v6.2.1-Full/MotorControl/MCSDK/MCLib/Any/Src/r_divider_bus_voltage_sensor.c ****   uint16_t tempValue;
 107:MCSDK_v6.2.1-Full/MotorControl/MCSDK/MCLib/Any/Src/r_divider_bus_voltage_sensor.c **** #ifdef NULL_PTR_CHECK_RDIV_BUS_VLT_SNS
 108:MCSDK_v6.2.1-Full/MotorControl/MCSDK/MCLib/Any/Src/r_divider_bus_voltage_sensor.c ****   if (MC_NULL == pHandle)
 109:MCSDK_v6.2.1-Full/MotorControl/MCSDK/MCLib/Any/Src/r_divider_bus_voltage_sensor.c ****   {
 110:MCSDK_v6.2.1-Full/MotorControl/MCSDK/MCLib/Any/Src/r_divider_bus_voltage_sensor.c ****     tempValue = 0U;
 111:MCSDK_v6.2.1-Full/MotorControl/MCSDK/MCLib/Any/Src/r_divider_bus_voltage_sensor.c ****   }
 112:MCSDK_v6.2.1-Full/MotorControl/MCSDK/MCLib/Any/Src/r_divider_bus_voltage_sensor.c ****   else
 113:MCSDK_v6.2.1-Full/MotorControl/MCSDK/MCLib/Any/Src/r_divider_bus_voltage_sensor.c ****   {
 114:MCSDK_v6.2.1-Full/MotorControl/MCSDK/MCLib/Any/Src/r_divider_bus_voltage_sensor.c **** #endif
 115:MCSDK_v6.2.1-Full/MotorControl/MCSDK/MCLib/Any/Src/r_divider_bus_voltage_sensor.c ****     uint32_t wtemp;
 116:MCSDK_v6.2.1-Full/MotorControl/MCSDK/MCLib/Any/Src/r_divider_bus_voltage_sensor.c ****     uint16_t hAux;
 117:MCSDK_v6.2.1-Full/MotorControl/MCSDK/MCLib/Any/Src/r_divider_bus_voltage_sensor.c ****     uint8_t i;
 118:MCSDK_v6.2.1-Full/MotorControl/MCSDK/MCLib/Any/Src/r_divider_bus_voltage_sensor.c **** 
 119:MCSDK_v6.2.1-Full/MotorControl/MCSDK/MCLib/Any/Src/r_divider_bus_voltage_sensor.c ****     hAux = rawValue;
 120:MCSDK_v6.2.1-Full/MotorControl/MCSDK/MCLib/Any/Src/r_divider_bus_voltage_sensor.c **** 
 121:MCSDK_v6.2.1-Full/MotorControl/MCSDK/MCLib/Any/Src/r_divider_bus_voltage_sensor.c ****     if (0xFFFFU == hAux)
 122:MCSDK_v6.2.1-Full/MotorControl/MCSDK/MCLib/Any/Src/r_divider_bus_voltage_sensor.c ****     {
 123:MCSDK_v6.2.1-Full/MotorControl/MCSDK/MCLib/Any/Src/r_divider_bus_voltage_sensor.c ****       /* Nothing to do */
 124:MCSDK_v6.2.1-Full/MotorControl/MCSDK/MCLib/Any/Src/r_divider_bus_voltage_sensor.c ****     }
 125:MCSDK_v6.2.1-Full/MotorControl/MCSDK/MCLib/Any/Src/r_divider_bus_voltage_sensor.c ****     else
 126:MCSDK_v6.2.1-Full/MotorControl/MCSDK/MCLib/Any/Src/r_divider_bus_voltage_sensor.c ****     {
 127:MCSDK_v6.2.1-Full/MotorControl/MCSDK/MCLib/Any/Src/r_divider_bus_voltage_sensor.c ****       /* Store latest value on buffer */
ARM GAS  C:\Users\ep_ygh\AppData\Local\Temp\ccnw6cIK.s 			page 6


 128:MCSDK_v6.2.1-Full/MotorControl/MCSDK/MCLib/Any/Src/r_divider_bus_voltage_sensor.c ****       pHandle->aBuffer[pHandle->index] = hAux;
 129:MCSDK_v6.2.1-Full/MotorControl/MCSDK/MCLib/Any/Src/r_divider_bus_voltage_sensor.c ****       wtemp = 0u;
 130:MCSDK_v6.2.1-Full/MotorControl/MCSDK/MCLib/Any/Src/r_divider_bus_voltage_sensor.c ****       for (i = 0U; i < (uint8_t)pHandle->LowPassFilterBW; i++)
 131:MCSDK_v6.2.1-Full/MotorControl/MCSDK/MCLib/Any/Src/r_divider_bus_voltage_sensor.c ****       {
 132:MCSDK_v6.2.1-Full/MotorControl/MCSDK/MCLib/Any/Src/r_divider_bus_voltage_sensor.c ****         wtemp += pHandle->aBuffer[i];
 133:MCSDK_v6.2.1-Full/MotorControl/MCSDK/MCLib/Any/Src/r_divider_bus_voltage_sensor.c ****       }
 134:MCSDK_v6.2.1-Full/MotorControl/MCSDK/MCLib/Any/Src/r_divider_bus_voltage_sensor.c ****       wtemp /= pHandle->LowPassFilterBW;
 135:MCSDK_v6.2.1-Full/MotorControl/MCSDK/MCLib/Any/Src/r_divider_bus_voltage_sensor.c ****       /* Averaging done over the buffer stored values */
 136:MCSDK_v6.2.1-Full/MotorControl/MCSDK/MCLib/Any/Src/r_divider_bus_voltage_sensor.c ****       pHandle->_Super.AvBusVoltage_d = (uint16_t)wtemp;
 137:MCSDK_v6.2.1-Full/MotorControl/MCSDK/MCLib/Any/Src/r_divider_bus_voltage_sensor.c ****       pHandle->_Super.LatestConv = hAux;
 138:MCSDK_v6.2.1-Full/MotorControl/MCSDK/MCLib/Any/Src/r_divider_bus_voltage_sensor.c **** 
 139:MCSDK_v6.2.1-Full/MotorControl/MCSDK/MCLib/Any/Src/r_divider_bus_voltage_sensor.c ****       if ((uint16_t)pHandle->index < (pHandle->LowPassFilterBW - 1U))
 140:MCSDK_v6.2.1-Full/MotorControl/MCSDK/MCLib/Any/Src/r_divider_bus_voltage_sensor.c ****       {
 141:MCSDK_v6.2.1-Full/MotorControl/MCSDK/MCLib/Any/Src/r_divider_bus_voltage_sensor.c ****         pHandle->index++;
 142:MCSDK_v6.2.1-Full/MotorControl/MCSDK/MCLib/Any/Src/r_divider_bus_voltage_sensor.c ****       }
 143:MCSDK_v6.2.1-Full/MotorControl/MCSDK/MCLib/Any/Src/r_divider_bus_voltage_sensor.c ****       else
 144:MCSDK_v6.2.1-Full/MotorControl/MCSDK/MCLib/Any/Src/r_divider_bus_voltage_sensor.c ****       {
 145:MCSDK_v6.2.1-Full/MotorControl/MCSDK/MCLib/Any/Src/r_divider_bus_voltage_sensor.c ****         pHandle->index = 0U;
 146:MCSDK_v6.2.1-Full/MotorControl/MCSDK/MCLib/Any/Src/r_divider_bus_voltage_sensor.c ****       }
 147:MCSDK_v6.2.1-Full/MotorControl/MCSDK/MCLib/Any/Src/r_divider_bus_voltage_sensor.c ****     }
 148:MCSDK_v6.2.1-Full/MotorControl/MCSDK/MCLib/Any/Src/r_divider_bus_voltage_sensor.c **** 
 149:MCSDK_v6.2.1-Full/MotorControl/MCSDK/MCLib/Any/Src/r_divider_bus_voltage_sensor.c ****     pHandle->_Super.FaultState = RVBS_CheckFaultState(pHandle);
 150:MCSDK_v6.2.1-Full/MotorControl/MCSDK/MCLib/Any/Src/r_divider_bus_voltage_sensor.c ****     tempValue = pHandle->_Super.FaultState;
 151:MCSDK_v6.2.1-Full/MotorControl/MCSDK/MCLib/Any/Src/r_divider_bus_voltage_sensor.c **** #ifdef NULL_PTR_CHECK_RDIV_BUS_VLT_SNS
 152:MCSDK_v6.2.1-Full/MotorControl/MCSDK/MCLib/Any/Src/r_divider_bus_voltage_sensor.c ****   }
 153:MCSDK_v6.2.1-Full/MotorControl/MCSDK/MCLib/Any/Src/r_divider_bus_voltage_sensor.c **** #endif
 154:MCSDK_v6.2.1-Full/MotorControl/MCSDK/MCLib/Any/Src/r_divider_bus_voltage_sensor.c ****   return (tempValue);
 155:MCSDK_v6.2.1-Full/MotorControl/MCSDK/MCLib/Any/Src/r_divider_bus_voltage_sensor.c **** }
 156:MCSDK_v6.2.1-Full/MotorControl/MCSDK/MCLib/Any/Src/r_divider_bus_voltage_sensor.c **** 
 157:MCSDK_v6.2.1-Full/MotorControl/MCSDK/MCLib/Any/Src/r_divider_bus_voltage_sensor.c **** /**
 158:MCSDK_v6.2.1-Full/MotorControl/MCSDK/MCLib/Any/Src/r_divider_bus_voltage_sensor.c ****   * @brief  It returns #MC_OVER_VOLT, #MC_UNDER_VOLT or #MC_NO_ERROR depending on
 159:MCSDK_v6.2.1-Full/MotorControl/MCSDK/MCLib/Any/Src/r_divider_bus_voltage_sensor.c ****   *         bus voltage and protection threshold values
 160:MCSDK_v6.2.1-Full/MotorControl/MCSDK/MCLib/Any/Src/r_divider_bus_voltage_sensor.c ****   * @param  pHandle related RDivider_Handle_t
 161:MCSDK_v6.2.1-Full/MotorControl/MCSDK/MCLib/Any/Src/r_divider_bus_voltage_sensor.c ****   * @retval uint16_t Fault code error
 162:MCSDK_v6.2.1-Full/MotorControl/MCSDK/MCLib/Any/Src/r_divider_bus_voltage_sensor.c ****   */
 163:MCSDK_v6.2.1-Full/MotorControl/MCSDK/MCLib/Any/Src/r_divider_bus_voltage_sensor.c **** __weak uint16_t RVBS_CheckFaultState(RDivider_Handle_t *pHandle)
 164:MCSDK_v6.2.1-Full/MotorControl/MCSDK/MCLib/Any/Src/r_divider_bus_voltage_sensor.c **** {
 147              		.loc 1 164 1 is_stmt 1 view -0
 148              		.cfi_startproc
 149              		@ args = 0, pretend = 0, frame = 0
 150              		@ frame_needed = 0, uses_anonymous_args = 0
 151              		@ link register save eliminated.
 165:MCSDK_v6.2.1-Full/MotorControl/MCSDK/MCLib/Any/Src/r_divider_bus_voltage_sensor.c ****   uint16_t fault;
 152              		.loc 1 165 3 view .LVU37
 166:MCSDK_v6.2.1-Full/MotorControl/MCSDK/MCLib/Any/Src/r_divider_bus_voltage_sensor.c **** #ifdef NULL_PTR_CHECK_RDIV_BUS_VLT_SNS
 167:MCSDK_v6.2.1-Full/MotorControl/MCSDK/MCLib/Any/Src/r_divider_bus_voltage_sensor.c ****   if (MC_NULL == pHandle)
 168:MCSDK_v6.2.1-Full/MotorControl/MCSDK/MCLib/Any/Src/r_divider_bus_voltage_sensor.c ****   {
 169:MCSDK_v6.2.1-Full/MotorControl/MCSDK/MCLib/Any/Src/r_divider_bus_voltage_sensor.c ****     fault = MC_SW_ERROR;
 170:MCSDK_v6.2.1-Full/MotorControl/MCSDK/MCLib/Any/Src/r_divider_bus_voltage_sensor.c ****   }
 171:MCSDK_v6.2.1-Full/MotorControl/MCSDK/MCLib/Any/Src/r_divider_bus_voltage_sensor.c ****   else
 172:MCSDK_v6.2.1-Full/MotorControl/MCSDK/MCLib/Any/Src/r_divider_bus_voltage_sensor.c ****   {
 173:MCSDK_v6.2.1-Full/MotorControl/MCSDK/MCLib/Any/Src/r_divider_bus_voltage_sensor.c **** #endif
 174:MCSDK_v6.2.1-Full/MotorControl/MCSDK/MCLib/Any/Src/r_divider_bus_voltage_sensor.c **** 	/* If both thresholds are equal, single threshold feature is used */
 175:MCSDK_v6.2.1-Full/MotorControl/MCSDK/MCLib/Any/Src/r_divider_bus_voltage_sensor.c **** 	if (pHandle->OverVoltageThreshold == pHandle->OverVoltageThresholdLow)
 153              		.loc 1 175 2 view .LVU38
 154              		.loc 1 175 13 is_stmt 0 view .LVU39
 155 0000 8289     		ldrh	r2, [r0, #12]
ARM GAS  C:\Users\ep_ygh\AppData\Local\Temp\ccnw6cIK.s 			page 7


 156              		.loc 1 175 46 view .LVU40
 157 0002 C189     		ldrh	r1, [r0, #14]
 158              		.loc 1 175 5 view .LVU41
 159 0004 8A42     		cmp	r2, r1
 160 0006 0ED0     		beq	.L21
 176:MCSDK_v6.2.1-Full/MotorControl/MCSDK/MCLib/Any/Src/r_divider_bus_voltage_sensor.c **** 	{
 177:MCSDK_v6.2.1-Full/MotorControl/MCSDK/MCLib/Any/Src/r_divider_bus_voltage_sensor.c ****       if (pHandle->_Super.AvBusVoltage_d > pHandle->OverVoltageThreshold)
 178:MCSDK_v6.2.1-Full/MotorControl/MCSDK/MCLib/Any/Src/r_divider_bus_voltage_sensor.c ****       {
 179:MCSDK_v6.2.1-Full/MotorControl/MCSDK/MCLib/Any/Src/r_divider_bus_voltage_sensor.c ****         fault = MC_OVER_VOLT;
 180:MCSDK_v6.2.1-Full/MotorControl/MCSDK/MCLib/Any/Src/r_divider_bus_voltage_sensor.c ****       }
 181:MCSDK_v6.2.1-Full/MotorControl/MCSDK/MCLib/Any/Src/r_divider_bus_voltage_sensor.c ****       else if (pHandle->_Super.AvBusVoltage_d < pHandle->UnderVoltageThreshold)
 182:MCSDK_v6.2.1-Full/MotorControl/MCSDK/MCLib/Any/Src/r_divider_bus_voltage_sensor.c ****       {
 183:MCSDK_v6.2.1-Full/MotorControl/MCSDK/MCLib/Any/Src/r_divider_bus_voltage_sensor.c ****         fault = MC_UNDER_VOLT;
 184:MCSDK_v6.2.1-Full/MotorControl/MCSDK/MCLib/Any/Src/r_divider_bus_voltage_sensor.c ****       }
 185:MCSDK_v6.2.1-Full/MotorControl/MCSDK/MCLib/Any/Src/r_divider_bus_voltage_sensor.c ****       else
 186:MCSDK_v6.2.1-Full/MotorControl/MCSDK/MCLib/Any/Src/r_divider_bus_voltage_sensor.c ****       {
 187:MCSDK_v6.2.1-Full/MotorControl/MCSDK/MCLib/Any/Src/r_divider_bus_voltage_sensor.c ****         fault = MC_NO_ERROR;
 188:MCSDK_v6.2.1-Full/MotorControl/MCSDK/MCLib/Any/Src/r_divider_bus_voltage_sensor.c ****       }
 189:MCSDK_v6.2.1-Full/MotorControl/MCSDK/MCLib/Any/Src/r_divider_bus_voltage_sensor.c **** 	}
 190:MCSDK_v6.2.1-Full/MotorControl/MCSDK/MCLib/Any/Src/r_divider_bus_voltage_sensor.c ****     else
 191:MCSDK_v6.2.1-Full/MotorControl/MCSDK/MCLib/Any/Src/r_divider_bus_voltage_sensor.c ****     {
 192:MCSDK_v6.2.1-Full/MotorControl/MCSDK/MCLib/Any/Src/r_divider_bus_voltage_sensor.c ****       /* If both thresholds are different, hysteresis feature is used (Brake mode) */
 193:MCSDK_v6.2.1-Full/MotorControl/MCSDK/MCLib/Any/Src/r_divider_bus_voltage_sensor.c ****       if (pHandle->_Super.AvBusVoltage_d < pHandle->UnderVoltageThreshold)
 161              		.loc 1 193 7 is_stmt 1 view .LVU42
 162              		.loc 1 193 26 is_stmt 0 view .LVU43
 163 0008 B0F806C0 		ldrh	ip, [r0, #6]
 164              		.loc 1 193 10 view .LVU44
 165 000c 438A     		ldrh	r3, [r0, #18]
 166 000e 6345     		cmp	r3, ip
 167 0010 07D8     		bhi	.L18
 194:MCSDK_v6.2.1-Full/MotorControl/MCSDK/MCLib/Any/Src/r_divider_bus_voltage_sensor.c ****       {
 195:MCSDK_v6.2.1-Full/MotorControl/MCSDK/MCLib/Any/Src/r_divider_bus_voltage_sensor.c ****         fault = MC_UNDER_VOLT;
 196:MCSDK_v6.2.1-Full/MotorControl/MCSDK/MCLib/Any/Src/r_divider_bus_voltage_sensor.c ****       }
 197:MCSDK_v6.2.1-Full/MotorControl/MCSDK/MCLib/Any/Src/r_divider_bus_voltage_sensor.c ****       else if ( false == pHandle->OverVoltageHysteresisUpDir )
 168              		.loc 1 197 12 is_stmt 1 view .LVU45
 169              		.loc 1 197 15 is_stmt 0 view .LVU46
 170 0012 037C     		ldrb	r3, [r0, #16]	@ zero_extendqisi2
 171 0014 83B9     		cbnz	r3, .L15
 198:MCSDK_v6.2.1-Full/MotorControl/MCSDK/MCLib/Any/Src/r_divider_bus_voltage_sensor.c ****       {
 199:MCSDK_v6.2.1-Full/MotorControl/MCSDK/MCLib/Any/Src/r_divider_bus_voltage_sensor.c ****         if (pHandle->_Super.AvBusVoltage_d < pHandle->OverVoltageThresholdLow)
 172              		.loc 1 199 9 is_stmt 1 view .LVU47
 173              		.loc 1 199 12 is_stmt 0 view .LVU48
 174 0016 6145     		cmp	r1, ip
 175 0018 12D9     		bls	.L19
 200:MCSDK_v6.2.1-Full/MotorControl/MCSDK/MCLib/Any/Src/r_divider_bus_voltage_sensor.c ****         {
 201:MCSDK_v6.2.1-Full/MotorControl/MCSDK/MCLib/Any/Src/r_divider_bus_voltage_sensor.c ****           pHandle->OverVoltageHysteresisUpDir = true;
 176              		.loc 1 201 11 is_stmt 1 view .LVU49
 177              		.loc 1 201 47 is_stmt 0 view .LVU50
 178 001a 0122     		movs	r2, #1
 179 001c 0274     		strb	r2, [r0, #16]
 202:MCSDK_v6.2.1-Full/MotorControl/MCSDK/MCLib/Any/Src/r_divider_bus_voltage_sensor.c ****           fault = MC_NO_ERROR;
 180              		.loc 1 202 11 is_stmt 1 view .LVU51
 181              	.LVL9:
 182              		.loc 1 202 17 is_stmt 0 view .LVU52
 183 001e 1846     		mov	r0, r3
 184              	.LVL10:
 185              		.loc 1 202 17 view .LVU53
ARM GAS  C:\Users\ep_ygh\AppData\Local\Temp\ccnw6cIK.s 			page 8


 186 0020 7047     		bx	lr
 187              	.LVL11:
 188              	.L18:
 183:MCSDK_v6.2.1-Full/MotorControl/MCSDK/MCLib/Any/Src/r_divider_bus_voltage_sensor.c ****       }
 189              		.loc 1 183 15 view .LVU54
 190 0022 0420     		movs	r0, #4
 191              	.LVL12:
 183:MCSDK_v6.2.1-Full/MotorControl/MCSDK/MCLib/Any/Src/r_divider_bus_voltage_sensor.c ****       }
 192              		.loc 1 183 15 view .LVU55
 193 0024 7047     		bx	lr
 194              	.LVL13:
 195              	.L21:
 177:MCSDK_v6.2.1-Full/MotorControl/MCSDK/MCLib/Any/Src/r_divider_bus_voltage_sensor.c ****       {
 196              		.loc 1 177 7 is_stmt 1 view .LVU56
 177:MCSDK_v6.2.1-Full/MotorControl/MCSDK/MCLib/Any/Src/r_divider_bus_voltage_sensor.c ****       {
 197              		.loc 1 177 26 is_stmt 0 view .LVU57
 198 0026 C388     		ldrh	r3, [r0, #6]
 177:MCSDK_v6.2.1-Full/MotorControl/MCSDK/MCLib/Any/Src/r_divider_bus_voltage_sensor.c ****       {
 199              		.loc 1 177 10 view .LVU58
 200 0028 9A42     		cmp	r2, r3
 201 002a 09D3     		bcc	.L19
 181:MCSDK_v6.2.1-Full/MotorControl/MCSDK/MCLib/Any/Src/r_divider_bus_voltage_sensor.c ****       {
 202              		.loc 1 181 12 is_stmt 1 view .LVU59
 181:MCSDK_v6.2.1-Full/MotorControl/MCSDK/MCLib/Any/Src/r_divider_bus_voltage_sensor.c ****       {
 203              		.loc 1 181 15 is_stmt 0 view .LVU60
 204 002c 408A     		ldrh	r0, [r0, #18]
 205              	.LVL14:
 183:MCSDK_v6.2.1-Full/MotorControl/MCSDK/MCLib/Any/Src/r_divider_bus_voltage_sensor.c ****       }
 206              		.loc 1 183 15 view .LVU61
 207 002e 9842     		cmp	r0, r3
 208 0030 8CBF     		ite	hi
 209 0032 0420     		movhi	r0, #4
 210 0034 0020     		movls	r0, #0
 211 0036 7047     		bx	lr
 212              	.LVL15:
 213              	.L15:
 203:MCSDK_v6.2.1-Full/MotorControl/MCSDK/MCLib/Any/Src/r_divider_bus_voltage_sensor.c ****         }
 204:MCSDK_v6.2.1-Full/MotorControl/MCSDK/MCLib/Any/Src/r_divider_bus_voltage_sensor.c ****         else{
 205:MCSDK_v6.2.1-Full/MotorControl/MCSDK/MCLib/Any/Src/r_divider_bus_voltage_sensor.c ****           fault = MC_OVER_VOLT;
 206:MCSDK_v6.2.1-Full/MotorControl/MCSDK/MCLib/Any/Src/r_divider_bus_voltage_sensor.c ****         }
 207:MCSDK_v6.2.1-Full/MotorControl/MCSDK/MCLib/Any/Src/r_divider_bus_voltage_sensor.c ****       }
 208:MCSDK_v6.2.1-Full/MotorControl/MCSDK/MCLib/Any/Src/r_divider_bus_voltage_sensor.c ****       else
 209:MCSDK_v6.2.1-Full/MotorControl/MCSDK/MCLib/Any/Src/r_divider_bus_voltage_sensor.c ****       {
 210:MCSDK_v6.2.1-Full/MotorControl/MCSDK/MCLib/Any/Src/r_divider_bus_voltage_sensor.c ****         if (pHandle->_Super.AvBusVoltage_d > pHandle->OverVoltageThreshold)
 214              		.loc 1 210 9 is_stmt 1 view .LVU62
 215              		.loc 1 210 12 is_stmt 0 view .LVU63
 216 0038 6245     		cmp	r2, ip
 217 003a 03D3     		bcc	.L22
 187:MCSDK_v6.2.1-Full/MotorControl/MCSDK/MCLib/Any/Src/r_divider_bus_voltage_sensor.c ****       }
 218              		.loc 1 187 15 view .LVU64
 219 003c 0020     		movs	r0, #0
 220              	.LVL16:
 211:MCSDK_v6.2.1-Full/MotorControl/MCSDK/MCLib/Any/Src/r_divider_bus_voltage_sensor.c ****         {
 212:MCSDK_v6.2.1-Full/MotorControl/MCSDK/MCLib/Any/Src/r_divider_bus_voltage_sensor.c ****           pHandle->OverVoltageHysteresisUpDir = false;
 213:MCSDK_v6.2.1-Full/MotorControl/MCSDK/MCLib/Any/Src/r_divider_bus_voltage_sensor.c ****           fault = MC_OVER_VOLT;
 214:MCSDK_v6.2.1-Full/MotorControl/MCSDK/MCLib/Any/Src/r_divider_bus_voltage_sensor.c ****         }
 215:MCSDK_v6.2.1-Full/MotorControl/MCSDK/MCLib/Any/Src/r_divider_bus_voltage_sensor.c ****         else{
ARM GAS  C:\Users\ep_ygh\AppData\Local\Temp\ccnw6cIK.s 			page 9


 216:MCSDK_v6.2.1-Full/MotorControl/MCSDK/MCLib/Any/Src/r_divider_bus_voltage_sensor.c ****           fault = MC_NO_ERROR;
 217:MCSDK_v6.2.1-Full/MotorControl/MCSDK/MCLib/Any/Src/r_divider_bus_voltage_sensor.c ****         }
 218:MCSDK_v6.2.1-Full/MotorControl/MCSDK/MCLib/Any/Src/r_divider_bus_voltage_sensor.c ****       }
 219:MCSDK_v6.2.1-Full/MotorControl/MCSDK/MCLib/Any/Src/r_divider_bus_voltage_sensor.c ****     }
 220:MCSDK_v6.2.1-Full/MotorControl/MCSDK/MCLib/Any/Src/r_divider_bus_voltage_sensor.c **** #ifdef NULL_PTR_CHECK_RDIV_BUS_VLT_SNS
 221:MCSDK_v6.2.1-Full/MotorControl/MCSDK/MCLib/Any/Src/r_divider_bus_voltage_sensor.c ****   }
 222:MCSDK_v6.2.1-Full/MotorControl/MCSDK/MCLib/Any/Src/r_divider_bus_voltage_sensor.c **** #endif
 223:MCSDK_v6.2.1-Full/MotorControl/MCSDK/MCLib/Any/Src/r_divider_bus_voltage_sensor.c ****   return (fault);
 221              		.loc 1 223 3 is_stmt 1 view .LVU65
 224:MCSDK_v6.2.1-Full/MotorControl/MCSDK/MCLib/Any/Src/r_divider_bus_voltage_sensor.c **** }
 222              		.loc 1 224 1 is_stmt 0 view .LVU66
 223 003e 7047     		bx	lr
 224              	.LVL17:
 225              	.L19:
 179:MCSDK_v6.2.1-Full/MotorControl/MCSDK/MCLib/Any/Src/r_divider_bus_voltage_sensor.c ****       }
 226              		.loc 1 179 15 view .LVU67
 227 0040 0220     		movs	r0, #2
 228              	.LVL18:
 179:MCSDK_v6.2.1-Full/MotorControl/MCSDK/MCLib/Any/Src/r_divider_bus_voltage_sensor.c ****       }
 229              		.loc 1 179 15 view .LVU68
 230 0042 7047     		bx	lr
 231              	.LVL19:
 232              	.L22:
 212:MCSDK_v6.2.1-Full/MotorControl/MCSDK/MCLib/Any/Src/r_divider_bus_voltage_sensor.c ****           fault = MC_OVER_VOLT;
 233              		.loc 1 212 11 is_stmt 1 view .LVU69
 212:MCSDK_v6.2.1-Full/MotorControl/MCSDK/MCLib/Any/Src/r_divider_bus_voltage_sensor.c ****           fault = MC_OVER_VOLT;
 234              		.loc 1 212 47 is_stmt 0 view .LVU70
 235 0044 0023     		movs	r3, #0
 236 0046 0374     		strb	r3, [r0, #16]
 213:MCSDK_v6.2.1-Full/MotorControl/MCSDK/MCLib/Any/Src/r_divider_bus_voltage_sensor.c ****         }
 237              		.loc 1 213 11 is_stmt 1 view .LVU71
 238              	.LVL20:
 213:MCSDK_v6.2.1-Full/MotorControl/MCSDK/MCLib/Any/Src/r_divider_bus_voltage_sensor.c ****         }
 239              		.loc 1 213 17 is_stmt 0 view .LVU72
 240 0048 0220     		movs	r0, #2
 241              	.LVL21:
 213:MCSDK_v6.2.1-Full/MotorControl/MCSDK/MCLib/Any/Src/r_divider_bus_voltage_sensor.c ****         }
 242              		.loc 1 213 17 view .LVU73
 243 004a 7047     		bx	lr
 244              		.cfi_endproc
 245              	.LFE1091:
 247              		.section	.text.RVBS_CalcAvVbus,"ax",%progbits
 248              		.align	1
 249              		.p2align 2,,3
 250              		.weak	RVBS_CalcAvVbus
 251              		.syntax unified
 252              		.thumb
 253              		.thumb_func
 255              	RVBS_CalcAvVbus:
 256              	.LVL22:
 257              	.LFB1090:
 105:MCSDK_v6.2.1-Full/MotorControl/MCSDK/MCLib/Any/Src/r_divider_bus_voltage_sensor.c ****   uint16_t tempValue;
 258              		.loc 1 105 1 is_stmt 1 view -0
 259              		.cfi_startproc
 260              		@ args = 0, pretend = 0, frame = 0
 261              		@ frame_needed = 0, uses_anonymous_args = 0
 106:MCSDK_v6.2.1-Full/MotorControl/MCSDK/MCLib/Any/Src/r_divider_bus_voltage_sensor.c **** #ifdef NULL_PTR_CHECK_RDIV_BUS_VLT_SNS
ARM GAS  C:\Users\ep_ygh\AppData\Local\Temp\ccnw6cIK.s 			page 10


 262              		.loc 1 106 3 view .LVU75
 115:MCSDK_v6.2.1-Full/MotorControl/MCSDK/MCLib/Any/Src/r_divider_bus_voltage_sensor.c ****     uint16_t hAux;
 263              		.loc 1 115 5 view .LVU76
 116:MCSDK_v6.2.1-Full/MotorControl/MCSDK/MCLib/Any/Src/r_divider_bus_voltage_sensor.c ****     uint8_t i;
 264              		.loc 1 116 5 view .LVU77
 117:MCSDK_v6.2.1-Full/MotorControl/MCSDK/MCLib/Any/Src/r_divider_bus_voltage_sensor.c **** 
 265              		.loc 1 117 5 view .LVU78
 119:MCSDK_v6.2.1-Full/MotorControl/MCSDK/MCLib/Any/Src/r_divider_bus_voltage_sensor.c **** 
 266              		.loc 1 119 5 view .LVU79
 121:MCSDK_v6.2.1-Full/MotorControl/MCSDK/MCLib/Any/Src/r_divider_bus_voltage_sensor.c ****     {
 267              		.loc 1 121 5 view .LVU80
 105:MCSDK_v6.2.1-Full/MotorControl/MCSDK/MCLib/Any/Src/r_divider_bus_voltage_sensor.c ****   uint16_t tempValue;
 268              		.loc 1 105 1 is_stmt 0 view .LVU81
 269 0000 38B5     		push	{r3, r4, r5, lr}
 270              	.LCFI3:
 271              		.cfi_def_cfa_offset 16
 272              		.cfi_offset 3, -16
 273              		.cfi_offset 4, -12
 274              		.cfi_offset 5, -8
 275              		.cfi_offset 14, -4
 121:MCSDK_v6.2.1-Full/MotorControl/MCSDK/MCLib/Any/Src/r_divider_bus_voltage_sensor.c ****     {
 276              		.loc 1 121 8 view .LVU82
 277 0002 4FF6FF73 		movw	r3, #65535
 278 0006 9942     		cmp	r1, r3
 105:MCSDK_v6.2.1-Full/MotorControl/MCSDK/MCLib/Any/Src/r_divider_bus_voltage_sensor.c ****   uint16_t tempValue;
 279              		.loc 1 105 1 view .LVU83
 280 0008 0446     		mov	r4, r0
 121:MCSDK_v6.2.1-Full/MotorControl/MCSDK/MCLib/Any/Src/r_divider_bus_voltage_sensor.c ****     {
 281              		.loc 1 121 8 view .LVU84
 282 000a 21D0     		beq	.L24
 128:MCSDK_v6.2.1-Full/MotorControl/MCSDK/MCLib/Any/Src/r_divider_bus_voltage_sensor.c ****       wtemp = 0u;
 283              		.loc 1 128 7 is_stmt 1 view .LVU85
 128:MCSDK_v6.2.1-Full/MotorControl/MCSDK/MCLib/Any/Src/r_divider_bus_voltage_sensor.c ****       wtemp = 0u;
 284              		.loc 1 128 14 is_stmt 0 view .LVU86
 285 000c 4369     		ldr	r3, [r0, #20]
 128:MCSDK_v6.2.1-Full/MotorControl/MCSDK/MCLib/Any/Src/r_divider_bus_voltage_sensor.c ****       wtemp = 0u;
 286              		.loc 1 128 31 view .LVU87
 287 000e 457E     		ldrb	r5, [r0, #25]	@ zero_extendqisi2
 128:MCSDK_v6.2.1-Full/MotorControl/MCSDK/MCLib/Any/Src/r_divider_bus_voltage_sensor.c ****       wtemp = 0u;
 288              		.loc 1 128 40 view .LVU88
 289 0010 23F81510 		strh	r1, [r3, r5, lsl #1]	@ movhi
 129:MCSDK_v6.2.1-Full/MotorControl/MCSDK/MCLib/Any/Src/r_divider_bus_voltage_sensor.c ****       for (i = 0U; i < (uint8_t)pHandle->LowPassFilterBW; i++)
 290              		.loc 1 129 7 is_stmt 1 view .LVU89
 291              	.LVL23:
 130:MCSDK_v6.2.1-Full/MotorControl/MCSDK/MCLib/Any/Src/r_divider_bus_voltage_sensor.c ****       {
 292              		.loc 1 130 7 view .LVU90
 130:MCSDK_v6.2.1-Full/MotorControl/MCSDK/MCLib/Any/Src/r_divider_bus_voltage_sensor.c ****       {
 293              		.loc 1 130 20 view .LVU91
 130:MCSDK_v6.2.1-Full/MotorControl/MCSDK/MCLib/Any/Src/r_divider_bus_voltage_sensor.c ****       {
 294              		.loc 1 130 40 is_stmt 0 view .LVU92
 295 0014 B0F80AE0 		ldrh	lr, [r0, #10]
 130:MCSDK_v6.2.1-Full/MotorControl/MCSDK/MCLib/Any/Src/r_divider_bus_voltage_sensor.c ****       {
 296              		.loc 1 130 7 view .LVU93
 297 0018 1EF0FF02 		ands	r2, lr, #255
 298 001c 0DD0     		beq	.L27
 299 001e 013A     		subs	r2, r2, #1
 300 0020 D2B2     		uxtb	r2, r2
ARM GAS  C:\Users\ep_ygh\AppData\Local\Temp\ccnw6cIK.s 			page 11


 301 0022 03EB4200 		add	r0, r3, r2, lsl #1
 302              	.LVL24:
 130:MCSDK_v6.2.1-Full/MotorControl/MCSDK/MCLib/Any/Src/r_divider_bus_voltage_sensor.c ****       {
 303              		.loc 1 130 7 view .LVU94
 304 0026 023B     		subs	r3, r3, #2
 129:MCSDK_v6.2.1-Full/MotorControl/MCSDK/MCLib/Any/Src/r_divider_bus_voltage_sensor.c ****       for (i = 0U; i < (uint8_t)pHandle->LowPassFilterBW; i++)
 305              		.loc 1 129 13 view .LVU95
 306 0028 0022     		movs	r2, #0
 307              	.LVL25:
 308              	.L26:
 132:MCSDK_v6.2.1-Full/MotorControl/MCSDK/MCLib/Any/Src/r_divider_bus_voltage_sensor.c ****       }
 309              		.loc 1 132 9 is_stmt 1 discriminator 3 view .LVU96
 132:MCSDK_v6.2.1-Full/MotorControl/MCSDK/MCLib/Any/Src/r_divider_bus_voltage_sensor.c ****       }
 310              		.loc 1 132 34 is_stmt 0 discriminator 3 view .LVU97
 311 002a 33F802CF 		ldrh	ip, [r3, #2]!
 312              	.LVL26:
 130:MCSDK_v6.2.1-Full/MotorControl/MCSDK/MCLib/Any/Src/r_divider_bus_voltage_sensor.c ****       {
 313              		.loc 1 130 7 discriminator 3 view .LVU98
 314 002e 9842     		cmp	r0, r3
 132:MCSDK_v6.2.1-Full/MotorControl/MCSDK/MCLib/Any/Src/r_divider_bus_voltage_sensor.c ****       }
 315              		.loc 1 132 15 discriminator 3 view .LVU99
 316 0030 6244     		add	r2, r2, ip
 317              	.LVL27:
 130:MCSDK_v6.2.1-Full/MotorControl/MCSDK/MCLib/Any/Src/r_divider_bus_voltage_sensor.c ****       {
 318              		.loc 1 130 59 is_stmt 1 discriminator 3 view .LVU100
 130:MCSDK_v6.2.1-Full/MotorControl/MCSDK/MCLib/Any/Src/r_divider_bus_voltage_sensor.c ****       {
 319              		.loc 1 130 20 discriminator 3 view .LVU101
 130:MCSDK_v6.2.1-Full/MotorControl/MCSDK/MCLib/Any/Src/r_divider_bus_voltage_sensor.c ****       {
 320              		.loc 1 130 7 is_stmt 0 discriminator 3 view .LVU102
 321 0032 FAD1     		bne	.L26
 134:MCSDK_v6.2.1-Full/MotorControl/MCSDK/MCLib/Any/Src/r_divider_bus_voltage_sensor.c ****       /* Averaging done over the buffer stored values */
 322              		.loc 1 134 13 view .LVU103
 323 0034 B2FBFEF2 		udiv	r2, r2, lr
 324              	.LVL28:
 136:MCSDK_v6.2.1-Full/MotorControl/MCSDK/MCLib/Any/Src/r_divider_bus_voltage_sensor.c ****       pHandle->_Super.LatestConv = hAux;
 325              		.loc 1 136 40 view .LVU104
 326 0038 92B2     		uxth	r2, r2
 327              	.LVL29:
 328              	.L27:
 134:MCSDK_v6.2.1-Full/MotorControl/MCSDK/MCLib/Any/Src/r_divider_bus_voltage_sensor.c ****       /* Averaging done over the buffer stored values */
 329              		.loc 1 134 7 is_stmt 1 view .LVU105
 136:MCSDK_v6.2.1-Full/MotorControl/MCSDK/MCLib/Any/Src/r_divider_bus_voltage_sensor.c ****       pHandle->_Super.LatestConv = hAux;
 330              		.loc 1 136 7 view .LVU106
 139:MCSDK_v6.2.1-Full/MotorControl/MCSDK/MCLib/Any/Src/r_divider_bus_voltage_sensor.c ****       {
 331              		.loc 1 139 64 is_stmt 0 view .LVU107
 332 003a 0EF1FF3E 		add	lr, lr, #-1
 139:MCSDK_v6.2.1-Full/MotorControl/MCSDK/MCLib/Any/Src/r_divider_bus_voltage_sensor.c ****       {
 333              		.loc 1 139 10 view .LVU108
 334 003e 7545     		cmp	r5, lr
 141:MCSDK_v6.2.1-Full/MotorControl/MCSDK/MCLib/Any/Src/r_divider_bus_voltage_sensor.c ****       }
 335              		.loc 1 141 23 view .LVU109
 336 0040 34BF     		ite	cc
 337 0042 0135     		addcc	r5, r5, #1
 145:MCSDK_v6.2.1-Full/MotorControl/MCSDK/MCLib/Any/Src/r_divider_bus_voltage_sensor.c ****       }
 338              		.loc 1 145 24 view .LVU110
 339 0044 0023     		movcs	r3, #0
 136:MCSDK_v6.2.1-Full/MotorControl/MCSDK/MCLib/Any/Src/r_divider_bus_voltage_sensor.c ****       pHandle->_Super.LatestConv = hAux;
ARM GAS  C:\Users\ep_ygh\AppData\Local\Temp\ccnw6cIK.s 			page 12


 340              		.loc 1 136 38 view .LVU111
 341 0046 E280     		strh	r2, [r4, #6]	@ movhi
 137:MCSDK_v6.2.1-Full/MotorControl/MCSDK/MCLib/Any/Src/r_divider_bus_voltage_sensor.c **** 
 342              		.loc 1 137 7 is_stmt 1 view .LVU112
 137:MCSDK_v6.2.1-Full/MotorControl/MCSDK/MCLib/Any/Src/r_divider_bus_voltage_sensor.c **** 
 343              		.loc 1 137 34 is_stmt 0 view .LVU113
 344 0048 A180     		strh	r1, [r4, #4]	@ movhi
 139:MCSDK_v6.2.1-Full/MotorControl/MCSDK/MCLib/Any/Src/r_divider_bus_voltage_sensor.c ****       {
 345              		.loc 1 139 7 is_stmt 1 view .LVU114
 141:MCSDK_v6.2.1-Full/MotorControl/MCSDK/MCLib/Any/Src/r_divider_bus_voltage_sensor.c ****       }
 346              		.loc 1 141 9 view .LVU115
 141:MCSDK_v6.2.1-Full/MotorControl/MCSDK/MCLib/Any/Src/r_divider_bus_voltage_sensor.c ****       }
 347              		.loc 1 141 23 is_stmt 0 view .LVU116
 348 004a 34BF     		ite	cc
 349 004c 6576     		strbcc	r5, [r4, #25]
 145:MCSDK_v6.2.1-Full/MotorControl/MCSDK/MCLib/Any/Src/r_divider_bus_voltage_sensor.c ****       }
 350              		.loc 1 145 9 is_stmt 1 view .LVU117
 145:MCSDK_v6.2.1-Full/MotorControl/MCSDK/MCLib/Any/Src/r_divider_bus_voltage_sensor.c ****       }
 351              		.loc 1 145 24 is_stmt 0 view .LVU118
 352 004e 6376     		strbcs	r3, [r4, #25]
 353              	.L24:
 149:MCSDK_v6.2.1-Full/MotorControl/MCSDK/MCLib/Any/Src/r_divider_bus_voltage_sensor.c ****     tempValue = pHandle->_Super.FaultState;
 354              		.loc 1 149 5 is_stmt 1 view .LVU119
 149:MCSDK_v6.2.1-Full/MotorControl/MCSDK/MCLib/Any/Src/r_divider_bus_voltage_sensor.c ****     tempValue = pHandle->_Super.FaultState;
 355              		.loc 1 149 34 is_stmt 0 view .LVU120
 356 0050 2046     		mov	r0, r4
 357 0052 FFF7FEFF 		bl	RVBS_CheckFaultState
 358              	.LVL30:
 149:MCSDK_v6.2.1-Full/MotorControl/MCSDK/MCLib/Any/Src/r_divider_bus_voltage_sensor.c ****     tempValue = pHandle->_Super.FaultState;
 359              		.loc 1 149 32 view .LVU121
 360 0056 2081     		strh	r0, [r4, #8]	@ movhi
 150:MCSDK_v6.2.1-Full/MotorControl/MCSDK/MCLib/Any/Src/r_divider_bus_voltage_sensor.c **** #ifdef NULL_PTR_CHECK_RDIV_BUS_VLT_SNS
 361              		.loc 1 150 5 is_stmt 1 view .LVU122
 362              	.LVL31:
 154:MCSDK_v6.2.1-Full/MotorControl/MCSDK/MCLib/Any/Src/r_divider_bus_voltage_sensor.c **** }
 363              		.loc 1 154 3 view .LVU123
 155:MCSDK_v6.2.1-Full/MotorControl/MCSDK/MCLib/Any/Src/r_divider_bus_voltage_sensor.c **** 
 364              		.loc 1 155 1 is_stmt 0 view .LVU124
 365 0058 38BD     		pop	{r3, r4, r5, pc}
 155:MCSDK_v6.2.1-Full/MotorControl/MCSDK/MCLib/Any/Src/r_divider_bus_voltage_sensor.c **** 
 366              		.loc 1 155 1 view .LVU125
 367              		.cfi_endproc
 368              	.LFE1090:
 370 005a 00BF     		.text
 371              	.Letext0:
 372              		.file 2 "c:\\programdata\\chocolatey\\lib\\gcc-arm-embedded\\tools\\gcc-arm-none-eabi-10.3-2021.10
 373              		.file 3 "c:\\programdata\\chocolatey\\lib\\gcc-arm-embedded\\tools\\gcc-arm-none-eabi-10.3-2021.10
 374              		.file 4 "Drivers/STM32L4xx_HAL_Driver/Inc/stm32l4xx_ll_tim.h"
 375              		.file 5 "Drivers/STM32L4xx_HAL_Driver/Inc/stm32l4xx_ll_dma.h"
 376              		.file 6 "Inc/mc_type.h"
 377              		.file 7 "MCSDK_v6.2.1-Full/MotorControl/MCSDK/MCLib/Any/Inc/bus_voltage_sensor.h"
 378              		.file 8 "MCSDK_v6.2.1-Full/MotorControl/MCSDK/MCLib/Any/Inc/r_divider_bus_voltage_sensor.h"
ARM GAS  C:\Users\ep_ygh\AppData\Local\Temp\ccnw6cIK.s 			page 13


DEFINED SYMBOLS
                            *ABS*:00000000 r_divider_bus_voltage_sensor.c
C:\Users\ep_ygh\AppData\Local\Temp\ccnw6cIK.s:20     .text.RVBS_Clear:00000000 $t
C:\Users\ep_ygh\AppData\Local\Temp\ccnw6cIK.s:27     .text.RVBS_Clear:00000000 RVBS_Clear
C:\Users\ep_ygh\AppData\Local\Temp\ccnw6cIK.s:107    .text.RVBS_Init:00000000 $t
C:\Users\ep_ygh\AppData\Local\Temp\ccnw6cIK.s:114    .text.RVBS_Init:00000000 RVBS_Init
C:\Users\ep_ygh\AppData\Local\Temp\ccnw6cIK.s:137    .text.RVBS_CheckFaultState:00000000 $t
C:\Users\ep_ygh\AppData\Local\Temp\ccnw6cIK.s:144    .text.RVBS_CheckFaultState:00000000 RVBS_CheckFaultState
C:\Users\ep_ygh\AppData\Local\Temp\ccnw6cIK.s:248    .text.RVBS_CalcAvVbus:00000000 $t
C:\Users\ep_ygh\AppData\Local\Temp\ccnw6cIK.s:255    .text.RVBS_CalcAvVbus:00000000 RVBS_CalcAvVbus

NO UNDEFINED SYMBOLS
