ARM GAS  C:\Users\ep_ygh\AppData\Local\Temp\ccrgmRB6.s 			page 1


   1              		.cpu cortex-m4
   2              		.arch armv7e-m
   3              		.fpu fpv4-sp-d16
   4              		.eabi_attribute 27, 1
   5              		.eabi_attribute 28, 1
   6              		.eabi_attribute 20, 1
   7              		.eabi_attribute 21, 1
   8              		.eabi_attribute 23, 3
   9              		.eabi_attribute 24, 1
  10              		.eabi_attribute 25, 1
  11              		.eabi_attribute 26, 1
  12              		.eabi_attribute 30, 2
  13              		.eabi_attribute 34, 1
  14              		.eabi_attribute 18, 4
  15              		.file	"ramp_ext_mngr.c"
  16              		.text
  17              	.Ltext0:
  18              		.cfi_sections	.debug_frame
  19              		.section	.text.REMNG_Init,"ax",%progbits
  20              		.align	1
  21              		.p2align 2,,3
  22              		.global	REMNG_Init
  23              		.syntax unified
  24              		.thumb
  25              		.thumb_func
  27              	REMNG_Init:
  28              	.LVL0:
  29              	.LFB1088:
  30              		.file 1 "MCSDK_v6.2.1-Full/MotorControl/MCSDK/MCLib/Any/Src/ramp_ext_mngr.c"
   1:MCSDK_v6.2.1-Full/MotorControl/MCSDK/MCLib/Any/Src/ramp_ext_mngr.c **** /**
   2:MCSDK_v6.2.1-Full/MotorControl/MCSDK/MCLib/Any/Src/ramp_ext_mngr.c ****   ******************************************************************************
   3:MCSDK_v6.2.1-Full/MotorControl/MCSDK/MCLib/Any/Src/ramp_ext_mngr.c ****   * @file    ramp_ext_mngr.c
   4:MCSDK_v6.2.1-Full/MotorControl/MCSDK/MCLib/Any/Src/ramp_ext_mngr.c ****   * @author  Motor Control SDK Team, ST Microelectronics
   5:MCSDK_v6.2.1-Full/MotorControl/MCSDK/MCLib/Any/Src/ramp_ext_mngr.c ****   * @brief   This file provides firmware functions that implement the features
   6:MCSDK_v6.2.1-Full/MotorControl/MCSDK/MCLib/Any/Src/ramp_ext_mngr.c ****   *          of the Ramp Extended Manager component of the Motor Control SDK:
   7:MCSDK_v6.2.1-Full/MotorControl/MCSDK/MCLib/Any/Src/ramp_ext_mngr.c ****   *
   8:MCSDK_v6.2.1-Full/MotorControl/MCSDK/MCLib/Any/Src/ramp_ext_mngr.c ****   ******************************************************************************
   9:MCSDK_v6.2.1-Full/MotorControl/MCSDK/MCLib/Any/Src/ramp_ext_mngr.c ****   * @attention
  10:MCSDK_v6.2.1-Full/MotorControl/MCSDK/MCLib/Any/Src/ramp_ext_mngr.c ****   *
  11:MCSDK_v6.2.1-Full/MotorControl/MCSDK/MCLib/Any/Src/ramp_ext_mngr.c ****   * <h2><center>&copy; Copyright (c) 2023 STMicroelectronics.
  12:MCSDK_v6.2.1-Full/MotorControl/MCSDK/MCLib/Any/Src/ramp_ext_mngr.c ****   * All rights reserved.</center></h2>
  13:MCSDK_v6.2.1-Full/MotorControl/MCSDK/MCLib/Any/Src/ramp_ext_mngr.c ****   *
  14:MCSDK_v6.2.1-Full/MotorControl/MCSDK/MCLib/Any/Src/ramp_ext_mngr.c ****   * This software component is licensed by ST under Ultimate Liberty license
  15:MCSDK_v6.2.1-Full/MotorControl/MCSDK/MCLib/Any/Src/ramp_ext_mngr.c ****   * SLA0044, the "License"; You may not use this file except in compliance with
  16:MCSDK_v6.2.1-Full/MotorControl/MCSDK/MCLib/Any/Src/ramp_ext_mngr.c ****   * the License. You may obtain a copy of the License at:
  17:MCSDK_v6.2.1-Full/MotorControl/MCSDK/MCLib/Any/Src/ramp_ext_mngr.c ****   *                             www.st.com/SLA0044
  18:MCSDK_v6.2.1-Full/MotorControl/MCSDK/MCLib/Any/Src/ramp_ext_mngr.c ****   *
  19:MCSDK_v6.2.1-Full/MotorControl/MCSDK/MCLib/Any/Src/ramp_ext_mngr.c ****   ******************************************************************************
  20:MCSDK_v6.2.1-Full/MotorControl/MCSDK/MCLib/Any/Src/ramp_ext_mngr.c ****   */
  21:MCSDK_v6.2.1-Full/MotorControl/MCSDK/MCLib/Any/Src/ramp_ext_mngr.c **** 
  22:MCSDK_v6.2.1-Full/MotorControl/MCSDK/MCLib/Any/Src/ramp_ext_mngr.c **** /* Includes ------------------------------------------------------------------*/
  23:MCSDK_v6.2.1-Full/MotorControl/MCSDK/MCLib/Any/Src/ramp_ext_mngr.c **** #include "ramp_ext_mngr.h"
  24:MCSDK_v6.2.1-Full/MotorControl/MCSDK/MCLib/Any/Src/ramp_ext_mngr.c **** 
  25:MCSDK_v6.2.1-Full/MotorControl/MCSDK/MCLib/Any/Src/ramp_ext_mngr.c **** /** @addtogroup MCSDK
  26:MCSDK_v6.2.1-Full/MotorControl/MCSDK/MCLib/Any/Src/ramp_ext_mngr.c ****   * @{
  27:MCSDK_v6.2.1-Full/MotorControl/MCSDK/MCLib/Any/Src/ramp_ext_mngr.c ****   */
  28:MCSDK_v6.2.1-Full/MotorControl/MCSDK/MCLib/Any/Src/ramp_ext_mngr.c **** 
ARM GAS  C:\Users\ep_ygh\AppData\Local\Temp\ccrgmRB6.s 			page 2


  29:MCSDK_v6.2.1-Full/MotorControl/MCSDK/MCLib/Any/Src/ramp_ext_mngr.c **** /** @defgroup RampExtMngr Ramp Manager
  30:MCSDK_v6.2.1-Full/MotorControl/MCSDK/MCLib/Any/Src/ramp_ext_mngr.c ****   * @brief Ramp Extended Manager component of the Motor Control SDK
  31:MCSDK_v6.2.1-Full/MotorControl/MCSDK/MCLib/Any/Src/ramp_ext_mngr.c ****   *
  32:MCSDK_v6.2.1-Full/MotorControl/MCSDK/MCLib/Any/Src/ramp_ext_mngr.c ****   * @todo Document the Ramp Extended Manager "module".
  33:MCSDK_v6.2.1-Full/MotorControl/MCSDK/MCLib/Any/Src/ramp_ext_mngr.c ****   *
  34:MCSDK_v6.2.1-Full/MotorControl/MCSDK/MCLib/Any/Src/ramp_ext_mngr.c ****   * @{
  35:MCSDK_v6.2.1-Full/MotorControl/MCSDK/MCLib/Any/Src/ramp_ext_mngr.c ****   */
  36:MCSDK_v6.2.1-Full/MotorControl/MCSDK/MCLib/Any/Src/ramp_ext_mngr.c **** /* Private function prototypes -----------------------------------------------*/
  37:MCSDK_v6.2.1-Full/MotorControl/MCSDK/MCLib/Any/Src/ramp_ext_mngr.c **** uint32_t getScalingFactor(int32_t Target);
  38:MCSDK_v6.2.1-Full/MotorControl/MCSDK/MCLib/Any/Src/ramp_ext_mngr.c **** 
  39:MCSDK_v6.2.1-Full/MotorControl/MCSDK/MCLib/Any/Src/ramp_ext_mngr.c **** /**
  40:MCSDK_v6.2.1-Full/MotorControl/MCSDK/MCLib/Any/Src/ramp_ext_mngr.c ****   * @brief  It reset the state variable to zero.
  41:MCSDK_v6.2.1-Full/MotorControl/MCSDK/MCLib/Any/Src/ramp_ext_mngr.c ****   * @param  pHandle related Handle of struct RampMngr_Handle_t
  42:MCSDK_v6.2.1-Full/MotorControl/MCSDK/MCLib/Any/Src/ramp_ext_mngr.c ****   * @retval none.
  43:MCSDK_v6.2.1-Full/MotorControl/MCSDK/MCLib/Any/Src/ramp_ext_mngr.c ****   */
  44:MCSDK_v6.2.1-Full/MotorControl/MCSDK/MCLib/Any/Src/ramp_ext_mngr.c **** void REMNG_Init(RampExtMngr_Handle_t *pHandle)
  45:MCSDK_v6.2.1-Full/MotorControl/MCSDK/MCLib/Any/Src/ramp_ext_mngr.c **** {
  31              		.loc 1 45 1 view -0
  32              		.cfi_startproc
  33              		@ args = 0, pretend = 0, frame = 0
  34              		@ frame_needed = 0, uses_anonymous_args = 0
  35              		@ link register save eliminated.
  46:MCSDK_v6.2.1-Full/MotorControl/MCSDK/MCLib/Any/Src/ramp_ext_mngr.c **** #ifdef NULL_PTR_CHECK_RMP_EXT_MNG
  47:MCSDK_v6.2.1-Full/MotorControl/MCSDK/MCLib/Any/Src/ramp_ext_mngr.c ****   if (MC_NULL == pHandle)
  48:MCSDK_v6.2.1-Full/MotorControl/MCSDK/MCLib/Any/Src/ramp_ext_mngr.c ****   {
  49:MCSDK_v6.2.1-Full/MotorControl/MCSDK/MCLib/Any/Src/ramp_ext_mngr.c ****     /* Nothing to do */
  50:MCSDK_v6.2.1-Full/MotorControl/MCSDK/MCLib/Any/Src/ramp_ext_mngr.c ****   }
  51:MCSDK_v6.2.1-Full/MotorControl/MCSDK/MCLib/Any/Src/ramp_ext_mngr.c ****   else
  52:MCSDK_v6.2.1-Full/MotorControl/MCSDK/MCLib/Any/Src/ramp_ext_mngr.c ****   {
  53:MCSDK_v6.2.1-Full/MotorControl/MCSDK/MCLib/Any/Src/ramp_ext_mngr.c **** #endif
  54:MCSDK_v6.2.1-Full/MotorControl/MCSDK/MCLib/Any/Src/ramp_ext_mngr.c ****     pHandle->Ext = 0;
  36              		.loc 1 54 5 view .LVU1
  37              		.loc 1 54 18 is_stmt 0 view .LVU2
  38 0000 0023     		movs	r3, #0
  55:MCSDK_v6.2.1-Full/MotorControl/MCSDK/MCLib/Any/Src/ramp_ext_mngr.c ****     pHandle->TargetFinal = 0;
  56:MCSDK_v6.2.1-Full/MotorControl/MCSDK/MCLib/Any/Src/ramp_ext_mngr.c ****     pHandle->RampRemainingStep = 0U;
  57:MCSDK_v6.2.1-Full/MotorControl/MCSDK/MCLib/Any/Src/ramp_ext_mngr.c ****     pHandle->IncDecAmount = 0;
  58:MCSDK_v6.2.1-Full/MotorControl/MCSDK/MCLib/Any/Src/ramp_ext_mngr.c ****     pHandle->ScalingFactor = 1U;
  39              		.loc 1 58 28 view .LVU3
  40 0002 0122     		movs	r2, #1
  55:MCSDK_v6.2.1-Full/MotorControl/MCSDK/MCLib/Any/Src/ramp_ext_mngr.c ****     pHandle->TargetFinal = 0;
  41              		.loc 1 55 26 view .LVU4
  42 0004 C0E90133 		strd	r3, r3, [r0, #4]
  56:MCSDK_v6.2.1-Full/MotorControl/MCSDK/MCLib/Any/Src/ramp_ext_mngr.c ****     pHandle->IncDecAmount = 0;
  43              		.loc 1 56 5 is_stmt 1 view .LVU5
  57:MCSDK_v6.2.1-Full/MotorControl/MCSDK/MCLib/Any/Src/ramp_ext_mngr.c ****     pHandle->ScalingFactor = 1U;
  44              		.loc 1 57 27 is_stmt 0 view .LVU6
  45 0008 C0E90333 		strd	r3, r3, [r0, #12]
  46              		.loc 1 58 5 is_stmt 1 view .LVU7
  47              		.loc 1 58 28 is_stmt 0 view .LVU8
  48 000c 4261     		str	r2, [r0, #20]
  59:MCSDK_v6.2.1-Full/MotorControl/MCSDK/MCLib/Any/Src/ramp_ext_mngr.c **** #ifdef NULL_PTR_CHECK_RMP_EXT_MNG
  60:MCSDK_v6.2.1-Full/MotorControl/MCSDK/MCLib/Any/Src/ramp_ext_mngr.c ****   }
  61:MCSDK_v6.2.1-Full/MotorControl/MCSDK/MCLib/Any/Src/ramp_ext_mngr.c **** #endif
  62:MCSDK_v6.2.1-Full/MotorControl/MCSDK/MCLib/Any/Src/ramp_ext_mngr.c **** }
  49              		.loc 1 62 1 view .LVU9
  50 000e 7047     		bx	lr
ARM GAS  C:\Users\ep_ygh\AppData\Local\Temp\ccrgmRB6.s 			page 3


  51              		.cfi_endproc
  52              	.LFE1088:
  54              		.section	.text.REMNG_Calc,"ax",%progbits
  55              		.align	1
  56              		.p2align 2,,3
  57              		.weak	REMNG_Calc
  58              		.syntax unified
  59              		.thumb
  60              		.thumb_func
  62              	REMNG_Calc:
  63              	.LVL1:
  64              	.LFB1089:
  63:MCSDK_v6.2.1-Full/MotorControl/MCSDK/MCLib/Any/Src/ramp_ext_mngr.c **** 
  64:MCSDK_v6.2.1-Full/MotorControl/MCSDK/MCLib/Any/Src/ramp_ext_mngr.c **** #if defined (CCMRAM)
  65:MCSDK_v6.2.1-Full/MotorControl/MCSDK/MCLib/Any/Src/ramp_ext_mngr.c **** #if defined (__ICCARM__)
  66:MCSDK_v6.2.1-Full/MotorControl/MCSDK/MCLib/Any/Src/ramp_ext_mngr.c **** #pragma location = ".ccmram"
  67:MCSDK_v6.2.1-Full/MotorControl/MCSDK/MCLib/Any/Src/ramp_ext_mngr.c **** #elif defined (__CC_ARM) || defined(__GNUC__)
  68:MCSDK_v6.2.1-Full/MotorControl/MCSDK/MCLib/Any/Src/ramp_ext_mngr.c **** __attribute__((section(".ccmram")))
  69:MCSDK_v6.2.1-Full/MotorControl/MCSDK/MCLib/Any/Src/ramp_ext_mngr.c **** #endif
  70:MCSDK_v6.2.1-Full/MotorControl/MCSDK/MCLib/Any/Src/ramp_ext_mngr.c **** #endif
  71:MCSDK_v6.2.1-Full/MotorControl/MCSDK/MCLib/Any/Src/ramp_ext_mngr.c **** /**
  72:MCSDK_v6.2.1-Full/MotorControl/MCSDK/MCLib/Any/Src/ramp_ext_mngr.c ****   * @brief  Exec the ramp calculations and returns the current value of the
  73:MCSDK_v6.2.1-Full/MotorControl/MCSDK/MCLib/Any/Src/ramp_ext_mngr.c ****             state variable.
  74:MCSDK_v6.2.1-Full/MotorControl/MCSDK/MCLib/Any/Src/ramp_ext_mngr.c ****             It must be called at fixed interval defined in the hExecFreq.
  75:MCSDK_v6.2.1-Full/MotorControl/MCSDK/MCLib/Any/Src/ramp_ext_mngr.c ****   * @param  pHandle related Handle of struct RampMngr_Handle_t
  76:MCSDK_v6.2.1-Full/MotorControl/MCSDK/MCLib/Any/Src/ramp_ext_mngr.c ****   * @retval int32_t value of the state variable
  77:MCSDK_v6.2.1-Full/MotorControl/MCSDK/MCLib/Any/Src/ramp_ext_mngr.c ****   */
  78:MCSDK_v6.2.1-Full/MotorControl/MCSDK/MCLib/Any/Src/ramp_ext_mngr.c **** __weak int32_t REMNG_Calc(RampExtMngr_Handle_t *pHandle)
  79:MCSDK_v6.2.1-Full/MotorControl/MCSDK/MCLib/Any/Src/ramp_ext_mngr.c **** {
  65              		.loc 1 79 1 is_stmt 1 view -0
  66              		.cfi_startproc
  67              		@ args = 0, pretend = 0, frame = 0
  68              		@ frame_needed = 0, uses_anonymous_args = 0
  69              		@ link register save eliminated.
  80:MCSDK_v6.2.1-Full/MotorControl/MCSDK/MCLib/Any/Src/ramp_ext_mngr.c ****   int32_t ret_val;
  70              		.loc 1 80 3 view .LVU11
  81:MCSDK_v6.2.1-Full/MotorControl/MCSDK/MCLib/Any/Src/ramp_ext_mngr.c **** #ifdef NULL_PTR_CHECK_RMP_EXT_MNG
  82:MCSDK_v6.2.1-Full/MotorControl/MCSDK/MCLib/Any/Src/ramp_ext_mngr.c ****   if (MC_NULL == pHandle)
  83:MCSDK_v6.2.1-Full/MotorControl/MCSDK/MCLib/Any/Src/ramp_ext_mngr.c ****   {
  84:MCSDK_v6.2.1-Full/MotorControl/MCSDK/MCLib/Any/Src/ramp_ext_mngr.c ****     ret_val = 0;
  85:MCSDK_v6.2.1-Full/MotorControl/MCSDK/MCLib/Any/Src/ramp_ext_mngr.c ****   }
  86:MCSDK_v6.2.1-Full/MotorControl/MCSDK/MCLib/Any/Src/ramp_ext_mngr.c ****   else
  87:MCSDK_v6.2.1-Full/MotorControl/MCSDK/MCLib/Any/Src/ramp_ext_mngr.c ****   {
  88:MCSDK_v6.2.1-Full/MotorControl/MCSDK/MCLib/Any/Src/ramp_ext_mngr.c **** #endif
  89:MCSDK_v6.2.1-Full/MotorControl/MCSDK/MCLib/Any/Src/ramp_ext_mngr.c ****     int32_t current_ref;
  71              		.loc 1 89 5 view .LVU12
  90:MCSDK_v6.2.1-Full/MotorControl/MCSDK/MCLib/Any/Src/ramp_ext_mngr.c **** 
  91:MCSDK_v6.2.1-Full/MotorControl/MCSDK/MCLib/Any/Src/ramp_ext_mngr.c ****     current_ref = pHandle->Ext;
  72              		.loc 1 91 5 view .LVU13
  73              		.loc 1 91 17 is_stmt 0 view .LVU14
  74 0000 D0E90231 		ldrd	r3, r1, [r0, #8]
  75              	.LVL2:
  92:MCSDK_v6.2.1-Full/MotorControl/MCSDK/MCLib/Any/Src/ramp_ext_mngr.c **** 
  93:MCSDK_v6.2.1-Full/MotorControl/MCSDK/MCLib/Any/Src/ramp_ext_mngr.c ****     /* Update the variable and terminates the ramp if needed */
  94:MCSDK_v6.2.1-Full/MotorControl/MCSDK/MCLib/Any/Src/ramp_ext_mngr.c ****     if (pHandle->RampRemainingStep > 1U)
  76              		.loc 1 94 5 is_stmt 1 view .LVU15
  77              		.loc 1 94 8 is_stmt 0 view .LVU16
ARM GAS  C:\Users\ep_ygh\AppData\Local\Temp\ccrgmRB6.s 			page 4


  78 0004 0129     		cmp	r1, #1
  79 0006 0CD9     		bls	.L4
  95:MCSDK_v6.2.1-Full/MotorControl/MCSDK/MCLib/Any/Src/ramp_ext_mngr.c ****     {
  96:MCSDK_v6.2.1-Full/MotorControl/MCSDK/MCLib/Any/Src/ramp_ext_mngr.c ****       /* Increment/decrement the reference value */
  97:MCSDK_v6.2.1-Full/MotorControl/MCSDK/MCLib/Any/Src/ramp_ext_mngr.c ****       current_ref += pHandle->IncDecAmount;
  80              		.loc 1 97 7 is_stmt 1 view .LVU17
  81              	.LVL3:
  79:MCSDK_v6.2.1-Full/MotorControl/MCSDK/MCLib/Any/Src/ramp_ext_mngr.c ****   int32_t ret_val;
  82              		.loc 1 79 1 is_stmt 0 view .LVU18
  83 0008 10B4     		push	{r4}
  84              	.LCFI0:
  85              		.cfi_def_cfa_offset 4
  86              		.cfi_offset 4, -4
  87              		.loc 1 97 19 view .LVU19
  88 000a D0E90442 		ldrd	r4, r2, [r0, #16]
  98:MCSDK_v6.2.1-Full/MotorControl/MCSDK/MCLib/Any/Src/ramp_ext_mngr.c **** 
  99:MCSDK_v6.2.1-Full/MotorControl/MCSDK/MCLib/Any/Src/ramp_ext_mngr.c ****       /* Decrement the number of remaining steps */
 100:MCSDK_v6.2.1-Full/MotorControl/MCSDK/MCLib/Any/Src/ramp_ext_mngr.c ****       pHandle->RampRemainingStep --;
  89              		.loc 1 100 34 view .LVU20
  90 000e 0139     		subs	r1, r1, #1
  97:MCSDK_v6.2.1-Full/MotorControl/MCSDK/MCLib/Any/Src/ramp_ext_mngr.c **** 
  91              		.loc 1 97 19 view .LVU21
  92 0010 2344     		add	r3, r3, r4
  93              	.LVL4:
  94              		.loc 1 100 7 is_stmt 1 view .LVU22
  95              		.loc 1 100 34 is_stmt 0 view .LVU23
  96 0012 C160     		str	r1, [r0, #12]
 101:MCSDK_v6.2.1-Full/MotorControl/MCSDK/MCLib/Any/Src/ramp_ext_mngr.c ****     }
 102:MCSDK_v6.2.1-Full/MotorControl/MCSDK/MCLib/Any/Src/ramp_ext_mngr.c ****     else if (1U == pHandle->RampRemainingStep)
 103:MCSDK_v6.2.1-Full/MotorControl/MCSDK/MCLib/Any/Src/ramp_ext_mngr.c ****     {
 104:MCSDK_v6.2.1-Full/MotorControl/MCSDK/MCLib/Any/Src/ramp_ext_mngr.c ****       /* Set the backup value of TargetFinal */
 105:MCSDK_v6.2.1-Full/MotorControl/MCSDK/MCLib/Any/Src/ramp_ext_mngr.c ****       current_ref = pHandle->TargetFinal * ((int32_t)pHandle->ScalingFactor);
 106:MCSDK_v6.2.1-Full/MotorControl/MCSDK/MCLib/Any/Src/ramp_ext_mngr.c ****       pHandle->RampRemainingStep = 0U;
 107:MCSDK_v6.2.1-Full/MotorControl/MCSDK/MCLib/Any/Src/ramp_ext_mngr.c ****     }
 108:MCSDK_v6.2.1-Full/MotorControl/MCSDK/MCLib/Any/Src/ramp_ext_mngr.c ****     else
 109:MCSDK_v6.2.1-Full/MotorControl/MCSDK/MCLib/Any/Src/ramp_ext_mngr.c ****     {
 110:MCSDK_v6.2.1-Full/MotorControl/MCSDK/MCLib/Any/Src/ramp_ext_mngr.c ****       /* Do nothing */
 111:MCSDK_v6.2.1-Full/MotorControl/MCSDK/MCLib/Any/Src/ramp_ext_mngr.c ****     }
 112:MCSDK_v6.2.1-Full/MotorControl/MCSDK/MCLib/Any/Src/ramp_ext_mngr.c **** 
 113:MCSDK_v6.2.1-Full/MotorControl/MCSDK/MCLib/Any/Src/ramp_ext_mngr.c ****     pHandle->Ext = current_ref;
  97              		.loc 1 113 18 view .LVU24
  98 0014 8360     		str	r3, [r0, #8]
  99              	.LVL5:
 114:MCSDK_v6.2.1-Full/MotorControl/MCSDK/MCLib/Any/Src/ramp_ext_mngr.c ****     ret_val = pHandle->Ext / ((int32_t)pHandle->ScalingFactor);
 100              		.loc 1 114 13 view .LVU25
 101 0016 93FBF2F2 		sdiv	r2, r3, r2
 111:MCSDK_v6.2.1-Full/MotorControl/MCSDK/MCLib/Any/Src/ramp_ext_mngr.c **** 
 102              		.loc 1 111 5 is_stmt 1 view .LVU26
 113:MCSDK_v6.2.1-Full/MotorControl/MCSDK/MCLib/Any/Src/ramp_ext_mngr.c ****     ret_val = pHandle->Ext / ((int32_t)pHandle->ScalingFactor);
 103              		.loc 1 113 5 view .LVU27
 104              		.loc 1 114 5 view .LVU28
 105              	.LVL6:
 115:MCSDK_v6.2.1-Full/MotorControl/MCSDK/MCLib/Any/Src/ramp_ext_mngr.c **** #ifdef NULL_PTR_CHECK_RMP_EXT_MNG
 116:MCSDK_v6.2.1-Full/MotorControl/MCSDK/MCLib/Any/Src/ramp_ext_mngr.c ****   }
 117:MCSDK_v6.2.1-Full/MotorControl/MCSDK/MCLib/Any/Src/ramp_ext_mngr.c **** #endif
 118:MCSDK_v6.2.1-Full/MotorControl/MCSDK/MCLib/Any/Src/ramp_ext_mngr.c ****   return (ret_val);
 106              		.loc 1 118 3 view .LVU29
ARM GAS  C:\Users\ep_ygh\AppData\Local\Temp\ccrgmRB6.s 			page 5


 119:MCSDK_v6.2.1-Full/MotorControl/MCSDK/MCLib/Any/Src/ramp_ext_mngr.c **** }
 107              		.loc 1 119 1 is_stmt 0 view .LVU30
 108 001a 5DF8044B 		ldr	r4, [sp], #4
 109              	.LCFI1:
 110              		.cfi_restore 4
 111              		.cfi_def_cfa_offset 0
 112 001e 1046     		mov	r0, r2
 113              	.LVL7:
 114              		.loc 1 119 1 view .LVU31
 115 0020 7047     		bx	lr
 116              	.LVL8:
 117              	.L4:
 102:MCSDK_v6.2.1-Full/MotorControl/MCSDK/MCLib/Any/Src/ramp_ext_mngr.c ****     {
 118              		.loc 1 102 10 is_stmt 1 view .LVU32
 102:MCSDK_v6.2.1-Full/MotorControl/MCSDK/MCLib/Any/Src/ramp_ext_mngr.c ****     {
 119              		.loc 1 102 13 is_stmt 0 view .LVU33
 120 0022 05D0     		beq	.L6
 114:MCSDK_v6.2.1-Full/MotorControl/MCSDK/MCLib/Any/Src/ramp_ext_mngr.c **** #ifdef NULL_PTR_CHECK_RMP_EXT_MNG
 121              		.loc 1 114 13 view .LVU34
 122 0024 4269     		ldr	r2, [r0, #20]
 113:MCSDK_v6.2.1-Full/MotorControl/MCSDK/MCLib/Any/Src/ramp_ext_mngr.c ****     ret_val = pHandle->Ext / ((int32_t)pHandle->ScalingFactor);
 123              		.loc 1 113 18 view .LVU35
 124 0026 8360     		str	r3, [r0, #8]
 114:MCSDK_v6.2.1-Full/MotorControl/MCSDK/MCLib/Any/Src/ramp_ext_mngr.c **** #ifdef NULL_PTR_CHECK_RMP_EXT_MNG
 125              		.loc 1 114 13 view .LVU36
 126 0028 93FBF2F2 		sdiv	r2, r3, r2
 111:MCSDK_v6.2.1-Full/MotorControl/MCSDK/MCLib/Any/Src/ramp_ext_mngr.c **** 
 127              		.loc 1 111 5 is_stmt 1 view .LVU37
 113:MCSDK_v6.2.1-Full/MotorControl/MCSDK/MCLib/Any/Src/ramp_ext_mngr.c ****     ret_val = pHandle->Ext / ((int32_t)pHandle->ScalingFactor);
 128              		.loc 1 113 5 view .LVU38
 114:MCSDK_v6.2.1-Full/MotorControl/MCSDK/MCLib/Any/Src/ramp_ext_mngr.c **** #ifdef NULL_PTR_CHECK_RMP_EXT_MNG
 129              		.loc 1 114 5 view .LVU39
 130              	.LVL9:
 118:MCSDK_v6.2.1-Full/MotorControl/MCSDK/MCLib/Any/Src/ramp_ext_mngr.c **** }
 131              		.loc 1 118 3 view .LVU40
 132              		.loc 1 119 1 is_stmt 0 view .LVU41
 133 002c 1046     		mov	r0, r2
 134              	.LVL10:
 135              		.loc 1 119 1 view .LVU42
 136 002e 7047     		bx	lr
 137              	.LVL11:
 138              	.L6:
 105:MCSDK_v6.2.1-Full/MotorControl/MCSDK/MCLib/Any/Src/ramp_ext_mngr.c ****       pHandle->RampRemainingStep = 0U;
 139              		.loc 1 105 7 is_stmt 1 view .LVU43
 105:MCSDK_v6.2.1-Full/MotorControl/MCSDK/MCLib/Any/Src/ramp_ext_mngr.c ****       pHandle->RampRemainingStep = 0U;
 140              		.loc 1 105 28 is_stmt 0 view .LVU44
 141 0030 4268     		ldr	r2, [r0, #4]
 105:MCSDK_v6.2.1-Full/MotorControl/MCSDK/MCLib/Any/Src/ramp_ext_mngr.c ****       pHandle->RampRemainingStep = 0U;
 142              		.loc 1 105 19 view .LVU45
 143 0032 4369     		ldr	r3, [r0, #20]
 144              	.LVL12:
 106:MCSDK_v6.2.1-Full/MotorControl/MCSDK/MCLib/Any/Src/ramp_ext_mngr.c ****     }
 145              		.loc 1 106 34 view .LVU46
 146 0034 0021     		movs	r1, #0
 105:MCSDK_v6.2.1-Full/MotorControl/MCSDK/MCLib/Any/Src/ramp_ext_mngr.c ****       pHandle->RampRemainingStep = 0U;
 147              		.loc 1 105 19 view .LVU47
 148 0036 02FB03F3 		mul	r3, r2, r3
ARM GAS  C:\Users\ep_ygh\AppData\Local\Temp\ccrgmRB6.s 			page 6


 149              	.LVL13:
 106:MCSDK_v6.2.1-Full/MotorControl/MCSDK/MCLib/Any/Src/ramp_ext_mngr.c ****     }
 150              		.loc 1 106 7 is_stmt 1 view .LVU48
 106:MCSDK_v6.2.1-Full/MotorControl/MCSDK/MCLib/Any/Src/ramp_ext_mngr.c ****     }
 151              		.loc 1 106 34 is_stmt 0 view .LVU49
 152 003a C160     		str	r1, [r0, #12]
 111:MCSDK_v6.2.1-Full/MotorControl/MCSDK/MCLib/Any/Src/ramp_ext_mngr.c **** 
 153              		.loc 1 111 5 is_stmt 1 view .LVU50
 113:MCSDK_v6.2.1-Full/MotorControl/MCSDK/MCLib/Any/Src/ramp_ext_mngr.c ****     ret_val = pHandle->Ext / ((int32_t)pHandle->ScalingFactor);
 154              		.loc 1 113 5 view .LVU51
 113:MCSDK_v6.2.1-Full/MotorControl/MCSDK/MCLib/Any/Src/ramp_ext_mngr.c ****     ret_val = pHandle->Ext / ((int32_t)pHandle->ScalingFactor);
 155              		.loc 1 113 18 is_stmt 0 view .LVU52
 156 003c 8360     		str	r3, [r0, #8]
 114:MCSDK_v6.2.1-Full/MotorControl/MCSDK/MCLib/Any/Src/ramp_ext_mngr.c **** #ifdef NULL_PTR_CHECK_RMP_EXT_MNG
 157              		.loc 1 114 5 is_stmt 1 view .LVU53
 158              	.LVL14:
 118:MCSDK_v6.2.1-Full/MotorControl/MCSDK/MCLib/Any/Src/ramp_ext_mngr.c **** }
 159              		.loc 1 118 3 view .LVU54
 160              		.loc 1 119 1 is_stmt 0 view .LVU55
 161 003e 1046     		mov	r0, r2
 162              	.LVL15:
 163              		.loc 1 119 1 view .LVU56
 164 0040 7047     		bx	lr
 165              		.cfi_endproc
 166              	.LFE1089:
 168 0042 00BF     		.section	.text.REMNG_GetValue,"ax",%progbits
 169              		.align	1
 170              		.p2align 2,,3
 171              		.weak	REMNG_GetValue
 172              		.syntax unified
 173              		.thumb
 174              		.thumb_func
 176              	REMNG_GetValue:
 177              	.LVL16:
 178              	.LFB1091:
 120:MCSDK_v6.2.1-Full/MotorControl/MCSDK/MCLib/Any/Src/ramp_ext_mngr.c **** 
 121:MCSDK_v6.2.1-Full/MotorControl/MCSDK/MCLib/Any/Src/ramp_ext_mngr.c **** /**
 122:MCSDK_v6.2.1-Full/MotorControl/MCSDK/MCLib/Any/Src/ramp_ext_mngr.c ****   * @brief  Setup the ramp to be executed
 123:MCSDK_v6.2.1-Full/MotorControl/MCSDK/MCLib/Any/Src/ramp_ext_mngr.c ****   * @param  pHandle related Handle of struct RampMngr_Handle_t
 124:MCSDK_v6.2.1-Full/MotorControl/MCSDK/MCLib/Any/Src/ramp_ext_mngr.c ****   * @param  hTargetFinal (signed 32bit) final value of state variable at the end
 125:MCSDK_v6.2.1-Full/MotorControl/MCSDK/MCLib/Any/Src/ramp_ext_mngr.c ****   *         of the ramp.
 126:MCSDK_v6.2.1-Full/MotorControl/MCSDK/MCLib/Any/Src/ramp_ext_mngr.c ****   * @param  hDurationms (unsigned 32bit) the duration of the ramp expressed in
 127:MCSDK_v6.2.1-Full/MotorControl/MCSDK/MCLib/Any/Src/ramp_ext_mngr.c ****   *         milliseconds. It is possible to set 0 to perform an instantaneous
 128:MCSDK_v6.2.1-Full/MotorControl/MCSDK/MCLib/Any/Src/ramp_ext_mngr.c ****   *         change in the value.
 129:MCSDK_v6.2.1-Full/MotorControl/MCSDK/MCLib/Any/Src/ramp_ext_mngr.c ****   * @retval bool It returns true is command is valid, false otherwise
 130:MCSDK_v6.2.1-Full/MotorControl/MCSDK/MCLib/Any/Src/ramp_ext_mngr.c ****   */
 131:MCSDK_v6.2.1-Full/MotorControl/MCSDK/MCLib/Any/Src/ramp_ext_mngr.c **** __weak bool REMNG_ExecRamp(RampExtMngr_Handle_t *pHandle, int32_t TargetFinal, uint32_t Durationms)
 132:MCSDK_v6.2.1-Full/MotorControl/MCSDK/MCLib/Any/Src/ramp_ext_mngr.c **** {
 133:MCSDK_v6.2.1-Full/MotorControl/MCSDK/MCLib/Any/Src/ramp_ext_mngr.c ****   bool retVal = true;
 134:MCSDK_v6.2.1-Full/MotorControl/MCSDK/MCLib/Any/Src/ramp_ext_mngr.c **** #ifdef NULL_PTR_CHECK_RMP_EXT_MNG
 135:MCSDK_v6.2.1-Full/MotorControl/MCSDK/MCLib/Any/Src/ramp_ext_mngr.c ****   if (MC_NULL == pHandle)
 136:MCSDK_v6.2.1-Full/MotorControl/MCSDK/MCLib/Any/Src/ramp_ext_mngr.c ****   {
 137:MCSDK_v6.2.1-Full/MotorControl/MCSDK/MCLib/Any/Src/ramp_ext_mngr.c ****     retVal = false;
 138:MCSDK_v6.2.1-Full/MotorControl/MCSDK/MCLib/Any/Src/ramp_ext_mngr.c ****   }
 139:MCSDK_v6.2.1-Full/MotorControl/MCSDK/MCLib/Any/Src/ramp_ext_mngr.c ****   else
 140:MCSDK_v6.2.1-Full/MotorControl/MCSDK/MCLib/Any/Src/ramp_ext_mngr.c ****   {
 141:MCSDK_v6.2.1-Full/MotorControl/MCSDK/MCLib/Any/Src/ramp_ext_mngr.c **** #endif
ARM GAS  C:\Users\ep_ygh\AppData\Local\Temp\ccrgmRB6.s 			page 7


 142:MCSDK_v6.2.1-Full/MotorControl/MCSDK/MCLib/Any/Src/ramp_ext_mngr.c ****     uint32_t aux;
 143:MCSDK_v6.2.1-Full/MotorControl/MCSDK/MCLib/Any/Src/ramp_ext_mngr.c ****     int32_t aux1;
 144:MCSDK_v6.2.1-Full/MotorControl/MCSDK/MCLib/Any/Src/ramp_ext_mngr.c ****     int32_t current_ref;
 145:MCSDK_v6.2.1-Full/MotorControl/MCSDK/MCLib/Any/Src/ramp_ext_mngr.c **** 
 146:MCSDK_v6.2.1-Full/MotorControl/MCSDK/MCLib/Any/Src/ramp_ext_mngr.c **** 
 147:MCSDK_v6.2.1-Full/MotorControl/MCSDK/MCLib/Any/Src/ramp_ext_mngr.c ****     /* Get current state */
 148:MCSDK_v6.2.1-Full/MotorControl/MCSDK/MCLib/Any/Src/ramp_ext_mngr.c ****     current_ref = pHandle->Ext / ((int32_t)pHandle->ScalingFactor);
 149:MCSDK_v6.2.1-Full/MotorControl/MCSDK/MCLib/Any/Src/ramp_ext_mngr.c **** 
 150:MCSDK_v6.2.1-Full/MotorControl/MCSDK/MCLib/Any/Src/ramp_ext_mngr.c ****     if (0U == Durationms)
 151:MCSDK_v6.2.1-Full/MotorControl/MCSDK/MCLib/Any/Src/ramp_ext_mngr.c ****     {
 152:MCSDK_v6.2.1-Full/MotorControl/MCSDK/MCLib/Any/Src/ramp_ext_mngr.c ****       pHandle->ScalingFactor = getScalingFactor(TargetFinal);
 153:MCSDK_v6.2.1-Full/MotorControl/MCSDK/MCLib/Any/Src/ramp_ext_mngr.c ****       pHandle->Ext = TargetFinal * ((int32_t)pHandle->ScalingFactor);
 154:MCSDK_v6.2.1-Full/MotorControl/MCSDK/MCLib/Any/Src/ramp_ext_mngr.c ****       pHandle->RampRemainingStep = 0U;
 155:MCSDK_v6.2.1-Full/MotorControl/MCSDK/MCLib/Any/Src/ramp_ext_mngr.c ****       pHandle->IncDecAmount = 0;
 156:MCSDK_v6.2.1-Full/MotorControl/MCSDK/MCLib/Any/Src/ramp_ext_mngr.c ****     }
 157:MCSDK_v6.2.1-Full/MotorControl/MCSDK/MCLib/Any/Src/ramp_ext_mngr.c ****     else
 158:MCSDK_v6.2.1-Full/MotorControl/MCSDK/MCLib/Any/Src/ramp_ext_mngr.c ****     {
 159:MCSDK_v6.2.1-Full/MotorControl/MCSDK/MCLib/Any/Src/ramp_ext_mngr.c ****       uint32_t wScalingFactor = getScalingFactor(TargetFinal - current_ref);
 160:MCSDK_v6.2.1-Full/MotorControl/MCSDK/MCLib/Any/Src/ramp_ext_mngr.c ****       uint32_t wScalingFactor2 = getScalingFactor(current_ref);
 161:MCSDK_v6.2.1-Full/MotorControl/MCSDK/MCLib/Any/Src/ramp_ext_mngr.c ****       uint32_t wScalingFactor3 = getScalingFactor(TargetFinal);
 162:MCSDK_v6.2.1-Full/MotorControl/MCSDK/MCLib/Any/Src/ramp_ext_mngr.c ****       uint32_t wScalingFactorMin;
 163:MCSDK_v6.2.1-Full/MotorControl/MCSDK/MCLib/Any/Src/ramp_ext_mngr.c **** 
 164:MCSDK_v6.2.1-Full/MotorControl/MCSDK/MCLib/Any/Src/ramp_ext_mngr.c ****       if (wScalingFactor <  wScalingFactor2)
 165:MCSDK_v6.2.1-Full/MotorControl/MCSDK/MCLib/Any/Src/ramp_ext_mngr.c ****       {
 166:MCSDK_v6.2.1-Full/MotorControl/MCSDK/MCLib/Any/Src/ramp_ext_mngr.c ****         if (wScalingFactor < wScalingFactor3)
 167:MCSDK_v6.2.1-Full/MotorControl/MCSDK/MCLib/Any/Src/ramp_ext_mngr.c ****         {
 168:MCSDK_v6.2.1-Full/MotorControl/MCSDK/MCLib/Any/Src/ramp_ext_mngr.c ****           wScalingFactorMin = wScalingFactor;
 169:MCSDK_v6.2.1-Full/MotorControl/MCSDK/MCLib/Any/Src/ramp_ext_mngr.c ****         }
 170:MCSDK_v6.2.1-Full/MotorControl/MCSDK/MCLib/Any/Src/ramp_ext_mngr.c ****         else
 171:MCSDK_v6.2.1-Full/MotorControl/MCSDK/MCLib/Any/Src/ramp_ext_mngr.c ****         {
 172:MCSDK_v6.2.1-Full/MotorControl/MCSDK/MCLib/Any/Src/ramp_ext_mngr.c ****           wScalingFactorMin = wScalingFactor3;
 173:MCSDK_v6.2.1-Full/MotorControl/MCSDK/MCLib/Any/Src/ramp_ext_mngr.c ****         }
 174:MCSDK_v6.2.1-Full/MotorControl/MCSDK/MCLib/Any/Src/ramp_ext_mngr.c ****       }
 175:MCSDK_v6.2.1-Full/MotorControl/MCSDK/MCLib/Any/Src/ramp_ext_mngr.c ****       else
 176:MCSDK_v6.2.1-Full/MotorControl/MCSDK/MCLib/Any/Src/ramp_ext_mngr.c ****       {
 177:MCSDK_v6.2.1-Full/MotorControl/MCSDK/MCLib/Any/Src/ramp_ext_mngr.c ****         if (wScalingFactor2 < wScalingFactor3)
 178:MCSDK_v6.2.1-Full/MotorControl/MCSDK/MCLib/Any/Src/ramp_ext_mngr.c ****         {
 179:MCSDK_v6.2.1-Full/MotorControl/MCSDK/MCLib/Any/Src/ramp_ext_mngr.c ****           wScalingFactorMin = wScalingFactor2;
 180:MCSDK_v6.2.1-Full/MotorControl/MCSDK/MCLib/Any/Src/ramp_ext_mngr.c ****         }
 181:MCSDK_v6.2.1-Full/MotorControl/MCSDK/MCLib/Any/Src/ramp_ext_mngr.c ****         else
 182:MCSDK_v6.2.1-Full/MotorControl/MCSDK/MCLib/Any/Src/ramp_ext_mngr.c ****         {
 183:MCSDK_v6.2.1-Full/MotorControl/MCSDK/MCLib/Any/Src/ramp_ext_mngr.c ****           wScalingFactorMin = wScalingFactor3;
 184:MCSDK_v6.2.1-Full/MotorControl/MCSDK/MCLib/Any/Src/ramp_ext_mngr.c ****         }
 185:MCSDK_v6.2.1-Full/MotorControl/MCSDK/MCLib/Any/Src/ramp_ext_mngr.c ****       }
 186:MCSDK_v6.2.1-Full/MotorControl/MCSDK/MCLib/Any/Src/ramp_ext_mngr.c **** 
 187:MCSDK_v6.2.1-Full/MotorControl/MCSDK/MCLib/Any/Src/ramp_ext_mngr.c ****       pHandle->ScalingFactor = wScalingFactorMin;
 188:MCSDK_v6.2.1-Full/MotorControl/MCSDK/MCLib/Any/Src/ramp_ext_mngr.c ****       pHandle->Ext = current_ref * ((int32_t)pHandle->ScalingFactor);
 189:MCSDK_v6.2.1-Full/MotorControl/MCSDK/MCLib/Any/Src/ramp_ext_mngr.c **** 
 190:MCSDK_v6.2.1-Full/MotorControl/MCSDK/MCLib/Any/Src/ramp_ext_mngr.c ****       /* Store the TargetFinal to be applied in the last step */
 191:MCSDK_v6.2.1-Full/MotorControl/MCSDK/MCLib/Any/Src/ramp_ext_mngr.c ****       pHandle->TargetFinal = TargetFinal;
 192:MCSDK_v6.2.1-Full/MotorControl/MCSDK/MCLib/Any/Src/ramp_ext_mngr.c **** 
 193:MCSDK_v6.2.1-Full/MotorControl/MCSDK/MCLib/Any/Src/ramp_ext_mngr.c ****       /* Compute the (wRampRemainingStep) number of steps remaining to complete the ramp */
 194:MCSDK_v6.2.1-Full/MotorControl/MCSDK/MCLib/Any/Src/ramp_ext_mngr.c ****       aux = Durationms * ((uint32_t)pHandle->FrequencyHz); /* Check for overflow and use prescaler 
 195:MCSDK_v6.2.1-Full/MotorControl/MCSDK/MCLib/Any/Src/ramp_ext_mngr.c ****       aux /= 1000U;
 196:MCSDK_v6.2.1-Full/MotorControl/MCSDK/MCLib/Any/Src/ramp_ext_mngr.c ****       pHandle->RampRemainingStep = aux;
 197:MCSDK_v6.2.1-Full/MotorControl/MCSDK/MCLib/Any/Src/ramp_ext_mngr.c ****       pHandle->RampRemainingStep++;
 198:MCSDK_v6.2.1-Full/MotorControl/MCSDK/MCLib/Any/Src/ramp_ext_mngr.c **** 
ARM GAS  C:\Users\ep_ygh\AppData\Local\Temp\ccrgmRB6.s 			page 8


 199:MCSDK_v6.2.1-Full/MotorControl/MCSDK/MCLib/Any/Src/ramp_ext_mngr.c ****       /* Compute the increment/decrement amount (wIncDecAmount) to be applied to
 200:MCSDK_v6.2.1-Full/MotorControl/MCSDK/MCLib/Any/Src/ramp_ext_mngr.c ****       the reference value at each CalcTorqueReference */
 201:MCSDK_v6.2.1-Full/MotorControl/MCSDK/MCLib/Any/Src/ramp_ext_mngr.c ****       aux1 = (TargetFinal - current_ref) * ((int32_t)pHandle->ScalingFactor);
 202:MCSDK_v6.2.1-Full/MotorControl/MCSDK/MCLib/Any/Src/ramp_ext_mngr.c ****       aux1 /= ((int32_t)pHandle->RampRemainingStep);
 203:MCSDK_v6.2.1-Full/MotorControl/MCSDK/MCLib/Any/Src/ramp_ext_mngr.c ****       pHandle->IncDecAmount = aux1;
 204:MCSDK_v6.2.1-Full/MotorControl/MCSDK/MCLib/Any/Src/ramp_ext_mngr.c ****     }
 205:MCSDK_v6.2.1-Full/MotorControl/MCSDK/MCLib/Any/Src/ramp_ext_mngr.c **** #ifdef NULL_PTR_CHECK_RMP_EXT_MNG
 206:MCSDK_v6.2.1-Full/MotorControl/MCSDK/MCLib/Any/Src/ramp_ext_mngr.c ****   }
 207:MCSDK_v6.2.1-Full/MotorControl/MCSDK/MCLib/Any/Src/ramp_ext_mngr.c **** #endif
 208:MCSDK_v6.2.1-Full/MotorControl/MCSDK/MCLib/Any/Src/ramp_ext_mngr.c ****   return (retVal);
 209:MCSDK_v6.2.1-Full/MotorControl/MCSDK/MCLib/Any/Src/ramp_ext_mngr.c **** }
 210:MCSDK_v6.2.1-Full/MotorControl/MCSDK/MCLib/Any/Src/ramp_ext_mngr.c **** 
 211:MCSDK_v6.2.1-Full/MotorControl/MCSDK/MCLib/Any/Src/ramp_ext_mngr.c **** /**
 212:MCSDK_v6.2.1-Full/MotorControl/MCSDK/MCLib/Any/Src/ramp_ext_mngr.c ****   * @brief  Returns the current value of the state variable.
 213:MCSDK_v6.2.1-Full/MotorControl/MCSDK/MCLib/Any/Src/ramp_ext_mngr.c ****   * @param  pHandle related Handle of struct RampMngr_Handle_t
 214:MCSDK_v6.2.1-Full/MotorControl/MCSDK/MCLib/Any/Src/ramp_ext_mngr.c ****   * @retval int32_t value of the state variable
 215:MCSDK_v6.2.1-Full/MotorControl/MCSDK/MCLib/Any/Src/ramp_ext_mngr.c ****   */
 216:MCSDK_v6.2.1-Full/MotorControl/MCSDK/MCLib/Any/Src/ramp_ext_mngr.c **** __weak int32_t REMNG_GetValue(const RampExtMngr_Handle_t *pHandle)
 217:MCSDK_v6.2.1-Full/MotorControl/MCSDK/MCLib/Any/Src/ramp_ext_mngr.c **** {
 179              		.loc 1 217 1 is_stmt 1 view -0
 180              		.cfi_startproc
 181              		@ args = 0, pretend = 0, frame = 0
 182              		@ frame_needed = 0, uses_anonymous_args = 0
 183              		@ link register save eliminated.
 218:MCSDK_v6.2.1-Full/MotorControl/MCSDK/MCLib/Any/Src/ramp_ext_mngr.c **** #ifdef NULL_PTR_CHECK_RMP_EXT_MNG
 219:MCSDK_v6.2.1-Full/MotorControl/MCSDK/MCLib/Any/Src/ramp_ext_mngr.c ****   return ((MC_NULL == pHandle) ? 0 : (pHandle->Ext / ((int32_t)pHandle->ScalingFactor)));
 220:MCSDK_v6.2.1-Full/MotorControl/MCSDK/MCLib/Any/Src/ramp_ext_mngr.c **** #else
 221:MCSDK_v6.2.1-Full/MotorControl/MCSDK/MCLib/Any/Src/ramp_ext_mngr.c ****   return (pHandle->Ext / ((int32_t)pHandle->ScalingFactor));
 184              		.loc 1 221 3 view .LVU58
 185              		.loc 1 221 24 is_stmt 0 view .LVU59
 186 0000 8268     		ldr	r2, [r0, #8]
 187 0002 4069     		ldr	r0, [r0, #20]
 188              	.LVL17:
 222:MCSDK_v6.2.1-Full/MotorControl/MCSDK/MCLib/Any/Src/ramp_ext_mngr.c **** #endif
 223:MCSDK_v6.2.1-Full/MotorControl/MCSDK/MCLib/Any/Src/ramp_ext_mngr.c **** }
 189              		.loc 1 223 1 view .LVU60
 190 0004 92FBF0F0 		sdiv	r0, r2, r0
 191 0008 7047     		bx	lr
 192              		.cfi_endproc
 193              	.LFE1091:
 195 000a 00BF     		.section	.text.REMNG_RampCompleted,"ax",%progbits
 196              		.align	1
 197              		.p2align 2,,3
 198              		.weak	REMNG_RampCompleted
 199              		.syntax unified
 200              		.thumb
 201              		.thumb_func
 203              	REMNG_RampCompleted:
 204              	.LVL18:
 205              	.LFB1092:
 224:MCSDK_v6.2.1-Full/MotorControl/MCSDK/MCLib/Any/Src/ramp_ext_mngr.c **** 
 225:MCSDK_v6.2.1-Full/MotorControl/MCSDK/MCLib/Any/Src/ramp_ext_mngr.c **** #if defined (CCMRAM)
 226:MCSDK_v6.2.1-Full/MotorControl/MCSDK/MCLib/Any/Src/ramp_ext_mngr.c **** #if defined (__ICCARM__)
 227:MCSDK_v6.2.1-Full/MotorControl/MCSDK/MCLib/Any/Src/ramp_ext_mngr.c **** #pragma location = ".ccmram"
 228:MCSDK_v6.2.1-Full/MotorControl/MCSDK/MCLib/Any/Src/ramp_ext_mngr.c **** #elif defined (__CC_ARM) || defined(__GNUC__)
 229:MCSDK_v6.2.1-Full/MotorControl/MCSDK/MCLib/Any/Src/ramp_ext_mngr.c **** __attribute__((section(".ccmram")))
 230:MCSDK_v6.2.1-Full/MotorControl/MCSDK/MCLib/Any/Src/ramp_ext_mngr.c **** #endif
ARM GAS  C:\Users\ep_ygh\AppData\Local\Temp\ccrgmRB6.s 			page 9


 231:MCSDK_v6.2.1-Full/MotorControl/MCSDK/MCLib/Any/Src/ramp_ext_mngr.c **** #endif
 232:MCSDK_v6.2.1-Full/MotorControl/MCSDK/MCLib/Any/Src/ramp_ext_mngr.c **** /**
 233:MCSDK_v6.2.1-Full/MotorControl/MCSDK/MCLib/Any/Src/ramp_ext_mngr.c ****   * @brief  Check if the settled ramp has been completed.
 234:MCSDK_v6.2.1-Full/MotorControl/MCSDK/MCLib/Any/Src/ramp_ext_mngr.c ****   * @param  pHandle related Handle of struct RampMngr_Handle_t.
 235:MCSDK_v6.2.1-Full/MotorControl/MCSDK/MCLib/Any/Src/ramp_ext_mngr.c ****   * @retval bool It returns true if the ramp is completed, false otherwise.
 236:MCSDK_v6.2.1-Full/MotorControl/MCSDK/MCLib/Any/Src/ramp_ext_mngr.c ****   */
 237:MCSDK_v6.2.1-Full/MotorControl/MCSDK/MCLib/Any/Src/ramp_ext_mngr.c **** __weak bool REMNG_RampCompleted(const RampExtMngr_Handle_t *pHandle)
 238:MCSDK_v6.2.1-Full/MotorControl/MCSDK/MCLib/Any/Src/ramp_ext_mngr.c **** {
 206              		.loc 1 238 1 is_stmt 1 view -0
 207              		.cfi_startproc
 208              		@ args = 0, pretend = 0, frame = 0
 209              		@ frame_needed = 0, uses_anonymous_args = 0
 210              		@ link register save eliminated.
 239:MCSDK_v6.2.1-Full/MotorControl/MCSDK/MCLib/Any/Src/ramp_ext_mngr.c ****   bool retVal = false;
 211              		.loc 1 239 3 view .LVU62
 240:MCSDK_v6.2.1-Full/MotorControl/MCSDK/MCLib/Any/Src/ramp_ext_mngr.c **** #ifdef NULL_PTR_CHECK_RMP_EXT_MNG
 241:MCSDK_v6.2.1-Full/MotorControl/MCSDK/MCLib/Any/Src/ramp_ext_mngr.c ****   if (MC_NULL == pHandle)
 242:MCSDK_v6.2.1-Full/MotorControl/MCSDK/MCLib/Any/Src/ramp_ext_mngr.c ****   {
 243:MCSDK_v6.2.1-Full/MotorControl/MCSDK/MCLib/Any/Src/ramp_ext_mngr.c ****     /* Nothing to do */
 244:MCSDK_v6.2.1-Full/MotorControl/MCSDK/MCLib/Any/Src/ramp_ext_mngr.c ****   }
 245:MCSDK_v6.2.1-Full/MotorControl/MCSDK/MCLib/Any/Src/ramp_ext_mngr.c ****   else
 246:MCSDK_v6.2.1-Full/MotorControl/MCSDK/MCLib/Any/Src/ramp_ext_mngr.c ****   {
 247:MCSDK_v6.2.1-Full/MotorControl/MCSDK/MCLib/Any/Src/ramp_ext_mngr.c **** #endif
 248:MCSDK_v6.2.1-Full/MotorControl/MCSDK/MCLib/Any/Src/ramp_ext_mngr.c ****     if (0U == pHandle->RampRemainingStep)
 212              		.loc 1 248 5 view .LVU63
 249:MCSDK_v6.2.1-Full/MotorControl/MCSDK/MCLib/Any/Src/ramp_ext_mngr.c ****     {
 250:MCSDK_v6.2.1-Full/MotorControl/MCSDK/MCLib/Any/Src/ramp_ext_mngr.c ****       retVal = true;
 251:MCSDK_v6.2.1-Full/MotorControl/MCSDK/MCLib/Any/Src/ramp_ext_mngr.c ****     }
 252:MCSDK_v6.2.1-Full/MotorControl/MCSDK/MCLib/Any/Src/ramp_ext_mngr.c ****     else
 253:MCSDK_v6.2.1-Full/MotorControl/MCSDK/MCLib/Any/Src/ramp_ext_mngr.c ****     {
 254:MCSDK_v6.2.1-Full/MotorControl/MCSDK/MCLib/Any/Src/ramp_ext_mngr.c ****       /* nothing to do */
 255:MCSDK_v6.2.1-Full/MotorControl/MCSDK/MCLib/Any/Src/ramp_ext_mngr.c ****     }
 213              		.loc 1 255 5 view .LVU64
 256:MCSDK_v6.2.1-Full/MotorControl/MCSDK/MCLib/Any/Src/ramp_ext_mngr.c **** #ifdef NULL_PTR_CHECK_RMP_EXT_MNG
 257:MCSDK_v6.2.1-Full/MotorControl/MCSDK/MCLib/Any/Src/ramp_ext_mngr.c ****   }
 258:MCSDK_v6.2.1-Full/MotorControl/MCSDK/MCLib/Any/Src/ramp_ext_mngr.c **** #endif
 259:MCSDK_v6.2.1-Full/MotorControl/MCSDK/MCLib/Any/Src/ramp_ext_mngr.c ****   return (retVal);
 214              		.loc 1 259 3 view .LVU65
 248:MCSDK_v6.2.1-Full/MotorControl/MCSDK/MCLib/Any/Src/ramp_ext_mngr.c ****     {
 215              		.loc 1 248 8 is_stmt 0 view .LVU66
 216 0000 C068     		ldr	r0, [r0, #12]
 217              	.LVL19:
 260:MCSDK_v6.2.1-Full/MotorControl/MCSDK/MCLib/Any/Src/ramp_ext_mngr.c **** 
 261:MCSDK_v6.2.1-Full/MotorControl/MCSDK/MCLib/Any/Src/ramp_ext_mngr.c **** }
 218              		.loc 1 261 1 view .LVU67
 219 0002 B0FA80F0 		clz	r0, r0
 220              	.LVL20:
 221              		.loc 1 261 1 view .LVU68
 222 0006 4009     		lsrs	r0, r0, #5
 223 0008 7047     		bx	lr
 224              		.cfi_endproc
 225              	.LFE1092:
 227 000a 00BF     		.section	.text.REMNG_StopRamp,"ax",%progbits
 228              		.align	1
 229              		.p2align 2,,3
 230              		.weak	REMNG_StopRamp
 231              		.syntax unified
ARM GAS  C:\Users\ep_ygh\AppData\Local\Temp\ccrgmRB6.s 			page 10


 232              		.thumb
 233              		.thumb_func
 235              	REMNG_StopRamp:
 236              	.LVL21:
 237              	.LFB1093:
 262:MCSDK_v6.2.1-Full/MotorControl/MCSDK/MCLib/Any/Src/ramp_ext_mngr.c **** 
 263:MCSDK_v6.2.1-Full/MotorControl/MCSDK/MCLib/Any/Src/ramp_ext_mngr.c **** /**
 264:MCSDK_v6.2.1-Full/MotorControl/MCSDK/MCLib/Any/Src/ramp_ext_mngr.c ****   * @brief  Stop the execution of the ramp keeping the last reached value.
 265:MCSDK_v6.2.1-Full/MotorControl/MCSDK/MCLib/Any/Src/ramp_ext_mngr.c ****   * @param  pHandle related Handle of struct RampMngr_Handle_t.
 266:MCSDK_v6.2.1-Full/MotorControl/MCSDK/MCLib/Any/Src/ramp_ext_mngr.c ****   * @retval none
 267:MCSDK_v6.2.1-Full/MotorControl/MCSDK/MCLib/Any/Src/ramp_ext_mngr.c ****   */
 268:MCSDK_v6.2.1-Full/MotorControl/MCSDK/MCLib/Any/Src/ramp_ext_mngr.c **** __weak void REMNG_StopRamp(RampExtMngr_Handle_t *pHandle)
 269:MCSDK_v6.2.1-Full/MotorControl/MCSDK/MCLib/Any/Src/ramp_ext_mngr.c **** {
 238              		.loc 1 269 1 is_stmt 1 view -0
 239              		.cfi_startproc
 240              		@ args = 0, pretend = 0, frame = 0
 241              		@ frame_needed = 0, uses_anonymous_args = 0
 242              		@ link register save eliminated.
 270:MCSDK_v6.2.1-Full/MotorControl/MCSDK/MCLib/Any/Src/ramp_ext_mngr.c **** #ifdef NULL_PTR_CHECK_RMP_EXT_MNG
 271:MCSDK_v6.2.1-Full/MotorControl/MCSDK/MCLib/Any/Src/ramp_ext_mngr.c ****   if (MC_NULL == pHandle)
 272:MCSDK_v6.2.1-Full/MotorControl/MCSDK/MCLib/Any/Src/ramp_ext_mngr.c ****   {
 273:MCSDK_v6.2.1-Full/MotorControl/MCSDK/MCLib/Any/Src/ramp_ext_mngr.c ****     /* Nothing to do */
 274:MCSDK_v6.2.1-Full/MotorControl/MCSDK/MCLib/Any/Src/ramp_ext_mngr.c ****   }
 275:MCSDK_v6.2.1-Full/MotorControl/MCSDK/MCLib/Any/Src/ramp_ext_mngr.c ****   else
 276:MCSDK_v6.2.1-Full/MotorControl/MCSDK/MCLib/Any/Src/ramp_ext_mngr.c ****   {
 277:MCSDK_v6.2.1-Full/MotorControl/MCSDK/MCLib/Any/Src/ramp_ext_mngr.c **** #endif
 278:MCSDK_v6.2.1-Full/MotorControl/MCSDK/MCLib/Any/Src/ramp_ext_mngr.c ****     pHandle->RampRemainingStep = 0U;
 243              		.loc 1 278 5 view .LVU70
 244              		.loc 1 278 32 is_stmt 0 view .LVU71
 245 0000 0023     		movs	r3, #0
 279:MCSDK_v6.2.1-Full/MotorControl/MCSDK/MCLib/Any/Src/ramp_ext_mngr.c ****     pHandle->IncDecAmount = 0;
 246              		.loc 1 279 27 view .LVU72
 247 0002 C0E90333 		strd	r3, r3, [r0, #12]
 280:MCSDK_v6.2.1-Full/MotorControl/MCSDK/MCLib/Any/Src/ramp_ext_mngr.c **** #ifdef NULL_PTR_CHECK_RMP_EXT_MNG
 281:MCSDK_v6.2.1-Full/MotorControl/MCSDK/MCLib/Any/Src/ramp_ext_mngr.c ****   }
 282:MCSDK_v6.2.1-Full/MotorControl/MCSDK/MCLib/Any/Src/ramp_ext_mngr.c **** #endif
 283:MCSDK_v6.2.1-Full/MotorControl/MCSDK/MCLib/Any/Src/ramp_ext_mngr.c **** }
 248              		.loc 1 283 1 view .LVU73
 249 0006 7047     		bx	lr
 250              		.cfi_endproc
 251              	.LFE1093:
 253              		.section	.text.getScalingFactor,"ax",%progbits
 254              		.align	1
 255              		.p2align 2,,3
 256              		.weak	getScalingFactor
 257              		.syntax unified
 258              		.thumb
 259              		.thumb_func
 261              	getScalingFactor:
 262              	.LVL22:
 263              	.LFB1094:
 284:MCSDK_v6.2.1-Full/MotorControl/MCSDK/MCLib/Any/Src/ramp_ext_mngr.c **** 
 285:MCSDK_v6.2.1-Full/MotorControl/MCSDK/MCLib/Any/Src/ramp_ext_mngr.c **** /**
 286:MCSDK_v6.2.1-Full/MotorControl/MCSDK/MCLib/Any/Src/ramp_ext_mngr.c ****   * @brief  Calculating the scaling factor to maximixe the resolution. It
 287:MCSDK_v6.2.1-Full/MotorControl/MCSDK/MCLib/Any/Src/ramp_ext_mngr.c ****   *         perform the 2^int(31-log2(Target)) with an iterative approach.
 288:MCSDK_v6.2.1-Full/MotorControl/MCSDK/MCLib/Any/Src/ramp_ext_mngr.c ****   *         It allows to keep Target * Scaling factor inside int32_t type.
 289:MCSDK_v6.2.1-Full/MotorControl/MCSDK/MCLib/Any/Src/ramp_ext_mngr.c ****   * @param  Target Input data.
ARM GAS  C:\Users\ep_ygh\AppData\Local\Temp\ccrgmRB6.s 			page 11


 290:MCSDK_v6.2.1-Full/MotorControl/MCSDK/MCLib/Any/Src/ramp_ext_mngr.c ****   * @retval uint32_t It returns the optimized scaling factor.
 291:MCSDK_v6.2.1-Full/MotorControl/MCSDK/MCLib/Any/Src/ramp_ext_mngr.c ****   */
 292:MCSDK_v6.2.1-Full/MotorControl/MCSDK/MCLib/Any/Src/ramp_ext_mngr.c **** __weak uint32_t getScalingFactor(int32_t Target)
 293:MCSDK_v6.2.1-Full/MotorControl/MCSDK/MCLib/Any/Src/ramp_ext_mngr.c **** {
 264              		.loc 1 293 1 is_stmt 1 view -0
 265              		.cfi_startproc
 266              		@ args = 0, pretend = 0, frame = 0
 267              		@ frame_needed = 0, uses_anonymous_args = 0
 268              		@ link register save eliminated.
 294:MCSDK_v6.2.1-Full/MotorControl/MCSDK/MCLib/Any/Src/ramp_ext_mngr.c ****   uint32_t TargetAbs;
 269              		.loc 1 294 3 view .LVU75
 295:MCSDK_v6.2.1-Full/MotorControl/MCSDK/MCLib/Any/Src/ramp_ext_mngr.c ****   int32_t aux;
 270              		.loc 1 295 3 view .LVU76
 296:MCSDK_v6.2.1-Full/MotorControl/MCSDK/MCLib/Any/Src/ramp_ext_mngr.c ****   uint8_t i;
 271              		.loc 1 296 3 view .LVU77
 297:MCSDK_v6.2.1-Full/MotorControl/MCSDK/MCLib/Any/Src/ramp_ext_mngr.c **** 
 298:MCSDK_v6.2.1-Full/MotorControl/MCSDK/MCLib/Any/Src/ramp_ext_mngr.c ****   if (Target < 0)
 272              		.loc 1 298 3 view .LVU78
 299:MCSDK_v6.2.1-Full/MotorControl/MCSDK/MCLib/Any/Src/ramp_ext_mngr.c ****   {
 300:MCSDK_v6.2.1-Full/MotorControl/MCSDK/MCLib/Any/Src/ramp_ext_mngr.c ****     aux = -Target;
 273              		.loc 1 300 9 is_stmt 0 view .LVU79
 274 0000 0028     		cmp	r0, #0
 275 0002 B8BF     		it	lt
 276 0004 4042     		rsblt	r0, r0, #0
 277              	.LVL23:
 301:MCSDK_v6.2.1-Full/MotorControl/MCSDK/MCLib/Any/Src/ramp_ext_mngr.c ****     TargetAbs = (uint32_t)aux;
 302:MCSDK_v6.2.1-Full/MotorControl/MCSDK/MCLib/Any/Src/ramp_ext_mngr.c ****   }
 303:MCSDK_v6.2.1-Full/MotorControl/MCSDK/MCLib/Any/Src/ramp_ext_mngr.c ****   else
 304:MCSDK_v6.2.1-Full/MotorControl/MCSDK/MCLib/Any/Src/ramp_ext_mngr.c ****   {
 305:MCSDK_v6.2.1-Full/MotorControl/MCSDK/MCLib/Any/Src/ramp_ext_mngr.c ****     TargetAbs = (uint32_t)Target;
 306:MCSDK_v6.2.1-Full/MotorControl/MCSDK/MCLib/Any/Src/ramp_ext_mngr.c ****   }
 307:MCSDK_v6.2.1-Full/MotorControl/MCSDK/MCLib/Any/Src/ramp_ext_mngr.c ****   for (i = 1U; i < 32U; i++)
 278              		.loc 1 307 3 is_stmt 1 view .LVU80
 279              		.loc 1 307 16 view .LVU81
 293:MCSDK_v6.2.1-Full/MotorControl/MCSDK/MCLib/Any/Src/ramp_ext_mngr.c ****   uint32_t TargetAbs;
 280              		.loc 1 293 1 is_stmt 0 view .LVU82
 281 0006 0123     		movs	r3, #1
 282              	.LBB2:
 308:MCSDK_v6.2.1-Full/MotorControl/MCSDK/MCLib/Any/Src/ramp_ext_mngr.c ****   {
 309:MCSDK_v6.2.1-Full/MotorControl/MCSDK/MCLib/Any/Src/ramp_ext_mngr.c ****     uint32_t limit = (((uint32_t)1) << (31U - i));
 283              		.loc 1 309 14 view .LVU83
 284 0008 4FF00041 		mov	r1, #-2147483648
 285 000c 02E0     		b	.L18
 286              	.LVL24:
 287              	.L22:
 288              		.loc 1 309 14 view .LVU84
 289              	.LBE2:
 307:MCSDK_v6.2.1-Full/MotorControl/MCSDK/MCLib/Any/Src/ramp_ext_mngr.c ****   {
 290              		.loc 1 307 3 discriminator 2 view .LVU85
 291 000e 0133     		adds	r3, r3, #1
 292              	.LVL25:
 307:MCSDK_v6.2.1-Full/MotorControl/MCSDK/MCLib/Any/Src/ramp_ext_mngr.c ****   {
 293              		.loc 1 307 3 discriminator 2 view .LVU86
 294 0010 202B     		cmp	r3, #32
 295 0012 07D0     		beq	.L21
 296              	.LVL26:
 297              	.L18:
ARM GAS  C:\Users\ep_ygh\AppData\Local\Temp\ccrgmRB6.s 			page 12


 298              	.LBB3:
 299              		.loc 1 309 5 is_stmt 1 view .LVU87
 310:MCSDK_v6.2.1-Full/MotorControl/MCSDK/MCLib/Any/Src/ramp_ext_mngr.c ****     if (TargetAbs >= limit)
 300              		.loc 1 310 5 view .LVU88
 311:MCSDK_v6.2.1-Full/MotorControl/MCSDK/MCLib/Any/Src/ramp_ext_mngr.c ****     {
 312:MCSDK_v6.2.1-Full/MotorControl/MCSDK/MCLib/Any/Src/ramp_ext_mngr.c ****       break;
 313:MCSDK_v6.2.1-Full/MotorControl/MCSDK/MCLib/Any/Src/ramp_ext_mngr.c ****     }
 314:MCSDK_v6.2.1-Full/MotorControl/MCSDK/MCLib/Any/Src/ramp_ext_mngr.c ****     else
 315:MCSDK_v6.2.1-Full/MotorControl/MCSDK/MCLib/Any/Src/ramp_ext_mngr.c ****     {
 316:MCSDK_v6.2.1-Full/MotorControl/MCSDK/MCLib/Any/Src/ramp_ext_mngr.c ****       /* Nothing to do */
 317:MCSDK_v6.2.1-Full/MotorControl/MCSDK/MCLib/Any/Src/ramp_ext_mngr.c ****     }
 301              		.loc 1 317 5 view .LVU89
 302              	.LBE3:
 307:MCSDK_v6.2.1-Full/MotorControl/MCSDK/MCLib/Any/Src/ramp_ext_mngr.c ****   {
 303              		.loc 1 307 25 view .LVU90
 307:MCSDK_v6.2.1-Full/MotorControl/MCSDK/MCLib/Any/Src/ramp_ext_mngr.c ****   {
 304              		.loc 1 307 16 view .LVU91
 305              	.LBB4:
 309:MCSDK_v6.2.1-Full/MotorControl/MCSDK/MCLib/Any/Src/ramp_ext_mngr.c ****     if (TargetAbs >= limit)
 306              		.loc 1 309 14 is_stmt 0 view .LVU92
 307 0014 21FA03F2 		lsr	r2, r1, r3
 310:MCSDK_v6.2.1-Full/MotorControl/MCSDK/MCLib/Any/Src/ramp_ext_mngr.c ****     {
 308              		.loc 1 310 8 view .LVU93
 309 0018 9042     		cmp	r0, r2
 310 001a F8D3     		bcc	.L22
 311              	.LBE4:
 318:MCSDK_v6.2.1-Full/MotorControl/MCSDK/MCLib/Any/Src/ramp_ext_mngr.c ****   }
 319:MCSDK_v6.2.1-Full/MotorControl/MCSDK/MCLib/Any/Src/ramp_ext_mngr.c ****   return (((uint32_t)1) << (i - 1U));
 312              		.loc 1 319 31 view .LVU94
 313 001c 013B     		subs	r3, r3, #1
 314              	.LVL27:
 315              		.loc 1 319 25 view .LVU95
 316 001e 0120     		movs	r0, #1
 317              	.LVL28:
 318              		.loc 1 319 25 view .LVU96
 319 0020 9840     		lsls	r0, r0, r3
 320              		.loc 1 319 3 is_stmt 1 view .LVU97
 320:MCSDK_v6.2.1-Full/MotorControl/MCSDK/MCLib/Any/Src/ramp_ext_mngr.c **** }
 321              		.loc 1 320 1 is_stmt 0 view .LVU98
 322 0022 7047     		bx	lr
 323              	.LVL29:
 324              	.L21:
 325              		.loc 1 320 1 view .LVU99
 326 0024 4FF00040 		mov	r0, #-2147483648
 327              	.LVL30:
 328              		.loc 1 320 1 view .LVU100
 329 0028 7047     		bx	lr
 330              		.cfi_endproc
 331              	.LFE1094:
 333 002a 00BF     		.section	.text.REMNG_ExecRamp,"ax",%progbits
 334              		.align	1
 335              		.p2align 2,,3
 336              		.weak	REMNG_ExecRamp
 337              		.syntax unified
 338              		.thumb
 339              		.thumb_func
 341              	REMNG_ExecRamp:
ARM GAS  C:\Users\ep_ygh\AppData\Local\Temp\ccrgmRB6.s 			page 13


 342              	.LVL31:
 343              	.LFB1090:
 132:MCSDK_v6.2.1-Full/MotorControl/MCSDK/MCLib/Any/Src/ramp_ext_mngr.c ****   bool retVal = true;
 344              		.loc 1 132 1 is_stmt 1 view -0
 345              		.cfi_startproc
 346              		@ args = 0, pretend = 0, frame = 0
 347              		@ frame_needed = 0, uses_anonymous_args = 0
 133:MCSDK_v6.2.1-Full/MotorControl/MCSDK/MCLib/Any/Src/ramp_ext_mngr.c **** #ifdef NULL_PTR_CHECK_RMP_EXT_MNG
 348              		.loc 1 133 3 view .LVU102
 142:MCSDK_v6.2.1-Full/MotorControl/MCSDK/MCLib/Any/Src/ramp_ext_mngr.c ****     int32_t aux1;
 349              		.loc 1 142 5 view .LVU103
 143:MCSDK_v6.2.1-Full/MotorControl/MCSDK/MCLib/Any/Src/ramp_ext_mngr.c ****     int32_t current_ref;
 350              		.loc 1 143 5 view .LVU104
 144:MCSDK_v6.2.1-Full/MotorControl/MCSDK/MCLib/Any/Src/ramp_ext_mngr.c **** 
 351              		.loc 1 144 5 view .LVU105
 148:MCSDK_v6.2.1-Full/MotorControl/MCSDK/MCLib/Any/Src/ramp_ext_mngr.c **** 
 352              		.loc 1 148 5 view .LVU106
 132:MCSDK_v6.2.1-Full/MotorControl/MCSDK/MCLib/Any/Src/ramp_ext_mngr.c ****   bool retVal = true;
 353              		.loc 1 132 1 is_stmt 0 view .LVU107
 354 0000 2DE9F047 		push	{r4, r5, r6, r7, r8, r9, r10, lr}
 355              	.LCFI2:
 356              		.cfi_def_cfa_offset 32
 357              		.cfi_offset 4, -32
 358              		.cfi_offset 5, -28
 359              		.cfi_offset 6, -24
 360              		.cfi_offset 7, -20
 361              		.cfi_offset 8, -16
 362              		.cfi_offset 9, -12
 363              		.cfi_offset 10, -8
 364              		.cfi_offset 14, -4
 132:MCSDK_v6.2.1-Full/MotorControl/MCSDK/MCLib/Any/Src/ramp_ext_mngr.c ****   bool retVal = true;
 365              		.loc 1 132 1 view .LVU108
 366 0004 0546     		mov	r5, r0
 367              	.LVL32:
 150:MCSDK_v6.2.1-Full/MotorControl/MCSDK/MCLib/Any/Src/ramp_ext_mngr.c ****     {
 368              		.loc 1 150 5 is_stmt 1 view .LVU109
 132:MCSDK_v6.2.1-Full/MotorControl/MCSDK/MCLib/Any/Src/ramp_ext_mngr.c ****   bool retVal = true;
 369              		.loc 1 132 1 is_stmt 0 view .LVU110
 370 0006 0E46     		mov	r6, r1
 150:MCSDK_v6.2.1-Full/MotorControl/MCSDK/MCLib/Any/Src/ramp_ext_mngr.c ****     {
 371              		.loc 1 150 8 view .LVU111
 372 0008 1446     		mov	r4, r2
 373 000a 5AB9     		cbnz	r2, .L24
 152:MCSDK_v6.2.1-Full/MotorControl/MCSDK/MCLib/Any/Src/ramp_ext_mngr.c ****       pHandle->Ext = TargetFinal * ((int32_t)pHandle->ScalingFactor);
 374              		.loc 1 152 7 is_stmt 1 view .LVU112
 152:MCSDK_v6.2.1-Full/MotorControl/MCSDK/MCLib/Any/Src/ramp_ext_mngr.c ****       pHandle->Ext = TargetFinal * ((int32_t)pHandle->ScalingFactor);
 375              		.loc 1 152 32 is_stmt 0 view .LVU113
 376 000c 0846     		mov	r0, r1
 377              	.LVL33:
 152:MCSDK_v6.2.1-Full/MotorControl/MCSDK/MCLib/Any/Src/ramp_ext_mngr.c ****       pHandle->Ext = TargetFinal * ((int32_t)pHandle->ScalingFactor);
 378              		.loc 1 152 32 view .LVU114
 379 000e FFF7FEFF 		bl	getScalingFactor
 380              	.LVL34:
 153:MCSDK_v6.2.1-Full/MotorControl/MCSDK/MCLib/Any/Src/ramp_ext_mngr.c ****       pHandle->RampRemainingStep = 0U;
 381              		.loc 1 153 34 view .LVU115
 382 0012 00FB06F6 		mul	r6, r0, r6
 383              	.LVL35:
ARM GAS  C:\Users\ep_ygh\AppData\Local\Temp\ccrgmRB6.s 			page 14


 152:MCSDK_v6.2.1-Full/MotorControl/MCSDK/MCLib/Any/Src/ramp_ext_mngr.c ****       pHandle->Ext = TargetFinal * ((int32_t)pHandle->ScalingFactor);
 384              		.loc 1 152 30 view .LVU116
 385 0016 6861     		str	r0, [r5, #20]
 153:MCSDK_v6.2.1-Full/MotorControl/MCSDK/MCLib/Any/Src/ramp_ext_mngr.c ****       pHandle->RampRemainingStep = 0U;
 386              		.loc 1 153 7 is_stmt 1 view .LVU117
 154:MCSDK_v6.2.1-Full/MotorControl/MCSDK/MCLib/Any/Src/ramp_ext_mngr.c ****       pHandle->IncDecAmount = 0;
 387              		.loc 1 154 34 is_stmt 0 view .LVU118
 388 0018 C5E90264 		strd	r6, r4, [r5, #8]
 155:MCSDK_v6.2.1-Full/MotorControl/MCSDK/MCLib/Any/Src/ramp_ext_mngr.c ****     }
 389              		.loc 1 155 7 is_stmt 1 view .LVU119
 155:MCSDK_v6.2.1-Full/MotorControl/MCSDK/MCLib/Any/Src/ramp_ext_mngr.c ****     }
 390              		.loc 1 155 29 is_stmt 0 view .LVU120
 391 001c 2C61     		str	r4, [r5, #16]
 208:MCSDK_v6.2.1-Full/MotorControl/MCSDK/MCLib/Any/Src/ramp_ext_mngr.c **** }
 392              		.loc 1 208 3 is_stmt 1 view .LVU121
 209:MCSDK_v6.2.1-Full/MotorControl/MCSDK/MCLib/Any/Src/ramp_ext_mngr.c **** 
 393              		.loc 1 209 1 is_stmt 0 view .LVU122
 394 001e 0120     		movs	r0, #1
 395 0020 BDE8F087 		pop	{r4, r5, r6, r7, r8, r9, r10, pc}
 396              	.LVL36:
 397              	.L24:
 148:MCSDK_v6.2.1-Full/MotorControl/MCSDK/MCLib/Any/Src/ramp_ext_mngr.c **** 
 398              		.loc 1 148 17 view .LVU123
 399 0024 4369     		ldr	r3, [r0, #20]
 400 0026 8768     		ldr	r7, [r0, #8]
 401 0028 97FBF3F7 		sdiv	r7, r7, r3
 402              	.LBB5:
 159:MCSDK_v6.2.1-Full/MotorControl/MCSDK/MCLib/Any/Src/ramp_ext_mngr.c ****       uint32_t wScalingFactor2 = getScalingFactor(current_ref);
 403              		.loc 1 159 7 is_stmt 1 view .LVU124
 159:MCSDK_v6.2.1-Full/MotorControl/MCSDK/MCLib/Any/Src/ramp_ext_mngr.c ****       uint32_t wScalingFactor2 = getScalingFactor(current_ref);
 404              		.loc 1 159 33 is_stmt 0 view .LVU125
 405 002c A1EB0708 		sub	r8, r1, r7
 406 0030 4046     		mov	r0, r8
 407              	.LVL37:
 159:MCSDK_v6.2.1-Full/MotorControl/MCSDK/MCLib/Any/Src/ramp_ext_mngr.c ****       uint32_t wScalingFactor2 = getScalingFactor(current_ref);
 408              		.loc 1 159 33 view .LVU126
 409 0032 FFF7FEFF 		bl	getScalingFactor
 410              	.LVL38:
 159:MCSDK_v6.2.1-Full/MotorControl/MCSDK/MCLib/Any/Src/ramp_ext_mngr.c ****       uint32_t wScalingFactor2 = getScalingFactor(current_ref);
 411              		.loc 1 159 33 view .LVU127
 412 0036 8246     		mov	r10, r0
 413              	.LVL39:
 160:MCSDK_v6.2.1-Full/MotorControl/MCSDK/MCLib/Any/Src/ramp_ext_mngr.c ****       uint32_t wScalingFactor3 = getScalingFactor(TargetFinal);
 414              		.loc 1 160 7 is_stmt 1 view .LVU128
 160:MCSDK_v6.2.1-Full/MotorControl/MCSDK/MCLib/Any/Src/ramp_ext_mngr.c ****       uint32_t wScalingFactor3 = getScalingFactor(TargetFinal);
 415              		.loc 1 160 34 is_stmt 0 view .LVU129
 416 0038 3846     		mov	r0, r7
 417              	.LVL40:
 160:MCSDK_v6.2.1-Full/MotorControl/MCSDK/MCLib/Any/Src/ramp_ext_mngr.c ****       uint32_t wScalingFactor3 = getScalingFactor(TargetFinal);
 418              		.loc 1 160 34 view .LVU130
 419 003a FFF7FEFF 		bl	getScalingFactor
 420              	.LVL41:
 421 003e 8146     		mov	r9, r0
 422              	.LVL42:
 161:MCSDK_v6.2.1-Full/MotorControl/MCSDK/MCLib/Any/Src/ramp_ext_mngr.c ****       uint32_t wScalingFactorMin;
 423              		.loc 1 161 7 is_stmt 1 view .LVU131
 161:MCSDK_v6.2.1-Full/MotorControl/MCSDK/MCLib/Any/Src/ramp_ext_mngr.c ****       uint32_t wScalingFactorMin;
ARM GAS  C:\Users\ep_ygh\AppData\Local\Temp\ccrgmRB6.s 			page 15


 424              		.loc 1 161 34 is_stmt 0 view .LVU132
 425 0040 3046     		mov	r0, r6
 426              	.LVL43:
 161:MCSDK_v6.2.1-Full/MotorControl/MCSDK/MCLib/Any/Src/ramp_ext_mngr.c ****       uint32_t wScalingFactorMin;
 427              		.loc 1 161 34 view .LVU133
 428 0042 FFF7FEFF 		bl	getScalingFactor
 429              	.LVL44:
 194:MCSDK_v6.2.1-Full/MotorControl/MCSDK/MCLib/Any/Src/ramp_ext_mngr.c ****       aux /= 1000U;
 430              		.loc 1 194 11 view .LVU134
 431 0046 2A68     		ldr	r2, [r5]
 191:MCSDK_v6.2.1-Full/MotorControl/MCSDK/MCLib/Any/Src/ramp_ext_mngr.c **** 
 432              		.loc 1 191 28 view .LVU135
 433 0048 6E60     		str	r6, [r5, #4]
 164:MCSDK_v6.2.1-Full/MotorControl/MCSDK/MCLib/Any/Src/ramp_ext_mngr.c ****       {
 434              		.loc 1 164 10 view .LVU136
 435 004a CA45     		cmp	r10, r9
 194:MCSDK_v6.2.1-Full/MotorControl/MCSDK/MCLib/Any/Src/ramp_ext_mngr.c ****       aux /= 1000U;
 436              		.loc 1 194 11 view .LVU137
 437 004c 02FB04F4 		mul	r4, r2, r4
 438              	.LVL45:
 195:MCSDK_v6.2.1-Full/MotorControl/MCSDK/MCLib/Any/Src/ramp_ext_mngr.c ****       pHandle->RampRemainingStep = aux;
 439              		.loc 1 195 11 view .LVU138
 440 0050 0C4A     		ldr	r2, .L29
 161:MCSDK_v6.2.1-Full/MotorControl/MCSDK/MCLib/Any/Src/ramp_ext_mngr.c ****       uint32_t wScalingFactorMin;
 441              		.loc 1 161 34 view .LVU139
 442 0052 0346     		mov	r3, r0
 443              	.LVL46:
 162:MCSDK_v6.2.1-Full/MotorControl/MCSDK/MCLib/Any/Src/ramp_ext_mngr.c **** 
 444              		.loc 1 162 7 is_stmt 1 view .LVU140
 164:MCSDK_v6.2.1-Full/MotorControl/MCSDK/MCLib/Any/Src/ramp_ext_mngr.c ****       {
 445              		.loc 1 164 7 view .LVU141
 166:MCSDK_v6.2.1-Full/MotorControl/MCSDK/MCLib/Any/Src/ramp_ext_mngr.c ****         {
 446              		.loc 1 166 9 view .LVU142
 447 0054 2CBF     		ite	cs
 448 0056 4846     		movcs	r0, r9
 449              	.LVL47:
 166:MCSDK_v6.2.1-Full/MotorControl/MCSDK/MCLib/Any/Src/ramp_ext_mngr.c ****         {
 450              		.loc 1 166 9 is_stmt 0 view .LVU143
 451 0058 5046     		movcc	r0, r10
 177:MCSDK_v6.2.1-Full/MotorControl/MCSDK/MCLib/Any/Src/ramp_ext_mngr.c ****         {
 452              		.loc 1 177 9 is_stmt 1 view .LVU144
 453 005a 9842     		cmp	r0, r3
 195:MCSDK_v6.2.1-Full/MotorControl/MCSDK/MCLib/Any/Src/ramp_ext_mngr.c ****       pHandle->RampRemainingStep = aux;
 454              		.loc 1 195 11 is_stmt 0 view .LVU145
 455 005c A2FB0424 		umull	r2, r4, r2, r4
 456 0060 28BF     		it	cs
 457 0062 1846     		movcs	r0, r3
 458              	.LVL48:
 187:MCSDK_v6.2.1-Full/MotorControl/MCSDK/MCLib/Any/Src/ramp_ext_mngr.c ****       pHandle->Ext = current_ref * ((int32_t)pHandle->ScalingFactor);
 459              		.loc 1 187 7 is_stmt 1 view .LVU146
 195:MCSDK_v6.2.1-Full/MotorControl/MCSDK/MCLib/Any/Src/ramp_ext_mngr.c ****       pHandle->RampRemainingStep = aux;
 460              		.loc 1 195 11 is_stmt 0 view .LVU147
 461 0064 A409     		lsrs	r4, r4, #6
 188:MCSDK_v6.2.1-Full/MotorControl/MCSDK/MCLib/Any/Src/ramp_ext_mngr.c **** 
 462              		.loc 1 188 34 view .LVU148
 463 0066 00FB07F7 		mul	r7, r0, r7
 197:MCSDK_v6.2.1-Full/MotorControl/MCSDK/MCLib/Any/Src/ramp_ext_mngr.c **** 
ARM GAS  C:\Users\ep_ygh\AppData\Local\Temp\ccrgmRB6.s 			page 16


 464              		.loc 1 197 33 view .LVU149
 465 006a 0134     		adds	r4, r4, #1
 201:MCSDK_v6.2.1-Full/MotorControl/MCSDK/MCLib/Any/Src/ramp_ext_mngr.c ****       aux1 /= ((int32_t)pHandle->RampRemainingStep);
 466              		.loc 1 201 12 view .LVU150
 467 006c 00FB08F3 		mul	r3, r0, r8
 468              	.LVL49:
 187:MCSDK_v6.2.1-Full/MotorControl/MCSDK/MCLib/Any/Src/ramp_ext_mngr.c ****       pHandle->Ext = current_ref * ((int32_t)pHandle->ScalingFactor);
 469              		.loc 1 187 30 view .LVU151
 470 0070 6861     		str	r0, [r5, #20]
 188:MCSDK_v6.2.1-Full/MotorControl/MCSDK/MCLib/Any/Src/ramp_ext_mngr.c **** 
 471              		.loc 1 188 7 is_stmt 1 view .LVU152
 191:MCSDK_v6.2.1-Full/MotorControl/MCSDK/MCLib/Any/Src/ramp_ext_mngr.c **** 
 472              		.loc 1 191 7 view .LVU153
 194:MCSDK_v6.2.1-Full/MotorControl/MCSDK/MCLib/Any/Src/ramp_ext_mngr.c ****       aux /= 1000U;
 473              		.loc 1 194 7 view .LVU154
 195:MCSDK_v6.2.1-Full/MotorControl/MCSDK/MCLib/Any/Src/ramp_ext_mngr.c ****       pHandle->RampRemainingStep = aux;
 474              		.loc 1 195 7 view .LVU155
 196:MCSDK_v6.2.1-Full/MotorControl/MCSDK/MCLib/Any/Src/ramp_ext_mngr.c ****       pHandle->RampRemainingStep++;
 475              		.loc 1 196 7 view .LVU156
 197:MCSDK_v6.2.1-Full/MotorControl/MCSDK/MCLib/Any/Src/ramp_ext_mngr.c **** 
 476              		.loc 1 197 7 view .LVU157
 197:MCSDK_v6.2.1-Full/MotorControl/MCSDK/MCLib/Any/Src/ramp_ext_mngr.c **** 
 477              		.loc 1 197 33 is_stmt 0 view .LVU158
 478 0072 EC60     		str	r4, [r5, #12]
 201:MCSDK_v6.2.1-Full/MotorControl/MCSDK/MCLib/Any/Src/ramp_ext_mngr.c ****       aux1 /= ((int32_t)pHandle->RampRemainingStep);
 479              		.loc 1 201 7 is_stmt 1 view .LVU159
 480              	.LVL50:
 202:MCSDK_v6.2.1-Full/MotorControl/MCSDK/MCLib/Any/Src/ramp_ext_mngr.c ****       pHandle->IncDecAmount = aux1;
 481              		.loc 1 202 7 view .LVU160
 203:MCSDK_v6.2.1-Full/MotorControl/MCSDK/MCLib/Any/Src/ramp_ext_mngr.c ****     }
 482              		.loc 1 203 7 view .LVU161
 188:MCSDK_v6.2.1-Full/MotorControl/MCSDK/MCLib/Any/Src/ramp_ext_mngr.c **** 
 483              		.loc 1 188 20 is_stmt 0 view .LVU162
 484 0074 AF60     		str	r7, [r5, #8]
 202:MCSDK_v6.2.1-Full/MotorControl/MCSDK/MCLib/Any/Src/ramp_ext_mngr.c ****       pHandle->IncDecAmount = aux1;
 485              		.loc 1 202 12 view .LVU163
 486 0076 93FBF4F4 		sdiv	r4, r3, r4
 487              	.LVL51:
 202:MCSDK_v6.2.1-Full/MotorControl/MCSDK/MCLib/Any/Src/ramp_ext_mngr.c ****       pHandle->IncDecAmount = aux1;
 488              		.loc 1 202 12 view .LVU164
 489              	.LBE5:
 209:MCSDK_v6.2.1-Full/MotorControl/MCSDK/MCLib/Any/Src/ramp_ext_mngr.c **** 
 490              		.loc 1 209 1 view .LVU165
 491 007a 0120     		movs	r0, #1
 492              	.LVL52:
 493              	.LBB6:
 203:MCSDK_v6.2.1-Full/MotorControl/MCSDK/MCLib/Any/Src/ramp_ext_mngr.c ****     }
 494              		.loc 1 203 29 view .LVU166
 495 007c 2C61     		str	r4, [r5, #16]
 496              	.LBE6:
 208:MCSDK_v6.2.1-Full/MotorControl/MCSDK/MCLib/Any/Src/ramp_ext_mngr.c **** }
 497              		.loc 1 208 3 is_stmt 1 view .LVU167
 209:MCSDK_v6.2.1-Full/MotorControl/MCSDK/MCLib/Any/Src/ramp_ext_mngr.c **** 
 498              		.loc 1 209 1 is_stmt 0 view .LVU168
 499 007e BDE8F087 		pop	{r4, r5, r6, r7, r8, r9, r10, pc}
 500              	.LVL53:
 501              	.L30:
ARM GAS  C:\Users\ep_ygh\AppData\Local\Temp\ccrgmRB6.s 			page 17


 209:MCSDK_v6.2.1-Full/MotorControl/MCSDK/MCLib/Any/Src/ramp_ext_mngr.c **** 
 502              		.loc 1 209 1 view .LVU169
 503 0082 00BF     		.align	2
 504              	.L29:
 505 0084 D34D6210 		.word	274877907
 506              		.cfi_endproc
 507              	.LFE1090:
 509              		.text
 510              	.Letext0:
 511              		.file 2 "c:\\programdata\\chocolatey\\lib\\gcc-arm-embedded\\tools\\gcc-arm-none-eabi-10.3-2021.10
 512              		.file 3 "c:\\programdata\\chocolatey\\lib\\gcc-arm-embedded\\tools\\gcc-arm-none-eabi-10.3-2021.10
 513              		.file 4 "Drivers/STM32L4xx_HAL_Driver/Inc/stm32l4xx_ll_tim.h"
 514              		.file 5 "Drivers/STM32L4xx_HAL_Driver/Inc/stm32l4xx_ll_dma.h"
 515              		.file 6 "MCSDK_v6.2.1-Full/MotorControl/MCSDK/MCLib/Any/Inc/ramp_ext_mngr.h"
ARM GAS  C:\Users\ep_ygh\AppData\Local\Temp\ccrgmRB6.s 			page 18


DEFINED SYMBOLS
                            *ABS*:00000000 ramp_ext_mngr.c
C:\Users\ep_ygh\AppData\Local\Temp\ccrgmRB6.s:20     .text.REMNG_Init:00000000 $t
C:\Users\ep_ygh\AppData\Local\Temp\ccrgmRB6.s:27     .text.REMNG_Init:00000000 REMNG_Init
C:\Users\ep_ygh\AppData\Local\Temp\ccrgmRB6.s:55     .text.REMNG_Calc:00000000 $t
C:\Users\ep_ygh\AppData\Local\Temp\ccrgmRB6.s:62     .text.REMNG_Calc:00000000 REMNG_Calc
C:\Users\ep_ygh\AppData\Local\Temp\ccrgmRB6.s:169    .text.REMNG_GetValue:00000000 $t
C:\Users\ep_ygh\AppData\Local\Temp\ccrgmRB6.s:176    .text.REMNG_GetValue:00000000 REMNG_GetValue
C:\Users\ep_ygh\AppData\Local\Temp\ccrgmRB6.s:196    .text.REMNG_RampCompleted:00000000 $t
C:\Users\ep_ygh\AppData\Local\Temp\ccrgmRB6.s:203    .text.REMNG_RampCompleted:00000000 REMNG_RampCompleted
C:\Users\ep_ygh\AppData\Local\Temp\ccrgmRB6.s:228    .text.REMNG_StopRamp:00000000 $t
C:\Users\ep_ygh\AppData\Local\Temp\ccrgmRB6.s:235    .text.REMNG_StopRamp:00000000 REMNG_StopRamp
C:\Users\ep_ygh\AppData\Local\Temp\ccrgmRB6.s:254    .text.getScalingFactor:00000000 $t
C:\Users\ep_ygh\AppData\Local\Temp\ccrgmRB6.s:261    .text.getScalingFactor:00000000 getScalingFactor
C:\Users\ep_ygh\AppData\Local\Temp\ccrgmRB6.s:334    .text.REMNG_ExecRamp:00000000 $t
C:\Users\ep_ygh\AppData\Local\Temp\ccrgmRB6.s:341    .text.REMNG_ExecRamp:00000000 REMNG_ExecRamp
C:\Users\ep_ygh\AppData\Local\Temp\ccrgmRB6.s:505    .text.REMNG_ExecRamp:00000084 $d

NO UNDEFINED SYMBOLS
