ARM GAS  C:\Users\ep_ygh\AppData\Local\Temp\ccb4xMxH.s 			page 1


   1              		.cpu cortex-m4
   2              		.arch armv7e-m
   3              		.fpu fpv4-sp-d16
   4              		.eabi_attribute 27, 1
   5              		.eabi_attribute 28, 1
   6              		.eabi_attribute 20, 1
   7              		.eabi_attribute 21, 1
   8              		.eabi_attribute 23, 3
   9              		.eabi_attribute 24, 1
  10              		.eabi_attribute 25, 1
  11              		.eabi_attribute 26, 1
  12              		.eabi_attribute 30, 2
  13              		.eabi_attribute 34, 1
  14              		.eabi_attribute 18, 4
  15              		.file	"stm32l4xx_hal_msp.c"
  16              		.text
  17              	.Ltext0:
  18              		.cfi_sections	.debug_frame
  19              		.section	.text.HAL_MspInit,"ax",%progbits
  20              		.align	1
  21              		.p2align 2,,3
  22              		.global	HAL_MspInit
  23              		.syntax unified
  24              		.thumb
  25              		.thumb_func
  27              	HAL_MspInit:
  28              	.LFB1090:
  29              		.file 1 "Src/stm32l4xx_hal_msp.c"
   1:Src/stm32l4xx_hal_msp.c **** 
   2:Src/stm32l4xx_hal_msp.c **** /* USER CODE BEGIN Header */
   3:Src/stm32l4xx_hal_msp.c **** /**
   4:Src/stm32l4xx_hal_msp.c ****   ******************************************************************************
   5:Src/stm32l4xx_hal_msp.c ****   * @file         stm32l4xx_hal_msp.c
   6:Src/stm32l4xx_hal_msp.c ****   * @brief        This file provides code for the MSP Initialization
   7:Src/stm32l4xx_hal_msp.c ****   *               and de-Initialization codes.
   8:Src/stm32l4xx_hal_msp.c ****   ******************************************************************************
   9:Src/stm32l4xx_hal_msp.c ****   * @attention
  10:Src/stm32l4xx_hal_msp.c ****   *
  11:Src/stm32l4xx_hal_msp.c ****   * Copyright (c) 2024 STMicroelectronics.
  12:Src/stm32l4xx_hal_msp.c ****   * All rights reserved.
  13:Src/stm32l4xx_hal_msp.c ****   *
  14:Src/stm32l4xx_hal_msp.c ****   * This software is licensed under terms that can be found in the LICENSE file
  15:Src/stm32l4xx_hal_msp.c ****   * in the root directory of this software component.
  16:Src/stm32l4xx_hal_msp.c ****   * If no LICENSE file comes with this software, it is provided AS-IS.
  17:Src/stm32l4xx_hal_msp.c ****   *
  18:Src/stm32l4xx_hal_msp.c ****   ******************************************************************************
  19:Src/stm32l4xx_hal_msp.c ****   */
  20:Src/stm32l4xx_hal_msp.c **** /* USER CODE END Header */
  21:Src/stm32l4xx_hal_msp.c **** 
  22:Src/stm32l4xx_hal_msp.c **** /* Includes ------------------------------------------------------------------*/
  23:Src/stm32l4xx_hal_msp.c **** #include "main.h"
  24:Src/stm32l4xx_hal_msp.c **** /* USER CODE BEGIN Includes */
  25:Src/stm32l4xx_hal_msp.c **** 
  26:Src/stm32l4xx_hal_msp.c **** /* USER CODE END Includes */
  27:Src/stm32l4xx_hal_msp.c **** extern DMA_HandleTypeDef hdma_usart2_rx;
  28:Src/stm32l4xx_hal_msp.c **** 
  29:Src/stm32l4xx_hal_msp.c **** extern DMA_HandleTypeDef hdma_usart2_tx;
ARM GAS  C:\Users\ep_ygh\AppData\Local\Temp\ccb4xMxH.s 			page 2


  30:Src/stm32l4xx_hal_msp.c **** 
  31:Src/stm32l4xx_hal_msp.c **** /* Private typedef -----------------------------------------------------------*/
  32:Src/stm32l4xx_hal_msp.c **** /* USER CODE BEGIN TD */
  33:Src/stm32l4xx_hal_msp.c **** 
  34:Src/stm32l4xx_hal_msp.c **** /* USER CODE END TD */
  35:Src/stm32l4xx_hal_msp.c **** 
  36:Src/stm32l4xx_hal_msp.c **** /* Private define ------------------------------------------------------------*/
  37:Src/stm32l4xx_hal_msp.c **** /* USER CODE BEGIN Define */
  38:Src/stm32l4xx_hal_msp.c **** 
  39:Src/stm32l4xx_hal_msp.c **** /* USER CODE END Define */
  40:Src/stm32l4xx_hal_msp.c **** 
  41:Src/stm32l4xx_hal_msp.c **** /* Private macro -------------------------------------------------------------*/
  42:Src/stm32l4xx_hal_msp.c **** /* USER CODE BEGIN Macro */
  43:Src/stm32l4xx_hal_msp.c **** 
  44:Src/stm32l4xx_hal_msp.c **** /* USER CODE END Macro */
  45:Src/stm32l4xx_hal_msp.c **** 
  46:Src/stm32l4xx_hal_msp.c **** /* Private variables ---------------------------------------------------------*/
  47:Src/stm32l4xx_hal_msp.c **** /* USER CODE BEGIN PV */
  48:Src/stm32l4xx_hal_msp.c **** 
  49:Src/stm32l4xx_hal_msp.c **** /* USER CODE END PV */
  50:Src/stm32l4xx_hal_msp.c **** 
  51:Src/stm32l4xx_hal_msp.c **** /* Private function prototypes -----------------------------------------------*/
  52:Src/stm32l4xx_hal_msp.c **** /* USER CODE BEGIN PFP */
  53:Src/stm32l4xx_hal_msp.c **** 
  54:Src/stm32l4xx_hal_msp.c **** /* USER CODE END PFP */
  55:Src/stm32l4xx_hal_msp.c **** 
  56:Src/stm32l4xx_hal_msp.c **** /* External functions --------------------------------------------------------*/
  57:Src/stm32l4xx_hal_msp.c **** /* USER CODE BEGIN ExternalFunctions */
  58:Src/stm32l4xx_hal_msp.c **** 
  59:Src/stm32l4xx_hal_msp.c **** /* USER CODE END ExternalFunctions */
  60:Src/stm32l4xx_hal_msp.c **** 
  61:Src/stm32l4xx_hal_msp.c **** /* USER CODE BEGIN 0 */
  62:Src/stm32l4xx_hal_msp.c **** 
  63:Src/stm32l4xx_hal_msp.c **** /* USER CODE END 0 */
  64:Src/stm32l4xx_hal_msp.c **** 
  65:Src/stm32l4xx_hal_msp.c **** void HAL_TIM_MspPostInit(TIM_HandleTypeDef *htim);
  66:Src/stm32l4xx_hal_msp.c ****                     /**
  67:Src/stm32l4xx_hal_msp.c ****   * Initializes the Global MSP.
  68:Src/stm32l4xx_hal_msp.c ****   */
  69:Src/stm32l4xx_hal_msp.c **** void HAL_MspInit(void)
  70:Src/stm32l4xx_hal_msp.c **** {
  30              		.loc 1 70 1 view -0
  31              		.cfi_startproc
  32              		@ args = 0, pretend = 0, frame = 8
  33              		@ frame_needed = 0, uses_anonymous_args = 0
  34              		@ link register save eliminated.
  71:Src/stm32l4xx_hal_msp.c **** 
  72:Src/stm32l4xx_hal_msp.c ****   /* USER CODE BEGIN MspInit 0 */
  73:Src/stm32l4xx_hal_msp.c **** 
  74:Src/stm32l4xx_hal_msp.c ****   /* USER CODE END MspInit 0 */
  75:Src/stm32l4xx_hal_msp.c **** 
  76:Src/stm32l4xx_hal_msp.c ****   __HAL_RCC_SYSCFG_CLK_ENABLE();
  35              		.loc 1 76 3 view .LVU1
  36              	.LBB2:
  37              		.loc 1 76 3 view .LVU2
  38              		.loc 1 76 3 view .LVU3
  39 0000 0E4B     		ldr	r3, .L4
ARM GAS  C:\Users\ep_ygh\AppData\Local\Temp\ccb4xMxH.s 			page 3


  40              	.LBE2:
  70:Src/stm32l4xx_hal_msp.c **** 
  41              		.loc 1 70 1 is_stmt 0 view .LVU4
  42 0002 10B4     		push	{r4}
  43              	.LCFI0:
  44              		.cfi_def_cfa_offset 4
  45              		.cfi_offset 4, -4
  46              	.LBB3:
  47              		.loc 1 76 3 view .LVU5
  48 0004 186E     		ldr	r0, [r3, #96]
  49 0006 40F00100 		orr	r0, r0, #1
  50 000a 1866     		str	r0, [r3, #96]
  51              		.loc 1 76 3 is_stmt 1 view .LVU6
  52 000c 1C6E     		ldr	r4, [r3, #96]
  53              	.LBE3:
  70:Src/stm32l4xx_hal_msp.c **** 
  54              		.loc 1 70 1 is_stmt 0 view .LVU7
  55 000e 83B0     		sub	sp, sp, #12
  56              	.LCFI1:
  57              		.cfi_def_cfa_offset 16
  58              	.LBB4:
  59              		.loc 1 76 3 view .LVU8
  60 0010 04F00104 		and	r4, r4, #1
  61 0014 0094     		str	r4, [sp]
  62              		.loc 1 76 3 is_stmt 1 view .LVU9
  63 0016 009C     		ldr	r4, [sp]
  64              	.LBE4:
  65              		.loc 1 76 3 view .LVU10
  77:Src/stm32l4xx_hal_msp.c ****   __HAL_RCC_PWR_CLK_ENABLE();
  66              		.loc 1 77 3 view .LVU11
  67              	.LBB5:
  68              		.loc 1 77 3 view .LVU12
  69              		.loc 1 77 3 view .LVU13
  70 0018 9C6D     		ldr	r4, [r3, #88]
  71 001a 44F08054 		orr	r4, r4, #268435456
  72 001e 9C65     		str	r4, [r3, #88]
  73              		.loc 1 77 3 view .LVU14
  74 0020 9B6D     		ldr	r3, [r3, #88]
  75 0022 03F08053 		and	r3, r3, #268435456
  76 0026 0193     		str	r3, [sp, #4]
  77              		.loc 1 77 3 view .LVU15
  78 0028 019B     		ldr	r3, [sp, #4]
  79              	.LBE5:
  80              		.loc 1 77 3 view .LVU16
  78:Src/stm32l4xx_hal_msp.c **** 
  79:Src/stm32l4xx_hal_msp.c ****   /* System interrupt init*/
  80:Src/stm32l4xx_hal_msp.c ****   /* PendSV_IRQn interrupt configuration */
  81:Src/stm32l4xx_hal_msp.c ****   HAL_NVIC_SetPriority(PendSV_IRQn, 15, 0);
  81              		.loc 1 81 3 view .LVU17
  82 002a 0022     		movs	r2, #0
  83 002c 0F21     		movs	r1, #15
  84 002e 6FF00100 		mvn	r0, #1
  82:Src/stm32l4xx_hal_msp.c **** 
  83:Src/stm32l4xx_hal_msp.c ****   /* USER CODE BEGIN MspInit 1 */
  84:Src/stm32l4xx_hal_msp.c **** 
  85:Src/stm32l4xx_hal_msp.c ****   /* USER CODE END MspInit 1 */
  86:Src/stm32l4xx_hal_msp.c **** }
ARM GAS  C:\Users\ep_ygh\AppData\Local\Temp\ccb4xMxH.s 			page 4


  85              		.loc 1 86 1 is_stmt 0 view .LVU18
  86 0032 03B0     		add	sp, sp, #12
  87              	.LCFI2:
  88              		.cfi_def_cfa_offset 4
  89              		@ sp needed
  90 0034 5DF8044B 		ldr	r4, [sp], #4
  91              	.LCFI3:
  92              		.cfi_restore 4
  93              		.cfi_def_cfa_offset 0
  81:Src/stm32l4xx_hal_msp.c **** 
  94              		.loc 1 81 3 view .LVU19
  95 0038 FFF7FEBF 		b	HAL_NVIC_SetPriority
  96              	.LVL0:
  97              	.L5:
  98              		.align	2
  99              	.L4:
 100 003c 00100240 		.word	1073876992
 101              		.cfi_endproc
 102              	.LFE1090:
 104              		.section	.text.HAL_ADC_MspInit,"ax",%progbits
 105              		.align	1
 106              		.p2align 2,,3
 107              		.global	HAL_ADC_MspInit
 108              		.syntax unified
 109              		.thumb
 110              		.thumb_func
 112              	HAL_ADC_MspInit:
 113              	.LVL1:
 114              	.LFB1091:
  87:Src/stm32l4xx_hal_msp.c **** 
  88:Src/stm32l4xx_hal_msp.c **** /**
  89:Src/stm32l4xx_hal_msp.c **** * @brief ADC MSP Initialization
  90:Src/stm32l4xx_hal_msp.c **** * This function configures the hardware resources used in this example
  91:Src/stm32l4xx_hal_msp.c **** * @param hadc: ADC handle pointer
  92:Src/stm32l4xx_hal_msp.c **** * @retval None
  93:Src/stm32l4xx_hal_msp.c **** */
  94:Src/stm32l4xx_hal_msp.c **** void HAL_ADC_MspInit(ADC_HandleTypeDef* hadc)
  95:Src/stm32l4xx_hal_msp.c **** {
 115              		.loc 1 95 1 is_stmt 1 view -0
 116              		.cfi_startproc
 117              		@ args = 0, pretend = 0, frame = 176
 118              		@ frame_needed = 0, uses_anonymous_args = 0
  96:Src/stm32l4xx_hal_msp.c ****   GPIO_InitTypeDef GPIO_InitStruct = {0};
 119              		.loc 1 96 3 view .LVU21
  95:Src/stm32l4xx_hal_msp.c ****   GPIO_InitTypeDef GPIO_InitStruct = {0};
 120              		.loc 1 95 1 is_stmt 0 view .LVU22
 121 0000 D0B5     		push	{r4, r6, r7, lr}
 122              	.LCFI4:
 123              		.cfi_def_cfa_offset 16
 124              		.cfi_offset 4, -16
 125              		.cfi_offset 6, -12
 126              		.cfi_offset 7, -8
 127              		.cfi_offset 14, -4
 128 0002 0446     		mov	r4, r0
 129 0004 ACB0     		sub	sp, sp, #176
 130              	.LCFI5:
 131              		.cfi_def_cfa_offset 192
ARM GAS  C:\Users\ep_ygh\AppData\Local\Temp\ccb4xMxH.s 			page 5


 132              		.loc 1 96 20 view .LVU23
 133 0006 0021     		movs	r1, #0
  97:Src/stm32l4xx_hal_msp.c ****   RCC_PeriphCLKInitTypeDef PeriphClkInit = {0};
 134              		.loc 1 97 28 view .LVU24
 135 0008 8822     		movs	r2, #136
 136 000a 0AA8     		add	r0, sp, #40
 137              	.LVL2:
  96:Src/stm32l4xx_hal_msp.c ****   GPIO_InitTypeDef GPIO_InitStruct = {0};
 138              		.loc 1 96 20 view .LVU25
 139 000c CDE90411 		strd	r1, r1, [sp, #16]
 140 0010 CDE90611 		strd	r1, r1, [sp, #24]
 141 0014 0891     		str	r1, [sp, #32]
 142              		.loc 1 97 3 is_stmt 1 view .LVU26
 143              		.loc 1 97 28 is_stmt 0 view .LVU27
 144 0016 FFF7FEFF 		bl	memset
 145              	.LVL3:
  98:Src/stm32l4xx_hal_msp.c ****   if(hadc->Instance==ADC1)
 146              		.loc 1 98 3 is_stmt 1 view .LVU28
 147              		.loc 1 98 5 is_stmt 0 view .LVU29
 148 001a 2B4B     		ldr	r3, .L15
 149 001c 2268     		ldr	r2, [r4]
 150 001e 9A42     		cmp	r2, r3
 151 0020 01D0     		beq	.L13
  99:Src/stm32l4xx_hal_msp.c ****   {
 100:Src/stm32l4xx_hal_msp.c ****   /* USER CODE BEGIN ADC1_MspInit 0 */
 101:Src/stm32l4xx_hal_msp.c **** 
 102:Src/stm32l4xx_hal_msp.c ****   /* USER CODE END ADC1_MspInit 0 */
 103:Src/stm32l4xx_hal_msp.c **** 
 104:Src/stm32l4xx_hal_msp.c ****   /** Initializes the peripherals clock
 105:Src/stm32l4xx_hal_msp.c ****   */
 106:Src/stm32l4xx_hal_msp.c ****     PeriphClkInit.PeriphClockSelection = RCC_PERIPHCLK_ADC;
 107:Src/stm32l4xx_hal_msp.c ****     PeriphClkInit.AdcClockSelection = RCC_ADCCLKSOURCE_SYSCLK;
 108:Src/stm32l4xx_hal_msp.c ****     if (HAL_RCCEx_PeriphCLKConfig(&PeriphClkInit) != HAL_OK)
 109:Src/stm32l4xx_hal_msp.c ****     {
 110:Src/stm32l4xx_hal_msp.c ****       Error_Handler();
 111:Src/stm32l4xx_hal_msp.c ****     }
 112:Src/stm32l4xx_hal_msp.c **** 
 113:Src/stm32l4xx_hal_msp.c ****     /* Peripheral clock enable */
 114:Src/stm32l4xx_hal_msp.c ****     __HAL_RCC_ADC_CLK_ENABLE();
 115:Src/stm32l4xx_hal_msp.c **** 
 116:Src/stm32l4xx_hal_msp.c ****     __HAL_RCC_GPIOA_CLK_ENABLE();
 117:Src/stm32l4xx_hal_msp.c ****     __HAL_RCC_GPIOC_CLK_ENABLE();
 118:Src/stm32l4xx_hal_msp.c ****     __HAL_RCC_GPIOB_CLK_ENABLE();
 119:Src/stm32l4xx_hal_msp.c ****     /**ADC1 GPIO Configuration
 120:Src/stm32l4xx_hal_msp.c ****     PA0     ------> ADC1_IN5
 121:Src/stm32l4xx_hal_msp.c ****     PA1     ------> ADC1_IN6
 122:Src/stm32l4xx_hal_msp.c ****     PC4     ------> ADC1_IN13
 123:Src/stm32l4xx_hal_msp.c ****     PB0     ------> ADC1_IN15
 124:Src/stm32l4xx_hal_msp.c ****     PB1     ------> ADC1_IN16
 125:Src/stm32l4xx_hal_msp.c ****     */
 126:Src/stm32l4xx_hal_msp.c ****     GPIO_InitStruct.Pin = M1_BUS_VOLTAGE_Pin|M1_CURR_AMPL_U_Pin;
 127:Src/stm32l4xx_hal_msp.c ****     GPIO_InitStruct.Mode = GPIO_MODE_ANALOG_ADC_CONTROL;
 128:Src/stm32l4xx_hal_msp.c ****     GPIO_InitStruct.Pull = GPIO_NOPULL;
 129:Src/stm32l4xx_hal_msp.c ****     HAL_GPIO_Init(GPIOA, &GPIO_InitStruct);
 130:Src/stm32l4xx_hal_msp.c **** 
 131:Src/stm32l4xx_hal_msp.c ****     GPIO_InitStruct.Pin = M1_TEMPERATURE_Pin;
 132:Src/stm32l4xx_hal_msp.c ****     GPIO_InitStruct.Mode = GPIO_MODE_ANALOG_ADC_CONTROL;
ARM GAS  C:\Users\ep_ygh\AppData\Local\Temp\ccb4xMxH.s 			page 6


 133:Src/stm32l4xx_hal_msp.c ****     GPIO_InitStruct.Pull = GPIO_NOPULL;
 134:Src/stm32l4xx_hal_msp.c ****     HAL_GPIO_Init(M1_TEMPERATURE_GPIO_Port, &GPIO_InitStruct);
 135:Src/stm32l4xx_hal_msp.c **** 
 136:Src/stm32l4xx_hal_msp.c ****     GPIO_InitStruct.Pin = M1_CURR_AMPL_W_Pin|M1_CURR_AMPL_V_Pin;
 137:Src/stm32l4xx_hal_msp.c ****     GPIO_InitStruct.Mode = GPIO_MODE_ANALOG_ADC_CONTROL;
 138:Src/stm32l4xx_hal_msp.c ****     GPIO_InitStruct.Pull = GPIO_NOPULL;
 139:Src/stm32l4xx_hal_msp.c ****     HAL_GPIO_Init(GPIOB, &GPIO_InitStruct);
 140:Src/stm32l4xx_hal_msp.c **** 
 141:Src/stm32l4xx_hal_msp.c ****   /* USER CODE BEGIN ADC1_MspInit 1 */
 142:Src/stm32l4xx_hal_msp.c **** 
 143:Src/stm32l4xx_hal_msp.c ****   /* USER CODE END ADC1_MspInit 1 */
 144:Src/stm32l4xx_hal_msp.c **** 
 145:Src/stm32l4xx_hal_msp.c ****   }
 146:Src/stm32l4xx_hal_msp.c **** 
 147:Src/stm32l4xx_hal_msp.c **** }
 152              		.loc 1 147 1 view .LVU30
 153 0022 2CB0     		add	sp, sp, #176
 154              	.LCFI6:
 155              		.cfi_remember_state
 156              		.cfi_def_cfa_offset 16
 157              		@ sp needed
 158 0024 D0BD     		pop	{r4, r6, r7, pc}
 159              	.LVL4:
 160              	.L13:
 161              	.LCFI7:
 162              		.cfi_restore_state
 106:Src/stm32l4xx_hal_msp.c ****     PeriphClkInit.AdcClockSelection = RCC_ADCCLKSOURCE_SYSCLK;
 163              		.loc 1 106 5 is_stmt 1 view .LVU31
 106:Src/stm32l4xx_hal_msp.c ****     PeriphClkInit.AdcClockSelection = RCC_ADCCLKSOURCE_SYSCLK;
 164              		.loc 1 106 40 is_stmt 0 view .LVU32
 165 0026 4FF48042 		mov	r2, #16384
 107:Src/stm32l4xx_hal_msp.c ****     if (HAL_RCCEx_PeriphCLKConfig(&PeriphClkInit) != HAL_OK)
 166              		.loc 1 107 37 view .LVU33
 167 002a 4FF04053 		mov	r3, #805306368
 108:Src/stm32l4xx_hal_msp.c ****     {
 168              		.loc 1 108 9 view .LVU34
 169 002e 0AA8     		add	r0, sp, #40
 106:Src/stm32l4xx_hal_msp.c ****     PeriphClkInit.AdcClockSelection = RCC_ADCCLKSOURCE_SYSCLK;
 170              		.loc 1 106 40 view .LVU35
 171 0030 0A92     		str	r2, [sp, #40]
 107:Src/stm32l4xx_hal_msp.c ****     if (HAL_RCCEx_PeriphCLKConfig(&PeriphClkInit) != HAL_OK)
 172              		.loc 1 107 5 is_stmt 1 view .LVU36
 107:Src/stm32l4xx_hal_msp.c ****     if (HAL_RCCEx_PeriphCLKConfig(&PeriphClkInit) != HAL_OK)
 173              		.loc 1 107 37 is_stmt 0 view .LVU37
 174 0032 2893     		str	r3, [sp, #160]
 108:Src/stm32l4xx_hal_msp.c ****     {
 175              		.loc 1 108 5 is_stmt 1 view .LVU38
 108:Src/stm32l4xx_hal_msp.c ****     {
 176              		.loc 1 108 9 is_stmt 0 view .LVU39
 177 0034 FFF7FEFF 		bl	HAL_RCCEx_PeriphCLKConfig
 178              	.LVL5:
 108:Src/stm32l4xx_hal_msp.c ****     {
 179              		.loc 1 108 8 view .LVU40
 180 0038 0028     		cmp	r0, #0
 181 003a 41D1     		bne	.L14
 182              	.L8:
 114:Src/stm32l4xx_hal_msp.c **** 
ARM GAS  C:\Users\ep_ygh\AppData\Local\Temp\ccb4xMxH.s 			page 7


 183              		.loc 1 114 5 is_stmt 1 view .LVU41
 184              	.LBB6:
 114:Src/stm32l4xx_hal_msp.c **** 
 185              		.loc 1 114 5 view .LVU42
 114:Src/stm32l4xx_hal_msp.c **** 
 186              		.loc 1 114 5 view .LVU43
 187 003c 234B     		ldr	r3, .L15+4
 188 003e DA6C     		ldr	r2, [r3, #76]
 189 0040 42F40052 		orr	r2, r2, #8192
 190 0044 DA64     		str	r2, [r3, #76]
 114:Src/stm32l4xx_hal_msp.c **** 
 191              		.loc 1 114 5 view .LVU44
 192 0046 DA6C     		ldr	r2, [r3, #76]
 193 0048 02F40052 		and	r2, r2, #8192
 194 004c 0092     		str	r2, [sp]
 114:Src/stm32l4xx_hal_msp.c **** 
 195              		.loc 1 114 5 view .LVU45
 196 004e 009A     		ldr	r2, [sp]
 197              	.LBE6:
 114:Src/stm32l4xx_hal_msp.c **** 
 198              		.loc 1 114 5 view .LVU46
 116:Src/stm32l4xx_hal_msp.c ****     __HAL_RCC_GPIOC_CLK_ENABLE();
 199              		.loc 1 116 5 view .LVU47
 200              	.LBB7:
 116:Src/stm32l4xx_hal_msp.c ****     __HAL_RCC_GPIOC_CLK_ENABLE();
 201              		.loc 1 116 5 view .LVU48
 116:Src/stm32l4xx_hal_msp.c ****     __HAL_RCC_GPIOC_CLK_ENABLE();
 202              		.loc 1 116 5 view .LVU49
 203 0050 DA6C     		ldr	r2, [r3, #76]
 204 0052 42F00102 		orr	r2, r2, #1
 205 0056 DA64     		str	r2, [r3, #76]
 116:Src/stm32l4xx_hal_msp.c ****     __HAL_RCC_GPIOC_CLK_ENABLE();
 206              		.loc 1 116 5 view .LVU50
 207 0058 DA6C     		ldr	r2, [r3, #76]
 208 005a 02F00102 		and	r2, r2, #1
 209 005e 0192     		str	r2, [sp, #4]
 116:Src/stm32l4xx_hal_msp.c ****     __HAL_RCC_GPIOC_CLK_ENABLE();
 210              		.loc 1 116 5 view .LVU51
 211 0060 019A     		ldr	r2, [sp, #4]
 212              	.LBE7:
 116:Src/stm32l4xx_hal_msp.c ****     __HAL_RCC_GPIOC_CLK_ENABLE();
 213              		.loc 1 116 5 view .LVU52
 117:Src/stm32l4xx_hal_msp.c ****     __HAL_RCC_GPIOB_CLK_ENABLE();
 214              		.loc 1 117 5 view .LVU53
 215              	.LBB8:
 117:Src/stm32l4xx_hal_msp.c ****     __HAL_RCC_GPIOB_CLK_ENABLE();
 216              		.loc 1 117 5 view .LVU54
 117:Src/stm32l4xx_hal_msp.c ****     __HAL_RCC_GPIOB_CLK_ENABLE();
 217              		.loc 1 117 5 view .LVU55
 218 0062 DA6C     		ldr	r2, [r3, #76]
 219 0064 42F00402 		orr	r2, r2, #4
 220 0068 DA64     		str	r2, [r3, #76]
 117:Src/stm32l4xx_hal_msp.c ****     __HAL_RCC_GPIOB_CLK_ENABLE();
 221              		.loc 1 117 5 view .LVU56
 222 006a DA6C     		ldr	r2, [r3, #76]
 223 006c 02F00402 		and	r2, r2, #4
 224 0070 0292     		str	r2, [sp, #8]
ARM GAS  C:\Users\ep_ygh\AppData\Local\Temp\ccb4xMxH.s 			page 8


 117:Src/stm32l4xx_hal_msp.c ****     __HAL_RCC_GPIOB_CLK_ENABLE();
 225              		.loc 1 117 5 view .LVU57
 226 0072 029A     		ldr	r2, [sp, #8]
 227              	.LBE8:
 117:Src/stm32l4xx_hal_msp.c ****     __HAL_RCC_GPIOB_CLK_ENABLE();
 228              		.loc 1 117 5 view .LVU58
 118:Src/stm32l4xx_hal_msp.c ****     /**ADC1 GPIO Configuration
 229              		.loc 1 118 5 view .LVU59
 230              	.LBB9:
 118:Src/stm32l4xx_hal_msp.c ****     /**ADC1 GPIO Configuration
 231              		.loc 1 118 5 view .LVU60
 118:Src/stm32l4xx_hal_msp.c ****     /**ADC1 GPIO Configuration
 232              		.loc 1 118 5 view .LVU61
 233 0074 DA6C     		ldr	r2, [r3, #76]
 234 0076 42F00202 		orr	r2, r2, #2
 235 007a DA64     		str	r2, [r3, #76]
 118:Src/stm32l4xx_hal_msp.c ****     /**ADC1 GPIO Configuration
 236              		.loc 1 118 5 view .LVU62
 237 007c DB6C     		ldr	r3, [r3, #76]
 238 007e 03F00203 		and	r3, r3, #2
 239              	.LBE9:
 128:Src/stm32l4xx_hal_msp.c ****     HAL_GPIO_Init(GPIOA, &GPIO_InitStruct);
 240              		.loc 1 128 26 is_stmt 0 view .LVU63
 241 0082 0024     		movs	r4, #0
 242              	.LVL6:
 243              	.LBB10:
 118:Src/stm32l4xx_hal_msp.c ****     /**ADC1 GPIO Configuration
 244              		.loc 1 118 5 view .LVU64
 245 0084 0393     		str	r3, [sp, #12]
 118:Src/stm32l4xx_hal_msp.c ****     /**ADC1 GPIO Configuration
 246              		.loc 1 118 5 is_stmt 1 view .LVU65
 247              	.LBE10:
 126:Src/stm32l4xx_hal_msp.c ****     GPIO_InitStruct.Mode = GPIO_MODE_ANALOG_ADC_CONTROL;
 248              		.loc 1 126 25 is_stmt 0 view .LVU66
 249 0086 0326     		movs	r6, #3
 250 0088 0B27     		movs	r7, #11
 129:Src/stm32l4xx_hal_msp.c **** 
 251              		.loc 1 129 5 view .LVU67
 252 008a 04A9     		add	r1, sp, #16
 253 008c 4FF09040 		mov	r0, #1207959552
 254              	.LBB11:
 118:Src/stm32l4xx_hal_msp.c ****     /**ADC1 GPIO Configuration
 255              		.loc 1 118 5 view .LVU68
 256 0090 039B     		ldr	r3, [sp, #12]
 257              	.LBE11:
 118:Src/stm32l4xx_hal_msp.c ****     /**ADC1 GPIO Configuration
 258              		.loc 1 118 5 is_stmt 1 view .LVU69
 126:Src/stm32l4xx_hal_msp.c ****     GPIO_InitStruct.Mode = GPIO_MODE_ANALOG_ADC_CONTROL;
 259              		.loc 1 126 5 view .LVU70
 127:Src/stm32l4xx_hal_msp.c ****     GPIO_InitStruct.Pull = GPIO_NOPULL;
 260              		.loc 1 127 5 view .LVU71
 128:Src/stm32l4xx_hal_msp.c ****     HAL_GPIO_Init(GPIOA, &GPIO_InitStruct);
 261              		.loc 1 128 5 view .LVU72
 129:Src/stm32l4xx_hal_msp.c **** 
 262              		.loc 1 129 5 view .LVU73
 128:Src/stm32l4xx_hal_msp.c ****     HAL_GPIO_Init(GPIOA, &GPIO_InitStruct);
 263              		.loc 1 128 26 is_stmt 0 view .LVU74
ARM GAS  C:\Users\ep_ygh\AppData\Local\Temp\ccb4xMxH.s 			page 9


 264 0092 0694     		str	r4, [sp, #24]
 126:Src/stm32l4xx_hal_msp.c ****     GPIO_InitStruct.Mode = GPIO_MODE_ANALOG_ADC_CONTROL;
 265              		.loc 1 126 25 view .LVU75
 266 0094 CDE90467 		strd	r6, [sp, #16]
 129:Src/stm32l4xx_hal_msp.c **** 
 267              		.loc 1 129 5 view .LVU76
 268 0098 FFF7FEFF 		bl	HAL_GPIO_Init
 269              	.LVL7:
 131:Src/stm32l4xx_hal_msp.c ****     GPIO_InitStruct.Mode = GPIO_MODE_ANALOG_ADC_CONTROL;
 270              		.loc 1 131 5 is_stmt 1 view .LVU77
 132:Src/stm32l4xx_hal_msp.c ****     GPIO_InitStruct.Pull = GPIO_NOPULL;
 271              		.loc 1 132 5 view .LVU78
 131:Src/stm32l4xx_hal_msp.c ****     GPIO_InitStruct.Mode = GPIO_MODE_ANALOG_ADC_CONTROL;
 272              		.loc 1 131 25 is_stmt 0 view .LVU79
 273 009c 1022     		movs	r2, #16
 274 009e 0B23     		movs	r3, #11
 134:Src/stm32l4xx_hal_msp.c **** 
 275              		.loc 1 134 5 view .LVU80
 276 00a0 04A9     		add	r1, sp, #16
 277 00a2 0B48     		ldr	r0, .L15+8
 133:Src/stm32l4xx_hal_msp.c ****     HAL_GPIO_Init(M1_TEMPERATURE_GPIO_Port, &GPIO_InitStruct);
 278              		.loc 1 133 26 view .LVU81
 279 00a4 0694     		str	r4, [sp, #24]
 131:Src/stm32l4xx_hal_msp.c ****     GPIO_InitStruct.Mode = GPIO_MODE_ANALOG_ADC_CONTROL;
 280              		.loc 1 131 25 view .LVU82
 281 00a6 CDE90423 		strd	r2, [sp, #16]
 133:Src/stm32l4xx_hal_msp.c ****     HAL_GPIO_Init(M1_TEMPERATURE_GPIO_Port, &GPIO_InitStruct);
 282              		.loc 1 133 5 is_stmt 1 view .LVU83
 134:Src/stm32l4xx_hal_msp.c **** 
 283              		.loc 1 134 5 view .LVU84
 284 00aa FFF7FEFF 		bl	HAL_GPIO_Init
 285              	.LVL8:
 136:Src/stm32l4xx_hal_msp.c ****     GPIO_InitStruct.Mode = GPIO_MODE_ANALOG_ADC_CONTROL;
 286              		.loc 1 136 5 view .LVU85
 137:Src/stm32l4xx_hal_msp.c ****     GPIO_InitStruct.Pull = GPIO_NOPULL;
 287              		.loc 1 137 5 view .LVU86
 139:Src/stm32l4xx_hal_msp.c **** 
 288              		.loc 1 139 5 is_stmt 0 view .LVU87
 289 00ae 0948     		ldr	r0, .L15+12
 138:Src/stm32l4xx_hal_msp.c ****     HAL_GPIO_Init(GPIOB, &GPIO_InitStruct);
 290              		.loc 1 138 26 view .LVU88
 291 00b0 0694     		str	r4, [sp, #24]
 139:Src/stm32l4xx_hal_msp.c **** 
 292              		.loc 1 139 5 view .LVU89
 293 00b2 04A9     		add	r1, sp, #16
 136:Src/stm32l4xx_hal_msp.c ****     GPIO_InitStruct.Mode = GPIO_MODE_ANALOG_ADC_CONTROL;
 294              		.loc 1 136 25 view .LVU90
 295 00b4 CDE90467 		strd	r6, [sp, #16]
 138:Src/stm32l4xx_hal_msp.c ****     HAL_GPIO_Init(GPIOB, &GPIO_InitStruct);
 296              		.loc 1 138 5 is_stmt 1 view .LVU91
 139:Src/stm32l4xx_hal_msp.c **** 
 297              		.loc 1 139 5 view .LVU92
 298 00b8 FFF7FEFF 		bl	HAL_GPIO_Init
 299              	.LVL9:
 300              		.loc 1 147 1 is_stmt 0 view .LVU93
 301 00bc 2CB0     		add	sp, sp, #176
 302              	.LCFI8:
ARM GAS  C:\Users\ep_ygh\AppData\Local\Temp\ccb4xMxH.s 			page 10


 303              		.cfi_remember_state
 304              		.cfi_def_cfa_offset 16
 305              		@ sp needed
 306 00be D0BD     		pop	{r4, r6, r7, pc}
 307              	.LVL10:
 308              	.L14:
 309              	.LCFI9:
 310              		.cfi_restore_state
 110:Src/stm32l4xx_hal_msp.c ****     }
 311              		.loc 1 110 7 is_stmt 1 view .LVU94
 312 00c0 FFF7FEFF 		bl	Error_Handler
 313              	.LVL11:
 314 00c4 BAE7     		b	.L8
 315              	.L16:
 316 00c6 00BF     		.align	2
 317              	.L15:
 318 00c8 00000450 		.word	1342439424
 319 00cc 00100240 		.word	1073876992
 320 00d0 00080048 		.word	1207961600
 321 00d4 00040048 		.word	1207960576
 322              		.cfi_endproc
 323              	.LFE1091:
 325              		.section	.text.HAL_ADC_MspDeInit,"ax",%progbits
 326              		.align	1
 327              		.p2align 2,,3
 328              		.global	HAL_ADC_MspDeInit
 329              		.syntax unified
 330              		.thumb
 331              		.thumb_func
 333              	HAL_ADC_MspDeInit:
 334              	.LVL12:
 335              	.LFB1092:
 148:Src/stm32l4xx_hal_msp.c **** 
 149:Src/stm32l4xx_hal_msp.c **** /**
 150:Src/stm32l4xx_hal_msp.c **** * @brief ADC MSP De-Initialization
 151:Src/stm32l4xx_hal_msp.c **** * This function freeze the hardware resources used in this example
 152:Src/stm32l4xx_hal_msp.c **** * @param hadc: ADC handle pointer
 153:Src/stm32l4xx_hal_msp.c **** * @retval None
 154:Src/stm32l4xx_hal_msp.c **** */
 155:Src/stm32l4xx_hal_msp.c **** void HAL_ADC_MspDeInit(ADC_HandleTypeDef* hadc)
 156:Src/stm32l4xx_hal_msp.c **** {
 336              		.loc 1 156 1 view -0
 337              		.cfi_startproc
 338              		@ args = 0, pretend = 0, frame = 0
 339              		@ frame_needed = 0, uses_anonymous_args = 0
 157:Src/stm32l4xx_hal_msp.c ****   if(hadc->Instance==ADC1)
 340              		.loc 1 157 3 view .LVU96
 156:Src/stm32l4xx_hal_msp.c ****   if(hadc->Instance==ADC1)
 341              		.loc 1 156 1 is_stmt 0 view .LVU97
 342 0000 08B5     		push	{r3, lr}
 343              	.LCFI10:
 344              		.cfi_def_cfa_offset 8
 345              		.cfi_offset 3, -8
 346              		.cfi_offset 14, -4
 347              		.loc 1 157 5 view .LVU98
 348 0002 0268     		ldr	r2, [r0]
 349 0004 0D4B     		ldr	r3, .L21
ARM GAS  C:\Users\ep_ygh\AppData\Local\Temp\ccb4xMxH.s 			page 11


 350 0006 9A42     		cmp	r2, r3
 351 0008 00D0     		beq	.L20
 158:Src/stm32l4xx_hal_msp.c ****   {
 159:Src/stm32l4xx_hal_msp.c ****   /* USER CODE BEGIN ADC1_MspDeInit 0 */
 160:Src/stm32l4xx_hal_msp.c **** 
 161:Src/stm32l4xx_hal_msp.c ****   /* USER CODE END ADC1_MspDeInit 0 */
 162:Src/stm32l4xx_hal_msp.c ****     /* Peripheral clock disable */
 163:Src/stm32l4xx_hal_msp.c ****     __HAL_RCC_ADC_CLK_DISABLE();
 164:Src/stm32l4xx_hal_msp.c **** 
 165:Src/stm32l4xx_hal_msp.c ****     /**ADC1 GPIO Configuration
 166:Src/stm32l4xx_hal_msp.c ****     PA0     ------> ADC1_IN5
 167:Src/stm32l4xx_hal_msp.c ****     PA1     ------> ADC1_IN6
 168:Src/stm32l4xx_hal_msp.c ****     PC4     ------> ADC1_IN13
 169:Src/stm32l4xx_hal_msp.c ****     PB0     ------> ADC1_IN15
 170:Src/stm32l4xx_hal_msp.c ****     PB1     ------> ADC1_IN16
 171:Src/stm32l4xx_hal_msp.c ****     */
 172:Src/stm32l4xx_hal_msp.c ****     HAL_GPIO_DeInit(GPIOA, M1_BUS_VOLTAGE_Pin|M1_CURR_AMPL_U_Pin);
 173:Src/stm32l4xx_hal_msp.c **** 
 174:Src/stm32l4xx_hal_msp.c ****     HAL_GPIO_DeInit(M1_TEMPERATURE_GPIO_Port, M1_TEMPERATURE_Pin);
 175:Src/stm32l4xx_hal_msp.c **** 
 176:Src/stm32l4xx_hal_msp.c ****     HAL_GPIO_DeInit(GPIOB, M1_CURR_AMPL_W_Pin|M1_CURR_AMPL_V_Pin);
 177:Src/stm32l4xx_hal_msp.c **** 
 178:Src/stm32l4xx_hal_msp.c ****     /* ADC1 interrupt DeInit */
 179:Src/stm32l4xx_hal_msp.c ****     HAL_NVIC_DisableIRQ(ADC1_2_IRQn);
 180:Src/stm32l4xx_hal_msp.c ****   /* USER CODE BEGIN ADC1_MspDeInit 1 */
 181:Src/stm32l4xx_hal_msp.c **** 
 182:Src/stm32l4xx_hal_msp.c ****   /* USER CODE END ADC1_MspDeInit 1 */
 183:Src/stm32l4xx_hal_msp.c ****   }
 184:Src/stm32l4xx_hal_msp.c **** 
 185:Src/stm32l4xx_hal_msp.c **** }
 352              		.loc 1 185 1 view .LVU99
 353 000a 08BD     		pop	{r3, pc}
 354              	.L20:
 163:Src/stm32l4xx_hal_msp.c **** 
 355              		.loc 1 163 5 is_stmt 1 view .LVU100
 356 000c 0C4A     		ldr	r2, .L21+4
 357 000e D36C     		ldr	r3, [r2, #76]
 358 0010 23F40053 		bic	r3, r3, #8192
 359 0014 D364     		str	r3, [r2, #76]
 172:Src/stm32l4xx_hal_msp.c **** 
 360              		.loc 1 172 5 view .LVU101
 361 0016 0321     		movs	r1, #3
 362 0018 4FF09040 		mov	r0, #1207959552
 363              	.LVL13:
 172:Src/stm32l4xx_hal_msp.c **** 
 364              		.loc 1 172 5 is_stmt 0 view .LVU102
 365 001c FFF7FEFF 		bl	HAL_GPIO_DeInit
 366              	.LVL14:
 174:Src/stm32l4xx_hal_msp.c **** 
 367              		.loc 1 174 5 is_stmt 1 view .LVU103
 368 0020 0848     		ldr	r0, .L21+8
 369 0022 1021     		movs	r1, #16
 370 0024 FFF7FEFF 		bl	HAL_GPIO_DeInit
 371              	.LVL15:
 176:Src/stm32l4xx_hal_msp.c **** 
 372              		.loc 1 176 5 view .LVU104
 373 0028 0748     		ldr	r0, .L21+12
ARM GAS  C:\Users\ep_ygh\AppData\Local\Temp\ccb4xMxH.s 			page 12


 374 002a 0321     		movs	r1, #3
 375 002c FFF7FEFF 		bl	HAL_GPIO_DeInit
 376              	.LVL16:
 179:Src/stm32l4xx_hal_msp.c ****   /* USER CODE BEGIN ADC1_MspDeInit 1 */
 377              		.loc 1 179 5 view .LVU105
 378              		.loc 1 185 1 is_stmt 0 view .LVU106
 379 0030 BDE80840 		pop	{r3, lr}
 380              	.LCFI11:
 381              		.cfi_restore 14
 382              		.cfi_restore 3
 383              		.cfi_def_cfa_offset 0
 179:Src/stm32l4xx_hal_msp.c ****   /* USER CODE BEGIN ADC1_MspDeInit 1 */
 384              		.loc 1 179 5 view .LVU107
 385 0034 1220     		movs	r0, #18
 386 0036 FFF7FEBF 		b	HAL_NVIC_DisableIRQ
 387              	.LVL17:
 388              	.L22:
 389 003a 00BF     		.align	2
 390              	.L21:
 391 003c 00000450 		.word	1342439424
 392 0040 00100240 		.word	1073876992
 393 0044 00080048 		.word	1207961600
 394 0048 00040048 		.word	1207960576
 395              		.cfi_endproc
 396              	.LFE1092:
 398              		.section	.text.HAL_TIM_Base_MspInit,"ax",%progbits
 399              		.align	1
 400              		.p2align 2,,3
 401              		.global	HAL_TIM_Base_MspInit
 402              		.syntax unified
 403              		.thumb
 404              		.thumb_func
 406              	HAL_TIM_Base_MspInit:
 407              	.LVL18:
 408              	.LFB1093:
 186:Src/stm32l4xx_hal_msp.c **** 
 187:Src/stm32l4xx_hal_msp.c **** /**
 188:Src/stm32l4xx_hal_msp.c **** * @brief TIM_Base MSP Initialization
 189:Src/stm32l4xx_hal_msp.c **** * This function configures the hardware resources used in this example
 190:Src/stm32l4xx_hal_msp.c **** * @param htim_base: TIM_Base handle pointer
 191:Src/stm32l4xx_hal_msp.c **** * @retval None
 192:Src/stm32l4xx_hal_msp.c **** */
 193:Src/stm32l4xx_hal_msp.c **** void HAL_TIM_Base_MspInit(TIM_HandleTypeDef* htim_base)
 194:Src/stm32l4xx_hal_msp.c **** {
 409              		.loc 1 194 1 is_stmt 1 view -0
 410              		.cfi_startproc
 411              		@ args = 0, pretend = 0, frame = 32
 412              		@ frame_needed = 0, uses_anonymous_args = 0
 195:Src/stm32l4xx_hal_msp.c ****   GPIO_InitTypeDef GPIO_InitStruct = {0};
 413              		.loc 1 195 3 view .LVU109
 194:Src/stm32l4xx_hal_msp.c ****   GPIO_InitTypeDef GPIO_InitStruct = {0};
 414              		.loc 1 194 1 is_stmt 0 view .LVU110
 415 0000 10B5     		push	{r4, lr}
 416              	.LCFI12:
 417              		.cfi_def_cfa_offset 8
 418              		.cfi_offset 4, -8
 419              		.cfi_offset 14, -4
ARM GAS  C:\Users\ep_ygh\AppData\Local\Temp\ccb4xMxH.s 			page 13


 196:Src/stm32l4xx_hal_msp.c ****   if(htim_base->Instance==TIM1)
 420              		.loc 1 196 5 view .LVU111
 421 0002 184A     		ldr	r2, .L27
 422 0004 0168     		ldr	r1, [r0]
 194:Src/stm32l4xx_hal_msp.c ****   GPIO_InitTypeDef GPIO_InitStruct = {0};
 423              		.loc 1 194 1 view .LVU112
 424 0006 88B0     		sub	sp, sp, #32
 425              	.LCFI13:
 426              		.cfi_def_cfa_offset 40
 195:Src/stm32l4xx_hal_msp.c ****   GPIO_InitTypeDef GPIO_InitStruct = {0};
 427              		.loc 1 195 20 view .LVU113
 428 0008 0023     		movs	r3, #0
 429              		.loc 1 196 5 view .LVU114
 430 000a 9142     		cmp	r1, r2
 195:Src/stm32l4xx_hal_msp.c ****   GPIO_InitTypeDef GPIO_InitStruct = {0};
 431              		.loc 1 195 20 view .LVU115
 432 000c CDE90233 		strd	r3, r3, [sp, #8]
 433 0010 CDE90433 		strd	r3, r3, [sp, #16]
 434 0014 0693     		str	r3, [sp, #24]
 435              		.loc 1 196 3 is_stmt 1 view .LVU116
 436              		.loc 1 196 5 is_stmt 0 view .LVU117
 437 0016 01D0     		beq	.L26
 197:Src/stm32l4xx_hal_msp.c ****   {
 198:Src/stm32l4xx_hal_msp.c ****   /* USER CODE BEGIN TIM1_MspInit 0 */
 199:Src/stm32l4xx_hal_msp.c **** 
 200:Src/stm32l4xx_hal_msp.c ****   /* USER CODE END TIM1_MspInit 0 */
 201:Src/stm32l4xx_hal_msp.c ****     /* Peripheral clock enable */
 202:Src/stm32l4xx_hal_msp.c ****     __HAL_RCC_TIM1_CLK_ENABLE();
 203:Src/stm32l4xx_hal_msp.c **** 
 204:Src/stm32l4xx_hal_msp.c ****     __HAL_RCC_GPIOB_CLK_ENABLE();
 205:Src/stm32l4xx_hal_msp.c ****     /**TIM1 GPIO Configuration
 206:Src/stm32l4xx_hal_msp.c ****     PB12     ------> TIM1_BKIN
 207:Src/stm32l4xx_hal_msp.c ****     */
 208:Src/stm32l4xx_hal_msp.c ****     GPIO_InitStruct.Pin = M1_DP_Pin;
 209:Src/stm32l4xx_hal_msp.c ****     GPIO_InitStruct.Mode = GPIO_MODE_AF_PP;
 210:Src/stm32l4xx_hal_msp.c ****     GPIO_InitStruct.Pull = GPIO_PULLUP;
 211:Src/stm32l4xx_hal_msp.c ****     GPIO_InitStruct.Speed = GPIO_SPEED_FREQ_LOW;
 212:Src/stm32l4xx_hal_msp.c ****     GPIO_InitStruct.Alternate = GPIO_AF1_TIM1;
 213:Src/stm32l4xx_hal_msp.c ****     HAL_GPIO_Init(M1_DP_GPIO_Port, &GPIO_InitStruct);
 214:Src/stm32l4xx_hal_msp.c **** 
 215:Src/stm32l4xx_hal_msp.c ****   /* USER CODE BEGIN TIM1_MspInit 1 */
 216:Src/stm32l4xx_hal_msp.c **** 
 217:Src/stm32l4xx_hal_msp.c ****   /* USER CODE END TIM1_MspInit 1 */
 218:Src/stm32l4xx_hal_msp.c **** 
 219:Src/stm32l4xx_hal_msp.c ****   }
 220:Src/stm32l4xx_hal_msp.c **** 
 221:Src/stm32l4xx_hal_msp.c **** }
 438              		.loc 1 221 1 view .LVU118
 439 0018 08B0     		add	sp, sp, #32
 440              	.LCFI14:
 441              		.cfi_remember_state
 442              		.cfi_def_cfa_offset 8
 443              		@ sp needed
 444 001a 10BD     		pop	{r4, pc}
 445              	.L26:
 446              	.LCFI15:
 447              		.cfi_restore_state
ARM GAS  C:\Users\ep_ygh\AppData\Local\Temp\ccb4xMxH.s 			page 14


 202:Src/stm32l4xx_hal_msp.c **** 
 448              		.loc 1 202 5 is_stmt 1 view .LVU119
 449              	.LBB12:
 202:Src/stm32l4xx_hal_msp.c **** 
 450              		.loc 1 202 5 view .LVU120
 202:Src/stm32l4xx_hal_msp.c **** 
 451              		.loc 1 202 5 view .LVU121
 452 001c 03F18043 		add	r3, r3, #1073741824
 453 0020 03F50433 		add	r3, r3, #135168
 454              	.LBE12:
 210:Src/stm32l4xx_hal_msp.c ****     GPIO_InitStruct.Speed = GPIO_SPEED_FREQ_LOW;
 455              		.loc 1 210 26 is_stmt 0 view .LVU122
 456 0024 0124     		movs	r4, #1
 457              	.LBB13:
 202:Src/stm32l4xx_hal_msp.c **** 
 458              		.loc 1 202 5 view .LVU123
 459 0026 1A6E     		ldr	r2, [r3, #96]
 460              	.LBE13:
 213:Src/stm32l4xx_hal_msp.c **** 
 461              		.loc 1 213 5 view .LVU124
 462 0028 0F48     		ldr	r0, .L27+4
 463              	.LVL19:
 464              	.LBB14:
 202:Src/stm32l4xx_hal_msp.c **** 
 465              		.loc 1 202 5 view .LVU125
 466 002a 42F40062 		orr	r2, r2, #2048
 467 002e 1A66     		str	r2, [r3, #96]
 202:Src/stm32l4xx_hal_msp.c **** 
 468              		.loc 1 202 5 is_stmt 1 view .LVU126
 469 0030 1A6E     		ldr	r2, [r3, #96]
 470 0032 02F40062 		and	r2, r2, #2048
 471 0036 0092     		str	r2, [sp]
 202:Src/stm32l4xx_hal_msp.c **** 
 472              		.loc 1 202 5 view .LVU127
 473 0038 009A     		ldr	r2, [sp]
 474              	.LBE14:
 202:Src/stm32l4xx_hal_msp.c **** 
 475              		.loc 1 202 5 view .LVU128
 204:Src/stm32l4xx_hal_msp.c ****     /**TIM1 GPIO Configuration
 476              		.loc 1 204 5 view .LVU129
 477              	.LBB15:
 204:Src/stm32l4xx_hal_msp.c ****     /**TIM1 GPIO Configuration
 478              		.loc 1 204 5 view .LVU130
 204:Src/stm32l4xx_hal_msp.c ****     /**TIM1 GPIO Configuration
 479              		.loc 1 204 5 view .LVU131
 480 003a DA6C     		ldr	r2, [r3, #76]
 481 003c 42F00202 		orr	r2, r2, #2
 482 0040 DA64     		str	r2, [r3, #76]
 204:Src/stm32l4xx_hal_msp.c ****     /**TIM1 GPIO Configuration
 483              		.loc 1 204 5 view .LVU132
 484 0042 DB6C     		ldr	r3, [r3, #76]
 485              	.LBE15:
 210:Src/stm32l4xx_hal_msp.c ****     GPIO_InitStruct.Speed = GPIO_SPEED_FREQ_LOW;
 486              		.loc 1 210 26 is_stmt 0 view .LVU133
 487 0044 0494     		str	r4, [sp, #16]
 488              	.LBB16:
 204:Src/stm32l4xx_hal_msp.c ****     /**TIM1 GPIO Configuration
ARM GAS  C:\Users\ep_ygh\AppData\Local\Temp\ccb4xMxH.s 			page 15


 489              		.loc 1 204 5 view .LVU134
 490 0046 03F00203 		and	r3, r3, #2
 491 004a 0193     		str	r3, [sp, #4]
 204:Src/stm32l4xx_hal_msp.c ****     /**TIM1 GPIO Configuration
 492              		.loc 1 204 5 is_stmt 1 view .LVU135
 493              	.LBE16:
 208:Src/stm32l4xx_hal_msp.c ****     GPIO_InitStruct.Mode = GPIO_MODE_AF_PP;
 494              		.loc 1 208 25 is_stmt 0 view .LVU136
 495 004c 4FF48052 		mov	r2, #4096
 213:Src/stm32l4xx_hal_msp.c **** 
 496              		.loc 1 213 5 view .LVU137
 497 0050 02A9     		add	r1, sp, #8
 208:Src/stm32l4xx_hal_msp.c ****     GPIO_InitStruct.Mode = GPIO_MODE_AF_PP;
 498              		.loc 1 208 25 view .LVU138
 499 0052 0223     		movs	r3, #2
 500 0054 CDE90223 		strd	r2, [sp, #8]
 212:Src/stm32l4xx_hal_msp.c ****     HAL_GPIO_Init(M1_DP_GPIO_Port, &GPIO_InitStruct);
 501              		.loc 1 212 31 view .LVU139
 502 0058 0694     		str	r4, [sp, #24]
 503              	.LBB17:
 204:Src/stm32l4xx_hal_msp.c ****     /**TIM1 GPIO Configuration
 504              		.loc 1 204 5 view .LVU140
 505 005a 019B     		ldr	r3, [sp, #4]
 506              	.LBE17:
 204:Src/stm32l4xx_hal_msp.c ****     /**TIM1 GPIO Configuration
 507              		.loc 1 204 5 is_stmt 1 view .LVU141
 208:Src/stm32l4xx_hal_msp.c ****     GPIO_InitStruct.Mode = GPIO_MODE_AF_PP;
 508              		.loc 1 208 5 view .LVU142
 209:Src/stm32l4xx_hal_msp.c ****     GPIO_InitStruct.Pull = GPIO_PULLUP;
 509              		.loc 1 209 5 view .LVU143
 210:Src/stm32l4xx_hal_msp.c ****     GPIO_InitStruct.Speed = GPIO_SPEED_FREQ_LOW;
 510              		.loc 1 210 5 view .LVU144
 211:Src/stm32l4xx_hal_msp.c ****     GPIO_InitStruct.Alternate = GPIO_AF1_TIM1;
 511              		.loc 1 211 5 view .LVU145
 212:Src/stm32l4xx_hal_msp.c ****     HAL_GPIO_Init(M1_DP_GPIO_Port, &GPIO_InitStruct);
 512              		.loc 1 212 5 view .LVU146
 213:Src/stm32l4xx_hal_msp.c **** 
 513              		.loc 1 213 5 view .LVU147
 514 005c FFF7FEFF 		bl	HAL_GPIO_Init
 515              	.LVL20:
 516              		.loc 1 221 1 is_stmt 0 view .LVU148
 517 0060 08B0     		add	sp, sp, #32
 518              	.LCFI16:
 519              		.cfi_def_cfa_offset 8
 520              		@ sp needed
 521 0062 10BD     		pop	{r4, pc}
 522              	.L28:
 523              		.align	2
 524              	.L27:
 525 0064 002C0140 		.word	1073818624
 526 0068 00040048 		.word	1207960576
 527              		.cfi_endproc
 528              	.LFE1093:
 530              		.section	.text.HAL_TIM_MspPostInit,"ax",%progbits
 531              		.align	1
 532              		.p2align 2,,3
 533              		.global	HAL_TIM_MspPostInit
ARM GAS  C:\Users\ep_ygh\AppData\Local\Temp\ccb4xMxH.s 			page 16


 534              		.syntax unified
 535              		.thumb
 536              		.thumb_func
 538              	HAL_TIM_MspPostInit:
 539              	.LVL21:
 540              	.LFB1094:
 222:Src/stm32l4xx_hal_msp.c **** 
 223:Src/stm32l4xx_hal_msp.c **** void HAL_TIM_MspPostInit(TIM_HandleTypeDef* htim)
 224:Src/stm32l4xx_hal_msp.c **** {
 541              		.loc 1 224 1 is_stmt 1 view -0
 542              		.cfi_startproc
 543              		@ args = 0, pretend = 0, frame = 32
 544              		@ frame_needed = 0, uses_anonymous_args = 0
 225:Src/stm32l4xx_hal_msp.c ****   GPIO_InitTypeDef GPIO_InitStruct = {0};
 545              		.loc 1 225 3 view .LVU150
 224:Src/stm32l4xx_hal_msp.c ****   GPIO_InitTypeDef GPIO_InitStruct = {0};
 546              		.loc 1 224 1 is_stmt 0 view .LVU151
 547 0000 00B5     		push	{lr}
 548              	.LCFI17:
 549              		.cfi_def_cfa_offset 4
 550              		.cfi_offset 14, -4
 226:Src/stm32l4xx_hal_msp.c ****   if(htim->Instance==TIM1)
 551              		.loc 1 226 5 view .LVU152
 552 0002 1B4A     		ldr	r2, .L33+16
 553 0004 0168     		ldr	r1, [r0]
 224:Src/stm32l4xx_hal_msp.c ****   GPIO_InitTypeDef GPIO_InitStruct = {0};
 554              		.loc 1 224 1 view .LVU153
 555 0006 89B0     		sub	sp, sp, #36
 556              	.LCFI18:
 557              		.cfi_def_cfa_offset 40
 225:Src/stm32l4xx_hal_msp.c ****   GPIO_InitTypeDef GPIO_InitStruct = {0};
 558              		.loc 1 225 20 view .LVU154
 559 0008 0023     		movs	r3, #0
 560              		.loc 1 226 5 view .LVU155
 561 000a 9142     		cmp	r1, r2
 225:Src/stm32l4xx_hal_msp.c ****   GPIO_InitTypeDef GPIO_InitStruct = {0};
 562              		.loc 1 225 20 view .LVU156
 563 000c CDE90233 		strd	r3, r3, [sp, #8]
 564 0010 CDE90433 		strd	r3, r3, [sp, #16]
 565 0014 0693     		str	r3, [sp, #24]
 566              		.loc 1 226 3 is_stmt 1 view .LVU157
 567              		.loc 1 226 5 is_stmt 0 view .LVU158
 568 0016 02D0     		beq	.L32
 227:Src/stm32l4xx_hal_msp.c ****   {
 228:Src/stm32l4xx_hal_msp.c ****   /* USER CODE BEGIN TIM1_MspPostInit 0 */
 229:Src/stm32l4xx_hal_msp.c **** 
 230:Src/stm32l4xx_hal_msp.c ****   /* USER CODE END TIM1_MspPostInit 0 */
 231:Src/stm32l4xx_hal_msp.c **** 
 232:Src/stm32l4xx_hal_msp.c ****     __HAL_RCC_GPIOA_CLK_ENABLE();
 233:Src/stm32l4xx_hal_msp.c ****     /**TIM1 GPIO Configuration
 234:Src/stm32l4xx_hal_msp.c ****     PA8     ------> TIM1_CH1
 235:Src/stm32l4xx_hal_msp.c ****     PA9     ------> TIM1_CH2
 236:Src/stm32l4xx_hal_msp.c ****     PA10     ------> TIM1_CH3
 237:Src/stm32l4xx_hal_msp.c ****     */
 238:Src/stm32l4xx_hal_msp.c ****     GPIO_InitStruct.Pin = M1_PWM_UH_Pin|M1_PWM_VH_Pin|M1_PWM_WH_Pin;
 239:Src/stm32l4xx_hal_msp.c ****     GPIO_InitStruct.Mode = GPIO_MODE_AF_PP;
 240:Src/stm32l4xx_hal_msp.c ****     GPIO_InitStruct.Pull = GPIO_PULLDOWN;
ARM GAS  C:\Users\ep_ygh\AppData\Local\Temp\ccb4xMxH.s 			page 17


 241:Src/stm32l4xx_hal_msp.c ****     GPIO_InitStruct.Speed = GPIO_SPEED_FREQ_HIGH;
 242:Src/stm32l4xx_hal_msp.c ****     GPIO_InitStruct.Alternate = GPIO_AF1_TIM1;
 243:Src/stm32l4xx_hal_msp.c ****     HAL_GPIO_Init(GPIOA, &GPIO_InitStruct);
 244:Src/stm32l4xx_hal_msp.c **** 
 245:Src/stm32l4xx_hal_msp.c ****   /* USER CODE BEGIN TIM1_MspPostInit 1 */
 246:Src/stm32l4xx_hal_msp.c **** 
 247:Src/stm32l4xx_hal_msp.c ****   /* USER CODE END TIM1_MspPostInit 1 */
 248:Src/stm32l4xx_hal_msp.c ****   }
 249:Src/stm32l4xx_hal_msp.c **** 
 250:Src/stm32l4xx_hal_msp.c **** }
 569              		.loc 1 250 1 view .LVU159
 570 0018 09B0     		add	sp, sp, #36
 571              	.LCFI19:
 572              		.cfi_remember_state
 573              		.cfi_def_cfa_offset 4
 574              		@ sp needed
 575 001a 5DF804FB 		ldr	pc, [sp], #4
 576              	.L32:
 577              	.LCFI20:
 578              		.cfi_restore_state
 232:Src/stm32l4xx_hal_msp.c ****     /**TIM1 GPIO Configuration
 579              		.loc 1 232 5 is_stmt 1 view .LVU160
 580              	.LBB18:
 232:Src/stm32l4xx_hal_msp.c ****     /**TIM1 GPIO Configuration
 581              		.loc 1 232 5 view .LVU161
 232:Src/stm32l4xx_hal_msp.c ****     /**TIM1 GPIO Configuration
 582              		.loc 1 232 5 view .LVU162
 583 001e 03F18043 		add	r3, r3, #1073741824
 584 0022 03F50433 		add	r3, r3, #135168
 585              	.LBE18:
 238:Src/stm32l4xx_hal_msp.c ****     GPIO_InitStruct.Mode = GPIO_MODE_AF_PP;
 586              		.loc 1 238 25 is_stmt 0 view .LVU163
 587 0026 9FED0E7B 		vldr.64	d7, .L33	@ int
 588              	.LBB19:
 232:Src/stm32l4xx_hal_msp.c ****     /**TIM1 GPIO Configuration
 589              		.loc 1 232 5 view .LVU164
 590 002a DA6C     		ldr	r2, [r3, #76]
 591 002c 42F00102 		orr	r2, r2, #1
 592 0030 DA64     		str	r2, [r3, #76]
 232:Src/stm32l4xx_hal_msp.c ****     /**TIM1 GPIO Configuration
 593              		.loc 1 232 5 is_stmt 1 view .LVU165
 594 0032 DB6C     		ldr	r3, [r3, #76]
 595              	.LBE19:
 238:Src/stm32l4xx_hal_msp.c ****     GPIO_InitStruct.Mode = GPIO_MODE_AF_PP;
 596              		.loc 1 238 25 is_stmt 0 view .LVU166
 597 0034 8DED027B 		vstr.64	d7, [sp, #8]	@ int
 598 0038 9FED0B7B 		vldr.64	d7, .L33+8	@ int
 599              	.LBB20:
 232:Src/stm32l4xx_hal_msp.c ****     /**TIM1 GPIO Configuration
 600              		.loc 1 232 5 view .LVU167
 601 003c 03F00103 		and	r3, r3, #1
 602 0040 0193     		str	r3, [sp, #4]
 232:Src/stm32l4xx_hal_msp.c ****     /**TIM1 GPIO Configuration
 603              		.loc 1 232 5 is_stmt 1 view .LVU168
 604              	.LBE20:
 243:Src/stm32l4xx_hal_msp.c **** 
 605              		.loc 1 243 5 is_stmt 0 view .LVU169
ARM GAS  C:\Users\ep_ygh\AppData\Local\Temp\ccb4xMxH.s 			page 18


 606 0042 02A9     		add	r1, sp, #8
 242:Src/stm32l4xx_hal_msp.c ****     HAL_GPIO_Init(GPIOA, &GPIO_InitStruct);
 607              		.loc 1 242 31 view .LVU170
 608 0044 0123     		movs	r3, #1
 243:Src/stm32l4xx_hal_msp.c **** 
 609              		.loc 1 243 5 view .LVU171
 610 0046 4FF09040 		mov	r0, #1207959552
 611              	.LVL22:
 238:Src/stm32l4xx_hal_msp.c ****     GPIO_InitStruct.Mode = GPIO_MODE_AF_PP;
 612              		.loc 1 238 25 view .LVU172
 613 004a 8DED047B 		vstr.64	d7, [sp, #16]	@ int
 614              	.LBB21:
 232:Src/stm32l4xx_hal_msp.c ****     /**TIM1 GPIO Configuration
 615              		.loc 1 232 5 view .LVU173
 616 004e 019A     		ldr	r2, [sp, #4]
 617              	.LBE21:
 232:Src/stm32l4xx_hal_msp.c ****     /**TIM1 GPIO Configuration
 618              		.loc 1 232 5 is_stmt 1 view .LVU174
 238:Src/stm32l4xx_hal_msp.c ****     GPIO_InitStruct.Mode = GPIO_MODE_AF_PP;
 619              		.loc 1 238 5 view .LVU175
 239:Src/stm32l4xx_hal_msp.c ****     GPIO_InitStruct.Pull = GPIO_PULLDOWN;
 620              		.loc 1 239 5 view .LVU176
 240:Src/stm32l4xx_hal_msp.c ****     GPIO_InitStruct.Speed = GPIO_SPEED_FREQ_HIGH;
 621              		.loc 1 240 5 view .LVU177
 241:Src/stm32l4xx_hal_msp.c ****     GPIO_InitStruct.Alternate = GPIO_AF1_TIM1;
 622              		.loc 1 241 5 view .LVU178
 242:Src/stm32l4xx_hal_msp.c ****     HAL_GPIO_Init(GPIOA, &GPIO_InitStruct);
 623              		.loc 1 242 5 view .LVU179
 242:Src/stm32l4xx_hal_msp.c ****     HAL_GPIO_Init(GPIOA, &GPIO_InitStruct);
 624              		.loc 1 242 31 is_stmt 0 view .LVU180
 625 0050 0693     		str	r3, [sp, #24]
 243:Src/stm32l4xx_hal_msp.c **** 
 626              		.loc 1 243 5 is_stmt 1 view .LVU181
 627 0052 FFF7FEFF 		bl	HAL_GPIO_Init
 628              	.LVL23:
 629              		.loc 1 250 1 is_stmt 0 view .LVU182
 630 0056 09B0     		add	sp, sp, #36
 631              	.LCFI21:
 632              		.cfi_def_cfa_offset 4
 633              		@ sp needed
 634 0058 5DF804FB 		ldr	pc, [sp], #4
 635              	.L34:
 636 005c AFF30080 		.align	3
 637              	.L33:
 638 0060 00070000 		.word	1792
 639 0064 02000000 		.word	2
 640 0068 02000000 		.word	2
 641 006c 02000000 		.word	2
 642 0070 002C0140 		.word	1073818624
 643              		.cfi_endproc
 644              	.LFE1094:
 646              		.section	.text.HAL_TIM_Base_MspDeInit,"ax",%progbits
 647              		.align	1
 648              		.p2align 2,,3
 649              		.global	HAL_TIM_Base_MspDeInit
 650              		.syntax unified
 651              		.thumb
ARM GAS  C:\Users\ep_ygh\AppData\Local\Temp\ccb4xMxH.s 			page 19


 652              		.thumb_func
 654              	HAL_TIM_Base_MspDeInit:
 655              	.LVL24:
 656              	.LFB1095:
 251:Src/stm32l4xx_hal_msp.c **** /**
 252:Src/stm32l4xx_hal_msp.c **** * @brief TIM_Base MSP De-Initialization
 253:Src/stm32l4xx_hal_msp.c **** * This function freeze the hardware resources used in this example
 254:Src/stm32l4xx_hal_msp.c **** * @param htim_base: TIM_Base handle pointer
 255:Src/stm32l4xx_hal_msp.c **** * @retval None
 256:Src/stm32l4xx_hal_msp.c **** */
 257:Src/stm32l4xx_hal_msp.c **** void HAL_TIM_Base_MspDeInit(TIM_HandleTypeDef* htim_base)
 258:Src/stm32l4xx_hal_msp.c **** {
 657              		.loc 1 258 1 is_stmt 1 view -0
 658              		.cfi_startproc
 659              		@ args = 0, pretend = 0, frame = 0
 660              		@ frame_needed = 0, uses_anonymous_args = 0
 259:Src/stm32l4xx_hal_msp.c ****   if(htim_base->Instance==TIM1)
 661              		.loc 1 259 3 view .LVU184
 258:Src/stm32l4xx_hal_msp.c ****   if(htim_base->Instance==TIM1)
 662              		.loc 1 258 1 is_stmt 0 view .LVU185
 663 0000 08B5     		push	{r3, lr}
 664              	.LCFI22:
 665              		.cfi_def_cfa_offset 8
 666              		.cfi_offset 3, -8
 667              		.cfi_offset 14, -4
 668              		.loc 1 259 5 view .LVU186
 669 0002 0268     		ldr	r2, [r0]
 670 0004 0D4B     		ldr	r3, .L39
 671 0006 9A42     		cmp	r2, r3
 672 0008 00D0     		beq	.L38
 260:Src/stm32l4xx_hal_msp.c ****   {
 261:Src/stm32l4xx_hal_msp.c ****   /* USER CODE BEGIN TIM1_MspDeInit 0 */
 262:Src/stm32l4xx_hal_msp.c **** 
 263:Src/stm32l4xx_hal_msp.c ****   /* USER CODE END TIM1_MspDeInit 0 */
 264:Src/stm32l4xx_hal_msp.c ****     /* Peripheral clock disable */
 265:Src/stm32l4xx_hal_msp.c ****     __HAL_RCC_TIM1_CLK_DISABLE();
 266:Src/stm32l4xx_hal_msp.c **** 
 267:Src/stm32l4xx_hal_msp.c ****     /**TIM1 GPIO Configuration
 268:Src/stm32l4xx_hal_msp.c ****     PB12     ------> TIM1_BKIN
 269:Src/stm32l4xx_hal_msp.c ****     PA8     ------> TIM1_CH1
 270:Src/stm32l4xx_hal_msp.c ****     PA9     ------> TIM1_CH2
 271:Src/stm32l4xx_hal_msp.c ****     PA10     ------> TIM1_CH3
 272:Src/stm32l4xx_hal_msp.c ****     */
 273:Src/stm32l4xx_hal_msp.c ****     HAL_GPIO_DeInit(M1_DP_GPIO_Port, M1_DP_Pin);
 274:Src/stm32l4xx_hal_msp.c **** 
 275:Src/stm32l4xx_hal_msp.c ****     HAL_GPIO_DeInit(GPIOA, M1_PWM_UH_Pin|M1_PWM_VH_Pin|M1_PWM_WH_Pin);
 276:Src/stm32l4xx_hal_msp.c **** 
 277:Src/stm32l4xx_hal_msp.c ****     /* TIM1 interrupt DeInit */
 278:Src/stm32l4xx_hal_msp.c ****     HAL_NVIC_DisableIRQ(TIM1_BRK_TIM15_IRQn);
 279:Src/stm32l4xx_hal_msp.c ****     HAL_NVIC_DisableIRQ(TIM1_UP_TIM16_IRQn);
 280:Src/stm32l4xx_hal_msp.c ****   /* USER CODE BEGIN TIM1_MspDeInit 1 */
 281:Src/stm32l4xx_hal_msp.c **** 
 282:Src/stm32l4xx_hal_msp.c ****   /* USER CODE END TIM1_MspDeInit 1 */
 283:Src/stm32l4xx_hal_msp.c ****   }
 284:Src/stm32l4xx_hal_msp.c **** 
 285:Src/stm32l4xx_hal_msp.c **** }
 673              		.loc 1 285 1 view .LVU187
ARM GAS  C:\Users\ep_ygh\AppData\Local\Temp\ccb4xMxH.s 			page 20


 674 000a 08BD     		pop	{r3, pc}
 675              	.L38:
 265:Src/stm32l4xx_hal_msp.c **** 
 676              		.loc 1 265 5 is_stmt 1 view .LVU188
 677 000c 0C4A     		ldr	r2, .L39+4
 273:Src/stm32l4xx_hal_msp.c **** 
 678              		.loc 1 273 5 is_stmt 0 view .LVU189
 679 000e 0D48     		ldr	r0, .L39+8
 680              	.LVL25:
 265:Src/stm32l4xx_hal_msp.c **** 
 681              		.loc 1 265 5 view .LVU190
 682 0010 136E     		ldr	r3, [r2, #96]
 683 0012 23F40063 		bic	r3, r3, #2048
 684 0016 1366     		str	r3, [r2, #96]
 273:Src/stm32l4xx_hal_msp.c **** 
 685              		.loc 1 273 5 is_stmt 1 view .LVU191
 686 0018 4FF48051 		mov	r1, #4096
 687 001c FFF7FEFF 		bl	HAL_GPIO_DeInit
 688              	.LVL26:
 275:Src/stm32l4xx_hal_msp.c **** 
 689              		.loc 1 275 5 view .LVU192
 690 0020 4FF4E061 		mov	r1, #1792
 691 0024 4FF09040 		mov	r0, #1207959552
 692 0028 FFF7FEFF 		bl	HAL_GPIO_DeInit
 693              	.LVL27:
 278:Src/stm32l4xx_hal_msp.c ****     HAL_NVIC_DisableIRQ(TIM1_UP_TIM16_IRQn);
 694              		.loc 1 278 5 view .LVU193
 695 002c 1820     		movs	r0, #24
 696 002e FFF7FEFF 		bl	HAL_NVIC_DisableIRQ
 697              	.LVL28:
 279:Src/stm32l4xx_hal_msp.c ****   /* USER CODE BEGIN TIM1_MspDeInit 1 */
 698              		.loc 1 279 5 view .LVU194
 699              		.loc 1 285 1 is_stmt 0 view .LVU195
 700 0032 BDE80840 		pop	{r3, lr}
 701              	.LCFI23:
 702              		.cfi_restore 14
 703              		.cfi_restore 3
 704              		.cfi_def_cfa_offset 0
 279:Src/stm32l4xx_hal_msp.c ****   /* USER CODE BEGIN TIM1_MspDeInit 1 */
 705              		.loc 1 279 5 view .LVU196
 706 0036 1920     		movs	r0, #25
 707 0038 FFF7FEBF 		b	HAL_NVIC_DisableIRQ
 708              	.LVL29:
 709              	.L40:
 710              		.align	2
 711              	.L39:
 712 003c 002C0140 		.word	1073818624
 713 0040 00100240 		.word	1073876992
 714 0044 00040048 		.word	1207960576
 715              		.cfi_endproc
 716              	.LFE1095:
 718              		.section	.text.HAL_UART_MspInit,"ax",%progbits
 719              		.align	1
 720              		.p2align 2,,3
 721              		.global	HAL_UART_MspInit
 722              		.syntax unified
 723              		.thumb
ARM GAS  C:\Users\ep_ygh\AppData\Local\Temp\ccb4xMxH.s 			page 21


 724              		.thumb_func
 726              	HAL_UART_MspInit:
 727              	.LVL30:
 728              	.LFB1096:
 286:Src/stm32l4xx_hal_msp.c **** 
 287:Src/stm32l4xx_hal_msp.c **** /**
 288:Src/stm32l4xx_hal_msp.c **** * @brief UART MSP Initialization
 289:Src/stm32l4xx_hal_msp.c **** * This function configures the hardware resources used in this example
 290:Src/stm32l4xx_hal_msp.c **** * @param huart: UART handle pointer
 291:Src/stm32l4xx_hal_msp.c **** * @retval None
 292:Src/stm32l4xx_hal_msp.c **** */
 293:Src/stm32l4xx_hal_msp.c **** void HAL_UART_MspInit(UART_HandleTypeDef* huart)
 294:Src/stm32l4xx_hal_msp.c **** {
 729              		.loc 1 294 1 is_stmt 1 view -0
 730              		.cfi_startproc
 731              		@ args = 0, pretend = 0, frame = 168
 732              		@ frame_needed = 0, uses_anonymous_args = 0
 295:Src/stm32l4xx_hal_msp.c ****   GPIO_InitTypeDef GPIO_InitStruct = {0};
 733              		.loc 1 295 3 view .LVU198
 294:Src/stm32l4xx_hal_msp.c ****   GPIO_InitTypeDef GPIO_InitStruct = {0};
 734              		.loc 1 294 1 is_stmt 0 view .LVU199
 735 0000 70B5     		push	{r4, r5, r6, lr}
 736              	.LCFI24:
 737              		.cfi_def_cfa_offset 16
 738              		.cfi_offset 4, -16
 739              		.cfi_offset 5, -12
 740              		.cfi_offset 6, -8
 741              		.cfi_offset 14, -4
 742 0002 0446     		mov	r4, r0
 743 0004 AAB0     		sub	sp, sp, #168
 744              	.LCFI25:
 745              		.cfi_def_cfa_offset 184
 746              		.loc 1 295 20 view .LVU200
 747 0006 0021     		movs	r1, #0
 296:Src/stm32l4xx_hal_msp.c ****   RCC_PeriphCLKInitTypeDef PeriphClkInit = {0};
 748              		.loc 1 296 28 view .LVU201
 749 0008 8822     		movs	r2, #136
 750 000a 08A8     		add	r0, sp, #32
 751              	.LVL31:
 295:Src/stm32l4xx_hal_msp.c ****   GPIO_InitTypeDef GPIO_InitStruct = {0};
 752              		.loc 1 295 20 view .LVU202
 753 000c CDE90211 		strd	r1, r1, [sp, #8]
 754 0010 CDE90411 		strd	r1, r1, [sp, #16]
 755 0014 0691     		str	r1, [sp, #24]
 756              		.loc 1 296 3 is_stmt 1 view .LVU203
 757              		.loc 1 296 28 is_stmt 0 view .LVU204
 758 0016 FFF7FEFF 		bl	memset
 759              	.LVL32:
 297:Src/stm32l4xx_hal_msp.c ****   if(huart->Instance==USART2)
 760              		.loc 1 297 3 is_stmt 1 view .LVU205
 761              		.loc 1 297 5 is_stmt 0 view .LVU206
 762 001a 324B     		ldr	r3, .L60
 763 001c 2268     		ldr	r2, [r4]
 764 001e 9A42     		cmp	r2, r3
 765 0020 01D0     		beq	.L56
 298:Src/stm32l4xx_hal_msp.c ****   {
 299:Src/stm32l4xx_hal_msp.c ****   /* USER CODE BEGIN USART2_MspInit 0 */
ARM GAS  C:\Users\ep_ygh\AppData\Local\Temp\ccb4xMxH.s 			page 22


 300:Src/stm32l4xx_hal_msp.c **** 
 301:Src/stm32l4xx_hal_msp.c ****   /* USER CODE END USART2_MspInit 0 */
 302:Src/stm32l4xx_hal_msp.c **** 
 303:Src/stm32l4xx_hal_msp.c ****   /** Initializes the peripherals clock
 304:Src/stm32l4xx_hal_msp.c ****   */
 305:Src/stm32l4xx_hal_msp.c ****     PeriphClkInit.PeriphClockSelection = RCC_PERIPHCLK_USART2;
 306:Src/stm32l4xx_hal_msp.c ****     PeriphClkInit.Usart2ClockSelection = RCC_USART2CLKSOURCE_SYSCLK;
 307:Src/stm32l4xx_hal_msp.c ****     if (HAL_RCCEx_PeriphCLKConfig(&PeriphClkInit) != HAL_OK)
 308:Src/stm32l4xx_hal_msp.c ****     {
 309:Src/stm32l4xx_hal_msp.c ****       Error_Handler();
 310:Src/stm32l4xx_hal_msp.c ****     }
 311:Src/stm32l4xx_hal_msp.c **** 
 312:Src/stm32l4xx_hal_msp.c ****     /* Peripheral clock enable */
 313:Src/stm32l4xx_hal_msp.c ****     __HAL_RCC_USART2_CLK_ENABLE();
 314:Src/stm32l4xx_hal_msp.c **** 
 315:Src/stm32l4xx_hal_msp.c ****     __HAL_RCC_GPIOA_CLK_ENABLE();
 316:Src/stm32l4xx_hal_msp.c ****     /**USART2 GPIO Configuration
 317:Src/stm32l4xx_hal_msp.c ****     PA2     ------> USART2_TX
 318:Src/stm32l4xx_hal_msp.c ****     PA3     ------> USART2_RX
 319:Src/stm32l4xx_hal_msp.c ****     */
 320:Src/stm32l4xx_hal_msp.c ****     GPIO_InitStruct.Pin = UART_TX_Pin|UART_RX_Pin;
 321:Src/stm32l4xx_hal_msp.c ****     GPIO_InitStruct.Mode = GPIO_MODE_AF_PP;
 322:Src/stm32l4xx_hal_msp.c ****     GPIO_InitStruct.Pull = GPIO_NOPULL;
 323:Src/stm32l4xx_hal_msp.c ****     GPIO_InitStruct.Speed = GPIO_SPEED_FREQ_LOW;
 324:Src/stm32l4xx_hal_msp.c ****     GPIO_InitStruct.Alternate = GPIO_AF7_USART2;
 325:Src/stm32l4xx_hal_msp.c ****     HAL_GPIO_Init(GPIOA, &GPIO_InitStruct);
 326:Src/stm32l4xx_hal_msp.c **** 
 327:Src/stm32l4xx_hal_msp.c ****     /* USART2 DMA Init */
 328:Src/stm32l4xx_hal_msp.c ****     /* USART2_RX Init */
 329:Src/stm32l4xx_hal_msp.c ****     hdma_usart2_rx.Instance = DMA1_Channel6;
 330:Src/stm32l4xx_hal_msp.c ****     hdma_usart2_rx.Init.Request = DMA_REQUEST_2;
 331:Src/stm32l4xx_hal_msp.c ****     hdma_usart2_rx.Init.Direction = DMA_PERIPH_TO_MEMORY;
 332:Src/stm32l4xx_hal_msp.c ****     hdma_usart2_rx.Init.PeriphInc = DMA_PINC_DISABLE;
 333:Src/stm32l4xx_hal_msp.c ****     hdma_usart2_rx.Init.MemInc = DMA_MINC_ENABLE;
 334:Src/stm32l4xx_hal_msp.c ****     hdma_usart2_rx.Init.PeriphDataAlignment = DMA_PDATAALIGN_BYTE;
 335:Src/stm32l4xx_hal_msp.c ****     hdma_usart2_rx.Init.MemDataAlignment = DMA_MDATAALIGN_BYTE;
 336:Src/stm32l4xx_hal_msp.c ****     hdma_usart2_rx.Init.Mode = DMA_NORMAL;
 337:Src/stm32l4xx_hal_msp.c ****     hdma_usart2_rx.Init.Priority = DMA_PRIORITY_LOW;
 338:Src/stm32l4xx_hal_msp.c ****     if (HAL_DMA_Init(&hdma_usart2_rx) != HAL_OK)
 339:Src/stm32l4xx_hal_msp.c ****     {
 340:Src/stm32l4xx_hal_msp.c ****       Error_Handler();
 341:Src/stm32l4xx_hal_msp.c ****     }
 342:Src/stm32l4xx_hal_msp.c **** 
 343:Src/stm32l4xx_hal_msp.c ****     __HAL_LINKDMA(huart,hdmarx,hdma_usart2_rx);
 344:Src/stm32l4xx_hal_msp.c **** 
 345:Src/stm32l4xx_hal_msp.c ****     /* USART2_TX Init */
 346:Src/stm32l4xx_hal_msp.c ****     hdma_usart2_tx.Instance = DMA1_Channel7;
 347:Src/stm32l4xx_hal_msp.c ****     hdma_usart2_tx.Init.Request = DMA_REQUEST_2;
 348:Src/stm32l4xx_hal_msp.c ****     hdma_usart2_tx.Init.Direction = DMA_MEMORY_TO_PERIPH;
 349:Src/stm32l4xx_hal_msp.c ****     hdma_usart2_tx.Init.PeriphInc = DMA_PINC_DISABLE;
 350:Src/stm32l4xx_hal_msp.c ****     hdma_usart2_tx.Init.MemInc = DMA_MINC_ENABLE;
 351:Src/stm32l4xx_hal_msp.c ****     hdma_usart2_tx.Init.PeriphDataAlignment = DMA_PDATAALIGN_BYTE;
 352:Src/stm32l4xx_hal_msp.c ****     hdma_usart2_tx.Init.MemDataAlignment = DMA_MDATAALIGN_BYTE;
 353:Src/stm32l4xx_hal_msp.c ****     hdma_usart2_tx.Init.Mode = DMA_NORMAL;
 354:Src/stm32l4xx_hal_msp.c ****     hdma_usart2_tx.Init.Priority = DMA_PRIORITY_LOW;
 355:Src/stm32l4xx_hal_msp.c ****     if (HAL_DMA_Init(&hdma_usart2_tx) != HAL_OK)
 356:Src/stm32l4xx_hal_msp.c ****     {
ARM GAS  C:\Users\ep_ygh\AppData\Local\Temp\ccb4xMxH.s 			page 23


 357:Src/stm32l4xx_hal_msp.c ****       Error_Handler();
 358:Src/stm32l4xx_hal_msp.c ****     }
 359:Src/stm32l4xx_hal_msp.c **** 
 360:Src/stm32l4xx_hal_msp.c ****     __HAL_LINKDMA(huart,hdmatx,hdma_usart2_tx);
 361:Src/stm32l4xx_hal_msp.c **** 
 362:Src/stm32l4xx_hal_msp.c ****   /* USER CODE BEGIN USART2_MspInit 1 */
 363:Src/stm32l4xx_hal_msp.c **** 
 364:Src/stm32l4xx_hal_msp.c ****   /* USER CODE END USART2_MspInit 1 */
 365:Src/stm32l4xx_hal_msp.c **** 
 366:Src/stm32l4xx_hal_msp.c ****   }
 367:Src/stm32l4xx_hal_msp.c **** 
 368:Src/stm32l4xx_hal_msp.c **** }
 766              		.loc 1 368 1 view .LVU207
 767 0022 2AB0     		add	sp, sp, #168
 768              	.LCFI26:
 769              		.cfi_remember_state
 770              		.cfi_def_cfa_offset 16
 771              		@ sp needed
 772 0024 70BD     		pop	{r4, r5, r6, pc}
 773              	.LVL33:
 774              	.L56:
 775              	.LCFI27:
 776              		.cfi_restore_state
 305:Src/stm32l4xx_hal_msp.c ****     PeriphClkInit.Usart2ClockSelection = RCC_USART2CLKSOURCE_SYSCLK;
 777              		.loc 1 305 5 is_stmt 1 view .LVU208
 305:Src/stm32l4xx_hal_msp.c ****     PeriphClkInit.Usart2ClockSelection = RCC_USART2CLKSOURCE_SYSCLK;
 778              		.loc 1 305 40 is_stmt 0 view .LVU209
 779 0026 0222     		movs	r2, #2
 306:Src/stm32l4xx_hal_msp.c ****     if (HAL_RCCEx_PeriphCLKConfig(&PeriphClkInit) != HAL_OK)
 780              		.loc 1 306 40 view .LVU210
 781 0028 0423     		movs	r3, #4
 307:Src/stm32l4xx_hal_msp.c ****     {
 782              		.loc 1 307 9 view .LVU211
 783 002a 08A8     		add	r0, sp, #32
 305:Src/stm32l4xx_hal_msp.c ****     PeriphClkInit.Usart2ClockSelection = RCC_USART2CLKSOURCE_SYSCLK;
 784              		.loc 1 305 40 view .LVU212
 785 002c 0892     		str	r2, [sp, #32]
 306:Src/stm32l4xx_hal_msp.c ****     if (HAL_RCCEx_PeriphCLKConfig(&PeriphClkInit) != HAL_OK)
 786              		.loc 1 306 5 is_stmt 1 view .LVU213
 306:Src/stm32l4xx_hal_msp.c ****     if (HAL_RCCEx_PeriphCLKConfig(&PeriphClkInit) != HAL_OK)
 787              		.loc 1 306 40 is_stmt 0 view .LVU214
 788 002e 1793     		str	r3, [sp, #92]
 307:Src/stm32l4xx_hal_msp.c ****     {
 789              		.loc 1 307 5 is_stmt 1 view .LVU215
 307:Src/stm32l4xx_hal_msp.c ****     {
 790              		.loc 1 307 9 is_stmt 0 view .LVU216
 791 0030 FFF7FEFF 		bl	HAL_RCCEx_PeriphCLKConfig
 792              	.LVL34:
 307:Src/stm32l4xx_hal_msp.c ****     {
 793              		.loc 1 307 8 view .LVU217
 794 0034 0028     		cmp	r0, #0
 795 0036 4CD1     		bne	.L57
 796              	.L43:
 313:Src/stm32l4xx_hal_msp.c **** 
 797              		.loc 1 313 5 is_stmt 1 view .LVU218
 798              	.LBB22:
 313:Src/stm32l4xx_hal_msp.c **** 
ARM GAS  C:\Users\ep_ygh\AppData\Local\Temp\ccb4xMxH.s 			page 24


 799              		.loc 1 313 5 view .LVU219
 313:Src/stm32l4xx_hal_msp.c **** 
 800              		.loc 1 313 5 view .LVU220
 801 0038 2B4B     		ldr	r3, .L60+4
 802              	.LBE22:
 329:Src/stm32l4xx_hal_msp.c ****     hdma_usart2_rx.Init.Request = DMA_REQUEST_2;
 803              		.loc 1 329 29 is_stmt 0 view .LVU221
 804 003a 2C4E     		ldr	r6, .L60+8
 805              	.LBB23:
 313:Src/stm32l4xx_hal_msp.c **** 
 806              		.loc 1 313 5 view .LVU222
 807 003c 9A6D     		ldr	r2, [r3, #88]
 808 003e 42F40032 		orr	r2, r2, #131072
 809 0042 9A65     		str	r2, [r3, #88]
 313:Src/stm32l4xx_hal_msp.c **** 
 810              		.loc 1 313 5 is_stmt 1 view .LVU223
 811 0044 9A6D     		ldr	r2, [r3, #88]
 812 0046 02F40032 		and	r2, r2, #131072
 813 004a 0092     		str	r2, [sp]
 313:Src/stm32l4xx_hal_msp.c **** 
 814              		.loc 1 313 5 view .LVU224
 815 004c 009A     		ldr	r2, [sp]
 816              	.LBE23:
 313:Src/stm32l4xx_hal_msp.c **** 
 817              		.loc 1 313 5 view .LVU225
 315:Src/stm32l4xx_hal_msp.c ****     /**USART2 GPIO Configuration
 818              		.loc 1 315 5 view .LVU226
 819              	.LBB24:
 315:Src/stm32l4xx_hal_msp.c ****     /**USART2 GPIO Configuration
 820              		.loc 1 315 5 view .LVU227
 315:Src/stm32l4xx_hal_msp.c ****     /**USART2 GPIO Configuration
 821              		.loc 1 315 5 view .LVU228
 822 004e DA6C     		ldr	r2, [r3, #76]
 823 0050 42F00102 		orr	r2, r2, #1
 824 0054 DA64     		str	r2, [r3, #76]
 315:Src/stm32l4xx_hal_msp.c ****     /**USART2 GPIO Configuration
 825              		.loc 1 315 5 view .LVU229
 826 0056 DB6C     		ldr	r3, [r3, #76]
 827 0058 03F00103 		and	r3, r3, #1
 828 005c 0193     		str	r3, [sp, #4]
 315:Src/stm32l4xx_hal_msp.c ****     /**USART2 GPIO Configuration
 829              		.loc 1 315 5 view .LVU230
 830              	.LBE24:
 320:Src/stm32l4xx_hal_msp.c ****     GPIO_InitStruct.Mode = GPIO_MODE_AF_PP;
 831              		.loc 1 320 25 is_stmt 0 view .LVU231
 832 005e 0C22     		movs	r2, #12
 833 0060 0223     		movs	r3, #2
 834 0062 CDE90223 		strd	r2, [sp, #8]
 835 0066 0022     		movs	r2, #0
 836              	.LBB25:
 315:Src/stm32l4xx_hal_msp.c ****     /**USART2 GPIO Configuration
 837              		.loc 1 315 5 view .LVU232
 838 0068 019B     		ldr	r3, [sp, #4]
 839              	.LBE25:
 315:Src/stm32l4xx_hal_msp.c ****     /**USART2 GPIO Configuration
 840              		.loc 1 315 5 is_stmt 1 view .LVU233
 320:Src/stm32l4xx_hal_msp.c ****     GPIO_InitStruct.Mode = GPIO_MODE_AF_PP;
ARM GAS  C:\Users\ep_ygh\AppData\Local\Temp\ccb4xMxH.s 			page 25


 841              		.loc 1 320 5 view .LVU234
 321:Src/stm32l4xx_hal_msp.c ****     GPIO_InitStruct.Pull = GPIO_NOPULL;
 842              		.loc 1 321 5 view .LVU235
 322:Src/stm32l4xx_hal_msp.c ****     GPIO_InitStruct.Speed = GPIO_SPEED_FREQ_LOW;
 843              		.loc 1 322 5 view .LVU236
 323:Src/stm32l4xx_hal_msp.c ****     GPIO_InitStruct.Alternate = GPIO_AF7_USART2;
 844              		.loc 1 323 5 view .LVU237
 320:Src/stm32l4xx_hal_msp.c ****     GPIO_InitStruct.Mode = GPIO_MODE_AF_PP;
 845              		.loc 1 320 25 is_stmt 0 view .LVU238
 846 006a 0023     		movs	r3, #0
 847 006c CDE90423 		strd	r2, [sp, #16]
 324:Src/stm32l4xx_hal_msp.c ****     HAL_GPIO_Init(GPIOA, &GPIO_InitStruct);
 848              		.loc 1 324 5 is_stmt 1 view .LVU239
 325:Src/stm32l4xx_hal_msp.c **** 
 849              		.loc 1 325 5 is_stmt 0 view .LVU240
 850 0070 02A9     		add	r1, sp, #8
 324:Src/stm32l4xx_hal_msp.c ****     HAL_GPIO_Init(GPIOA, &GPIO_InitStruct);
 851              		.loc 1 324 31 view .LVU241
 852 0072 0723     		movs	r3, #7
 325:Src/stm32l4xx_hal_msp.c **** 
 853              		.loc 1 325 5 view .LVU242
 854 0074 4FF09040 		mov	r0, #1207959552
 324:Src/stm32l4xx_hal_msp.c ****     HAL_GPIO_Init(GPIOA, &GPIO_InitStruct);
 855              		.loc 1 324 31 view .LVU243
 856 0078 0693     		str	r3, [sp, #24]
 325:Src/stm32l4xx_hal_msp.c **** 
 857              		.loc 1 325 5 is_stmt 1 view .LVU244
 858 007a FFF7FEFF 		bl	HAL_GPIO_Init
 859              	.LVL35:
 329:Src/stm32l4xx_hal_msp.c ****     hdma_usart2_rx.Init.Request = DMA_REQUEST_2;
 860              		.loc 1 329 5 view .LVU245
 330:Src/stm32l4xx_hal_msp.c ****     hdma_usart2_rx.Init.Direction = DMA_PERIPH_TO_MEMORY;
 861              		.loc 1 330 33 is_stmt 0 view .LVU246
 862 007e 1C49     		ldr	r1, .L60+12
 863 0080 0222     		movs	r2, #2
 331:Src/stm32l4xx_hal_msp.c ****     hdma_usart2_rx.Init.PeriphInc = DMA_PINC_DISABLE;
 864              		.loc 1 331 35 view .LVU247
 865 0082 0023     		movs	r3, #0
 330:Src/stm32l4xx_hal_msp.c ****     hdma_usart2_rx.Init.Direction = DMA_PERIPH_TO_MEMORY;
 866              		.loc 1 330 33 view .LVU248
 867 0084 C6E90012 		strd	r1, r2, [r6]
 331:Src/stm32l4xx_hal_msp.c ****     hdma_usart2_rx.Init.PeriphInc = DMA_PINC_DISABLE;
 868              		.loc 1 331 5 is_stmt 1 view .LVU249
 338:Src/stm32l4xx_hal_msp.c ****     {
 869              		.loc 1 338 9 is_stmt 0 view .LVU250
 870 0088 3046     		mov	r0, r6
 333:Src/stm32l4xx_hal_msp.c ****     hdma_usart2_rx.Init.PeriphDataAlignment = DMA_PDATAALIGN_BYTE;
 871              		.loc 1 333 32 view .LVU251
 872 008a 8022     		movs	r2, #128
 332:Src/stm32l4xx_hal_msp.c ****     hdma_usart2_rx.Init.MemInc = DMA_MINC_ENABLE;
 873              		.loc 1 332 35 view .LVU252
 874 008c C6E90233 		strd	r3, r3, [r6, #8]
 333:Src/stm32l4xx_hal_msp.c ****     hdma_usart2_rx.Init.PeriphDataAlignment = DMA_PDATAALIGN_BYTE;
 875              		.loc 1 333 5 is_stmt 1 view .LVU253
 334:Src/stm32l4xx_hal_msp.c ****     hdma_usart2_rx.Init.MemDataAlignment = DMA_MDATAALIGN_BYTE;
 876              		.loc 1 334 45 is_stmt 0 view .LVU254
 877 0090 C6E90423 		strd	r2, r3, [r6, #16]
ARM GAS  C:\Users\ep_ygh\AppData\Local\Temp\ccb4xMxH.s 			page 26


 335:Src/stm32l4xx_hal_msp.c ****     hdma_usart2_rx.Init.Mode = DMA_NORMAL;
 878              		.loc 1 335 5 is_stmt 1 view .LVU255
 336:Src/stm32l4xx_hal_msp.c ****     hdma_usart2_rx.Init.Priority = DMA_PRIORITY_LOW;
 879              		.loc 1 336 30 is_stmt 0 view .LVU256
 880 0094 C6E90633 		strd	r3, r3, [r6, #24]
 337:Src/stm32l4xx_hal_msp.c ****     if (HAL_DMA_Init(&hdma_usart2_rx) != HAL_OK)
 881              		.loc 1 337 5 is_stmt 1 view .LVU257
 337:Src/stm32l4xx_hal_msp.c ****     if (HAL_DMA_Init(&hdma_usart2_rx) != HAL_OK)
 882              		.loc 1 337 34 is_stmt 0 view .LVU258
 883 0098 3362     		str	r3, [r6, #32]
 338:Src/stm32l4xx_hal_msp.c ****     {
 884              		.loc 1 338 5 is_stmt 1 view .LVU259
 338:Src/stm32l4xx_hal_msp.c ****     {
 885              		.loc 1 338 9 is_stmt 0 view .LVU260
 886 009a FFF7FEFF 		bl	HAL_DMA_Init
 887              	.LVL36:
 338:Src/stm32l4xx_hal_msp.c ****     {
 888              		.loc 1 338 8 view .LVU261
 889 009e F0B9     		cbnz	r0, .L58
 890              	.L44:
 343:Src/stm32l4xx_hal_msp.c **** 
 891              		.loc 1 343 5 is_stmt 1 view .LVU262
 343:Src/stm32l4xx_hal_msp.c **** 
 892              		.loc 1 343 5 view .LVU263
 346:Src/stm32l4xx_hal_msp.c ****     hdma_usart2_tx.Init.Request = DMA_REQUEST_2;
 893              		.loc 1 346 29 is_stmt 0 view .LVU264
 894 00a0 144D     		ldr	r5, .L60+16
 895 00a2 1549     		ldr	r1, .L60+20
 343:Src/stm32l4xx_hal_msp.c **** 
 896              		.loc 1 343 5 view .LVU265
 897 00a4 6667     		str	r6, [r4, #116]
 343:Src/stm32l4xx_hal_msp.c **** 
 898              		.loc 1 343 5 is_stmt 1 view .LVU266
 347:Src/stm32l4xx_hal_msp.c ****     hdma_usart2_tx.Init.Direction = DMA_MEMORY_TO_PERIPH;
 899              		.loc 1 347 33 is_stmt 0 view .LVU267
 900 00a6 0222     		movs	r2, #2
 349:Src/stm32l4xx_hal_msp.c ****     hdma_usart2_tx.Init.MemInc = DMA_MINC_ENABLE;
 901              		.loc 1 349 35 view .LVU268
 902 00a8 0023     		movs	r3, #0
 347:Src/stm32l4xx_hal_msp.c ****     hdma_usart2_tx.Init.Direction = DMA_MEMORY_TO_PERIPH;
 903              		.loc 1 347 33 view .LVU269
 904 00aa C5E90012 		strd	r1, r2, [r5]
 355:Src/stm32l4xx_hal_msp.c ****     {
 905              		.loc 1 355 9 view .LVU270
 906 00ae 2846     		mov	r0, r5
 348:Src/stm32l4xx_hal_msp.c ****     hdma_usart2_tx.Init.PeriphInc = DMA_PINC_DISABLE;
 907              		.loc 1 348 35 view .LVU271
 908 00b0 1021     		movs	r1, #16
 350:Src/stm32l4xx_hal_msp.c ****     hdma_usart2_tx.Init.PeriphDataAlignment = DMA_PDATAALIGN_BYTE;
 909              		.loc 1 350 32 view .LVU272
 910 00b2 8022     		movs	r2, #128
 349:Src/stm32l4xx_hal_msp.c ****     hdma_usart2_tx.Init.MemInc = DMA_MINC_ENABLE;
 911              		.loc 1 349 35 view .LVU273
 912 00b4 C5E90213 		strd	r1, r3, [r5, #8]
 352:Src/stm32l4xx_hal_msp.c ****     hdma_usart2_tx.Init.Mode = DMA_NORMAL;
 913              		.loc 1 352 42 view .LVU274
 914 00b8 C5E90533 		strd	r3, r3, [r5, #20]
ARM GAS  C:\Users\ep_ygh\AppData\Local\Temp\ccb4xMxH.s 			page 27


 354:Src/stm32l4xx_hal_msp.c ****     if (HAL_DMA_Init(&hdma_usart2_tx) != HAL_OK)
 915              		.loc 1 354 34 view .LVU275
 916 00bc C5E90733 		strd	r3, r3, [r5, #28]
 343:Src/stm32l4xx_hal_msp.c **** 
 917              		.loc 1 343 5 view .LVU276
 918 00c0 B462     		str	r4, [r6, #40]
 343:Src/stm32l4xx_hal_msp.c **** 
 919              		.loc 1 343 5 is_stmt 1 view .LVU277
 346:Src/stm32l4xx_hal_msp.c ****     hdma_usart2_tx.Init.Request = DMA_REQUEST_2;
 920              		.loc 1 346 5 view .LVU278
 348:Src/stm32l4xx_hal_msp.c ****     hdma_usart2_tx.Init.PeriphInc = DMA_PINC_DISABLE;
 921              		.loc 1 348 5 view .LVU279
 350:Src/stm32l4xx_hal_msp.c ****     hdma_usart2_tx.Init.PeriphDataAlignment = DMA_PDATAALIGN_BYTE;
 922              		.loc 1 350 5 view .LVU280
 350:Src/stm32l4xx_hal_msp.c ****     hdma_usart2_tx.Init.PeriphDataAlignment = DMA_PDATAALIGN_BYTE;
 923              		.loc 1 350 32 is_stmt 0 view .LVU281
 924 00c2 2A61     		str	r2, [r5, #16]
 351:Src/stm32l4xx_hal_msp.c ****     hdma_usart2_tx.Init.MemDataAlignment = DMA_MDATAALIGN_BYTE;
 925              		.loc 1 351 5 is_stmt 1 view .LVU282
 353:Src/stm32l4xx_hal_msp.c ****     hdma_usart2_tx.Init.Priority = DMA_PRIORITY_LOW;
 926              		.loc 1 353 5 view .LVU283
 355:Src/stm32l4xx_hal_msp.c ****     {
 927              		.loc 1 355 5 view .LVU284
 355:Src/stm32l4xx_hal_msp.c ****     {
 928              		.loc 1 355 9 is_stmt 0 view .LVU285
 929 00c4 FFF7FEFF 		bl	HAL_DMA_Init
 930              	.LVL37:
 355:Src/stm32l4xx_hal_msp.c ****     {
 931              		.loc 1 355 8 view .LVU286
 932 00c8 30B9     		cbnz	r0, .L59
 933              	.L45:
 360:Src/stm32l4xx_hal_msp.c **** 
 934              		.loc 1 360 5 is_stmt 1 view .LVU287
 360:Src/stm32l4xx_hal_msp.c **** 
 935              		.loc 1 360 5 view .LVU288
 936 00ca 2567     		str	r5, [r4, #112]
 360:Src/stm32l4xx_hal_msp.c **** 
 937              		.loc 1 360 5 view .LVU289
 938 00cc AC62     		str	r4, [r5, #40]
 360:Src/stm32l4xx_hal_msp.c **** 
 939              		.loc 1 360 5 view .LVU290
 940              		.loc 1 368 1 is_stmt 0 view .LVU291
 941 00ce 2AB0     		add	sp, sp, #168
 942              	.LCFI28:
 943              		.cfi_remember_state
 944              		.cfi_def_cfa_offset 16
 945              		@ sp needed
 946 00d0 70BD     		pop	{r4, r5, r6, pc}
 947              	.LVL38:
 948              	.L57:
 949              	.LCFI29:
 950              		.cfi_restore_state
 309:Src/stm32l4xx_hal_msp.c ****     }
 951              		.loc 1 309 7 is_stmt 1 view .LVU292
 952 00d2 FFF7FEFF 		bl	Error_Handler
 953              	.LVL39:
 954 00d6 AFE7     		b	.L43
ARM GAS  C:\Users\ep_ygh\AppData\Local\Temp\ccb4xMxH.s 			page 28


 955              	.L59:
 357:Src/stm32l4xx_hal_msp.c ****     }
 956              		.loc 1 357 7 view .LVU293
 957 00d8 FFF7FEFF 		bl	Error_Handler
 958              	.LVL40:
 959 00dc F5E7     		b	.L45
 960              	.L58:
 340:Src/stm32l4xx_hal_msp.c ****     }
 961              		.loc 1 340 7 view .LVU294
 962 00de FFF7FEFF 		bl	Error_Handler
 963              	.LVL41:
 964 00e2 DDE7     		b	.L44
 965              	.L61:
 966              		.align	2
 967              	.L60:
 968 00e4 00440040 		.word	1073759232
 969 00e8 00100240 		.word	1073876992
 970 00ec 00000000 		.word	hdma_usart2_rx
 971 00f0 6C000240 		.word	1073873004
 972 00f4 00000000 		.word	hdma_usart2_tx
 973 00f8 80000240 		.word	1073873024
 974              		.cfi_endproc
 975              	.LFE1096:
 977              		.section	.text.HAL_UART_MspDeInit,"ax",%progbits
 978              		.align	1
 979              		.p2align 2,,3
 980              		.global	HAL_UART_MspDeInit
 981              		.syntax unified
 982              		.thumb
 983              		.thumb_func
 985              	HAL_UART_MspDeInit:
 986              	.LVL42:
 987              	.LFB1097:
 369:Src/stm32l4xx_hal_msp.c **** 
 370:Src/stm32l4xx_hal_msp.c **** /**
 371:Src/stm32l4xx_hal_msp.c **** * @brief UART MSP De-Initialization
 372:Src/stm32l4xx_hal_msp.c **** * This function freeze the hardware resources used in this example
 373:Src/stm32l4xx_hal_msp.c **** * @param huart: UART handle pointer
 374:Src/stm32l4xx_hal_msp.c **** * @retval None
 375:Src/stm32l4xx_hal_msp.c **** */
 376:Src/stm32l4xx_hal_msp.c **** void HAL_UART_MspDeInit(UART_HandleTypeDef* huart)
 377:Src/stm32l4xx_hal_msp.c **** {
 988              		.loc 1 377 1 view -0
 989              		.cfi_startproc
 990              		@ args = 0, pretend = 0, frame = 0
 991              		@ frame_needed = 0, uses_anonymous_args = 0
 378:Src/stm32l4xx_hal_msp.c ****   if(huart->Instance==USART2)
 992              		.loc 1 378 3 view .LVU296
 993              		.loc 1 378 5 is_stmt 0 view .LVU297
 994 0000 0D4B     		ldr	r3, .L68
 995 0002 0268     		ldr	r2, [r0]
 996 0004 9A42     		cmp	r2, r3
 997 0006 00D0     		beq	.L67
 998 0008 7047     		bx	lr
 999              	.L67:
 379:Src/stm32l4xx_hal_msp.c ****   {
 380:Src/stm32l4xx_hal_msp.c ****   /* USER CODE BEGIN USART2_MspDeInit 0 */
ARM GAS  C:\Users\ep_ygh\AppData\Local\Temp\ccb4xMxH.s 			page 29


 381:Src/stm32l4xx_hal_msp.c **** 
 382:Src/stm32l4xx_hal_msp.c ****   /* USER CODE END USART2_MspDeInit 0 */
 383:Src/stm32l4xx_hal_msp.c ****     /* Peripheral clock disable */
 384:Src/stm32l4xx_hal_msp.c ****     __HAL_RCC_USART2_CLK_DISABLE();
 1000              		.loc 1 384 5 is_stmt 1 view .LVU298
 1001 000a 0C4A     		ldr	r2, .L68+4
 1002 000c 936D     		ldr	r3, [r2, #88]
 377:Src/stm32l4xx_hal_msp.c ****   if(huart->Instance==USART2)
 1003              		.loc 1 377 1 is_stmt 0 view .LVU299
 1004 000e 10B5     		push	{r4, lr}
 1005              	.LCFI30:
 1006              		.cfi_def_cfa_offset 8
 1007              		.cfi_offset 4, -8
 1008              		.cfi_offset 14, -4
 1009              		.loc 1 384 5 view .LVU300
 1010 0010 23F40033 		bic	r3, r3, #131072
 1011 0014 0446     		mov	r4, r0
 385:Src/stm32l4xx_hal_msp.c **** 
 386:Src/stm32l4xx_hal_msp.c ****     /**USART2 GPIO Configuration
 387:Src/stm32l4xx_hal_msp.c ****     PA2     ------> USART2_TX
 388:Src/stm32l4xx_hal_msp.c ****     PA3     ------> USART2_RX
 389:Src/stm32l4xx_hal_msp.c ****     */
 390:Src/stm32l4xx_hal_msp.c ****     HAL_GPIO_DeInit(GPIOA, UART_TX_Pin|UART_RX_Pin);
 1012              		.loc 1 390 5 view .LVU301
 1013 0016 0C21     		movs	r1, #12
 384:Src/stm32l4xx_hal_msp.c **** 
 1014              		.loc 1 384 5 view .LVU302
 1015 0018 9365     		str	r3, [r2, #88]
 1016              		.loc 1 390 5 is_stmt 1 view .LVU303
 1017 001a 4FF09040 		mov	r0, #1207959552
 1018              	.LVL43:
 1019              		.loc 1 390 5 is_stmt 0 view .LVU304
 1020 001e FFF7FEFF 		bl	HAL_GPIO_DeInit
 1021              	.LVL44:
 391:Src/stm32l4xx_hal_msp.c **** 
 392:Src/stm32l4xx_hal_msp.c ****     /* USART2 DMA DeInit */
 393:Src/stm32l4xx_hal_msp.c ****     HAL_DMA_DeInit(huart->hdmarx);
 1022              		.loc 1 393 5 is_stmt 1 view .LVU305
 1023 0022 606F     		ldr	r0, [r4, #116]
 1024 0024 FFF7FEFF 		bl	HAL_DMA_DeInit
 1025              	.LVL45:
 394:Src/stm32l4xx_hal_msp.c ****     HAL_DMA_DeInit(huart->hdmatx);
 1026              		.loc 1 394 5 view .LVU306
 1027 0028 206F     		ldr	r0, [r4, #112]
 1028 002a FFF7FEFF 		bl	HAL_DMA_DeInit
 1029              	.LVL46:
 395:Src/stm32l4xx_hal_msp.c **** 
 396:Src/stm32l4xx_hal_msp.c ****     /* USART2 interrupt DeInit */
 397:Src/stm32l4xx_hal_msp.c ****     HAL_NVIC_DisableIRQ(USART2_IRQn);
 1030              		.loc 1 397 5 view .LVU307
 398:Src/stm32l4xx_hal_msp.c ****   /* USER CODE BEGIN USART2_MspDeInit 1 */
 399:Src/stm32l4xx_hal_msp.c **** 
 400:Src/stm32l4xx_hal_msp.c ****   /* USER CODE END USART2_MspDeInit 1 */
 401:Src/stm32l4xx_hal_msp.c ****   }
 402:Src/stm32l4xx_hal_msp.c **** 
 403:Src/stm32l4xx_hal_msp.c **** }
 1031              		.loc 1 403 1 is_stmt 0 view .LVU308
ARM GAS  C:\Users\ep_ygh\AppData\Local\Temp\ccb4xMxH.s 			page 30


 1032 002e BDE81040 		pop	{r4, lr}
 1033              	.LCFI31:
 1034              		.cfi_restore 14
 1035              		.cfi_restore 4
 1036              		.cfi_def_cfa_offset 0
 1037              	.LVL47:
 397:Src/stm32l4xx_hal_msp.c ****   /* USER CODE BEGIN USART2_MspDeInit 1 */
 1038              		.loc 1 397 5 view .LVU309
 1039 0032 2620     		movs	r0, #38
 1040 0034 FFF7FEBF 		b	HAL_NVIC_DisableIRQ
 1041              	.LVL48:
 1042              	.L69:
 1043              		.align	2
 1044              	.L68:
 1045 0038 00440040 		.word	1073759232
 1046 003c 00100240 		.word	1073876992
 1047              		.cfi_endproc
 1048              	.LFE1097:
 1050              		.text
 1051              	.Letext0:
 1052              		.file 2 "c:\\programdata\\chocolatey\\lib\\gcc-arm-embedded\\tools\\gcc-arm-none-eabi-10.3-2021.10
 1053              		.file 3 "c:\\programdata\\chocolatey\\lib\\gcc-arm-embedded\\tools\\gcc-arm-none-eabi-10.3-2021.10
 1054              		.file 4 "Drivers/CMSIS/Device/ST/STM32L4xx/Include/stm32l476xx.h"
 1055              		.file 5 "Drivers/CMSIS/Device/ST/STM32L4xx/Include/stm32l4xx.h"
 1056              		.file 6 "Drivers/STM32L4xx_HAL_Driver/Inc/stm32l4xx_hal_def.h"
 1057              		.file 7 "Drivers/STM32L4xx_HAL_Driver/Inc/stm32l4xx_hal_rcc_ex.h"
 1058              		.file 8 "Drivers/STM32L4xx_HAL_Driver/Inc/stm32l4xx_hal_gpio.h"
 1059              		.file 9 "Drivers/STM32L4xx_HAL_Driver/Inc/stm32l4xx_hal_dma.h"
 1060              		.file 10 "Drivers/STM32L4xx_HAL_Driver/Inc/stm32l4xx_hal_adc.h"
 1061              		.file 11 "Drivers/STM32L4xx_HAL_Driver/Inc/stm32l4xx_hal_tim.h"
 1062              		.file 12 "Drivers/STM32L4xx_HAL_Driver/Inc/stm32l4xx_hal_uart.h"
 1063              		.file 13 "Drivers/STM32L4xx_HAL_Driver/Inc/stm32l4xx_ll_tim.h"
 1064              		.file 14 "Drivers/STM32L4xx_HAL_Driver/Inc/stm32l4xx_ll_dma.h"
 1065              		.file 15 "Drivers/STM32L4xx_HAL_Driver/Inc/stm32l4xx_hal_cortex.h"
 1066              		.file 16 "Inc/main.h"
 1067              		.file 17 "<built-in>"
ARM GAS  C:\Users\ep_ygh\AppData\Local\Temp\ccb4xMxH.s 			page 31


DEFINED SYMBOLS
                            *ABS*:00000000 stm32l4xx_hal_msp.c
C:\Users\ep_ygh\AppData\Local\Temp\ccb4xMxH.s:20     .text.HAL_MspInit:00000000 $t
C:\Users\ep_ygh\AppData\Local\Temp\ccb4xMxH.s:27     .text.HAL_MspInit:00000000 HAL_MspInit
C:\Users\ep_ygh\AppData\Local\Temp\ccb4xMxH.s:100    .text.HAL_MspInit:0000003c $d
C:\Users\ep_ygh\AppData\Local\Temp\ccb4xMxH.s:105    .text.HAL_ADC_MspInit:00000000 $t
C:\Users\ep_ygh\AppData\Local\Temp\ccb4xMxH.s:112    .text.HAL_ADC_MspInit:00000000 HAL_ADC_MspInit
C:\Users\ep_ygh\AppData\Local\Temp\ccb4xMxH.s:318    .text.HAL_ADC_MspInit:000000c8 $d
C:\Users\ep_ygh\AppData\Local\Temp\ccb4xMxH.s:326    .text.HAL_ADC_MspDeInit:00000000 $t
C:\Users\ep_ygh\AppData\Local\Temp\ccb4xMxH.s:333    .text.HAL_ADC_MspDeInit:00000000 HAL_ADC_MspDeInit
C:\Users\ep_ygh\AppData\Local\Temp\ccb4xMxH.s:391    .text.HAL_ADC_MspDeInit:0000003c $d
C:\Users\ep_ygh\AppData\Local\Temp\ccb4xMxH.s:399    .text.HAL_TIM_Base_MspInit:00000000 $t
C:\Users\ep_ygh\AppData\Local\Temp\ccb4xMxH.s:406    .text.HAL_TIM_Base_MspInit:00000000 HAL_TIM_Base_MspInit
C:\Users\ep_ygh\AppData\Local\Temp\ccb4xMxH.s:525    .text.HAL_TIM_Base_MspInit:00000064 $d
C:\Users\ep_ygh\AppData\Local\Temp\ccb4xMxH.s:531    .text.HAL_TIM_MspPostInit:00000000 $t
C:\Users\ep_ygh\AppData\Local\Temp\ccb4xMxH.s:538    .text.HAL_TIM_MspPostInit:00000000 HAL_TIM_MspPostInit
C:\Users\ep_ygh\AppData\Local\Temp\ccb4xMxH.s:638    .text.HAL_TIM_MspPostInit:00000060 $d
C:\Users\ep_ygh\AppData\Local\Temp\ccb4xMxH.s:647    .text.HAL_TIM_Base_MspDeInit:00000000 $t
C:\Users\ep_ygh\AppData\Local\Temp\ccb4xMxH.s:654    .text.HAL_TIM_Base_MspDeInit:00000000 HAL_TIM_Base_MspDeInit
C:\Users\ep_ygh\AppData\Local\Temp\ccb4xMxH.s:712    .text.HAL_TIM_Base_MspDeInit:0000003c $d
C:\Users\ep_ygh\AppData\Local\Temp\ccb4xMxH.s:719    .text.HAL_UART_MspInit:00000000 $t
C:\Users\ep_ygh\AppData\Local\Temp\ccb4xMxH.s:726    .text.HAL_UART_MspInit:00000000 HAL_UART_MspInit
C:\Users\ep_ygh\AppData\Local\Temp\ccb4xMxH.s:968    .text.HAL_UART_MspInit:000000e4 $d
C:\Users\ep_ygh\AppData\Local\Temp\ccb4xMxH.s:978    .text.HAL_UART_MspDeInit:00000000 $t
C:\Users\ep_ygh\AppData\Local\Temp\ccb4xMxH.s:985    .text.HAL_UART_MspDeInit:00000000 HAL_UART_MspDeInit
C:\Users\ep_ygh\AppData\Local\Temp\ccb4xMxH.s:1045   .text.HAL_UART_MspDeInit:00000038 $d

UNDEFINED SYMBOLS
HAL_NVIC_SetPriority
memset
HAL_RCCEx_PeriphCLKConfig
HAL_GPIO_Init
Error_Handler
HAL_GPIO_DeInit
HAL_NVIC_DisableIRQ
HAL_DMA_Init
hdma_usart2_rx
hdma_usart2_tx
HAL_DMA_DeInit
