ARM GAS  C:\Users\ep_ygh\AppData\Local\Temp\ccYnMhuh.s 			page 1


   1              		.cpu cortex-m4
   2              		.arch armv7e-m
   3              		.fpu fpv4-sp-d16
   4              		.eabi_attribute 27, 1
   5              		.eabi_attribute 28, 1
   6              		.eabi_attribute 20, 1
   7              		.eabi_attribute 21, 1
   8              		.eabi_attribute 23, 3
   9              		.eabi_attribute 24, 1
  10              		.eabi_attribute 25, 1
  11              		.eabi_attribute 26, 1
  12              		.eabi_attribute 30, 2
  13              		.eabi_attribute 34, 1
  14              		.eabi_attribute 18, 4
  15              		.file	"stm32l4xx_hal_pwr.c"
  16              		.text
  17              	.Ltext0:
  18              		.cfi_sections	.debug_frame
  19              		.section	.text.HAL_PWR_DeInit,"ax",%progbits
  20              		.align	1
  21              		.p2align 2,,3
  22              		.global	HAL_PWR_DeInit
  23              		.syntax unified
  24              		.thumb
  25              		.thumb_func
  27              	HAL_PWR_DeInit:
  28              	.LFB317:
  29              		.file 1 "Drivers/STM32L4xx_HAL_Driver/Src/stm32l4xx_hal_pwr.c"
   1:Drivers/STM32L4xx_HAL_Driver/Src/stm32l4xx_hal_pwr.c **** /**
   2:Drivers/STM32L4xx_HAL_Driver/Src/stm32l4xx_hal_pwr.c ****   ******************************************************************************
   3:Drivers/STM32L4xx_HAL_Driver/Src/stm32l4xx_hal_pwr.c ****   * @file    stm32l4xx_hal_pwr.c
   4:Drivers/STM32L4xx_HAL_Driver/Src/stm32l4xx_hal_pwr.c ****   * @author  MCD Application Team
   5:Drivers/STM32L4xx_HAL_Driver/Src/stm32l4xx_hal_pwr.c ****   * @brief   PWR HAL module driver.
   6:Drivers/STM32L4xx_HAL_Driver/Src/stm32l4xx_hal_pwr.c ****   *          This file provides firmware functions to manage the following
   7:Drivers/STM32L4xx_HAL_Driver/Src/stm32l4xx_hal_pwr.c ****   *          functionalities of the Power Controller (PWR) peripheral:
   8:Drivers/STM32L4xx_HAL_Driver/Src/stm32l4xx_hal_pwr.c ****   *           + Initialization/de-initialization functions
   9:Drivers/STM32L4xx_HAL_Driver/Src/stm32l4xx_hal_pwr.c ****   *           + Peripheral Control functions
  10:Drivers/STM32L4xx_HAL_Driver/Src/stm32l4xx_hal_pwr.c ****   *
  11:Drivers/STM32L4xx_HAL_Driver/Src/stm32l4xx_hal_pwr.c ****   ******************************************************************************
  12:Drivers/STM32L4xx_HAL_Driver/Src/stm32l4xx_hal_pwr.c ****   * @attention
  13:Drivers/STM32L4xx_HAL_Driver/Src/stm32l4xx_hal_pwr.c ****   *
  14:Drivers/STM32L4xx_HAL_Driver/Src/stm32l4xx_hal_pwr.c ****   * Copyright (c) 2019 STMicroelectronics.
  15:Drivers/STM32L4xx_HAL_Driver/Src/stm32l4xx_hal_pwr.c ****   * All rights reserved.
  16:Drivers/STM32L4xx_HAL_Driver/Src/stm32l4xx_hal_pwr.c ****   *
  17:Drivers/STM32L4xx_HAL_Driver/Src/stm32l4xx_hal_pwr.c ****   * This software is licensed under terms that can be found in the LICENSE file
  18:Drivers/STM32L4xx_HAL_Driver/Src/stm32l4xx_hal_pwr.c ****   * in the root directory of this software component.
  19:Drivers/STM32L4xx_HAL_Driver/Src/stm32l4xx_hal_pwr.c ****   * If no LICENSE file comes with this software, it is provided AS-IS.
  20:Drivers/STM32L4xx_HAL_Driver/Src/stm32l4xx_hal_pwr.c ****   *
  21:Drivers/STM32L4xx_HAL_Driver/Src/stm32l4xx_hal_pwr.c ****   ******************************************************************************
  22:Drivers/STM32L4xx_HAL_Driver/Src/stm32l4xx_hal_pwr.c ****   */
  23:Drivers/STM32L4xx_HAL_Driver/Src/stm32l4xx_hal_pwr.c **** 
  24:Drivers/STM32L4xx_HAL_Driver/Src/stm32l4xx_hal_pwr.c **** /* Includes ------------------------------------------------------------------*/
  25:Drivers/STM32L4xx_HAL_Driver/Src/stm32l4xx_hal_pwr.c **** #include "stm32l4xx_hal.h"
  26:Drivers/STM32L4xx_HAL_Driver/Src/stm32l4xx_hal_pwr.c **** 
  27:Drivers/STM32L4xx_HAL_Driver/Src/stm32l4xx_hal_pwr.c **** /** @addtogroup STM32L4xx_HAL_Driver
  28:Drivers/STM32L4xx_HAL_Driver/Src/stm32l4xx_hal_pwr.c ****   * @{
  29:Drivers/STM32L4xx_HAL_Driver/Src/stm32l4xx_hal_pwr.c ****   */
ARM GAS  C:\Users\ep_ygh\AppData\Local\Temp\ccYnMhuh.s 			page 2


  30:Drivers/STM32L4xx_HAL_Driver/Src/stm32l4xx_hal_pwr.c **** 
  31:Drivers/STM32L4xx_HAL_Driver/Src/stm32l4xx_hal_pwr.c **** /** @defgroup PWR PWR
  32:Drivers/STM32L4xx_HAL_Driver/Src/stm32l4xx_hal_pwr.c ****   * @brief PWR HAL module driver
  33:Drivers/STM32L4xx_HAL_Driver/Src/stm32l4xx_hal_pwr.c ****   * @{
  34:Drivers/STM32L4xx_HAL_Driver/Src/stm32l4xx_hal_pwr.c ****   */
  35:Drivers/STM32L4xx_HAL_Driver/Src/stm32l4xx_hal_pwr.c **** 
  36:Drivers/STM32L4xx_HAL_Driver/Src/stm32l4xx_hal_pwr.c **** #ifdef HAL_PWR_MODULE_ENABLED
  37:Drivers/STM32L4xx_HAL_Driver/Src/stm32l4xx_hal_pwr.c **** 
  38:Drivers/STM32L4xx_HAL_Driver/Src/stm32l4xx_hal_pwr.c **** /* Private typedef -----------------------------------------------------------*/
  39:Drivers/STM32L4xx_HAL_Driver/Src/stm32l4xx_hal_pwr.c **** /* Private define ------------------------------------------------------------*/
  40:Drivers/STM32L4xx_HAL_Driver/Src/stm32l4xx_hal_pwr.c **** 
  41:Drivers/STM32L4xx_HAL_Driver/Src/stm32l4xx_hal_pwr.c **** /** @defgroup PWR_Private_Defines PWR Private Defines
  42:Drivers/STM32L4xx_HAL_Driver/Src/stm32l4xx_hal_pwr.c ****   * @{
  43:Drivers/STM32L4xx_HAL_Driver/Src/stm32l4xx_hal_pwr.c ****   */
  44:Drivers/STM32L4xx_HAL_Driver/Src/stm32l4xx_hal_pwr.c **** 
  45:Drivers/STM32L4xx_HAL_Driver/Src/stm32l4xx_hal_pwr.c **** /** @defgroup PWR_PVD_Mode_Mask PWR PVD Mode Mask
  46:Drivers/STM32L4xx_HAL_Driver/Src/stm32l4xx_hal_pwr.c ****   * @{
  47:Drivers/STM32L4xx_HAL_Driver/Src/stm32l4xx_hal_pwr.c ****   */
  48:Drivers/STM32L4xx_HAL_Driver/Src/stm32l4xx_hal_pwr.c **** #define PVD_MODE_IT               ((uint32_t)0x00010000)  /*!< Mask for interruption yielded by PVD
  49:Drivers/STM32L4xx_HAL_Driver/Src/stm32l4xx_hal_pwr.c **** #define PVD_MODE_EVT              ((uint32_t)0x00020000)  /*!< Mask for event yielded by PVD thresh
  50:Drivers/STM32L4xx_HAL_Driver/Src/stm32l4xx_hal_pwr.c **** #define PVD_RISING_EDGE           ((uint32_t)0x00000001)  /*!< Mask for rising edge set as PVD trig
  51:Drivers/STM32L4xx_HAL_Driver/Src/stm32l4xx_hal_pwr.c **** #define PVD_FALLING_EDGE          ((uint32_t)0x00000002)  /*!< Mask for falling edge set as PVD tri
  52:Drivers/STM32L4xx_HAL_Driver/Src/stm32l4xx_hal_pwr.c **** /**
  53:Drivers/STM32L4xx_HAL_Driver/Src/stm32l4xx_hal_pwr.c ****   * @}
  54:Drivers/STM32L4xx_HAL_Driver/Src/stm32l4xx_hal_pwr.c ****   */
  55:Drivers/STM32L4xx_HAL_Driver/Src/stm32l4xx_hal_pwr.c **** 
  56:Drivers/STM32L4xx_HAL_Driver/Src/stm32l4xx_hal_pwr.c **** /**
  57:Drivers/STM32L4xx_HAL_Driver/Src/stm32l4xx_hal_pwr.c ****   * @}
  58:Drivers/STM32L4xx_HAL_Driver/Src/stm32l4xx_hal_pwr.c ****   */
  59:Drivers/STM32L4xx_HAL_Driver/Src/stm32l4xx_hal_pwr.c **** 
  60:Drivers/STM32L4xx_HAL_Driver/Src/stm32l4xx_hal_pwr.c **** /* Private macro -------------------------------------------------------------*/
  61:Drivers/STM32L4xx_HAL_Driver/Src/stm32l4xx_hal_pwr.c **** /* Private variables ---------------------------------------------------------*/
  62:Drivers/STM32L4xx_HAL_Driver/Src/stm32l4xx_hal_pwr.c **** /* Private function prototypes -----------------------------------------------*/
  63:Drivers/STM32L4xx_HAL_Driver/Src/stm32l4xx_hal_pwr.c **** /* Exported functions --------------------------------------------------------*/
  64:Drivers/STM32L4xx_HAL_Driver/Src/stm32l4xx_hal_pwr.c **** 
  65:Drivers/STM32L4xx_HAL_Driver/Src/stm32l4xx_hal_pwr.c **** /** @defgroup PWR_Exported_Functions PWR Exported Functions
  66:Drivers/STM32L4xx_HAL_Driver/Src/stm32l4xx_hal_pwr.c ****   * @{
  67:Drivers/STM32L4xx_HAL_Driver/Src/stm32l4xx_hal_pwr.c ****   */
  68:Drivers/STM32L4xx_HAL_Driver/Src/stm32l4xx_hal_pwr.c **** 
  69:Drivers/STM32L4xx_HAL_Driver/Src/stm32l4xx_hal_pwr.c **** /** @defgroup PWR_Exported_Functions_Group1 Initialization and de-initialization functions
  70:Drivers/STM32L4xx_HAL_Driver/Src/stm32l4xx_hal_pwr.c ****   *  @brief    Initialization and de-initialization functions
  71:Drivers/STM32L4xx_HAL_Driver/Src/stm32l4xx_hal_pwr.c ****   *
  72:Drivers/STM32L4xx_HAL_Driver/Src/stm32l4xx_hal_pwr.c **** @verbatim
  73:Drivers/STM32L4xx_HAL_Driver/Src/stm32l4xx_hal_pwr.c ****  ===============================================================================
  74:Drivers/STM32L4xx_HAL_Driver/Src/stm32l4xx_hal_pwr.c ****               ##### Initialization and de-initialization functions #####
  75:Drivers/STM32L4xx_HAL_Driver/Src/stm32l4xx_hal_pwr.c ****  ===============================================================================
  76:Drivers/STM32L4xx_HAL_Driver/Src/stm32l4xx_hal_pwr.c ****     [..]
  77:Drivers/STM32L4xx_HAL_Driver/Src/stm32l4xx_hal_pwr.c **** 
  78:Drivers/STM32L4xx_HAL_Driver/Src/stm32l4xx_hal_pwr.c **** @endverbatim
  79:Drivers/STM32L4xx_HAL_Driver/Src/stm32l4xx_hal_pwr.c ****   * @{
  80:Drivers/STM32L4xx_HAL_Driver/Src/stm32l4xx_hal_pwr.c ****   */
  81:Drivers/STM32L4xx_HAL_Driver/Src/stm32l4xx_hal_pwr.c **** 
  82:Drivers/STM32L4xx_HAL_Driver/Src/stm32l4xx_hal_pwr.c **** /**
  83:Drivers/STM32L4xx_HAL_Driver/Src/stm32l4xx_hal_pwr.c ****   * @brief Deinitialize the HAL PWR peripheral registers to their default reset values.
  84:Drivers/STM32L4xx_HAL_Driver/Src/stm32l4xx_hal_pwr.c ****   * @retval None
  85:Drivers/STM32L4xx_HAL_Driver/Src/stm32l4xx_hal_pwr.c ****   */
  86:Drivers/STM32L4xx_HAL_Driver/Src/stm32l4xx_hal_pwr.c **** void HAL_PWR_DeInit(void)
ARM GAS  C:\Users\ep_ygh\AppData\Local\Temp\ccYnMhuh.s 			page 3


  87:Drivers/STM32L4xx_HAL_Driver/Src/stm32l4xx_hal_pwr.c **** {
  30              		.loc 1 87 1 view -0
  31              		.cfi_startproc
  32              		@ args = 0, pretend = 0, frame = 0
  33              		@ frame_needed = 0, uses_anonymous_args = 0
  34              		@ link register save eliminated.
  88:Drivers/STM32L4xx_HAL_Driver/Src/stm32l4xx_hal_pwr.c ****   __HAL_RCC_PWR_FORCE_RESET();
  35              		.loc 1 88 3 view .LVU1
  36 0000 044B     		ldr	r3, .L3
  37 0002 9A6B     		ldr	r2, [r3, #56]
  38 0004 42F08052 		orr	r2, r2, #268435456
  39 0008 9A63     		str	r2, [r3, #56]
  89:Drivers/STM32L4xx_HAL_Driver/Src/stm32l4xx_hal_pwr.c ****   __HAL_RCC_PWR_RELEASE_RESET();
  40              		.loc 1 89 3 view .LVU2
  41 000a 9A6B     		ldr	r2, [r3, #56]
  42 000c 22F08052 		bic	r2, r2, #268435456
  43 0010 9A63     		str	r2, [r3, #56]
  90:Drivers/STM32L4xx_HAL_Driver/Src/stm32l4xx_hal_pwr.c **** }
  44              		.loc 1 90 1 is_stmt 0 view .LVU3
  45 0012 7047     		bx	lr
  46              	.L4:
  47              		.align	2
  48              	.L3:
  49 0014 00100240 		.word	1073876992
  50              		.cfi_endproc
  51              	.LFE317:
  53              		.section	.text.HAL_PWR_EnableBkUpAccess,"ax",%progbits
  54              		.align	1
  55              		.p2align 2,,3
  56              		.global	HAL_PWR_EnableBkUpAccess
  57              		.syntax unified
  58              		.thumb
  59              		.thumb_func
  61              	HAL_PWR_EnableBkUpAccess:
  62              	.LFB318:
  91:Drivers/STM32L4xx_HAL_Driver/Src/stm32l4xx_hal_pwr.c **** 
  92:Drivers/STM32L4xx_HAL_Driver/Src/stm32l4xx_hal_pwr.c **** /**
  93:Drivers/STM32L4xx_HAL_Driver/Src/stm32l4xx_hal_pwr.c ****   * @brief Enable access to the backup domain
  94:Drivers/STM32L4xx_HAL_Driver/Src/stm32l4xx_hal_pwr.c ****   *        (RTC registers, RTC backup data registers).
  95:Drivers/STM32L4xx_HAL_Driver/Src/stm32l4xx_hal_pwr.c ****   * @note  After reset, the backup domain is protected against
  96:Drivers/STM32L4xx_HAL_Driver/Src/stm32l4xx_hal_pwr.c ****   *        possible unwanted write accesses.
  97:Drivers/STM32L4xx_HAL_Driver/Src/stm32l4xx_hal_pwr.c ****   * @note  RTCSEL that sets the RTC clock source selection is in the RTC back-up domain.
  98:Drivers/STM32L4xx_HAL_Driver/Src/stm32l4xx_hal_pwr.c ****   *        In order to set or modify the RTC clock, the backup domain access must be
  99:Drivers/STM32L4xx_HAL_Driver/Src/stm32l4xx_hal_pwr.c ****   *        disabled.
 100:Drivers/STM32L4xx_HAL_Driver/Src/stm32l4xx_hal_pwr.c ****   * @note  LSEON bit that switches on and off the LSE crystal belongs as well to the
 101:Drivers/STM32L4xx_HAL_Driver/Src/stm32l4xx_hal_pwr.c ****   *        back-up domain.
 102:Drivers/STM32L4xx_HAL_Driver/Src/stm32l4xx_hal_pwr.c ****   * @retval None
 103:Drivers/STM32L4xx_HAL_Driver/Src/stm32l4xx_hal_pwr.c ****   */
 104:Drivers/STM32L4xx_HAL_Driver/Src/stm32l4xx_hal_pwr.c **** void HAL_PWR_EnableBkUpAccess(void)
 105:Drivers/STM32L4xx_HAL_Driver/Src/stm32l4xx_hal_pwr.c **** {
  63              		.loc 1 105 1 is_stmt 1 view -0
  64              		.cfi_startproc
  65              		@ args = 0, pretend = 0, frame = 0
  66              		@ frame_needed = 0, uses_anonymous_args = 0
  67              		@ link register save eliminated.
 106:Drivers/STM32L4xx_HAL_Driver/Src/stm32l4xx_hal_pwr.c ****   SET_BIT(PWR->CR1, PWR_CR1_DBP);
  68              		.loc 1 106 3 view .LVU5
ARM GAS  C:\Users\ep_ygh\AppData\Local\Temp\ccYnMhuh.s 			page 4


  69 0000 024A     		ldr	r2, .L6
  70 0002 1368     		ldr	r3, [r2]
  71 0004 43F48073 		orr	r3, r3, #256
  72 0008 1360     		str	r3, [r2]
 107:Drivers/STM32L4xx_HAL_Driver/Src/stm32l4xx_hal_pwr.c **** }
  73              		.loc 1 107 1 is_stmt 0 view .LVU6
  74 000a 7047     		bx	lr
  75              	.L7:
  76              		.align	2
  77              	.L6:
  78 000c 00700040 		.word	1073770496
  79              		.cfi_endproc
  80              	.LFE318:
  82              		.section	.text.HAL_PWR_DisableBkUpAccess,"ax",%progbits
  83              		.align	1
  84              		.p2align 2,,3
  85              		.global	HAL_PWR_DisableBkUpAccess
  86              		.syntax unified
  87              		.thumb
  88              		.thumb_func
  90              	HAL_PWR_DisableBkUpAccess:
  91              	.LFB319:
 108:Drivers/STM32L4xx_HAL_Driver/Src/stm32l4xx_hal_pwr.c **** 
 109:Drivers/STM32L4xx_HAL_Driver/Src/stm32l4xx_hal_pwr.c **** /**
 110:Drivers/STM32L4xx_HAL_Driver/Src/stm32l4xx_hal_pwr.c ****   * @brief Disable access to the backup domain
 111:Drivers/STM32L4xx_HAL_Driver/Src/stm32l4xx_hal_pwr.c ****   *        (RTC registers, RTC backup data registers).
 112:Drivers/STM32L4xx_HAL_Driver/Src/stm32l4xx_hal_pwr.c ****   * @retval None
 113:Drivers/STM32L4xx_HAL_Driver/Src/stm32l4xx_hal_pwr.c ****   */
 114:Drivers/STM32L4xx_HAL_Driver/Src/stm32l4xx_hal_pwr.c **** void HAL_PWR_DisableBkUpAccess(void)
 115:Drivers/STM32L4xx_HAL_Driver/Src/stm32l4xx_hal_pwr.c **** {
  92              		.loc 1 115 1 is_stmt 1 view -0
  93              		.cfi_startproc
  94              		@ args = 0, pretend = 0, frame = 0
  95              		@ frame_needed = 0, uses_anonymous_args = 0
  96              		@ link register save eliminated.
 116:Drivers/STM32L4xx_HAL_Driver/Src/stm32l4xx_hal_pwr.c ****   CLEAR_BIT(PWR->CR1, PWR_CR1_DBP);
  97              		.loc 1 116 3 view .LVU8
  98 0000 024A     		ldr	r2, .L9
  99 0002 1368     		ldr	r3, [r2]
 100 0004 23F48073 		bic	r3, r3, #256
 101 0008 1360     		str	r3, [r2]
 117:Drivers/STM32L4xx_HAL_Driver/Src/stm32l4xx_hal_pwr.c **** }
 102              		.loc 1 117 1 is_stmt 0 view .LVU9
 103 000a 7047     		bx	lr
 104              	.L10:
 105              		.align	2
 106              	.L9:
 107 000c 00700040 		.word	1073770496
 108              		.cfi_endproc
 109              	.LFE319:
 111              		.section	.text.HAL_PWR_ConfigPVD,"ax",%progbits
 112              		.align	1
 113              		.p2align 2,,3
 114              		.global	HAL_PWR_ConfigPVD
 115              		.syntax unified
 116              		.thumb
 117              		.thumb_func
ARM GAS  C:\Users\ep_ygh\AppData\Local\Temp\ccYnMhuh.s 			page 5


 119              	HAL_PWR_ConfigPVD:
 120              	.LVL0:
 121              	.LFB320:
 118:Drivers/STM32L4xx_HAL_Driver/Src/stm32l4xx_hal_pwr.c **** 
 119:Drivers/STM32L4xx_HAL_Driver/Src/stm32l4xx_hal_pwr.c **** 
 120:Drivers/STM32L4xx_HAL_Driver/Src/stm32l4xx_hal_pwr.c **** 
 121:Drivers/STM32L4xx_HAL_Driver/Src/stm32l4xx_hal_pwr.c **** 
 122:Drivers/STM32L4xx_HAL_Driver/Src/stm32l4xx_hal_pwr.c **** /**
 123:Drivers/STM32L4xx_HAL_Driver/Src/stm32l4xx_hal_pwr.c ****   * @}
 124:Drivers/STM32L4xx_HAL_Driver/Src/stm32l4xx_hal_pwr.c ****   */
 125:Drivers/STM32L4xx_HAL_Driver/Src/stm32l4xx_hal_pwr.c **** 
 126:Drivers/STM32L4xx_HAL_Driver/Src/stm32l4xx_hal_pwr.c **** 
 127:Drivers/STM32L4xx_HAL_Driver/Src/stm32l4xx_hal_pwr.c **** 
 128:Drivers/STM32L4xx_HAL_Driver/Src/stm32l4xx_hal_pwr.c **** /** @defgroup PWR_Exported_Functions_Group2 Peripheral Control functions
 129:Drivers/STM32L4xx_HAL_Driver/Src/stm32l4xx_hal_pwr.c ****   *  @brief Low Power modes configuration functions
 130:Drivers/STM32L4xx_HAL_Driver/Src/stm32l4xx_hal_pwr.c ****   *
 131:Drivers/STM32L4xx_HAL_Driver/Src/stm32l4xx_hal_pwr.c **** @verbatim
 132:Drivers/STM32L4xx_HAL_Driver/Src/stm32l4xx_hal_pwr.c **** 
 133:Drivers/STM32L4xx_HAL_Driver/Src/stm32l4xx_hal_pwr.c ****  ===============================================================================
 134:Drivers/STM32L4xx_HAL_Driver/Src/stm32l4xx_hal_pwr.c ****                  ##### Peripheral Control functions #####
 135:Drivers/STM32L4xx_HAL_Driver/Src/stm32l4xx_hal_pwr.c ****  ===============================================================================
 136:Drivers/STM32L4xx_HAL_Driver/Src/stm32l4xx_hal_pwr.c **** 
 137:Drivers/STM32L4xx_HAL_Driver/Src/stm32l4xx_hal_pwr.c ****      [..]
 138:Drivers/STM32L4xx_HAL_Driver/Src/stm32l4xx_hal_pwr.c ****      *** PVD configuration ***
 139:Drivers/STM32L4xx_HAL_Driver/Src/stm32l4xx_hal_pwr.c ****     =========================
 140:Drivers/STM32L4xx_HAL_Driver/Src/stm32l4xx_hal_pwr.c ****     [..]
 141:Drivers/STM32L4xx_HAL_Driver/Src/stm32l4xx_hal_pwr.c ****       (+) The PVD is used to monitor the VDD power supply by comparing it to a
 142:Drivers/STM32L4xx_HAL_Driver/Src/stm32l4xx_hal_pwr.c ****           threshold selected by the PVD Level (PLS[2:0] bits in PWR_CR2 register).
 143:Drivers/STM32L4xx_HAL_Driver/Src/stm32l4xx_hal_pwr.c **** 
 144:Drivers/STM32L4xx_HAL_Driver/Src/stm32l4xx_hal_pwr.c ****       (+) PVDO flag is available to indicate if VDD/VDDA is higher or lower
 145:Drivers/STM32L4xx_HAL_Driver/Src/stm32l4xx_hal_pwr.c ****           than the PVD threshold. This event is internally connected to the EXTI
 146:Drivers/STM32L4xx_HAL_Driver/Src/stm32l4xx_hal_pwr.c ****           line16 and can generate an interrupt if enabled. This is done through
 147:Drivers/STM32L4xx_HAL_Driver/Src/stm32l4xx_hal_pwr.c ****           __HAL_PVD_EXTI_ENABLE_IT() macro.
 148:Drivers/STM32L4xx_HAL_Driver/Src/stm32l4xx_hal_pwr.c ****       (+) The PVD is stopped in Standby mode.
 149:Drivers/STM32L4xx_HAL_Driver/Src/stm32l4xx_hal_pwr.c **** 
 150:Drivers/STM32L4xx_HAL_Driver/Src/stm32l4xx_hal_pwr.c **** 
 151:Drivers/STM32L4xx_HAL_Driver/Src/stm32l4xx_hal_pwr.c ****     *** WakeUp pin configuration ***
 152:Drivers/STM32L4xx_HAL_Driver/Src/stm32l4xx_hal_pwr.c ****     ================================
 153:Drivers/STM32L4xx_HAL_Driver/Src/stm32l4xx_hal_pwr.c ****     [..]
 154:Drivers/STM32L4xx_HAL_Driver/Src/stm32l4xx_hal_pwr.c ****       (+) WakeUp pins are used to wakeup the system from Standby mode or Shutdown mode.
 155:Drivers/STM32L4xx_HAL_Driver/Src/stm32l4xx_hal_pwr.c ****           The polarity of these pins can be set to configure event detection on high
 156:Drivers/STM32L4xx_HAL_Driver/Src/stm32l4xx_hal_pwr.c ****           level (rising edge) or low level (falling edge).
 157:Drivers/STM32L4xx_HAL_Driver/Src/stm32l4xx_hal_pwr.c **** 
 158:Drivers/STM32L4xx_HAL_Driver/Src/stm32l4xx_hal_pwr.c **** 
 159:Drivers/STM32L4xx_HAL_Driver/Src/stm32l4xx_hal_pwr.c **** 
 160:Drivers/STM32L4xx_HAL_Driver/Src/stm32l4xx_hal_pwr.c ****     *** Low Power modes configuration ***
 161:Drivers/STM32L4xx_HAL_Driver/Src/stm32l4xx_hal_pwr.c ****     =====================================
 162:Drivers/STM32L4xx_HAL_Driver/Src/stm32l4xx_hal_pwr.c ****     [..]
 163:Drivers/STM32L4xx_HAL_Driver/Src/stm32l4xx_hal_pwr.c ****       The devices feature 8 low-power modes:
 164:Drivers/STM32L4xx_HAL_Driver/Src/stm32l4xx_hal_pwr.c ****       (+) Low-power Run mode: core and peripherals are running, main regulator off, low power regul
 165:Drivers/STM32L4xx_HAL_Driver/Src/stm32l4xx_hal_pwr.c ****       (+) Sleep mode: Cortex-M4 core stopped, peripherals kept running, main and low power regulato
 166:Drivers/STM32L4xx_HAL_Driver/Src/stm32l4xx_hal_pwr.c ****       (+) Low-power Sleep mode: Cortex-M4 core stopped, peripherals kept running, main regulator of
 167:Drivers/STM32L4xx_HAL_Driver/Src/stm32l4xx_hal_pwr.c ****       (+) Stop 0 mode: all clocks are stopped except LSI and LSE, main and low power regulators on.
 168:Drivers/STM32L4xx_HAL_Driver/Src/stm32l4xx_hal_pwr.c ****       (+) Stop 1 mode: all clocks are stopped except LSI and LSE, main regulator off, low power reg
 169:Drivers/STM32L4xx_HAL_Driver/Src/stm32l4xx_hal_pwr.c ****       (+) Stop 2 mode: all clocks are stopped except LSI and LSE, main regulator off, low power reg
 170:Drivers/STM32L4xx_HAL_Driver/Src/stm32l4xx_hal_pwr.c ****       (+) Standby mode with SRAM2: all clocks are stopped except LSI and LSE, SRAM2 content preserv
 171:Drivers/STM32L4xx_HAL_Driver/Src/stm32l4xx_hal_pwr.c ****       (+) Standby mode without SRAM2: all clocks are stopped except LSI and LSE, main and low power
ARM GAS  C:\Users\ep_ygh\AppData\Local\Temp\ccYnMhuh.s 			page 6


 172:Drivers/STM32L4xx_HAL_Driver/Src/stm32l4xx_hal_pwr.c ****       (+) Shutdown mode: all clocks are stopped except LSE, main and low power regulators off.
 173:Drivers/STM32L4xx_HAL_Driver/Src/stm32l4xx_hal_pwr.c **** 
 174:Drivers/STM32L4xx_HAL_Driver/Src/stm32l4xx_hal_pwr.c **** 
 175:Drivers/STM32L4xx_HAL_Driver/Src/stm32l4xx_hal_pwr.c ****    *** Low-power run mode ***
 176:Drivers/STM32L4xx_HAL_Driver/Src/stm32l4xx_hal_pwr.c ****    ==========================
 177:Drivers/STM32L4xx_HAL_Driver/Src/stm32l4xx_hal_pwr.c ****     [..]
 178:Drivers/STM32L4xx_HAL_Driver/Src/stm32l4xx_hal_pwr.c ****       (+) Entry: (from main run mode)
 179:Drivers/STM32L4xx_HAL_Driver/Src/stm32l4xx_hal_pwr.c ****         (++) set LPR bit with HAL_PWREx_EnableLowPowerRunMode() API after having decreased the syst
 180:Drivers/STM32L4xx_HAL_Driver/Src/stm32l4xx_hal_pwr.c **** 
 181:Drivers/STM32L4xx_HAL_Driver/Src/stm32l4xx_hal_pwr.c ****       (+) Exit:
 182:Drivers/STM32L4xx_HAL_Driver/Src/stm32l4xx_hal_pwr.c ****         (++) clear LPR bit then wait for REGLP bit to be reset with HAL_PWREx_DisableLowPowerRunMod
 183:Drivers/STM32L4xx_HAL_Driver/Src/stm32l4xx_hal_pwr.c ****              then can the system clock frequency be increased above 2 MHz.
 184:Drivers/STM32L4xx_HAL_Driver/Src/stm32l4xx_hal_pwr.c **** 
 185:Drivers/STM32L4xx_HAL_Driver/Src/stm32l4xx_hal_pwr.c **** 
 186:Drivers/STM32L4xx_HAL_Driver/Src/stm32l4xx_hal_pwr.c ****    *** Sleep mode / Low-power sleep mode ***
 187:Drivers/STM32L4xx_HAL_Driver/Src/stm32l4xx_hal_pwr.c ****    =========================================
 188:Drivers/STM32L4xx_HAL_Driver/Src/stm32l4xx_hal_pwr.c ****     [..]
 189:Drivers/STM32L4xx_HAL_Driver/Src/stm32l4xx_hal_pwr.c ****       (+) Entry:
 190:Drivers/STM32L4xx_HAL_Driver/Src/stm32l4xx_hal_pwr.c ****           The Sleep mode / Low-power Sleep mode is entered through HAL_PWR_EnterSLEEPMode() API
 191:Drivers/STM32L4xx_HAL_Driver/Src/stm32l4xx_hal_pwr.c ****           in specifying whether or not the regulator is forced to low-power mode and if exit is int
 192:Drivers/STM32L4xx_HAL_Driver/Src/stm32l4xx_hal_pwr.c ****           (++) PWR_MAINREGULATOR_ON: Sleep mode (regulator in main mode).
 193:Drivers/STM32L4xx_HAL_Driver/Src/stm32l4xx_hal_pwr.c ****           (++) PWR_LOWPOWERREGULATOR_ON: Low-power sleep (regulator in low power mode).
 194:Drivers/STM32L4xx_HAL_Driver/Src/stm32l4xx_hal_pwr.c ****           In the latter case, the system clock frequency must have been decreased below 2 MHz befor
 195:Drivers/STM32L4xx_HAL_Driver/Src/stm32l4xx_hal_pwr.c ****           (++) PWR_SLEEPENTRY_WFI: enter SLEEP mode with WFI instruction
 196:Drivers/STM32L4xx_HAL_Driver/Src/stm32l4xx_hal_pwr.c ****           (++) PWR_SLEEPENTRY_WFE: enter SLEEP mode with WFE instruction
 197:Drivers/STM32L4xx_HAL_Driver/Src/stm32l4xx_hal_pwr.c **** 
 198:Drivers/STM32L4xx_HAL_Driver/Src/stm32l4xx_hal_pwr.c ****       (+) WFI Exit:
 199:Drivers/STM32L4xx_HAL_Driver/Src/stm32l4xx_hal_pwr.c ****         (++) Any peripheral interrupt acknowledged by the nested vectored interrupt
 200:Drivers/STM32L4xx_HAL_Driver/Src/stm32l4xx_hal_pwr.c ****              controller (NVIC) or any wake-up event.
 201:Drivers/STM32L4xx_HAL_Driver/Src/stm32l4xx_hal_pwr.c **** 
 202:Drivers/STM32L4xx_HAL_Driver/Src/stm32l4xx_hal_pwr.c ****       (+) WFE Exit:
 203:Drivers/STM32L4xx_HAL_Driver/Src/stm32l4xx_hal_pwr.c ****         (++) Any wake-up event such as an EXTI line configured in event mode.
 204:Drivers/STM32L4xx_HAL_Driver/Src/stm32l4xx_hal_pwr.c **** 
 205:Drivers/STM32L4xx_HAL_Driver/Src/stm32l4xx_hal_pwr.c ****          [..] When exiting the Low-power sleep mode by issuing an interrupt or a wakeup event,
 206:Drivers/STM32L4xx_HAL_Driver/Src/stm32l4xx_hal_pwr.c ****              the MCU is in Low-power Run mode.
 207:Drivers/STM32L4xx_HAL_Driver/Src/stm32l4xx_hal_pwr.c **** 
 208:Drivers/STM32L4xx_HAL_Driver/Src/stm32l4xx_hal_pwr.c ****    *** Stop 0, Stop 1 and Stop 2 modes ***
 209:Drivers/STM32L4xx_HAL_Driver/Src/stm32l4xx_hal_pwr.c ****    ===============================
 210:Drivers/STM32L4xx_HAL_Driver/Src/stm32l4xx_hal_pwr.c ****     [..]
 211:Drivers/STM32L4xx_HAL_Driver/Src/stm32l4xx_hal_pwr.c ****       (+) Entry:
 212:Drivers/STM32L4xx_HAL_Driver/Src/stm32l4xx_hal_pwr.c ****           The Stop 0, Stop 1 or Stop 2 modes are entered through the following API's:
 213:Drivers/STM32L4xx_HAL_Driver/Src/stm32l4xx_hal_pwr.c ****           (++) HAL_PWREx_EnterSTOP0Mode() for mode 0 or HAL_PWREx_EnterSTOP1Mode() for mode 1 or fo
 214:Drivers/STM32L4xx_HAL_Driver/Src/stm32l4xx_hal_pwr.c ****           (++) HAL_PWREx_EnterSTOP2Mode() for mode 2.
 215:Drivers/STM32L4xx_HAL_Driver/Src/stm32l4xx_hal_pwr.c ****       (+) Regulator setting (applicable to HAL_PWR_EnterSTOPMode() only):
 216:Drivers/STM32L4xx_HAL_Driver/Src/stm32l4xx_hal_pwr.c ****           (++) PWR_MAINREGULATOR_ON
 217:Drivers/STM32L4xx_HAL_Driver/Src/stm32l4xx_hal_pwr.c ****           (++) PWR_LOWPOWERREGULATOR_ON
 218:Drivers/STM32L4xx_HAL_Driver/Src/stm32l4xx_hal_pwr.c ****       (+) Exit (interrupt or event-triggered, specified when entering STOP mode):
 219:Drivers/STM32L4xx_HAL_Driver/Src/stm32l4xx_hal_pwr.c ****           (++) PWR_STOPENTRY_WFI: enter Stop mode with WFI instruction
 220:Drivers/STM32L4xx_HAL_Driver/Src/stm32l4xx_hal_pwr.c ****           (++) PWR_STOPENTRY_WFE: enter Stop mode with WFE instruction
 221:Drivers/STM32L4xx_HAL_Driver/Src/stm32l4xx_hal_pwr.c **** 
 222:Drivers/STM32L4xx_HAL_Driver/Src/stm32l4xx_hal_pwr.c ****       (+) WFI Exit:
 223:Drivers/STM32L4xx_HAL_Driver/Src/stm32l4xx_hal_pwr.c ****           (++) Any EXTI Line (Internal or External) configured in Interrupt mode.
 224:Drivers/STM32L4xx_HAL_Driver/Src/stm32l4xx_hal_pwr.c ****           (++) Some specific communication peripherals (USART, LPUART, I2C) interrupts
 225:Drivers/STM32L4xx_HAL_Driver/Src/stm32l4xx_hal_pwr.c ****                when programmed in wakeup mode.
 226:Drivers/STM32L4xx_HAL_Driver/Src/stm32l4xx_hal_pwr.c ****       (+) WFE Exit:
 227:Drivers/STM32L4xx_HAL_Driver/Src/stm32l4xx_hal_pwr.c ****           (++) Any EXTI Line (Internal or External) configured in Event mode.
 228:Drivers/STM32L4xx_HAL_Driver/Src/stm32l4xx_hal_pwr.c **** 
ARM GAS  C:\Users\ep_ygh\AppData\Local\Temp\ccYnMhuh.s 			page 7


 229:Drivers/STM32L4xx_HAL_Driver/Src/stm32l4xx_hal_pwr.c ****        [..]
 230:Drivers/STM32L4xx_HAL_Driver/Src/stm32l4xx_hal_pwr.c ****           When exiting Stop 0 and Stop 1 modes, the MCU is either in Run mode or in Low-power Run m
 231:Drivers/STM32L4xx_HAL_Driver/Src/stm32l4xx_hal_pwr.c ****           depending on the LPR bit setting.
 232:Drivers/STM32L4xx_HAL_Driver/Src/stm32l4xx_hal_pwr.c ****           When exiting Stop 2 mode, the MCU is in Run mode.
 233:Drivers/STM32L4xx_HAL_Driver/Src/stm32l4xx_hal_pwr.c **** 
 234:Drivers/STM32L4xx_HAL_Driver/Src/stm32l4xx_hal_pwr.c ****    *** Standby mode ***
 235:Drivers/STM32L4xx_HAL_Driver/Src/stm32l4xx_hal_pwr.c ****    ====================
 236:Drivers/STM32L4xx_HAL_Driver/Src/stm32l4xx_hal_pwr.c ****      [..]
 237:Drivers/STM32L4xx_HAL_Driver/Src/stm32l4xx_hal_pwr.c ****       The Standby mode offers two options:
 238:Drivers/STM32L4xx_HAL_Driver/Src/stm32l4xx_hal_pwr.c ****       (+) option a) all clocks off except LSI and LSE, RRS bit set (keeps voltage regulator in low 
 239:Drivers/STM32L4xx_HAL_Driver/Src/stm32l4xx_hal_pwr.c ****         SRAM and registers contents are lost except for the SRAM2 content, the RTC registers, RTC b
 240:Drivers/STM32L4xx_HAL_Driver/Src/stm32l4xx_hal_pwr.c ****         and Standby circuitry.
 241:Drivers/STM32L4xx_HAL_Driver/Src/stm32l4xx_hal_pwr.c ****       (+) option b) all clocks off except LSI and LSE, RRS bit cleared (voltage regulator then disa
 242:Drivers/STM32L4xx_HAL_Driver/Src/stm32l4xx_hal_pwr.c ****         SRAM and register contents are lost except for the RTC registers, RTC backup registers
 243:Drivers/STM32L4xx_HAL_Driver/Src/stm32l4xx_hal_pwr.c ****         and Standby circuitry.
 244:Drivers/STM32L4xx_HAL_Driver/Src/stm32l4xx_hal_pwr.c **** 
 245:Drivers/STM32L4xx_HAL_Driver/Src/stm32l4xx_hal_pwr.c ****       (++) Entry:
 246:Drivers/STM32L4xx_HAL_Driver/Src/stm32l4xx_hal_pwr.c ****           (+++) The Standby mode is entered through HAL_PWR_EnterSTANDBYMode() API.
 247:Drivers/STM32L4xx_HAL_Driver/Src/stm32l4xx_hal_pwr.c ****                 SRAM1 and register contents are lost except for registers in the Backup domain and
 248:Drivers/STM32L4xx_HAL_Driver/Src/stm32l4xx_hal_pwr.c ****                 Standby circuitry. SRAM2 content can be preserved if the bit RRS is set in PWR_CR3 
 249:Drivers/STM32L4xx_HAL_Driver/Src/stm32l4xx_hal_pwr.c ****                 To enable this feature, the user can resort to HAL_PWREx_EnableSRAM2ContentRetentio
 250:Drivers/STM32L4xx_HAL_Driver/Src/stm32l4xx_hal_pwr.c ****                 to set RRS bit.
 251:Drivers/STM32L4xx_HAL_Driver/Src/stm32l4xx_hal_pwr.c **** 
 252:Drivers/STM32L4xx_HAL_Driver/Src/stm32l4xx_hal_pwr.c ****       (++) Exit:
 253:Drivers/STM32L4xx_HAL_Driver/Src/stm32l4xx_hal_pwr.c ****           (+++) WKUP pin rising edge, RTC alarm or wakeup, tamper event, time-stamp event,
 254:Drivers/STM32L4xx_HAL_Driver/Src/stm32l4xx_hal_pwr.c ****                 external reset in NRST pin, IWDG reset.
 255:Drivers/STM32L4xx_HAL_Driver/Src/stm32l4xx_hal_pwr.c **** 
 256:Drivers/STM32L4xx_HAL_Driver/Src/stm32l4xx_hal_pwr.c ****       [..]    After waking up from Standby mode, program execution restarts in the same way as afte
 257:Drivers/STM32L4xx_HAL_Driver/Src/stm32l4xx_hal_pwr.c **** 
 258:Drivers/STM32L4xx_HAL_Driver/Src/stm32l4xx_hal_pwr.c **** 
 259:Drivers/STM32L4xx_HAL_Driver/Src/stm32l4xx_hal_pwr.c ****     *** Shutdown mode ***
 260:Drivers/STM32L4xx_HAL_Driver/Src/stm32l4xx_hal_pwr.c ****    ======================
 261:Drivers/STM32L4xx_HAL_Driver/Src/stm32l4xx_hal_pwr.c ****      [..]
 262:Drivers/STM32L4xx_HAL_Driver/Src/stm32l4xx_hal_pwr.c ****       In Shutdown mode,
 263:Drivers/STM32L4xx_HAL_Driver/Src/stm32l4xx_hal_pwr.c ****         voltage regulator is disabled, all clocks are off except LSE, RRS bit is cleared.
 264:Drivers/STM32L4xx_HAL_Driver/Src/stm32l4xx_hal_pwr.c ****         SRAM and registers contents are lost except for backup domain registers.
 265:Drivers/STM32L4xx_HAL_Driver/Src/stm32l4xx_hal_pwr.c **** 
 266:Drivers/STM32L4xx_HAL_Driver/Src/stm32l4xx_hal_pwr.c ****       (+) Entry:
 267:Drivers/STM32L4xx_HAL_Driver/Src/stm32l4xx_hal_pwr.c ****           The Shutdown mode is entered through HAL_PWREx_EnterSHUTDOWNMode() API.
 268:Drivers/STM32L4xx_HAL_Driver/Src/stm32l4xx_hal_pwr.c **** 
 269:Drivers/STM32L4xx_HAL_Driver/Src/stm32l4xx_hal_pwr.c ****       (+) Exit:
 270:Drivers/STM32L4xx_HAL_Driver/Src/stm32l4xx_hal_pwr.c ****           (++) WKUP pin rising edge, RTC alarm or wakeup, tamper event, time-stamp event,
 271:Drivers/STM32L4xx_HAL_Driver/Src/stm32l4xx_hal_pwr.c ****                external reset in NRST pin.
 272:Drivers/STM32L4xx_HAL_Driver/Src/stm32l4xx_hal_pwr.c **** 
 273:Drivers/STM32L4xx_HAL_Driver/Src/stm32l4xx_hal_pwr.c ****          [..] After waking up from Shutdown mode, program execution restarts in the same way as aft
 274:Drivers/STM32L4xx_HAL_Driver/Src/stm32l4xx_hal_pwr.c **** 
 275:Drivers/STM32L4xx_HAL_Driver/Src/stm32l4xx_hal_pwr.c **** 
 276:Drivers/STM32L4xx_HAL_Driver/Src/stm32l4xx_hal_pwr.c ****    *** Auto-wakeup (AWU) from low-power mode ***
 277:Drivers/STM32L4xx_HAL_Driver/Src/stm32l4xx_hal_pwr.c ****    =============================================
 278:Drivers/STM32L4xx_HAL_Driver/Src/stm32l4xx_hal_pwr.c ****     [..]
 279:Drivers/STM32L4xx_HAL_Driver/Src/stm32l4xx_hal_pwr.c ****       The MCU can be woken up from low-power mode by an RTC Alarm event, an RTC
 280:Drivers/STM32L4xx_HAL_Driver/Src/stm32l4xx_hal_pwr.c ****       Wakeup event, a tamper event or a time-stamp event, without depending on
 281:Drivers/STM32L4xx_HAL_Driver/Src/stm32l4xx_hal_pwr.c ****       an external interrupt (Auto-wakeup mode).
 282:Drivers/STM32L4xx_HAL_Driver/Src/stm32l4xx_hal_pwr.c **** 
 283:Drivers/STM32L4xx_HAL_Driver/Src/stm32l4xx_hal_pwr.c ****       (+) RTC auto-wakeup (AWU) from the Stop, Standby and Shutdown modes
 284:Drivers/STM32L4xx_HAL_Driver/Src/stm32l4xx_hal_pwr.c **** 
 285:Drivers/STM32L4xx_HAL_Driver/Src/stm32l4xx_hal_pwr.c **** 
ARM GAS  C:\Users\ep_ygh\AppData\Local\Temp\ccYnMhuh.s 			page 8


 286:Drivers/STM32L4xx_HAL_Driver/Src/stm32l4xx_hal_pwr.c ****         (++) To wake up from the Stop mode with an RTC alarm event, it is necessary to
 287:Drivers/STM32L4xx_HAL_Driver/Src/stm32l4xx_hal_pwr.c ****              configure the RTC to generate the RTC alarm using the HAL_RTC_SetAlarm_IT() function.
 288:Drivers/STM32L4xx_HAL_Driver/Src/stm32l4xx_hal_pwr.c **** 
 289:Drivers/STM32L4xx_HAL_Driver/Src/stm32l4xx_hal_pwr.c ****         (++) To wake up from the Stop mode with an RTC Tamper or time stamp event, it
 290:Drivers/STM32L4xx_HAL_Driver/Src/stm32l4xx_hal_pwr.c ****              is necessary to configure the RTC to detect the tamper or time stamp event using the
 291:Drivers/STM32L4xx_HAL_Driver/Src/stm32l4xx_hal_pwr.c ****              HAL_RTCEx_SetTimeStamp_IT() or HAL_RTCEx_SetTamper_IT() functions.
 292:Drivers/STM32L4xx_HAL_Driver/Src/stm32l4xx_hal_pwr.c **** 
 293:Drivers/STM32L4xx_HAL_Driver/Src/stm32l4xx_hal_pwr.c ****         (++) To wake up from the Stop mode with an RTC WakeUp event, it is necessary to
 294:Drivers/STM32L4xx_HAL_Driver/Src/stm32l4xx_hal_pwr.c ****               configure the RTC to generate the RTC WakeUp event using the HAL_RTCEx_SetWakeUpTimer
 295:Drivers/STM32L4xx_HAL_Driver/Src/stm32l4xx_hal_pwr.c **** 
 296:Drivers/STM32L4xx_HAL_Driver/Src/stm32l4xx_hal_pwr.c **** @endverbatim
 297:Drivers/STM32L4xx_HAL_Driver/Src/stm32l4xx_hal_pwr.c ****   * @{
 298:Drivers/STM32L4xx_HAL_Driver/Src/stm32l4xx_hal_pwr.c ****   */
 299:Drivers/STM32L4xx_HAL_Driver/Src/stm32l4xx_hal_pwr.c **** 
 300:Drivers/STM32L4xx_HAL_Driver/Src/stm32l4xx_hal_pwr.c **** 
 301:Drivers/STM32L4xx_HAL_Driver/Src/stm32l4xx_hal_pwr.c **** 
 302:Drivers/STM32L4xx_HAL_Driver/Src/stm32l4xx_hal_pwr.c **** /**
 303:Drivers/STM32L4xx_HAL_Driver/Src/stm32l4xx_hal_pwr.c ****   * @brief Configure the voltage threshold detected by the Power Voltage Detector (PVD).
 304:Drivers/STM32L4xx_HAL_Driver/Src/stm32l4xx_hal_pwr.c ****   * @param sConfigPVD: pointer to a PWR_PVDTypeDef structure that contains the PVD
 305:Drivers/STM32L4xx_HAL_Driver/Src/stm32l4xx_hal_pwr.c ****   *        configuration information.
 306:Drivers/STM32L4xx_HAL_Driver/Src/stm32l4xx_hal_pwr.c ****   * @note Refer to the electrical characteristics of your device datasheet for
 307:Drivers/STM32L4xx_HAL_Driver/Src/stm32l4xx_hal_pwr.c ****   *         more details about the voltage thresholds corresponding to each
 308:Drivers/STM32L4xx_HAL_Driver/Src/stm32l4xx_hal_pwr.c ****   *         detection level.
 309:Drivers/STM32L4xx_HAL_Driver/Src/stm32l4xx_hal_pwr.c ****   * @retval None
 310:Drivers/STM32L4xx_HAL_Driver/Src/stm32l4xx_hal_pwr.c ****   */
 311:Drivers/STM32L4xx_HAL_Driver/Src/stm32l4xx_hal_pwr.c **** HAL_StatusTypeDef HAL_PWR_ConfigPVD(PWR_PVDTypeDef *sConfigPVD)
 312:Drivers/STM32L4xx_HAL_Driver/Src/stm32l4xx_hal_pwr.c **** {
 122              		.loc 1 312 1 is_stmt 1 view -0
 123              		.cfi_startproc
 124              		@ args = 0, pretend = 0, frame = 0
 125              		@ frame_needed = 0, uses_anonymous_args = 0
 126              		@ link register save eliminated.
 313:Drivers/STM32L4xx_HAL_Driver/Src/stm32l4xx_hal_pwr.c ****   /* Check the parameters */
 314:Drivers/STM32L4xx_HAL_Driver/Src/stm32l4xx_hal_pwr.c ****   assert_param(IS_PWR_PVD_LEVEL(sConfigPVD->PVDLevel));
 127              		.loc 1 314 3 view .LVU11
 315:Drivers/STM32L4xx_HAL_Driver/Src/stm32l4xx_hal_pwr.c ****   assert_param(IS_PWR_PVD_MODE(sConfigPVD->Mode));
 128              		.loc 1 315 3 view .LVU12
 316:Drivers/STM32L4xx_HAL_Driver/Src/stm32l4xx_hal_pwr.c **** 
 317:Drivers/STM32L4xx_HAL_Driver/Src/stm32l4xx_hal_pwr.c ****   /* Set PLS bits according to PVDLevel value */
 318:Drivers/STM32L4xx_HAL_Driver/Src/stm32l4xx_hal_pwr.c ****   MODIFY_REG(PWR->CR2, PWR_CR2_PLS, sConfigPVD->PVDLevel);
 129              		.loc 1 318 3 view .LVU13
 130 0000 1C49     		ldr	r1, .L29
 319:Drivers/STM32L4xx_HAL_Driver/Src/stm32l4xx_hal_pwr.c **** 
 320:Drivers/STM32L4xx_HAL_Driver/Src/stm32l4xx_hal_pwr.c ****   /* Clear any previous config. Keep it clear if no event or IT mode is selected */
 321:Drivers/STM32L4xx_HAL_Driver/Src/stm32l4xx_hal_pwr.c ****   __HAL_PWR_PVD_EXTI_DISABLE_EVENT();
 131              		.loc 1 321 3 is_stmt 0 view .LVU14
 132 0002 1D4B     		ldr	r3, .L29+4
 318:Drivers/STM32L4xx_HAL_Driver/Src/stm32l4xx_hal_pwr.c **** 
 133              		.loc 1 318 3 view .LVU15
 134 0004 4A68     		ldr	r2, [r1, #4]
 312:Drivers/STM32L4xx_HAL_Driver/Src/stm32l4xx_hal_pwr.c ****   /* Check the parameters */
 135              		.loc 1 312 1 view .LVU16
 136 0006 10B4     		push	{r4}
 137              	.LCFI0:
 138              		.cfi_def_cfa_offset 4
 139              		.cfi_offset 4, -4
 318:Drivers/STM32L4xx_HAL_Driver/Src/stm32l4xx_hal_pwr.c **** 
ARM GAS  C:\Users\ep_ygh\AppData\Local\Temp\ccYnMhuh.s 			page 9


 140              		.loc 1 318 3 view .LVU17
 141 0008 0468     		ldr	r4, [r0]
 142 000a 22F00E02 		bic	r2, r2, #14
 143 000e 2243     		orrs	r2, r2, r4
 144 0010 4A60     		str	r2, [r1, #4]
 145              		.loc 1 321 3 is_stmt 1 view .LVU18
 146 0012 5A68     		ldr	r2, [r3, #4]
 147 0014 22F48032 		bic	r2, r2, #65536
 148 0018 5A60     		str	r2, [r3, #4]
 322:Drivers/STM32L4xx_HAL_Driver/Src/stm32l4xx_hal_pwr.c ****   __HAL_PWR_PVD_EXTI_DISABLE_IT();
 149              		.loc 1 322 3 view .LVU19
 150 001a 1A68     		ldr	r2, [r3]
 151 001c 22F48032 		bic	r2, r2, #65536
 152 0020 1A60     		str	r2, [r3]
 323:Drivers/STM32L4xx_HAL_Driver/Src/stm32l4xx_hal_pwr.c ****   __HAL_PWR_PVD_EXTI_DISABLE_FALLING_EDGE();
 153              		.loc 1 323 3 view .LVU20
 154 0022 DA68     		ldr	r2, [r3, #12]
 155 0024 22F48032 		bic	r2, r2, #65536
 156 0028 DA60     		str	r2, [r3, #12]
 324:Drivers/STM32L4xx_HAL_Driver/Src/stm32l4xx_hal_pwr.c ****   __HAL_PWR_PVD_EXTI_DISABLE_RISING_EDGE();
 157              		.loc 1 324 3 view .LVU21
 158 002a 9A68     		ldr	r2, [r3, #8]
 159 002c 22F48032 		bic	r2, r2, #65536
 160 0030 9A60     		str	r2, [r3, #8]
 325:Drivers/STM32L4xx_HAL_Driver/Src/stm32l4xx_hal_pwr.c **** 
 326:Drivers/STM32L4xx_HAL_Driver/Src/stm32l4xx_hal_pwr.c ****   /* Configure interrupt mode */
 327:Drivers/STM32L4xx_HAL_Driver/Src/stm32l4xx_hal_pwr.c ****   if((sConfigPVD->Mode & PVD_MODE_IT) == PVD_MODE_IT)
 161              		.loc 1 327 3 view .LVU22
 162              		.loc 1 327 17 is_stmt 0 view .LVU23
 163 0032 4268     		ldr	r2, [r0, #4]
 164              		.loc 1 327 5 view .LVU24
 165 0034 D403     		lsls	r4, r2, #15
 166 0036 03D5     		bpl	.L12
 328:Drivers/STM32L4xx_HAL_Driver/Src/stm32l4xx_hal_pwr.c ****   {
 329:Drivers/STM32L4xx_HAL_Driver/Src/stm32l4xx_hal_pwr.c ****     __HAL_PWR_PVD_EXTI_ENABLE_IT();
 167              		.loc 1 329 5 is_stmt 1 view .LVU25
 168 0038 1968     		ldr	r1, [r3]
 169 003a 41F48031 		orr	r1, r1, #65536
 170 003e 1960     		str	r1, [r3]
 171              	.L12:
 330:Drivers/STM32L4xx_HAL_Driver/Src/stm32l4xx_hal_pwr.c ****   }
 331:Drivers/STM32L4xx_HAL_Driver/Src/stm32l4xx_hal_pwr.c **** 
 332:Drivers/STM32L4xx_HAL_Driver/Src/stm32l4xx_hal_pwr.c ****   /* Configure event mode */
 333:Drivers/STM32L4xx_HAL_Driver/Src/stm32l4xx_hal_pwr.c ****   if((sConfigPVD->Mode & PVD_MODE_EVT) == PVD_MODE_EVT)
 172              		.loc 1 333 3 view .LVU26
 173              		.loc 1 333 5 is_stmt 0 view .LVU27
 174 0040 9003     		lsls	r0, r2, #14
 175              	.LVL1:
 176              		.loc 1 333 5 view .LVU28
 177 0042 04D5     		bpl	.L13
 334:Drivers/STM32L4xx_HAL_Driver/Src/stm32l4xx_hal_pwr.c ****   {
 335:Drivers/STM32L4xx_HAL_Driver/Src/stm32l4xx_hal_pwr.c ****     __HAL_PWR_PVD_EXTI_ENABLE_EVENT();
 178              		.loc 1 335 5 is_stmt 1 view .LVU29
 179 0044 0C49     		ldr	r1, .L29+4
 180 0046 4B68     		ldr	r3, [r1, #4]
 181 0048 43F48033 		orr	r3, r3, #65536
 182 004c 4B60     		str	r3, [r1, #4]
ARM GAS  C:\Users\ep_ygh\AppData\Local\Temp\ccYnMhuh.s 			page 10


 183              	.L13:
 336:Drivers/STM32L4xx_HAL_Driver/Src/stm32l4xx_hal_pwr.c ****   }
 337:Drivers/STM32L4xx_HAL_Driver/Src/stm32l4xx_hal_pwr.c **** 
 338:Drivers/STM32L4xx_HAL_Driver/Src/stm32l4xx_hal_pwr.c ****   /* Configure the edge */
 339:Drivers/STM32L4xx_HAL_Driver/Src/stm32l4xx_hal_pwr.c ****   if((sConfigPVD->Mode & PVD_RISING_EDGE) == PVD_RISING_EDGE)
 184              		.loc 1 339 3 view .LVU30
 185              		.loc 1 339 5 is_stmt 0 view .LVU31
 186 004e D107     		lsls	r1, r2, #31
 187 0050 04D5     		bpl	.L14
 340:Drivers/STM32L4xx_HAL_Driver/Src/stm32l4xx_hal_pwr.c ****   {
 341:Drivers/STM32L4xx_HAL_Driver/Src/stm32l4xx_hal_pwr.c ****     __HAL_PWR_PVD_EXTI_ENABLE_RISING_EDGE();
 188              		.loc 1 341 5 is_stmt 1 view .LVU32
 189 0052 0949     		ldr	r1, .L29+4
 190 0054 8B68     		ldr	r3, [r1, #8]
 191 0056 43F48033 		orr	r3, r3, #65536
 192 005a 8B60     		str	r3, [r1, #8]
 193              	.L14:
 342:Drivers/STM32L4xx_HAL_Driver/Src/stm32l4xx_hal_pwr.c ****   }
 343:Drivers/STM32L4xx_HAL_Driver/Src/stm32l4xx_hal_pwr.c **** 
 344:Drivers/STM32L4xx_HAL_Driver/Src/stm32l4xx_hal_pwr.c ****   if((sConfigPVD->Mode & PVD_FALLING_EDGE) == PVD_FALLING_EDGE)
 194              		.loc 1 344 3 view .LVU33
 195              		.loc 1 344 5 is_stmt 0 view .LVU34
 196 005c 9307     		lsls	r3, r2, #30
 197 005e 04D5     		bpl	.L15
 345:Drivers/STM32L4xx_HAL_Driver/Src/stm32l4xx_hal_pwr.c ****   {
 346:Drivers/STM32L4xx_HAL_Driver/Src/stm32l4xx_hal_pwr.c ****     __HAL_PWR_PVD_EXTI_ENABLE_FALLING_EDGE();
 198              		.loc 1 346 5 is_stmt 1 view .LVU35
 199 0060 054A     		ldr	r2, .L29+4
 200 0062 D368     		ldr	r3, [r2, #12]
 201 0064 43F48033 		orr	r3, r3, #65536
 202 0068 D360     		str	r3, [r2, #12]
 203              	.L15:
 347:Drivers/STM32L4xx_HAL_Driver/Src/stm32l4xx_hal_pwr.c ****   }
 348:Drivers/STM32L4xx_HAL_Driver/Src/stm32l4xx_hal_pwr.c **** 
 349:Drivers/STM32L4xx_HAL_Driver/Src/stm32l4xx_hal_pwr.c ****   return HAL_OK;
 204              		.loc 1 349 3 view .LVU36
 350:Drivers/STM32L4xx_HAL_Driver/Src/stm32l4xx_hal_pwr.c **** }
 205              		.loc 1 350 1 is_stmt 0 view .LVU37
 206 006a 0020     		movs	r0, #0
 207 006c 5DF8044B 		ldr	r4, [sp], #4
 208              	.LCFI1:
 209              		.cfi_restore 4
 210              		.cfi_def_cfa_offset 0
 211 0070 7047     		bx	lr
 212              	.L30:
 213 0072 00BF     		.align	2
 214              	.L29:
 215 0074 00700040 		.word	1073770496
 216 0078 00040140 		.word	1073808384
 217              		.cfi_endproc
 218              	.LFE320:
 220              		.section	.text.HAL_PWR_EnablePVD,"ax",%progbits
 221              		.align	1
 222              		.p2align 2,,3
 223              		.global	HAL_PWR_EnablePVD
 224              		.syntax unified
 225              		.thumb
ARM GAS  C:\Users\ep_ygh\AppData\Local\Temp\ccYnMhuh.s 			page 11


 226              		.thumb_func
 228              	HAL_PWR_EnablePVD:
 229              	.LFB321:
 351:Drivers/STM32L4xx_HAL_Driver/Src/stm32l4xx_hal_pwr.c **** 
 352:Drivers/STM32L4xx_HAL_Driver/Src/stm32l4xx_hal_pwr.c **** 
 353:Drivers/STM32L4xx_HAL_Driver/Src/stm32l4xx_hal_pwr.c **** /**
 354:Drivers/STM32L4xx_HAL_Driver/Src/stm32l4xx_hal_pwr.c ****   * @brief Enable the Power Voltage Detector (PVD).
 355:Drivers/STM32L4xx_HAL_Driver/Src/stm32l4xx_hal_pwr.c ****   * @retval None
 356:Drivers/STM32L4xx_HAL_Driver/Src/stm32l4xx_hal_pwr.c ****   */
 357:Drivers/STM32L4xx_HAL_Driver/Src/stm32l4xx_hal_pwr.c **** void HAL_PWR_EnablePVD(void)
 358:Drivers/STM32L4xx_HAL_Driver/Src/stm32l4xx_hal_pwr.c **** {
 230              		.loc 1 358 1 is_stmt 1 view -0
 231              		.cfi_startproc
 232              		@ args = 0, pretend = 0, frame = 0
 233              		@ frame_needed = 0, uses_anonymous_args = 0
 234              		@ link register save eliminated.
 359:Drivers/STM32L4xx_HAL_Driver/Src/stm32l4xx_hal_pwr.c ****   SET_BIT(PWR->CR2, PWR_CR2_PVDE);
 235              		.loc 1 359 3 view .LVU39
 236 0000 024A     		ldr	r2, .L32
 237 0002 5368     		ldr	r3, [r2, #4]
 238 0004 43F00103 		orr	r3, r3, #1
 239 0008 5360     		str	r3, [r2, #4]
 360:Drivers/STM32L4xx_HAL_Driver/Src/stm32l4xx_hal_pwr.c **** }
 240              		.loc 1 360 1 is_stmt 0 view .LVU40
 241 000a 7047     		bx	lr
 242              	.L33:
 243              		.align	2
 244              	.L32:
 245 000c 00700040 		.word	1073770496
 246              		.cfi_endproc
 247              	.LFE321:
 249              		.section	.text.HAL_PWR_DisablePVD,"ax",%progbits
 250              		.align	1
 251              		.p2align 2,,3
 252              		.global	HAL_PWR_DisablePVD
 253              		.syntax unified
 254              		.thumb
 255              		.thumb_func
 257              	HAL_PWR_DisablePVD:
 258              	.LFB322:
 361:Drivers/STM32L4xx_HAL_Driver/Src/stm32l4xx_hal_pwr.c **** 
 362:Drivers/STM32L4xx_HAL_Driver/Src/stm32l4xx_hal_pwr.c **** /**
 363:Drivers/STM32L4xx_HAL_Driver/Src/stm32l4xx_hal_pwr.c ****   * @brief Disable the Power Voltage Detector (PVD).
 364:Drivers/STM32L4xx_HAL_Driver/Src/stm32l4xx_hal_pwr.c ****   * @retval None
 365:Drivers/STM32L4xx_HAL_Driver/Src/stm32l4xx_hal_pwr.c ****   */
 366:Drivers/STM32L4xx_HAL_Driver/Src/stm32l4xx_hal_pwr.c **** void HAL_PWR_DisablePVD(void)
 367:Drivers/STM32L4xx_HAL_Driver/Src/stm32l4xx_hal_pwr.c **** {
 259              		.loc 1 367 1 is_stmt 1 view -0
 260              		.cfi_startproc
 261              		@ args = 0, pretend = 0, frame = 0
 262              		@ frame_needed = 0, uses_anonymous_args = 0
 263              		@ link register save eliminated.
 368:Drivers/STM32L4xx_HAL_Driver/Src/stm32l4xx_hal_pwr.c ****   CLEAR_BIT(PWR->CR2, PWR_CR2_PVDE);
 264              		.loc 1 368 3 view .LVU42
 265 0000 024A     		ldr	r2, .L35
 266 0002 5368     		ldr	r3, [r2, #4]
 267 0004 23F00103 		bic	r3, r3, #1
ARM GAS  C:\Users\ep_ygh\AppData\Local\Temp\ccYnMhuh.s 			page 12


 268 0008 5360     		str	r3, [r2, #4]
 369:Drivers/STM32L4xx_HAL_Driver/Src/stm32l4xx_hal_pwr.c **** }
 269              		.loc 1 369 1 is_stmt 0 view .LVU43
 270 000a 7047     		bx	lr
 271              	.L36:
 272              		.align	2
 273              	.L35:
 274 000c 00700040 		.word	1073770496
 275              		.cfi_endproc
 276              	.LFE322:
 278              		.section	.text.HAL_PWR_EnableWakeUpPin,"ax",%progbits
 279              		.align	1
 280              		.p2align 2,,3
 281              		.global	HAL_PWR_EnableWakeUpPin
 282              		.syntax unified
 283              		.thumb
 284              		.thumb_func
 286              	HAL_PWR_EnableWakeUpPin:
 287              	.LVL2:
 288              	.LFB323:
 370:Drivers/STM32L4xx_HAL_Driver/Src/stm32l4xx_hal_pwr.c **** 
 371:Drivers/STM32L4xx_HAL_Driver/Src/stm32l4xx_hal_pwr.c **** 
 372:Drivers/STM32L4xx_HAL_Driver/Src/stm32l4xx_hal_pwr.c **** 
 373:Drivers/STM32L4xx_HAL_Driver/Src/stm32l4xx_hal_pwr.c **** 
 374:Drivers/STM32L4xx_HAL_Driver/Src/stm32l4xx_hal_pwr.c **** /**
 375:Drivers/STM32L4xx_HAL_Driver/Src/stm32l4xx_hal_pwr.c ****   * @brief Enable the WakeUp PINx functionality.
 376:Drivers/STM32L4xx_HAL_Driver/Src/stm32l4xx_hal_pwr.c ****   * @param WakeUpPinPolarity: Specifies which Wake-Up pin to enable.
 377:Drivers/STM32L4xx_HAL_Driver/Src/stm32l4xx_hal_pwr.c ****   *         This parameter can be one of the following legacy values which set the default polarity
 378:Drivers/STM32L4xx_HAL_Driver/Src/stm32l4xx_hal_pwr.c ****   *         i.e. detection on high level (rising edge):
 379:Drivers/STM32L4xx_HAL_Driver/Src/stm32l4xx_hal_pwr.c ****   *           @arg @ref PWR_WAKEUP_PIN1, PWR_WAKEUP_PIN2, PWR_WAKEUP_PIN3, PWR_WAKEUP_PIN4, PWR_WAK
 380:Drivers/STM32L4xx_HAL_Driver/Src/stm32l4xx_hal_pwr.c ****   *
 381:Drivers/STM32L4xx_HAL_Driver/Src/stm32l4xx_hal_pwr.c ****   *         or one of the following value where the user can explicitly specify the enabled pin and
 382:Drivers/STM32L4xx_HAL_Driver/Src/stm32l4xx_hal_pwr.c ****   *         the chosen polarity:
 383:Drivers/STM32L4xx_HAL_Driver/Src/stm32l4xx_hal_pwr.c ****   *           @arg @ref PWR_WAKEUP_PIN1_HIGH or PWR_WAKEUP_PIN1_LOW
 384:Drivers/STM32L4xx_HAL_Driver/Src/stm32l4xx_hal_pwr.c ****   *           @arg @ref PWR_WAKEUP_PIN2_HIGH or PWR_WAKEUP_PIN2_LOW
 385:Drivers/STM32L4xx_HAL_Driver/Src/stm32l4xx_hal_pwr.c ****   *           @arg @ref PWR_WAKEUP_PIN3_HIGH or PWR_WAKEUP_PIN3_LOW
 386:Drivers/STM32L4xx_HAL_Driver/Src/stm32l4xx_hal_pwr.c ****   *           @arg @ref PWR_WAKEUP_PIN4_HIGH or PWR_WAKEUP_PIN4_LOW
 387:Drivers/STM32L4xx_HAL_Driver/Src/stm32l4xx_hal_pwr.c ****   *           @arg @ref PWR_WAKEUP_PIN5_HIGH or PWR_WAKEUP_PIN5_LOW
 388:Drivers/STM32L4xx_HAL_Driver/Src/stm32l4xx_hal_pwr.c ****   * @note  PWR_WAKEUP_PINx and PWR_WAKEUP_PINx_HIGH are equivalent.
 389:Drivers/STM32L4xx_HAL_Driver/Src/stm32l4xx_hal_pwr.c ****   * @retval None
 390:Drivers/STM32L4xx_HAL_Driver/Src/stm32l4xx_hal_pwr.c ****   */
 391:Drivers/STM32L4xx_HAL_Driver/Src/stm32l4xx_hal_pwr.c **** void HAL_PWR_EnableWakeUpPin(uint32_t WakeUpPinPolarity)
 392:Drivers/STM32L4xx_HAL_Driver/Src/stm32l4xx_hal_pwr.c **** {
 289              		.loc 1 392 1 is_stmt 1 view -0
 290              		.cfi_startproc
 291              		@ args = 0, pretend = 0, frame = 0
 292              		@ frame_needed = 0, uses_anonymous_args = 0
 293              		@ link register save eliminated.
 393:Drivers/STM32L4xx_HAL_Driver/Src/stm32l4xx_hal_pwr.c ****   assert_param(IS_PWR_WAKEUP_PIN(WakeUpPinPolarity));
 294              		.loc 1 393 3 view .LVU45
 394:Drivers/STM32L4xx_HAL_Driver/Src/stm32l4xx_hal_pwr.c **** 
 395:Drivers/STM32L4xx_HAL_Driver/Src/stm32l4xx_hal_pwr.c ****   /* Specifies the Wake-Up pin polarity for the event detection
 396:Drivers/STM32L4xx_HAL_Driver/Src/stm32l4xx_hal_pwr.c ****     (rising or falling edge) */
 397:Drivers/STM32L4xx_HAL_Driver/Src/stm32l4xx_hal_pwr.c ****   MODIFY_REG(PWR->CR4, (PWR_CR3_EWUP & WakeUpPinPolarity), (WakeUpPinPolarity >> PWR_WUP_POLARITY_S
 295              		.loc 1 397 3 view .LVU46
 296 0000 0649     		ldr	r1, .L38
 297 0002 CA68     		ldr	r2, [r1, #12]
ARM GAS  C:\Users\ep_ygh\AppData\Local\Temp\ccYnMhuh.s 			page 13


 298 0004 00F01F0C 		and	ip, r0, #31
 299 0008 22EA0C02 		bic	r2, r2, ip
 300 000c 42EA5012 		orr	r2, r2, r0, lsr #5
 301 0010 CA60     		str	r2, [r1, #12]
 398:Drivers/STM32L4xx_HAL_Driver/Src/stm32l4xx_hal_pwr.c **** 
 399:Drivers/STM32L4xx_HAL_Driver/Src/stm32l4xx_hal_pwr.c ****   /* Enable wake-up pin */
 400:Drivers/STM32L4xx_HAL_Driver/Src/stm32l4xx_hal_pwr.c ****   SET_BIT(PWR->CR3, (PWR_CR3_EWUP & WakeUpPinPolarity));
 302              		.loc 1 400 3 view .LVU47
 303 0012 8B68     		ldr	r3, [r1, #8]
 304 0014 4CEA0303 		orr	r3, ip, r3
 305 0018 8B60     		str	r3, [r1, #8]
 401:Drivers/STM32L4xx_HAL_Driver/Src/stm32l4xx_hal_pwr.c **** 
 402:Drivers/STM32L4xx_HAL_Driver/Src/stm32l4xx_hal_pwr.c **** 
 403:Drivers/STM32L4xx_HAL_Driver/Src/stm32l4xx_hal_pwr.c **** }
 306              		.loc 1 403 1 is_stmt 0 view .LVU48
 307 001a 7047     		bx	lr
 308              	.L39:
 309              		.align	2
 310              	.L38:
 311 001c 00700040 		.word	1073770496
 312              		.cfi_endproc
 313              	.LFE323:
 315              		.section	.text.HAL_PWR_DisableWakeUpPin,"ax",%progbits
 316              		.align	1
 317              		.p2align 2,,3
 318              		.global	HAL_PWR_DisableWakeUpPin
 319              		.syntax unified
 320              		.thumb
 321              		.thumb_func
 323              	HAL_PWR_DisableWakeUpPin:
 324              	.LVL3:
 325              	.LFB324:
 404:Drivers/STM32L4xx_HAL_Driver/Src/stm32l4xx_hal_pwr.c **** 
 405:Drivers/STM32L4xx_HAL_Driver/Src/stm32l4xx_hal_pwr.c **** /**
 406:Drivers/STM32L4xx_HAL_Driver/Src/stm32l4xx_hal_pwr.c ****   * @brief Disable the WakeUp PINx functionality.
 407:Drivers/STM32L4xx_HAL_Driver/Src/stm32l4xx_hal_pwr.c ****   * @param WakeUpPinx: Specifies the Power Wake-Up pin to disable.
 408:Drivers/STM32L4xx_HAL_Driver/Src/stm32l4xx_hal_pwr.c ****   *         This parameter can be one of the following values:
 409:Drivers/STM32L4xx_HAL_Driver/Src/stm32l4xx_hal_pwr.c ****   *           @arg @ref PWR_WAKEUP_PIN1, PWR_WAKEUP_PIN2, PWR_WAKEUP_PIN3, PWR_WAKEUP_PIN4, PWR_WAK
 410:Drivers/STM32L4xx_HAL_Driver/Src/stm32l4xx_hal_pwr.c ****   * @retval None
 411:Drivers/STM32L4xx_HAL_Driver/Src/stm32l4xx_hal_pwr.c ****   */
 412:Drivers/STM32L4xx_HAL_Driver/Src/stm32l4xx_hal_pwr.c **** void HAL_PWR_DisableWakeUpPin(uint32_t WakeUpPinx)
 413:Drivers/STM32L4xx_HAL_Driver/Src/stm32l4xx_hal_pwr.c **** {
 326              		.loc 1 413 1 is_stmt 1 view -0
 327              		.cfi_startproc
 328              		@ args = 0, pretend = 0, frame = 0
 329              		@ frame_needed = 0, uses_anonymous_args = 0
 330              		@ link register save eliminated.
 414:Drivers/STM32L4xx_HAL_Driver/Src/stm32l4xx_hal_pwr.c ****   assert_param(IS_PWR_WAKEUP_PIN(WakeUpPinx));
 331              		.loc 1 414 3 view .LVU50
 415:Drivers/STM32L4xx_HAL_Driver/Src/stm32l4xx_hal_pwr.c **** 
 416:Drivers/STM32L4xx_HAL_Driver/Src/stm32l4xx_hal_pwr.c ****   CLEAR_BIT(PWR->CR3, (PWR_CR3_EWUP & WakeUpPinx));
 332              		.loc 1 416 3 view .LVU51
 333 0000 034A     		ldr	r2, .L41
 334 0002 9368     		ldr	r3, [r2, #8]
 335 0004 00F01F00 		and	r0, r0, #31
 336              	.LVL4:
 337              		.loc 1 416 3 is_stmt 0 view .LVU52
ARM GAS  C:\Users\ep_ygh\AppData\Local\Temp\ccYnMhuh.s 			page 14


 338 0008 23EA0003 		bic	r3, r3, r0
 339 000c 9360     		str	r3, [r2, #8]
 417:Drivers/STM32L4xx_HAL_Driver/Src/stm32l4xx_hal_pwr.c **** }
 340              		.loc 1 417 1 view .LVU53
 341 000e 7047     		bx	lr
 342              	.L42:
 343              		.align	2
 344              	.L41:
 345 0010 00700040 		.word	1073770496
 346              		.cfi_endproc
 347              	.LFE324:
 349              		.section	.text.HAL_PWR_EnterSLEEPMode,"ax",%progbits
 350              		.align	1
 351              		.p2align 2,,3
 352              		.global	HAL_PWR_EnterSLEEPMode
 353              		.syntax unified
 354              		.thumb
 355              		.thumb_func
 357              	HAL_PWR_EnterSLEEPMode:
 358              	.LVL5:
 359              	.LFB325:
 418:Drivers/STM32L4xx_HAL_Driver/Src/stm32l4xx_hal_pwr.c **** 
 419:Drivers/STM32L4xx_HAL_Driver/Src/stm32l4xx_hal_pwr.c **** 
 420:Drivers/STM32L4xx_HAL_Driver/Src/stm32l4xx_hal_pwr.c **** /**
 421:Drivers/STM32L4xx_HAL_Driver/Src/stm32l4xx_hal_pwr.c ****   * @brief Enter Sleep or Low-power Sleep mode.
 422:Drivers/STM32L4xx_HAL_Driver/Src/stm32l4xx_hal_pwr.c ****   * @note  In Sleep/Low-power Sleep mode, all I/O pins keep the same state as in Run mode.
 423:Drivers/STM32L4xx_HAL_Driver/Src/stm32l4xx_hal_pwr.c ****   * @param Regulator: Specifies the regulator state in Sleep/Low-power Sleep mode.
 424:Drivers/STM32L4xx_HAL_Driver/Src/stm32l4xx_hal_pwr.c ****   *          This parameter can be one of the following values:
 425:Drivers/STM32L4xx_HAL_Driver/Src/stm32l4xx_hal_pwr.c ****   *            @arg @ref PWR_MAINREGULATOR_ON Sleep mode (regulator in main mode)
 426:Drivers/STM32L4xx_HAL_Driver/Src/stm32l4xx_hal_pwr.c ****   *            @arg @ref PWR_LOWPOWERREGULATOR_ON Low-power Sleep mode (regulator in low-power mode
 427:Drivers/STM32L4xx_HAL_Driver/Src/stm32l4xx_hal_pwr.c ****   * @note  Low-power Sleep mode is entered from Low-power Run mode. Therefore, if not yet
 428:Drivers/STM32L4xx_HAL_Driver/Src/stm32l4xx_hal_pwr.c ****   *        in Low-power Run mode before calling HAL_PWR_EnterSLEEPMode() with Regulator set
 429:Drivers/STM32L4xx_HAL_Driver/Src/stm32l4xx_hal_pwr.c ****   *        to PWR_LOWPOWERREGULATOR_ON, the user can optionally configure the
 430:Drivers/STM32L4xx_HAL_Driver/Src/stm32l4xx_hal_pwr.c ****   *        Flash in power-down monde in setting the SLEEP_PD bit in FLASH_ACR register.
 431:Drivers/STM32L4xx_HAL_Driver/Src/stm32l4xx_hal_pwr.c ****   *        Additionally, the clock frequency must be reduced below 2 MHz.
 432:Drivers/STM32L4xx_HAL_Driver/Src/stm32l4xx_hal_pwr.c ****   *        Setting SLEEP_PD in FLASH_ACR then appropriately reducing the clock frequency must
 433:Drivers/STM32L4xx_HAL_Driver/Src/stm32l4xx_hal_pwr.c ****   *        be done before calling HAL_PWR_EnterSLEEPMode() API.
 434:Drivers/STM32L4xx_HAL_Driver/Src/stm32l4xx_hal_pwr.c ****   * @note  When exiting Low-power Sleep mode, the MCU is in Low-power Run mode. To move in
 435:Drivers/STM32L4xx_HAL_Driver/Src/stm32l4xx_hal_pwr.c ****   *        Run mode, the user must resort to HAL_PWREx_DisableLowPowerRunMode() API.
 436:Drivers/STM32L4xx_HAL_Driver/Src/stm32l4xx_hal_pwr.c ****   * @param SLEEPEntry: Specifies if Sleep mode is entered with WFI or WFE instruction.
 437:Drivers/STM32L4xx_HAL_Driver/Src/stm32l4xx_hal_pwr.c ****   *           This parameter can be one of the following values:
 438:Drivers/STM32L4xx_HAL_Driver/Src/stm32l4xx_hal_pwr.c ****   *            @arg @ref PWR_SLEEPENTRY_WFI enter Sleep or Low-power Sleep mode with WFI instructio
 439:Drivers/STM32L4xx_HAL_Driver/Src/stm32l4xx_hal_pwr.c ****   *            @arg @ref PWR_SLEEPENTRY_WFE enter Sleep or Low-power Sleep mode with WFE instructio
 440:Drivers/STM32L4xx_HAL_Driver/Src/stm32l4xx_hal_pwr.c ****   * @note  When WFI entry is used, tick interrupt have to be disabled if not desired as
 441:Drivers/STM32L4xx_HAL_Driver/Src/stm32l4xx_hal_pwr.c ****   *        the interrupt wake up source.
 442:Drivers/STM32L4xx_HAL_Driver/Src/stm32l4xx_hal_pwr.c ****   * @retval None
 443:Drivers/STM32L4xx_HAL_Driver/Src/stm32l4xx_hal_pwr.c ****   */
 444:Drivers/STM32L4xx_HAL_Driver/Src/stm32l4xx_hal_pwr.c **** void HAL_PWR_EnterSLEEPMode(uint32_t Regulator, uint8_t SLEEPEntry)
 445:Drivers/STM32L4xx_HAL_Driver/Src/stm32l4xx_hal_pwr.c **** {
 360              		.loc 1 445 1 is_stmt 1 view -0
 361              		.cfi_startproc
 362              		@ args = 0, pretend = 0, frame = 0
 363              		@ frame_needed = 0, uses_anonymous_args = 0
 446:Drivers/STM32L4xx_HAL_Driver/Src/stm32l4xx_hal_pwr.c ****   /* Check the parameters */
 447:Drivers/STM32L4xx_HAL_Driver/Src/stm32l4xx_hal_pwr.c ****   assert_param(IS_PWR_REGULATOR(Regulator));
 364              		.loc 1 447 3 view .LVU55
 448:Drivers/STM32L4xx_HAL_Driver/Src/stm32l4xx_hal_pwr.c ****   assert_param(IS_PWR_SLEEP_ENTRY(SLEEPEntry));
ARM GAS  C:\Users\ep_ygh\AppData\Local\Temp\ccYnMhuh.s 			page 15


 365              		.loc 1 448 3 view .LVU56
 449:Drivers/STM32L4xx_HAL_Driver/Src/stm32l4xx_hal_pwr.c **** 
 450:Drivers/STM32L4xx_HAL_Driver/Src/stm32l4xx_hal_pwr.c ****   /* Set Regulator parameter */
 451:Drivers/STM32L4xx_HAL_Driver/Src/stm32l4xx_hal_pwr.c ****   if (Regulator == PWR_MAINREGULATOR_ON)
 366              		.loc 1 451 3 view .LVU57
 452:Drivers/STM32L4xx_HAL_Driver/Src/stm32l4xx_hal_pwr.c ****   {
 453:Drivers/STM32L4xx_HAL_Driver/Src/stm32l4xx_hal_pwr.c ****     /* If in low-power run mode at this point, exit it */
 454:Drivers/STM32L4xx_HAL_Driver/Src/stm32l4xx_hal_pwr.c ****     if (HAL_IS_BIT_SET(PWR->SR2, PWR_SR2_REGLPF))
 367              		.loc 1 454 9 is_stmt 0 view .LVU58
 368 0000 0E4B     		ldr	r3, .L53
 445:Drivers/STM32L4xx_HAL_Driver/Src/stm32l4xx_hal_pwr.c ****   /* Check the parameters */
 369              		.loc 1 445 1 view .LVU59
 370 0002 10B5     		push	{r4, lr}
 371              	.LCFI2:
 372              		.cfi_def_cfa_offset 8
 373              		.cfi_offset 4, -8
 374              		.cfi_offset 14, -4
 375              		.loc 1 454 9 view .LVU60
 376 0004 5B69     		ldr	r3, [r3, #20]
 445:Drivers/STM32L4xx_HAL_Driver/Src/stm32l4xx_hal_pwr.c ****   /* Check the parameters */
 377              		.loc 1 445 1 view .LVU61
 378 0006 0C46     		mov	r4, r1
 451:Drivers/STM32L4xx_HAL_Driver/Src/stm32l4xx_hal_pwr.c ****   {
 379              		.loc 1 451 6 view .LVU62
 380 0008 60B9     		cbnz	r0, .L44
 381              		.loc 1 454 5 is_stmt 1 view .LVU63
 382              		.loc 1 454 8 is_stmt 0 view .LVU64
 383 000a 9A05     		lsls	r2, r3, #22
 384 000c 11D4     		bmi	.L51
 385              	.LVL6:
 386              	.L46:
 455:Drivers/STM32L4xx_HAL_Driver/Src/stm32l4xx_hal_pwr.c ****     {
 456:Drivers/STM32L4xx_HAL_Driver/Src/stm32l4xx_hal_pwr.c ****       if (HAL_PWREx_DisableLowPowerRunMode() != HAL_OK)
 457:Drivers/STM32L4xx_HAL_Driver/Src/stm32l4xx_hal_pwr.c ****       {
 458:Drivers/STM32L4xx_HAL_Driver/Src/stm32l4xx_hal_pwr.c ****         return ;
 459:Drivers/STM32L4xx_HAL_Driver/Src/stm32l4xx_hal_pwr.c ****       }
 460:Drivers/STM32L4xx_HAL_Driver/Src/stm32l4xx_hal_pwr.c ****     }
 461:Drivers/STM32L4xx_HAL_Driver/Src/stm32l4xx_hal_pwr.c ****     /* Regulator now in main mode. */
 462:Drivers/STM32L4xx_HAL_Driver/Src/stm32l4xx_hal_pwr.c ****   }
 463:Drivers/STM32L4xx_HAL_Driver/Src/stm32l4xx_hal_pwr.c ****   else
 464:Drivers/STM32L4xx_HAL_Driver/Src/stm32l4xx_hal_pwr.c ****   {
 465:Drivers/STM32L4xx_HAL_Driver/Src/stm32l4xx_hal_pwr.c ****     /* If in run mode, first move to low-power run mode.
 466:Drivers/STM32L4xx_HAL_Driver/Src/stm32l4xx_hal_pwr.c ****        The system clock frequency must be below 2 MHz at this point. */
 467:Drivers/STM32L4xx_HAL_Driver/Src/stm32l4xx_hal_pwr.c ****     if (HAL_IS_BIT_SET(PWR->SR2, PWR_SR2_REGLPF) == RESET)
 468:Drivers/STM32L4xx_HAL_Driver/Src/stm32l4xx_hal_pwr.c ****     {
 469:Drivers/STM32L4xx_HAL_Driver/Src/stm32l4xx_hal_pwr.c ****       HAL_PWREx_EnableLowPowerRunMode();
 470:Drivers/STM32L4xx_HAL_Driver/Src/stm32l4xx_hal_pwr.c ****     }
 471:Drivers/STM32L4xx_HAL_Driver/Src/stm32l4xx_hal_pwr.c ****   }
 472:Drivers/STM32L4xx_HAL_Driver/Src/stm32l4xx_hal_pwr.c **** 
 473:Drivers/STM32L4xx_HAL_Driver/Src/stm32l4xx_hal_pwr.c ****   /* Clear SLEEPDEEP bit of Cortex System Control Register */
 474:Drivers/STM32L4xx_HAL_Driver/Src/stm32l4xx_hal_pwr.c ****   CLEAR_BIT(SCB->SCR, ((uint32_t)SCB_SCR_SLEEPDEEP_Msk));
 387              		.loc 1 474 3 is_stmt 1 view .LVU65
 388 000e 0C4A     		ldr	r2, .L53+4
 389 0010 1369     		ldr	r3, [r2, #16]
 475:Drivers/STM32L4xx_HAL_Driver/Src/stm32l4xx_hal_pwr.c **** 
 476:Drivers/STM32L4xx_HAL_Driver/Src/stm32l4xx_hal_pwr.c ****   /* Select SLEEP mode entry -------------------------------------------------*/
 477:Drivers/STM32L4xx_HAL_Driver/Src/stm32l4xx_hal_pwr.c ****   if(SLEEPEntry == PWR_SLEEPENTRY_WFI)
ARM GAS  C:\Users\ep_ygh\AppData\Local\Temp\ccYnMhuh.s 			page 16


 390              		.loc 1 477 5 is_stmt 0 view .LVU66
 391 0012 012C     		cmp	r4, #1
 474:Drivers/STM32L4xx_HAL_Driver/Src/stm32l4xx_hal_pwr.c **** 
 392              		.loc 1 474 3 view .LVU67
 393 0014 23F00403 		bic	r3, r3, #4
 394 0018 1361     		str	r3, [r2, #16]
 395              		.loc 1 477 3 is_stmt 1 view .LVU68
 396              		.loc 1 477 5 is_stmt 0 view .LVU69
 397 001a 08D0     		beq	.L52
 478:Drivers/STM32L4xx_HAL_Driver/Src/stm32l4xx_hal_pwr.c ****   {
 479:Drivers/STM32L4xx_HAL_Driver/Src/stm32l4xx_hal_pwr.c ****     /* Request Wait For Interrupt */
 480:Drivers/STM32L4xx_HAL_Driver/Src/stm32l4xx_hal_pwr.c ****     __WFI();
 481:Drivers/STM32L4xx_HAL_Driver/Src/stm32l4xx_hal_pwr.c ****   }
 482:Drivers/STM32L4xx_HAL_Driver/Src/stm32l4xx_hal_pwr.c ****   else
 483:Drivers/STM32L4xx_HAL_Driver/Src/stm32l4xx_hal_pwr.c ****   {
 484:Drivers/STM32L4xx_HAL_Driver/Src/stm32l4xx_hal_pwr.c ****     /* Request Wait For Event */
 485:Drivers/STM32L4xx_HAL_Driver/Src/stm32l4xx_hal_pwr.c ****     __SEV();
 398              		.loc 1 485 5 is_stmt 1 view .LVU70
 399              		.syntax unified
 400              	@ 485 "Drivers/STM32L4xx_HAL_Driver/Src/stm32l4xx_hal_pwr.c" 1
 401 001c 40BF     		sev
 402              	@ 0 "" 2
 486:Drivers/STM32L4xx_HAL_Driver/Src/stm32l4xx_hal_pwr.c ****     __WFE();
 403              		.loc 1 486 5 view .LVU71
 404              	@ 486 "Drivers/STM32L4xx_HAL_Driver/Src/stm32l4xx_hal_pwr.c" 1
 405 001e 20BF     		wfe
 406              	@ 0 "" 2
 487:Drivers/STM32L4xx_HAL_Driver/Src/stm32l4xx_hal_pwr.c ****     __WFE();
 407              		.loc 1 487 5 view .LVU72
 408              	@ 487 "Drivers/STM32L4xx_HAL_Driver/Src/stm32l4xx_hal_pwr.c" 1
 409 0020 20BF     		wfe
 410              	@ 0 "" 2
 488:Drivers/STM32L4xx_HAL_Driver/Src/stm32l4xx_hal_pwr.c ****   }
 489:Drivers/STM32L4xx_HAL_Driver/Src/stm32l4xx_hal_pwr.c **** 
 490:Drivers/STM32L4xx_HAL_Driver/Src/stm32l4xx_hal_pwr.c **** }
 411              		.loc 1 490 1 is_stmt 0 view .LVU73
 412              		.thumb
 413              		.syntax unified
 414 0022 10BD     		pop	{r4, pc}
 415              	.LVL7:
 416              	.L44:
 467:Drivers/STM32L4xx_HAL_Driver/Src/stm32l4xx_hal_pwr.c ****     {
 417              		.loc 1 467 5 is_stmt 1 view .LVU74
 467:Drivers/STM32L4xx_HAL_Driver/Src/stm32l4xx_hal_pwr.c ****     {
 418              		.loc 1 467 8 is_stmt 0 view .LVU75
 419 0024 9B05     		lsls	r3, r3, #22
 420 0026 F2D4     		bmi	.L46
 469:Drivers/STM32L4xx_HAL_Driver/Src/stm32l4xx_hal_pwr.c ****     }
 421              		.loc 1 469 7 is_stmt 1 view .LVU76
 422 0028 FFF7FEFF 		bl	HAL_PWREx_EnableLowPowerRunMode
 423              	.LVL8:
 469:Drivers/STM32L4xx_HAL_Driver/Src/stm32l4xx_hal_pwr.c ****     }
 424              		.loc 1 469 7 is_stmt 0 view .LVU77
 425 002c EFE7     		b	.L46
 426              	.L52:
 480:Drivers/STM32L4xx_HAL_Driver/Src/stm32l4xx_hal_pwr.c ****   }
 427              		.loc 1 480 5 is_stmt 1 view .LVU78
ARM GAS  C:\Users\ep_ygh\AppData\Local\Temp\ccYnMhuh.s 			page 17


 428              		.syntax unified
 429              	@ 480 "Drivers/STM32L4xx_HAL_Driver/Src/stm32l4xx_hal_pwr.c" 1
 430 002e 30BF     		wfi
 431              	@ 0 "" 2
 432              		.loc 1 490 1 is_stmt 0 view .LVU79
 433              		.thumb
 434              		.syntax unified
 435 0030 10BD     		pop	{r4, pc}
 436              	.LVL9:
 437              	.L51:
 456:Drivers/STM32L4xx_HAL_Driver/Src/stm32l4xx_hal_pwr.c ****       {
 438              		.loc 1 456 7 is_stmt 1 view .LVU80
 456:Drivers/STM32L4xx_HAL_Driver/Src/stm32l4xx_hal_pwr.c ****       {
 439              		.loc 1 456 11 is_stmt 0 view .LVU81
 440 0032 FFF7FEFF 		bl	HAL_PWREx_DisableLowPowerRunMode
 441              	.LVL10:
 456:Drivers/STM32L4xx_HAL_Driver/Src/stm32l4xx_hal_pwr.c ****       {
 442              		.loc 1 456 10 view .LVU82
 443 0036 0028     		cmp	r0, #0
 444 0038 E9D0     		beq	.L46
 445              		.loc 1 490 1 view .LVU83
 446 003a 10BD     		pop	{r4, pc}
 447              	.L54:
 448              		.align	2
 449              	.L53:
 450 003c 00700040 		.word	1073770496
 451 0040 00ED00E0 		.word	-536810240
 452              		.cfi_endproc
 453              	.LFE325:
 455              		.section	.text.HAL_PWR_EnterSTOPMode,"ax",%progbits
 456              		.align	1
 457              		.p2align 2,,3
 458              		.global	HAL_PWR_EnterSTOPMode
 459              		.syntax unified
 460              		.thumb
 461              		.thumb_func
 463              	HAL_PWR_EnterSTOPMode:
 464              	.LVL11:
 465              	.LFB326:
 491:Drivers/STM32L4xx_HAL_Driver/Src/stm32l4xx_hal_pwr.c **** 
 492:Drivers/STM32L4xx_HAL_Driver/Src/stm32l4xx_hal_pwr.c **** 
 493:Drivers/STM32L4xx_HAL_Driver/Src/stm32l4xx_hal_pwr.c **** /**
 494:Drivers/STM32L4xx_HAL_Driver/Src/stm32l4xx_hal_pwr.c ****   * @brief Enter Stop mode
 495:Drivers/STM32L4xx_HAL_Driver/Src/stm32l4xx_hal_pwr.c ****   * @note  This API is named HAL_PWR_EnterSTOPMode to ensure compatibility with legacy code running
 496:Drivers/STM32L4xx_HAL_Driver/Src/stm32l4xx_hal_pwr.c ****   *        on devices where only "Stop mode" is mentioned with main or low power regulator ON.
 497:Drivers/STM32L4xx_HAL_Driver/Src/stm32l4xx_hal_pwr.c ****   * @note  In Stop mode, all I/O pins keep the same state as in Run mode.
 498:Drivers/STM32L4xx_HAL_Driver/Src/stm32l4xx_hal_pwr.c ****   * @note  All clocks in the VCORE domain are stopped; the PLL, the MSI,
 499:Drivers/STM32L4xx_HAL_Driver/Src/stm32l4xx_hal_pwr.c ****   *        the HSI and the HSE oscillators are disabled. Some peripherals with the wakeup capabilit
 500:Drivers/STM32L4xx_HAL_Driver/Src/stm32l4xx_hal_pwr.c ****   *        (I2Cx, USARTx and LPUART) can switch on the HSI to receive a frame, and switch off the H
 501:Drivers/STM32L4xx_HAL_Driver/Src/stm32l4xx_hal_pwr.c ****   *        after receiving the frame if it is not a wakeup frame. In this case, the HSI clock is pr
 502:Drivers/STM32L4xx_HAL_Driver/Src/stm32l4xx_hal_pwr.c ****   *        only to the peripheral requesting it.
 503:Drivers/STM32L4xx_HAL_Driver/Src/stm32l4xx_hal_pwr.c ****   *        SRAM1, SRAM2 and register contents are preserved.
 504:Drivers/STM32L4xx_HAL_Driver/Src/stm32l4xx_hal_pwr.c ****   *        The BOR is available.
 505:Drivers/STM32L4xx_HAL_Driver/Src/stm32l4xx_hal_pwr.c ****   *        The voltage regulator can be configured either in normal (Stop 0) or low-power mode (Sto
 506:Drivers/STM32L4xx_HAL_Driver/Src/stm32l4xx_hal_pwr.c ****   * @note  When exiting Stop 0 or Stop 1 mode by issuing an interrupt or a wakeup event,
 507:Drivers/STM32L4xx_HAL_Driver/Src/stm32l4xx_hal_pwr.c ****   *         the HSI RC oscillator is selected as system clock if STOPWUCK bit in RCC_CFGR register
 508:Drivers/STM32L4xx_HAL_Driver/Src/stm32l4xx_hal_pwr.c ****   *         is set; the MSI oscillator is selected if STOPWUCK is cleared.
ARM GAS  C:\Users\ep_ygh\AppData\Local\Temp\ccYnMhuh.s 			page 18


 509:Drivers/STM32L4xx_HAL_Driver/Src/stm32l4xx_hal_pwr.c ****   * @note  When the voltage regulator operates in low power mode (Stop 1), an additional
 510:Drivers/STM32L4xx_HAL_Driver/Src/stm32l4xx_hal_pwr.c ****   *         startup delay is incurred when waking up.
 511:Drivers/STM32L4xx_HAL_Driver/Src/stm32l4xx_hal_pwr.c ****   *         By keeping the internal regulator ON during Stop mode (Stop 0), the consumption
 512:Drivers/STM32L4xx_HAL_Driver/Src/stm32l4xx_hal_pwr.c ****   *         is higher although the startup time is reduced.
 513:Drivers/STM32L4xx_HAL_Driver/Src/stm32l4xx_hal_pwr.c ****   * @param Regulator: Specifies the regulator state in Stop mode.
 514:Drivers/STM32L4xx_HAL_Driver/Src/stm32l4xx_hal_pwr.c ****   *          This parameter can be one of the following values:
 515:Drivers/STM32L4xx_HAL_Driver/Src/stm32l4xx_hal_pwr.c ****   *            @arg @ref PWR_MAINREGULATOR_ON  Stop 0 mode (main regulator ON)
 516:Drivers/STM32L4xx_HAL_Driver/Src/stm32l4xx_hal_pwr.c ****   *            @arg @ref PWR_LOWPOWERREGULATOR_ON  Stop 1 mode (low power regulator ON)
 517:Drivers/STM32L4xx_HAL_Driver/Src/stm32l4xx_hal_pwr.c ****   * @param STOPEntry: Specifies Stop 0 or Stop 1 mode is entered with WFI or WFE instruction.
 518:Drivers/STM32L4xx_HAL_Driver/Src/stm32l4xx_hal_pwr.c ****   *          This parameter can be one of the following values:
 519:Drivers/STM32L4xx_HAL_Driver/Src/stm32l4xx_hal_pwr.c ****   *            @arg @ref PWR_STOPENTRY_WFI  Enter Stop 0 or Stop 1 mode with WFI instruction.
 520:Drivers/STM32L4xx_HAL_Driver/Src/stm32l4xx_hal_pwr.c ****   *            @arg @ref PWR_STOPENTRY_WFE  Enter Stop 0 or Stop 1 mode with WFE instruction.
 521:Drivers/STM32L4xx_HAL_Driver/Src/stm32l4xx_hal_pwr.c ****   * @retval None
 522:Drivers/STM32L4xx_HAL_Driver/Src/stm32l4xx_hal_pwr.c ****   */
 523:Drivers/STM32L4xx_HAL_Driver/Src/stm32l4xx_hal_pwr.c **** void HAL_PWR_EnterSTOPMode(uint32_t Regulator, uint8_t STOPEntry)
 524:Drivers/STM32L4xx_HAL_Driver/Src/stm32l4xx_hal_pwr.c **** {
 466              		.loc 1 524 1 is_stmt 1 view -0
 467              		.cfi_startproc
 468              		@ args = 0, pretend = 0, frame = 0
 469              		@ frame_needed = 0, uses_anonymous_args = 0
 470              		@ link register save eliminated.
 525:Drivers/STM32L4xx_HAL_Driver/Src/stm32l4xx_hal_pwr.c ****   /* Check the parameters */
 526:Drivers/STM32L4xx_HAL_Driver/Src/stm32l4xx_hal_pwr.c ****   assert_param(IS_PWR_REGULATOR(Regulator));
 471              		.loc 1 526 3 view .LVU85
 527:Drivers/STM32L4xx_HAL_Driver/Src/stm32l4xx_hal_pwr.c **** 
 528:Drivers/STM32L4xx_HAL_Driver/Src/stm32l4xx_hal_pwr.c ****   if(Regulator == PWR_LOWPOWERREGULATOR_ON)
 472              		.loc 1 528 3 view .LVU86
 473              		.loc 1 528 5 is_stmt 0 view .LVU87
 474 0000 B0F5804F 		cmp	r0, #16384
 529:Drivers/STM32L4xx_HAL_Driver/Src/stm32l4xx_hal_pwr.c ****   {
 530:Drivers/STM32L4xx_HAL_Driver/Src/stm32l4xx_hal_pwr.c ****     HAL_PWREx_EnterSTOP1Mode(STOPEntry);
 475              		.loc 1 530 5 view .LVU88
 476 0004 0846     		mov	r0, r1
 477              	.LVL12:
 528:Drivers/STM32L4xx_HAL_Driver/Src/stm32l4xx_hal_pwr.c ****   {
 478              		.loc 1 528 5 view .LVU89
 479 0006 01D0     		beq	.L57
 531:Drivers/STM32L4xx_HAL_Driver/Src/stm32l4xx_hal_pwr.c ****   }
 532:Drivers/STM32L4xx_HAL_Driver/Src/stm32l4xx_hal_pwr.c ****   else
 533:Drivers/STM32L4xx_HAL_Driver/Src/stm32l4xx_hal_pwr.c ****   {
 534:Drivers/STM32L4xx_HAL_Driver/Src/stm32l4xx_hal_pwr.c ****     HAL_PWREx_EnterSTOP0Mode(STOPEntry);
 480              		.loc 1 534 5 is_stmt 1 view .LVU90
 481 0008 FFF7FEBF 		b	HAL_PWREx_EnterSTOP0Mode
 482              	.LVL13:
 483              	.L57:
 530:Drivers/STM32L4xx_HAL_Driver/Src/stm32l4xx_hal_pwr.c ****   }
 484              		.loc 1 530 5 view .LVU91
 485 000c FFF7FEBF 		b	HAL_PWREx_EnterSTOP1Mode
 486              	.LVL14:
 530:Drivers/STM32L4xx_HAL_Driver/Src/stm32l4xx_hal_pwr.c ****   }
 487              		.loc 1 530 5 is_stmt 0 view .LVU92
 488              		.cfi_endproc
 489              	.LFE326:
 491              		.section	.text.HAL_PWR_EnterSTANDBYMode,"ax",%progbits
 492              		.align	1
 493              		.p2align 2,,3
 494              		.global	HAL_PWR_EnterSTANDBYMode
ARM GAS  C:\Users\ep_ygh\AppData\Local\Temp\ccYnMhuh.s 			page 19


 495              		.syntax unified
 496              		.thumb
 497              		.thumb_func
 499              	HAL_PWR_EnterSTANDBYMode:
 500              	.LFB327:
 535:Drivers/STM32L4xx_HAL_Driver/Src/stm32l4xx_hal_pwr.c ****   }
 536:Drivers/STM32L4xx_HAL_Driver/Src/stm32l4xx_hal_pwr.c **** }
 537:Drivers/STM32L4xx_HAL_Driver/Src/stm32l4xx_hal_pwr.c **** 
 538:Drivers/STM32L4xx_HAL_Driver/Src/stm32l4xx_hal_pwr.c **** /**
 539:Drivers/STM32L4xx_HAL_Driver/Src/stm32l4xx_hal_pwr.c ****   * @brief Enter Standby mode.
 540:Drivers/STM32L4xx_HAL_Driver/Src/stm32l4xx_hal_pwr.c ****   * @note  In Standby mode, the PLL, the HSI, the MSI and the HSE oscillators are switched
 541:Drivers/STM32L4xx_HAL_Driver/Src/stm32l4xx_hal_pwr.c ****   *        off. The voltage regulator is disabled, except when SRAM2 content is preserved
 542:Drivers/STM32L4xx_HAL_Driver/Src/stm32l4xx_hal_pwr.c ****   *        in which case the regulator is in low-power mode.
 543:Drivers/STM32L4xx_HAL_Driver/Src/stm32l4xx_hal_pwr.c ****   *        SRAM1 and register contents are lost except for registers in the Backup domain and
 544:Drivers/STM32L4xx_HAL_Driver/Src/stm32l4xx_hal_pwr.c ****   *        Standby circuitry. SRAM2 content can be preserved if the bit RRS is set in PWR_CR3 regis
 545:Drivers/STM32L4xx_HAL_Driver/Src/stm32l4xx_hal_pwr.c ****   *        To enable this feature, the user can resort to HAL_PWREx_EnableSRAM2ContentRetention() A
 546:Drivers/STM32L4xx_HAL_Driver/Src/stm32l4xx_hal_pwr.c ****   *        to set RRS bit.
 547:Drivers/STM32L4xx_HAL_Driver/Src/stm32l4xx_hal_pwr.c ****   *        The BOR is available.
 548:Drivers/STM32L4xx_HAL_Driver/Src/stm32l4xx_hal_pwr.c ****   * @note  The I/Os can be configured either with a pull-up or pull-down or can be kept in analog s
 549:Drivers/STM32L4xx_HAL_Driver/Src/stm32l4xx_hal_pwr.c ****   *        HAL_PWREx_EnableGPIOPullUp() and HAL_PWREx_EnableGPIOPullDown() respectively enable Pull
 550:Drivers/STM32L4xx_HAL_Driver/Src/stm32l4xx_hal_pwr.c ****   *        Pull Down state, HAL_PWREx_DisableGPIOPullUp() and HAL_PWREx_DisableGPIOPullDown() disab
 551:Drivers/STM32L4xx_HAL_Driver/Src/stm32l4xx_hal_pwr.c ****   *        same.
 552:Drivers/STM32L4xx_HAL_Driver/Src/stm32l4xx_hal_pwr.c ****   *        These states are effective in Standby mode only if APC bit is set through
 553:Drivers/STM32L4xx_HAL_Driver/Src/stm32l4xx_hal_pwr.c ****   *        HAL_PWREx_EnablePullUpPullDownConfig() API.
 554:Drivers/STM32L4xx_HAL_Driver/Src/stm32l4xx_hal_pwr.c ****   * @retval None
 555:Drivers/STM32L4xx_HAL_Driver/Src/stm32l4xx_hal_pwr.c ****   */
 556:Drivers/STM32L4xx_HAL_Driver/Src/stm32l4xx_hal_pwr.c **** void HAL_PWR_EnterSTANDBYMode(void)
 557:Drivers/STM32L4xx_HAL_Driver/Src/stm32l4xx_hal_pwr.c **** {
 501              		.loc 1 557 1 is_stmt 1 view -0
 502              		.cfi_startproc
 503              		@ args = 0, pretend = 0, frame = 0
 504              		@ frame_needed = 0, uses_anonymous_args = 0
 505              		@ link register save eliminated.
 558:Drivers/STM32L4xx_HAL_Driver/Src/stm32l4xx_hal_pwr.c ****   /* Set Stand-by mode */
 559:Drivers/STM32L4xx_HAL_Driver/Src/stm32l4xx_hal_pwr.c ****   MODIFY_REG(PWR->CR1, PWR_CR1_LPMS, PWR_CR1_LPMS_STANDBY);
 506              		.loc 1 559 3 view .LVU94
 507 0000 0649     		ldr	r1, .L59
 560:Drivers/STM32L4xx_HAL_Driver/Src/stm32l4xx_hal_pwr.c **** 
 561:Drivers/STM32L4xx_HAL_Driver/Src/stm32l4xx_hal_pwr.c ****   /* Set SLEEPDEEP bit of Cortex System Control Register */
 562:Drivers/STM32L4xx_HAL_Driver/Src/stm32l4xx_hal_pwr.c ****   SET_BIT(SCB->SCR, ((uint32_t)SCB_SCR_SLEEPDEEP_Msk));
 508              		.loc 1 562 3 is_stmt 0 view .LVU95
 509 0002 074A     		ldr	r2, .L59+4
 559:Drivers/STM32L4xx_HAL_Driver/Src/stm32l4xx_hal_pwr.c **** 
 510              		.loc 1 559 3 view .LVU96
 511 0004 0B68     		ldr	r3, [r1]
 512 0006 23F00703 		bic	r3, r3, #7
 513 000a 43F00303 		orr	r3, r3, #3
 514 000e 0B60     		str	r3, [r1]
 515              		.loc 1 562 3 is_stmt 1 view .LVU97
 516 0010 1369     		ldr	r3, [r2, #16]
 517 0012 43F00403 		orr	r3, r3, #4
 518 0016 1361     		str	r3, [r2, #16]
 563:Drivers/STM32L4xx_HAL_Driver/Src/stm32l4xx_hal_pwr.c **** 
 564:Drivers/STM32L4xx_HAL_Driver/Src/stm32l4xx_hal_pwr.c **** /* This option is used to ensure that store operations are completed */
 565:Drivers/STM32L4xx_HAL_Driver/Src/stm32l4xx_hal_pwr.c **** #if defined ( __CC_ARM)
 566:Drivers/STM32L4xx_HAL_Driver/Src/stm32l4xx_hal_pwr.c ****   __force_stores();
 567:Drivers/STM32L4xx_HAL_Driver/Src/stm32l4xx_hal_pwr.c **** #endif
ARM GAS  C:\Users\ep_ygh\AppData\Local\Temp\ccYnMhuh.s 			page 20


 568:Drivers/STM32L4xx_HAL_Driver/Src/stm32l4xx_hal_pwr.c ****   /* Request Wait For Interrupt */
 569:Drivers/STM32L4xx_HAL_Driver/Src/stm32l4xx_hal_pwr.c ****   __WFI();
 519              		.loc 1 569 3 view .LVU98
 520              		.syntax unified
 521              	@ 569 "Drivers/STM32L4xx_HAL_Driver/Src/stm32l4xx_hal_pwr.c" 1
 522 0018 30BF     		wfi
 523              	@ 0 "" 2
 570:Drivers/STM32L4xx_HAL_Driver/Src/stm32l4xx_hal_pwr.c **** }
 524              		.loc 1 570 1 is_stmt 0 view .LVU99
 525              		.thumb
 526              		.syntax unified
 527 001a 7047     		bx	lr
 528              	.L60:
 529              		.align	2
 530              	.L59:
 531 001c 00700040 		.word	1073770496
 532 0020 00ED00E0 		.word	-536810240
 533              		.cfi_endproc
 534              	.LFE327:
 536              		.section	.text.HAL_PWR_EnableSleepOnExit,"ax",%progbits
 537              		.align	1
 538              		.p2align 2,,3
 539              		.global	HAL_PWR_EnableSleepOnExit
 540              		.syntax unified
 541              		.thumb
 542              		.thumb_func
 544              	HAL_PWR_EnableSleepOnExit:
 545              	.LFB328:
 571:Drivers/STM32L4xx_HAL_Driver/Src/stm32l4xx_hal_pwr.c **** 
 572:Drivers/STM32L4xx_HAL_Driver/Src/stm32l4xx_hal_pwr.c **** 
 573:Drivers/STM32L4xx_HAL_Driver/Src/stm32l4xx_hal_pwr.c **** 
 574:Drivers/STM32L4xx_HAL_Driver/Src/stm32l4xx_hal_pwr.c **** /**
 575:Drivers/STM32L4xx_HAL_Driver/Src/stm32l4xx_hal_pwr.c ****   * @brief Indicate Sleep-On-Exit when returning from Handler mode to Thread mode.
 576:Drivers/STM32L4xx_HAL_Driver/Src/stm32l4xx_hal_pwr.c ****   * @note Set SLEEPONEXIT bit of SCR register. When this bit is set, the processor
 577:Drivers/STM32L4xx_HAL_Driver/Src/stm32l4xx_hal_pwr.c ****   *       re-enters SLEEP mode when an interruption handling is over.
 578:Drivers/STM32L4xx_HAL_Driver/Src/stm32l4xx_hal_pwr.c ****   *       Setting this bit is useful when the processor is expected to run only on
 579:Drivers/STM32L4xx_HAL_Driver/Src/stm32l4xx_hal_pwr.c ****   *       interruptions handling.
 580:Drivers/STM32L4xx_HAL_Driver/Src/stm32l4xx_hal_pwr.c ****   * @retval None
 581:Drivers/STM32L4xx_HAL_Driver/Src/stm32l4xx_hal_pwr.c ****   */
 582:Drivers/STM32L4xx_HAL_Driver/Src/stm32l4xx_hal_pwr.c **** void HAL_PWR_EnableSleepOnExit(void)
 583:Drivers/STM32L4xx_HAL_Driver/Src/stm32l4xx_hal_pwr.c **** {
 546              		.loc 1 583 1 is_stmt 1 view -0
 547              		.cfi_startproc
 548              		@ args = 0, pretend = 0, frame = 0
 549              		@ frame_needed = 0, uses_anonymous_args = 0
 550              		@ link register save eliminated.
 584:Drivers/STM32L4xx_HAL_Driver/Src/stm32l4xx_hal_pwr.c ****   /* Set SLEEPONEXIT bit of Cortex System Control Register */
 585:Drivers/STM32L4xx_HAL_Driver/Src/stm32l4xx_hal_pwr.c ****   SET_BIT(SCB->SCR, ((uint32_t)SCB_SCR_SLEEPONEXIT_Msk));
 551              		.loc 1 585 3 view .LVU101
 552 0000 024A     		ldr	r2, .L62
 553 0002 1369     		ldr	r3, [r2, #16]
 554 0004 43F00203 		orr	r3, r3, #2
 555 0008 1361     		str	r3, [r2, #16]
 586:Drivers/STM32L4xx_HAL_Driver/Src/stm32l4xx_hal_pwr.c **** }
 556              		.loc 1 586 1 is_stmt 0 view .LVU102
 557 000a 7047     		bx	lr
 558              	.L63:
ARM GAS  C:\Users\ep_ygh\AppData\Local\Temp\ccYnMhuh.s 			page 21


 559              		.align	2
 560              	.L62:
 561 000c 00ED00E0 		.word	-536810240
 562              		.cfi_endproc
 563              	.LFE328:
 565              		.section	.text.HAL_PWR_DisableSleepOnExit,"ax",%progbits
 566              		.align	1
 567              		.p2align 2,,3
 568              		.global	HAL_PWR_DisableSleepOnExit
 569              		.syntax unified
 570              		.thumb
 571              		.thumb_func
 573              	HAL_PWR_DisableSleepOnExit:
 574              	.LFB329:
 587:Drivers/STM32L4xx_HAL_Driver/Src/stm32l4xx_hal_pwr.c **** 
 588:Drivers/STM32L4xx_HAL_Driver/Src/stm32l4xx_hal_pwr.c **** 
 589:Drivers/STM32L4xx_HAL_Driver/Src/stm32l4xx_hal_pwr.c **** /**
 590:Drivers/STM32L4xx_HAL_Driver/Src/stm32l4xx_hal_pwr.c ****   * @brief Disable Sleep-On-Exit feature when returning from Handler mode to Thread mode.
 591:Drivers/STM32L4xx_HAL_Driver/Src/stm32l4xx_hal_pwr.c ****   * @note Clear SLEEPONEXIT bit of SCR register. When this bit is set, the processor
 592:Drivers/STM32L4xx_HAL_Driver/Src/stm32l4xx_hal_pwr.c ****   *       re-enters SLEEP mode when an interruption handling is over.
 593:Drivers/STM32L4xx_HAL_Driver/Src/stm32l4xx_hal_pwr.c ****   * @retval None
 594:Drivers/STM32L4xx_HAL_Driver/Src/stm32l4xx_hal_pwr.c ****   */
 595:Drivers/STM32L4xx_HAL_Driver/Src/stm32l4xx_hal_pwr.c **** void HAL_PWR_DisableSleepOnExit(void)
 596:Drivers/STM32L4xx_HAL_Driver/Src/stm32l4xx_hal_pwr.c **** {
 575              		.loc 1 596 1 is_stmt 1 view -0
 576              		.cfi_startproc
 577              		@ args = 0, pretend = 0, frame = 0
 578              		@ frame_needed = 0, uses_anonymous_args = 0
 579              		@ link register save eliminated.
 597:Drivers/STM32L4xx_HAL_Driver/Src/stm32l4xx_hal_pwr.c ****   /* Clear SLEEPONEXIT bit of Cortex System Control Register */
 598:Drivers/STM32L4xx_HAL_Driver/Src/stm32l4xx_hal_pwr.c ****   CLEAR_BIT(SCB->SCR, ((uint32_t)SCB_SCR_SLEEPONEXIT_Msk));
 580              		.loc 1 598 3 view .LVU104
 581 0000 024A     		ldr	r2, .L65
 582 0002 1369     		ldr	r3, [r2, #16]
 583 0004 23F00203 		bic	r3, r3, #2
 584 0008 1361     		str	r3, [r2, #16]
 599:Drivers/STM32L4xx_HAL_Driver/Src/stm32l4xx_hal_pwr.c **** }
 585              		.loc 1 599 1 is_stmt 0 view .LVU105
 586 000a 7047     		bx	lr
 587              	.L66:
 588              		.align	2
 589              	.L65:
 590 000c 00ED00E0 		.word	-536810240
 591              		.cfi_endproc
 592              	.LFE329:
 594              		.section	.text.HAL_PWR_EnableSEVOnPend,"ax",%progbits
 595              		.align	1
 596              		.p2align 2,,3
 597              		.global	HAL_PWR_EnableSEVOnPend
 598              		.syntax unified
 599              		.thumb
 600              		.thumb_func
 602              	HAL_PWR_EnableSEVOnPend:
 603              	.LFB330:
 600:Drivers/STM32L4xx_HAL_Driver/Src/stm32l4xx_hal_pwr.c **** 
 601:Drivers/STM32L4xx_HAL_Driver/Src/stm32l4xx_hal_pwr.c **** 
 602:Drivers/STM32L4xx_HAL_Driver/Src/stm32l4xx_hal_pwr.c **** 
ARM GAS  C:\Users\ep_ygh\AppData\Local\Temp\ccYnMhuh.s 			page 22


 603:Drivers/STM32L4xx_HAL_Driver/Src/stm32l4xx_hal_pwr.c **** /**
 604:Drivers/STM32L4xx_HAL_Driver/Src/stm32l4xx_hal_pwr.c ****   * @brief Enable CORTEX M4 SEVONPEND bit.
 605:Drivers/STM32L4xx_HAL_Driver/Src/stm32l4xx_hal_pwr.c ****   * @note Set SEVONPEND bit of SCR register. When this bit is set, this causes
 606:Drivers/STM32L4xx_HAL_Driver/Src/stm32l4xx_hal_pwr.c ****   *       WFE to wake up when an interrupt moves from inactive to pended.
 607:Drivers/STM32L4xx_HAL_Driver/Src/stm32l4xx_hal_pwr.c ****   * @retval None
 608:Drivers/STM32L4xx_HAL_Driver/Src/stm32l4xx_hal_pwr.c ****   */
 609:Drivers/STM32L4xx_HAL_Driver/Src/stm32l4xx_hal_pwr.c **** void HAL_PWR_EnableSEVOnPend(void)
 610:Drivers/STM32L4xx_HAL_Driver/Src/stm32l4xx_hal_pwr.c **** {
 604              		.loc 1 610 1 is_stmt 1 view -0
 605              		.cfi_startproc
 606              		@ args = 0, pretend = 0, frame = 0
 607              		@ frame_needed = 0, uses_anonymous_args = 0
 608              		@ link register save eliminated.
 611:Drivers/STM32L4xx_HAL_Driver/Src/stm32l4xx_hal_pwr.c ****   /* Set SEVONPEND bit of Cortex System Control Register */
 612:Drivers/STM32L4xx_HAL_Driver/Src/stm32l4xx_hal_pwr.c ****   SET_BIT(SCB->SCR, ((uint32_t)SCB_SCR_SEVONPEND_Msk));
 609              		.loc 1 612 3 view .LVU107
 610 0000 024A     		ldr	r2, .L68
 611 0002 1369     		ldr	r3, [r2, #16]
 612 0004 43F01003 		orr	r3, r3, #16
 613 0008 1361     		str	r3, [r2, #16]
 613:Drivers/STM32L4xx_HAL_Driver/Src/stm32l4xx_hal_pwr.c **** }
 614              		.loc 1 613 1 is_stmt 0 view .LVU108
 615 000a 7047     		bx	lr
 616              	.L69:
 617              		.align	2
 618              	.L68:
 619 000c 00ED00E0 		.word	-536810240
 620              		.cfi_endproc
 621              	.LFE330:
 623              		.section	.text.HAL_PWR_DisableSEVOnPend,"ax",%progbits
 624              		.align	1
 625              		.p2align 2,,3
 626              		.global	HAL_PWR_DisableSEVOnPend
 627              		.syntax unified
 628              		.thumb
 629              		.thumb_func
 631              	HAL_PWR_DisableSEVOnPend:
 632              	.LFB331:
 614:Drivers/STM32L4xx_HAL_Driver/Src/stm32l4xx_hal_pwr.c **** 
 615:Drivers/STM32L4xx_HAL_Driver/Src/stm32l4xx_hal_pwr.c **** 
 616:Drivers/STM32L4xx_HAL_Driver/Src/stm32l4xx_hal_pwr.c **** /**
 617:Drivers/STM32L4xx_HAL_Driver/Src/stm32l4xx_hal_pwr.c ****   * @brief Disable CORTEX M4 SEVONPEND bit.
 618:Drivers/STM32L4xx_HAL_Driver/Src/stm32l4xx_hal_pwr.c ****   * @note Clear SEVONPEND bit of SCR register. When this bit is set, this causes
 619:Drivers/STM32L4xx_HAL_Driver/Src/stm32l4xx_hal_pwr.c ****   *       WFE to wake up when an interrupt moves from inactive to pended.
 620:Drivers/STM32L4xx_HAL_Driver/Src/stm32l4xx_hal_pwr.c ****   * @retval None
 621:Drivers/STM32L4xx_HAL_Driver/Src/stm32l4xx_hal_pwr.c ****   */
 622:Drivers/STM32L4xx_HAL_Driver/Src/stm32l4xx_hal_pwr.c **** void HAL_PWR_DisableSEVOnPend(void)
 623:Drivers/STM32L4xx_HAL_Driver/Src/stm32l4xx_hal_pwr.c **** {
 633              		.loc 1 623 1 is_stmt 1 view -0
 634              		.cfi_startproc
 635              		@ args = 0, pretend = 0, frame = 0
 636              		@ frame_needed = 0, uses_anonymous_args = 0
 637              		@ link register save eliminated.
 624:Drivers/STM32L4xx_HAL_Driver/Src/stm32l4xx_hal_pwr.c ****   /* Clear SEVONPEND bit of Cortex System Control Register */
 625:Drivers/STM32L4xx_HAL_Driver/Src/stm32l4xx_hal_pwr.c ****   CLEAR_BIT(SCB->SCR, ((uint32_t)SCB_SCR_SEVONPEND_Msk));
 638              		.loc 1 625 3 view .LVU110
 639 0000 024A     		ldr	r2, .L71
ARM GAS  C:\Users\ep_ygh\AppData\Local\Temp\ccYnMhuh.s 			page 23


 640 0002 1369     		ldr	r3, [r2, #16]
 641 0004 23F01003 		bic	r3, r3, #16
 642 0008 1361     		str	r3, [r2, #16]
 626:Drivers/STM32L4xx_HAL_Driver/Src/stm32l4xx_hal_pwr.c **** }
 643              		.loc 1 626 1 is_stmt 0 view .LVU111
 644 000a 7047     		bx	lr
 645              	.L72:
 646              		.align	2
 647              	.L71:
 648 000c 00ED00E0 		.word	-536810240
 649              		.cfi_endproc
 650              	.LFE331:
 652              		.section	.text.HAL_PWR_PVDCallback,"ax",%progbits
 653              		.align	1
 654              		.p2align 2,,3
 655              		.weak	HAL_PWR_PVDCallback
 656              		.syntax unified
 657              		.thumb
 658              		.thumb_func
 660              	HAL_PWR_PVDCallback:
 661              	.LFB332:
 627:Drivers/STM32L4xx_HAL_Driver/Src/stm32l4xx_hal_pwr.c **** 
 628:Drivers/STM32L4xx_HAL_Driver/Src/stm32l4xx_hal_pwr.c **** 
 629:Drivers/STM32L4xx_HAL_Driver/Src/stm32l4xx_hal_pwr.c **** 
 630:Drivers/STM32L4xx_HAL_Driver/Src/stm32l4xx_hal_pwr.c **** 
 631:Drivers/STM32L4xx_HAL_Driver/Src/stm32l4xx_hal_pwr.c **** 
 632:Drivers/STM32L4xx_HAL_Driver/Src/stm32l4xx_hal_pwr.c **** /**
 633:Drivers/STM32L4xx_HAL_Driver/Src/stm32l4xx_hal_pwr.c ****   * @brief PWR PVD interrupt callback
 634:Drivers/STM32L4xx_HAL_Driver/Src/stm32l4xx_hal_pwr.c ****   * @retval None
 635:Drivers/STM32L4xx_HAL_Driver/Src/stm32l4xx_hal_pwr.c ****   */
 636:Drivers/STM32L4xx_HAL_Driver/Src/stm32l4xx_hal_pwr.c **** __weak void HAL_PWR_PVDCallback(void)
 637:Drivers/STM32L4xx_HAL_Driver/Src/stm32l4xx_hal_pwr.c **** {
 662              		.loc 1 637 1 is_stmt 1 view -0
 663              		.cfi_startproc
 664              		@ args = 0, pretend = 0, frame = 0
 665              		@ frame_needed = 0, uses_anonymous_args = 0
 666              		@ link register save eliminated.
 638:Drivers/STM32L4xx_HAL_Driver/Src/stm32l4xx_hal_pwr.c ****   /* NOTE : This function should not be modified; when the callback is needed,
 639:Drivers/STM32L4xx_HAL_Driver/Src/stm32l4xx_hal_pwr.c ****             the HAL_PWR_PVDCallback can be implemented in the user file
 640:Drivers/STM32L4xx_HAL_Driver/Src/stm32l4xx_hal_pwr.c ****    */
 641:Drivers/STM32L4xx_HAL_Driver/Src/stm32l4xx_hal_pwr.c **** }
 667              		.loc 1 641 1 view .LVU113
 668 0000 7047     		bx	lr
 669              		.cfi_endproc
 670              	.LFE332:
 672 0002 00BF     		.text
 673              	.Letext0:
 674              		.file 2 "c:\\programdata\\chocolatey\\lib\\gcc-arm-embedded\\tools\\gcc-arm-none-eabi-10.3-2021.10
 675              		.file 3 "c:\\programdata\\chocolatey\\lib\\gcc-arm-embedded\\tools\\gcc-arm-none-eabi-10.3-2021.10
 676              		.file 4 "Drivers/CMSIS/Include/core_cm4.h"
 677              		.file 5 "Drivers/CMSIS/Device/ST/STM32L4xx/Include/stm32l476xx.h"
 678              		.file 6 "Drivers/CMSIS/Device/ST/STM32L4xx/Include/stm32l4xx.h"
 679              		.file 7 "Drivers/STM32L4xx_HAL_Driver/Inc/stm32l4xx_hal_def.h"
 680              		.file 8 "Drivers/STM32L4xx_HAL_Driver/Inc/stm32l4xx_hal_pwr.h"
 681              		.file 9 "Drivers/STM32L4xx_HAL_Driver/Inc/stm32l4xx_hal_pwr_ex.h"
ARM GAS  C:\Users\ep_ygh\AppData\Local\Temp\ccYnMhuh.s 			page 24


DEFINED SYMBOLS
                            *ABS*:00000000 stm32l4xx_hal_pwr.c
C:\Users\ep_ygh\AppData\Local\Temp\ccYnMhuh.s:20     .text.HAL_PWR_DeInit:00000000 $t
C:\Users\ep_ygh\AppData\Local\Temp\ccYnMhuh.s:27     .text.HAL_PWR_DeInit:00000000 HAL_PWR_DeInit
C:\Users\ep_ygh\AppData\Local\Temp\ccYnMhuh.s:49     .text.HAL_PWR_DeInit:00000014 $d
C:\Users\ep_ygh\AppData\Local\Temp\ccYnMhuh.s:54     .text.HAL_PWR_EnableBkUpAccess:00000000 $t
C:\Users\ep_ygh\AppData\Local\Temp\ccYnMhuh.s:61     .text.HAL_PWR_EnableBkUpAccess:00000000 HAL_PWR_EnableBkUpAccess
C:\Users\ep_ygh\AppData\Local\Temp\ccYnMhuh.s:78     .text.HAL_PWR_EnableBkUpAccess:0000000c $d
C:\Users\ep_ygh\AppData\Local\Temp\ccYnMhuh.s:83     .text.HAL_PWR_DisableBkUpAccess:00000000 $t
C:\Users\ep_ygh\AppData\Local\Temp\ccYnMhuh.s:90     .text.HAL_PWR_DisableBkUpAccess:00000000 HAL_PWR_DisableBkUpAccess
C:\Users\ep_ygh\AppData\Local\Temp\ccYnMhuh.s:107    .text.HAL_PWR_DisableBkUpAccess:0000000c $d
C:\Users\ep_ygh\AppData\Local\Temp\ccYnMhuh.s:112    .text.HAL_PWR_ConfigPVD:00000000 $t
C:\Users\ep_ygh\AppData\Local\Temp\ccYnMhuh.s:119    .text.HAL_PWR_ConfigPVD:00000000 HAL_PWR_ConfigPVD
C:\Users\ep_ygh\AppData\Local\Temp\ccYnMhuh.s:215    .text.HAL_PWR_ConfigPVD:00000074 $d
C:\Users\ep_ygh\AppData\Local\Temp\ccYnMhuh.s:221    .text.HAL_PWR_EnablePVD:00000000 $t
C:\Users\ep_ygh\AppData\Local\Temp\ccYnMhuh.s:228    .text.HAL_PWR_EnablePVD:00000000 HAL_PWR_EnablePVD
C:\Users\ep_ygh\AppData\Local\Temp\ccYnMhuh.s:245    .text.HAL_PWR_EnablePVD:0000000c $d
C:\Users\ep_ygh\AppData\Local\Temp\ccYnMhuh.s:250    .text.HAL_PWR_DisablePVD:00000000 $t
C:\Users\ep_ygh\AppData\Local\Temp\ccYnMhuh.s:257    .text.HAL_PWR_DisablePVD:00000000 HAL_PWR_DisablePVD
C:\Users\ep_ygh\AppData\Local\Temp\ccYnMhuh.s:274    .text.HAL_PWR_DisablePVD:0000000c $d
C:\Users\ep_ygh\AppData\Local\Temp\ccYnMhuh.s:279    .text.HAL_PWR_EnableWakeUpPin:00000000 $t
C:\Users\ep_ygh\AppData\Local\Temp\ccYnMhuh.s:286    .text.HAL_PWR_EnableWakeUpPin:00000000 HAL_PWR_EnableWakeUpPin
C:\Users\ep_ygh\AppData\Local\Temp\ccYnMhuh.s:311    .text.HAL_PWR_EnableWakeUpPin:0000001c $d
C:\Users\ep_ygh\AppData\Local\Temp\ccYnMhuh.s:316    .text.HAL_PWR_DisableWakeUpPin:00000000 $t
C:\Users\ep_ygh\AppData\Local\Temp\ccYnMhuh.s:323    .text.HAL_PWR_DisableWakeUpPin:00000000 HAL_PWR_DisableWakeUpPin
C:\Users\ep_ygh\AppData\Local\Temp\ccYnMhuh.s:345    .text.HAL_PWR_DisableWakeUpPin:00000010 $d
C:\Users\ep_ygh\AppData\Local\Temp\ccYnMhuh.s:350    .text.HAL_PWR_EnterSLEEPMode:00000000 $t
C:\Users\ep_ygh\AppData\Local\Temp\ccYnMhuh.s:357    .text.HAL_PWR_EnterSLEEPMode:00000000 HAL_PWR_EnterSLEEPMode
C:\Users\ep_ygh\AppData\Local\Temp\ccYnMhuh.s:450    .text.HAL_PWR_EnterSLEEPMode:0000003c $d
C:\Users\ep_ygh\AppData\Local\Temp\ccYnMhuh.s:456    .text.HAL_PWR_EnterSTOPMode:00000000 $t
C:\Users\ep_ygh\AppData\Local\Temp\ccYnMhuh.s:463    .text.HAL_PWR_EnterSTOPMode:00000000 HAL_PWR_EnterSTOPMode
C:\Users\ep_ygh\AppData\Local\Temp\ccYnMhuh.s:492    .text.HAL_PWR_EnterSTANDBYMode:00000000 $t
C:\Users\ep_ygh\AppData\Local\Temp\ccYnMhuh.s:499    .text.HAL_PWR_EnterSTANDBYMode:00000000 HAL_PWR_EnterSTANDBYMode
C:\Users\ep_ygh\AppData\Local\Temp\ccYnMhuh.s:531    .text.HAL_PWR_EnterSTANDBYMode:0000001c $d
C:\Users\ep_ygh\AppData\Local\Temp\ccYnMhuh.s:537    .text.HAL_PWR_EnableSleepOnExit:00000000 $t
C:\Users\ep_ygh\AppData\Local\Temp\ccYnMhuh.s:544    .text.HAL_PWR_EnableSleepOnExit:00000000 HAL_PWR_EnableSleepOnExit
C:\Users\ep_ygh\AppData\Local\Temp\ccYnMhuh.s:561    .text.HAL_PWR_EnableSleepOnExit:0000000c $d
C:\Users\ep_ygh\AppData\Local\Temp\ccYnMhuh.s:566    .text.HAL_PWR_DisableSleepOnExit:00000000 $t
C:\Users\ep_ygh\AppData\Local\Temp\ccYnMhuh.s:573    .text.HAL_PWR_DisableSleepOnExit:00000000 HAL_PWR_DisableSleepOnExit
C:\Users\ep_ygh\AppData\Local\Temp\ccYnMhuh.s:590    .text.HAL_PWR_DisableSleepOnExit:0000000c $d
C:\Users\ep_ygh\AppData\Local\Temp\ccYnMhuh.s:595    .text.HAL_PWR_EnableSEVOnPend:00000000 $t
C:\Users\ep_ygh\AppData\Local\Temp\ccYnMhuh.s:602    .text.HAL_PWR_EnableSEVOnPend:00000000 HAL_PWR_EnableSEVOnPend
C:\Users\ep_ygh\AppData\Local\Temp\ccYnMhuh.s:619    .text.HAL_PWR_EnableSEVOnPend:0000000c $d
C:\Users\ep_ygh\AppData\Local\Temp\ccYnMhuh.s:624    .text.HAL_PWR_DisableSEVOnPend:00000000 $t
C:\Users\ep_ygh\AppData\Local\Temp\ccYnMhuh.s:631    .text.HAL_PWR_DisableSEVOnPend:00000000 HAL_PWR_DisableSEVOnPend
C:\Users\ep_ygh\AppData\Local\Temp\ccYnMhuh.s:648    .text.HAL_PWR_DisableSEVOnPend:0000000c $d
C:\Users\ep_ygh\AppData\Local\Temp\ccYnMhuh.s:653    .text.HAL_PWR_PVDCallback:00000000 $t
C:\Users\ep_ygh\AppData\Local\Temp\ccYnMhuh.s:660    .text.HAL_PWR_PVDCallback:00000000 HAL_PWR_PVDCallback

UNDEFINED SYMBOLS
HAL_PWREx_EnableLowPowerRunMode
HAL_PWREx_DisableLowPowerRunMode
HAL_PWREx_EnterSTOP0Mode
HAL_PWREx_EnterSTOP1Mode
